[0.044s] Invoking command in '/home/notandi/ros2_ws/build/mycobot_ros2': CMAKE_PREFIX_PATH=${CMAKE_PREFIX_PATH}:/opt/ros/jazzy /usr/bin/cmake /home/notandi/ros2_ws/src/mycobot_ros2/mycobot_ros2 -DCMAKE_INSTALL_PREFIX=/home/notandi/ros2_ws/install/mycobot_ros2
[0.536s] -- The C compiler identification is GNU 13.3.0
[1.966s] -- The CXX compiler identification is GNU 13.3.0
[3.508s] -- Detecting C compiler ABI info
[4.178s] -- Detecting C compiler ABI info - done
[4.196s] -- Check for working C compiler: /usr/bin/cc - skipped
[4.196s] -- Detecting C compile features
[4.198s] -- Detecting C compile features - done
[4.421s] -- Detecting CXX compiler ABI info
[5.217s] -- Detecting CXX compiler ABI info - done
[5.246s] -- Check for working CXX compiler: /usr/bin/c++ - skipped
[5.246s] -- Detecting CXX compile features
[5.247s] -- Detecting CXX compile features - done
[5.253s] -- Found ament_cmake: 2.5.5 (/opt/ros/jazzy/share/ament_cmake/cmake)
[5.668s] -- Found Python3: /usr/bin/python3 (found version "3.12.3") found components: Interpreter 
[6.026s] -- Found ament_lint_auto: 0.17.4 (/opt/ros/jazzy/share/ament_lint_auto/cmake)
[6.297s] -- Added test 'lint_cmake' to check CMake code style
[6.299s] -- Added test 'xmllint' to check XML markup files
[6.302s] -- Configuring done (6.2s)
[6.329s] -- Generating done (0.0s)
[6.333s] -- Build files have been written to: /home/notandi/ros2_ws/build/mycobot_ros2
[6.346s] Invoked command in '/home/notandi/ros2_ws/build/mycobot_ros2' returned '0': CMAKE_PREFIX_PATH=${CMAKE_PREFIX_PATH}:/opt/ros/jazzy /usr/bin/cmake /home/notandi/ros2_ws/src/mycobot_ros2/mycobot_ros2 -DCMAKE_INSTALL_PREFIX=/home/notandi/ros2_ws/install/mycobot_ros2
[6.347s] Invoking command in '/home/notandi/ros2_ws/build/mycobot_ros2': CMAKE_PREFIX_PATH=${CMAKE_PREFIX_PATH}:/opt/ros/jazzy /usr/bin/cmake --build /home/notandi/ros2_ws/build/mycobot_ros2 -- -j12 -l12
[6.422s] Invoked command in '/home/notandi/ros2_ws/build/mycobot_ros2' returned '0': CMAKE_PREFIX_PATH=${CMAKE_PREFIX_PATH}:/opt/ros/jazzy /usr/bin/cmake --build /home/notandi/ros2_ws/build/mycobot_ros2 -- -j12 -l12
[6.423s] Invoking command in '/home/notandi/ros2_ws/build/mycobot_ros2': CMAKE_PREFIX_PATH=${CMAKE_PREFIX_PATH}:/opt/ros/jazzy /usr/bin/cmake --install /home/notandi/ros2_ws/build/mycobot_ros2
[6.440s] -- Install configuration: ""
[6.442s] -- Installing: /home/notandi/ros2_ws/install/mycobot_ros2/share/ament_index/resource_index/package_run_dependencies/mycobot_ros2
[6.443s] -- Installing: /home/notandi/ros2_ws/install/mycobot_ros2/share/ament_index/resource_index/parent_prefix_path/mycobot_ros2
[6.444s] -- Installing: /home/notandi/ros2_ws/install/mycobot_ros2/share/mycobot_ros2/environment/ament_prefix_path.sh
[6.444s] -- Installing: /home/notandi/ros2_ws/install/mycobot_ros2/share/mycobot_ros2/environment/ament_prefix_path.dsv
[6.445s] -- Installing: /home/notandi/ros2_ws/install/mycobot_ros2/share/mycobot_ros2/environment/path.sh
[6.445s] -- Installing: /home/notandi/ros2_ws/install/mycobot_ros2/share/mycobot_ros2/environment/path.dsv
[6.445s] -- Installing: /home/notandi/ros2_ws/install/mycobot_ros2/share/mycobot_ros2/local_setup.bash
[6.446s] -- Installing: /home/notandi/ros2_ws/install/mycobot_ros2/share/mycobot_ros2/local_setup.sh
[6.446s] -- Installing: /home/notandi/ros2_ws/install/mycobot_ros2/share/mycobot_ros2/local_setup.zsh
[6.447s] -- Installing: /home/notandi/ros2_ws/install/mycobot_ros2/share/mycobot_ros2/local_setup.dsv
[6.447s] -- Installing: /home/notandi/ros2_ws/install/mycobot_ros2/share/mycobot_ros2/package.dsv
[6.448s] -- Installing: /home/notandi/ros2_ws/install/mycobot_ros2/share/ament_index/resource_index/packages/mycobot_ros2
[6.449s] -- Installing: /home/notandi/ros2_ws/install/mycobot_ros2/share/mycobot_ros2/cmake/mycobot_ros2Config.cmake
[6.449s] -- Installing: /home/notandi/ros2_ws/install/mycobot_ros2/share/mycobot_ros2/cmake/mycobot_ros2Config-version.cmake
[6.450s] -- Installing: /home/notandi/ros2_ws/install/mycobot_ros2/share/mycobot_ros2/package.xml
[6.455s] Invoked command in '/home/notandi/ros2_ws/build/mycobot_ros2' returned '0': CMAKE_PREFIX_PATH=${CMAKE_PREFIX_PATH}:/opt/ros/jazzy /usr/bin/cmake --install /home/notandi/ros2_ws/build/mycobot_ros2
