[0.437s] Invoking command in '/home/notandi/ros2_ws/src/build/mycobot_ros2': AMENT_PREFIX_PATH=/home/notandi/ros2_ws/src/install/mycobot_system_tests:/home/notandi/ros2_ws/src/install/mycobot_moveit_config:/home/notandi/ros2_ws/src/install/mycobot_gazebo:/home/notandi/ros2_ws/src/install/mycobot_description:/home/notandi/ros2_ws/src/install/mycobot_bringup:${AMENT_PREFIX_PATH} CMAKE_PREFIX_PATH=/home/notandi/ros2_ws/src/install/mycobot_system_tests:/home/notandi/ros2_ws/src/install/mycobot_moveit_config:/home/notandi/ros2_ws/src/install/mycobot_gazebo:/home/notandi/ros2_ws/src/install/mycobot_description:/home/notandi/ros2_ws/src/install/mycobot_bringup:/opt/ros/jazzy/opt/gz_sim_vendor:/opt/ros/jazzy/opt/gz_sensors_vendor:/opt/ros/jazzy/opt/gz_physics_vendor:/opt/ros/jazzy/opt/sdformat_vendor:/opt/ros/jazzy/opt/gz_gui_vendor:/opt/ros/jazzy/opt/gz_transport_vendor:/opt/ros/jazzy/opt/gz_rendering_vendor:/opt/ros/jazzy/opt/gz_plugin_vendor:/opt/ros/jazzy/opt/gz_fuel_tools_vendor:/opt/ros/jazzy/opt/gz_msgs_vendor:/opt/ros/jazzy/opt/gz_common_vendor:/opt/ros/jazzy/opt/gz_tools_vendor:/opt/ros/jazzy/opt/gz_ogre_next_vendor:/opt/ros/jazzy/opt/gz_dartsim_vendor:/opt/ros/jazzy/opt/gz_math_vendor:/opt/ros/jazzy/opt/gz_utils_vendor:/opt/ros/jazzy/opt/gz_cmake_vendor:/opt/ros/jazzy /usr/bin/cmake /home/notandi/ros2_ws/src/mycobot_ros2/mycobot_ros2 -DCMAKE_INSTALL_PREFIX=/home/notandi/ros2_ws/src/install/mycobot_ros2
[0.852s] -- The C compiler identification is GNU 13.3.0
[2.263s] -- The CXX compiler identification is GNU 13.3.0
[3.914s] -- Detecting C compiler ABI info
[4.563s] -- Detecting C compiler ABI info - done
[4.569s] -- Check for working C compiler: /usr/bin/cc - skipped
[4.569s] -- Detecting C compile features
[4.570s] -- Detecting C compile features - done
[4.885s] -- Detecting CXX compiler ABI info
[5.487s] -- Detecting CXX compiler ABI info - done
[5.495s] -- Check for working CXX compiler: /usr/bin/c++ - skipped
[5.496s] -- Detecting CXX compile features
[5.496s] -- Detecting CXX compile features - done
[5.502s] -- Found ament_cmake: 2.5.5 (/opt/ros/jazzy/share/ament_cmake/cmake)
[5.635s] -- Found Python3: /usr/bin/python3 (found version "3.12.3") found components: Interpreter 
[5.758s] -- Found ament_lint_auto: 0.17.4 (/opt/ros/jazzy/share/ament_lint_auto/cmake)
[5.867s] -- Added test 'lint_cmake' to check CMake code style
[5.868s] -- Added test 'xmllint' to check XML markup files
[5.870s] -- Configuring done (5.4s)
[5.874s] -- Generating done (0.0s)
[5.877s] -- Build files have been written to: /home/notandi/ros2_ws/src/build/mycobot_ros2
[5.882s] Invoked command in '/home/notandi/ros2_ws/src/build/mycobot_ros2' returned '0': AMENT_PREFIX_PATH=/home/notandi/ros2_ws/src/install/mycobot_system_tests:/home/notandi/ros2_ws/src/install/mycobot_moveit_config:/home/notandi/ros2_ws/src/install/mycobot_gazebo:/home/notandi/ros2_ws/src/install/mycobot_description:/home/notandi/ros2_ws/src/install/mycobot_bringup:${AMENT_PREFIX_PATH} CMAKE_PREFIX_PATH=/home/notandi/ros2_ws/src/install/mycobot_system_tests:/home/notandi/ros2_ws/src/install/mycobot_moveit_config:/home/notandi/ros2_ws/src/install/mycobot_gazebo:/home/notandi/ros2_ws/src/install/mycobot_description:/home/notandi/ros2_ws/src/install/mycobot_bringup:/opt/ros/jazzy/opt/gz_sim_vendor:/opt/ros/jazzy/opt/gz_sensors_vendor:/opt/ros/jazzy/opt/gz_physics_vendor:/opt/ros/jazzy/opt/sdformat_vendor:/opt/ros/jazzy/opt/gz_gui_vendor:/opt/ros/jazzy/opt/gz_transport_vendor:/opt/ros/jazzy/opt/gz_rendering_vendor:/opt/ros/jazzy/opt/gz_plugin_vendor:/opt/ros/jazzy/opt/gz_fuel_tools_vendor:/opt/ros/jazzy/opt/gz_msgs_vendor:/opt/ros/jazzy/opt/gz_common_vendor:/opt/ros/jazzy/opt/gz_tools_vendor:/opt/ros/jazzy/opt/gz_ogre_next_vendor:/opt/ros/jazzy/opt/gz_dartsim_vendor:/opt/ros/jazzy/opt/gz_math_vendor:/opt/ros/jazzy/opt/gz_utils_vendor:/opt/ros/jazzy/opt/gz_cmake_vendor:/opt/ros/jazzy /usr/bin/cmake /home/notandi/ros2_ws/src/mycobot_ros2/mycobot_ros2 -DCMAKE_INSTALL_PREFIX=/home/notandi/ros2_ws/src/install/mycobot_ros2
[5.883s] Invoking command in '/home/notandi/ros2_ws/src/build/mycobot_ros2': AMENT_PREFIX_PATH=/home/notandi/ros2_ws/src/install/mycobot_system_tests:/home/notandi/ros2_ws/src/install/mycobot_moveit_config:/home/notandi/ros2_ws/src/install/mycobot_gazebo:/home/notandi/ros2_ws/src/install/mycobot_description:/home/notandi/ros2_ws/src/install/mycobot_bringup:${AMENT_PREFIX_PATH} CMAKE_PREFIX_PATH=/home/notandi/ros2_ws/src/install/mycobot_system_tests:/home/notandi/ros2_ws/src/install/mycobot_moveit_config:/home/notandi/ros2_ws/src/install/mycobot_gazebo:/home/notandi/ros2_ws/src/install/mycobot_description:/home/notandi/ros2_ws/src/install/mycobot_bringup:/opt/ros/jazzy/opt/gz_sim_vendor:/opt/ros/jazzy/opt/gz_sensors_vendor:/opt/ros/jazzy/opt/gz_physics_vendor:/opt/ros/jazzy/opt/sdformat_vendor:/opt/ros/jazzy/opt/gz_gui_vendor:/opt/ros/jazzy/opt/gz_transport_vendor:/opt/ros/jazzy/opt/gz_rendering_vendor:/opt/ros/jazzy/opt/gz_plugin_vendor:/opt/ros/jazzy/opt/gz_fuel_tools_vendor:/opt/ros/jazzy/opt/gz_msgs_vendor:/opt/ros/jazzy/opt/gz_common_vendor:/opt/ros/jazzy/opt/gz_tools_vendor:/opt/ros/jazzy/opt/gz_ogre_next_vendor:/opt/ros/jazzy/opt/gz_dartsim_vendor:/opt/ros/jazzy/opt/gz_math_vendor:/opt/ros/jazzy/opt/gz_utils_vendor:/opt/ros/jazzy/opt/gz_cmake_vendor:/opt/ros/jazzy /usr/bin/cmake --build /home/notandi/ros2_ws/src/build/mycobot_ros2 -- -j12 -l12
[5.919s] Invoked command in '/home/notandi/ros2_ws/src/build/mycobot_ros2' returned '0': AMENT_PREFIX_PATH=/home/notandi/ros2_ws/src/install/mycobot_system_tests:/home/notandi/ros2_ws/src/install/mycobot_moveit_config:/home/notandi/ros2_ws/src/install/mycobot_gazebo:/home/notandi/ros2_ws/src/install/mycobot_description:/home/notandi/ros2_ws/src/install/mycobot_bringup:${AMENT_PREFIX_PATH} CMAKE_PREFIX_PATH=/home/notandi/ros2_ws/src/install/mycobot_system_tests:/home/notandi/ros2_ws/src/install/mycobot_moveit_config:/home/notandi/ros2_ws/src/install/mycobot_gazebo:/home/notandi/ros2_ws/src/install/mycobot_description:/home/notandi/ros2_ws/src/install/mycobot_bringup:/opt/ros/jazzy/opt/gz_sim_vendor:/opt/ros/jazzy/opt/gz_sensors_vendor:/opt/ros/jazzy/opt/gz_physics_vendor:/opt/ros/jazzy/opt/sdformat_vendor:/opt/ros/jazzy/opt/gz_gui_vendor:/opt/ros/jazzy/opt/gz_transport_vendor:/opt/ros/jazzy/opt/gz_rendering_vendor:/opt/ros/jazzy/opt/gz_plugin_vendor:/opt/ros/jazzy/opt/gz_fuel_tools_vendor:/opt/ros/jazzy/opt/gz_msgs_vendor:/opt/ros/jazzy/opt/gz_common_vendor:/opt/ros/jazzy/opt/gz_tools_vendor:/opt/ros/jazzy/opt/gz_ogre_next_vendor:/opt/ros/jazzy/opt/gz_dartsim_vendor:/opt/ros/jazzy/opt/gz_math_vendor:/opt/ros/jazzy/opt/gz_utils_vendor:/opt/ros/jazzy/opt/gz_cmake_vendor:/opt/ros/jazzy /usr/bin/cmake --build /home/notandi/ros2_ws/src/build/mycobot_ros2 -- -j12 -l12
[5.920s] Invoking command in '/home/notandi/ros2_ws/src/build/mycobot_ros2': AMENT_PREFIX_PATH=/home/notandi/ros2_ws/src/install/mycobot_system_tests:/home/notandi/ros2_ws/src/install/mycobot_moveit_config:/home/notandi/ros2_ws/src/install/mycobot_gazebo:/home/notandi/ros2_ws/src/install/mycobot_description:/home/notandi/ros2_ws/src/install/mycobot_bringup:${AMENT_PREFIX_PATH} CMAKE_PREFIX_PATH=/home/notandi/ros2_ws/src/install/mycobot_system_tests:/home/notandi/ros2_ws/src/install/mycobot_moveit_config:/home/notandi/ros2_ws/src/install/mycobot_gazebo:/home/notandi/ros2_ws/src/install/mycobot_description:/home/notandi/ros2_ws/src/install/mycobot_bringup:/opt/ros/jazzy/opt/gz_sim_vendor:/opt/ros/jazzy/opt/gz_sensors_vendor:/opt/ros/jazzy/opt/gz_physics_vendor:/opt/ros/jazzy/opt/sdformat_vendor:/opt/ros/jazzy/opt/gz_gui_vendor:/opt/ros/jazzy/opt/gz_transport_vendor:/opt/ros/jazzy/opt/gz_rendering_vendor:/opt/ros/jazzy/opt/gz_plugin_vendor:/opt/ros/jazzy/opt/gz_fuel_tools_vendor:/opt/ros/jazzy/opt/gz_msgs_vendor:/opt/ros/jazzy/opt/gz_common_vendor:/opt/ros/jazzy/opt/gz_tools_vendor:/opt/ros/jazzy/opt/gz_ogre_next_vendor:/opt/ros/jazzy/opt/gz_dartsim_vendor:/opt/ros/jazzy/opt/gz_math_vendor:/opt/ros/jazzy/opt/gz_utils_vendor:/opt/ros/jazzy/opt/gz_cmake_vendor:/opt/ros/jazzy /usr/bin/cmake --install /home/notandi/ros2_ws/src/build/mycobot_ros2
[5.928s] -- Install configuration: ""
[5.929s] -- Installing: /home/notandi/ros2_ws/src/install/mycobot_ros2/share/ament_index/resource_index/package_run_dependencies/mycobot_ros2
[5.930s] -- Installing: /home/notandi/ros2_ws/src/install/mycobot_ros2/share/ament_index/resource_index/parent_prefix_path/mycobot_ros2
[5.930s] -- Installing: /home/notandi/ros2_ws/src/install/mycobot_ros2/share/mycobot_ros2/environment/ament_prefix_path.sh
[5.932s] -- Installing: /home/notandi/ros2_ws/src/install/mycobot_ros2/share/mycobot_ros2/environment/ament_prefix_path.dsv
[5.932s] -- Installing: /home/notandi/ros2_ws/src/install/mycobot_ros2/share/mycobot_ros2/environment/path.sh
[5.932s] -- Installing: /home/notandi/ros2_ws/src/install/mycobot_ros2/share/mycobot_ros2/environment/path.dsv
[5.932s] -- Installing: /home/notandi/ros2_ws/src/install/mycobot_ros2/share/mycobot_ros2/local_setup.bash
[5.933s] -- Installing: /home/notandi/ros2_ws/src/install/mycobot_ros2/share/mycobot_ros2/local_setup.sh
[5.933s] -- Installing: /home/notandi/ros2_ws/src/install/mycobot_ros2/share/mycobot_ros2/local_setup.zsh
[5.933s] -- Installing: /home/notandi/ros2_ws/src/install/mycobot_ros2/share/mycobot_ros2/local_setup.dsv
[5.933s] -- Installing: /home/notandi/ros2_ws/src/install/mycobot_ros2/share/mycobot_ros2/package.dsv
[5.933s] -- Installing: /home/notandi/ros2_ws/src/install/mycobot_ros2/share/ament_index/resource_index/packages/mycobot_ros2
[5.934s] -- Installing: /home/notandi/ros2_ws/src/install/mycobot_ros2/share/mycobot_ros2/cmake/mycobot_ros2Config.cmake
[5.934s] -- Installing: /home/notandi/ros2_ws/src/install/mycobot_ros2/share/mycobot_ros2/cmake/mycobot_ros2Config-version.cmake
[5.934s] -- Installing: /home/notandi/ros2_ws/src/install/mycobot_ros2/share/mycobot_ros2/package.xml
[5.936s] Invoked command in '/home/notandi/ros2_ws/src/build/mycobot_ros2' returned '0': AMENT_PREFIX_PATH=/home/notandi/ros2_ws/src/install/mycobot_system_tests:/home/notandi/ros2_ws/src/install/mycobot_moveit_config:/home/notandi/ros2_ws/src/install/mycobot_gazebo:/home/notandi/ros2_ws/src/install/mycobot_description:/home/notandi/ros2_ws/src/install/mycobot_bringup:${AMENT_PREFIX_PATH} CMAKE_PREFIX_PATH=/home/notandi/ros2_ws/src/install/mycobot_system_tests:/home/notandi/ros2_ws/src/install/mycobot_moveit_config:/home/notandi/ros2_ws/src/install/mycobot_gazebo:/home/notandi/ros2_ws/src/install/mycobot_description:/home/notandi/ros2_ws/src/install/mycobot_bringup:/opt/ros/jazzy/opt/gz_sim_vendor:/opt/ros/jazzy/opt/gz_sensors_vendor:/opt/ros/jazzy/opt/gz_physics_vendor:/opt/ros/jazzy/opt/sdformat_vendor:/opt/ros/jazzy/opt/gz_gui_vendor:/opt/ros/jazzy/opt/gz_transport_vendor:/opt/ros/jazzy/opt/gz_rendering_vendor:/opt/ros/jazzy/opt/gz_plugin_vendor:/opt/ros/jazzy/opt/gz_fuel_tools_vendor:/opt/ros/jazzy/opt/gz_msgs_vendor:/opt/ros/jazzy/opt/gz_common_vendor:/opt/ros/jazzy/opt/gz_tools_vendor:/opt/ros/jazzy/opt/gz_ogre_next_vendor:/opt/ros/jazzy/opt/gz_dartsim_vendor:/opt/ros/jazzy/opt/gz_math_vendor:/opt/ros/jazzy/opt/gz_utils_vendor:/opt/ros/jazzy/opt/gz_cmake_vendor:/opt/ros/jazzy /usr/bin/cmake --install /home/notandi/ros2_ws/src/build/mycobot_ros2
