[0.042s] Invoking command in '/home/notandi/ros2_ws/build/mycobot_moveit_config': CMAKE_PREFIX_PATH=${CMAKE_PREFIX_PATH}:/opt/ros/jazzy /usr/bin/cmake --build /home/notandi/ros2_ws/build/mycobot_moveit_config -- -j12 -l12
[0.200s] Invoked command in '/home/notandi/ros2_ws/build/mycobot_moveit_config' returned '0': CMAKE_PREFIX_PATH=${CMAKE_PREFIX_PATH}:/opt/ros/jazzy /usr/bin/cmake --build /home/notandi/ros2_ws/build/mycobot_moveit_config -- -j12 -l12
[0.208s] Invoking command in '/home/notandi/ros2_ws/build/mycobot_moveit_config': CMAKE_PREFIX_PATH=${CMAKE_PREFIX_PATH}:/opt/ros/jazzy /usr/bin/cmake --install /home/notandi/ros2_ws/build/mycobot_moveit_config
[0.230s] -- Install configuration: ""
[0.232s] -- Execute custom install script
[0.234s] -- Up-to-date symlink: /home/notandi/ros2_ws/install/mycobot_moveit_config/share/mycobot_moveit_config/config/mycobot_280/ros2_controllers.yaml
[0.235s] -- Up-to-date symlink: /home/notandi/ros2_ws/install/mycobot_moveit_config/share/mycobot_moveit_config/config/mycobot_280/ros2_controllers_template.yaml
[0.237s] -- Up-to-date symlink: /home/notandi/ros2_ws/install/mycobot_moveit_config/share/mycobot_moveit_config/launch/load_ros2_controllers.launch.py
[0.239s] -- Up-to-date symlink: /home/notandi/ros2_ws/install/mycobot_moveit_config/share/ament_index/resource_index/package_run_dependencies/mycobot_moveit_config
[0.239s] -- Up-to-date symlink: /home/notandi/ros2_ws/install/mycobot_moveit_config/share/ament_index/resource_index/parent_prefix_path/mycobot_moveit_config
[0.241s] -- Up-to-date symlink: /home/notandi/ros2_ws/install/mycobot_moveit_config/share/mycobot_moveit_config/environment/ament_prefix_path.sh
[0.242s] -- Up-to-date symlink: /home/notandi/ros2_ws/install/mycobot_moveit_config/share/mycobot_moveit_config/environment/ament_prefix_path.dsv
[0.242s] -- Up-to-date symlink: /home/notandi/ros2_ws/install/mycobot_moveit_config/share/mycobot_moveit_config/environment/path.sh
[0.244s] -- Up-to-date symlink: /home/notandi/ros2_ws/install/mycobot_moveit_config/share/mycobot_moveit_config/environment/path.dsv
[0.245s] -- Up-to-date symlink: /home/notandi/ros2_ws/install/mycobot_moveit_config/share/mycobot_moveit_config/local_setup.bash
[0.246s] -- Up-to-date symlink: /home/notandi/ros2_ws/install/mycobot_moveit_config/share/mycobot_moveit_config/local_setup.sh
[0.247s] -- Up-to-date symlink: /home/notandi/ros2_ws/install/mycobot_moveit_config/share/mycobot_moveit_config/local_setup.zsh
[0.249s] -- Up-to-date symlink: /home/notandi/ros2_ws/install/mycobot_moveit_config/share/mycobot_moveit_config/local_setup.dsv
[0.249s] -- Symlinking: /home/notandi/ros2_ws/install/mycobot_moveit_config/share/mycobot_moveit_config/package.dsv
[0.272s] -- Up-to-date symlink: /home/notandi/ros2_ws/install/mycobot_moveit_config/share/ament_index/resource_index/packages/mycobot_moveit_config
[0.273s] -- Up-to-date symlink: /home/notandi/ros2_ws/install/mycobot_moveit_config/share/mycobot_moveit_config/cmake/mycobot_moveit_configConfig.cmake
[0.275s] -- Up-to-date symlink: /home/notandi/ros2_ws/install/mycobot_moveit_config/share/mycobot_moveit_config/cmake/mycobot_moveit_configConfig-version.cmake
[0.275s] -- Up-to-date symlink: /home/notandi/ros2_ws/install/mycobot_moveit_config/share/mycobot_moveit_config/package.xml
[0.281s] Invoked command in '/home/notandi/ros2_ws/build/mycobot_moveit_config' returned '0': CMAKE_PREFIX_PATH=${CMAKE_PREFIX_PATH}:/opt/ros/jazzy /usr/bin/cmake --install /home/notandi/ros2_ws/build/mycobot_moveit_config
