[0.042s] Invoking command in '/home/notandi/ros2_ws/src/build/mycobot_moveit_config': CMAKE_PREFIX_PATH=${CMAKE_PREFIX_PATH}:/opt/ros/jazzy /usr/bin/cmake /home/notandi/ros2_ws/src/mycobot_ros2/mycobot_moveit_config -DCMAKE_INSTALL_PREFIX=/home/notandi/ros2_ws/src/install/mycobot_moveit_config
[0.310s] -- The C compiler identification is GNU 13.3.0
[0.842s] -- The CXX compiler identification is GNU 13.3.0
[1.266s] -- Detecting C compiler ABI info
[1.556s] -- Detecting C compiler ABI info - done
[1.563s] -- Check for working C compiler: /usr/bin/cc - skipped
[1.563s] -- Detecting C compile features
[1.564s] -- Detecting C compile features - done
[1.735s] -- Detecting CXX compiler ABI info
[2.250s] -- Detecting CXX compiler ABI info - done
[2.256s] -- Check for working CXX compiler: /usr/bin/c++ - skipped
[2.258s] -- Detecting CXX compile features
[2.258s] -- Detecting CXX compile features - done
[2.260s] -- Found ament_cmake: 2.5.5 (/opt/ros/jazzy/share/ament_cmake/cmake)
[2.423s] -- Found Python3: /usr/bin/python3 (found version "3.12.3") found components: Interpreter 
[2.558s] -- Found ament_lint_auto: 0.17.4 (/opt/ros/jazzy/share/ament_lint_auto/cmake)
[2.665s] -- Added test 'flake8' to check Python code syntax and style conventions
[2.665s] -- Configured 'flake8' exclude dirs and/or files: 
[2.666s] -- Added test 'lint_cmake' to check CMake code style
[2.667s] -- Added test 'pep257' to check Python code against some of the docstring style conventions in PEP 257
[2.668s] -- Added test 'xmllint' to check XML markup files
[2.670s] -- Configuring done (2.6s)
[2.676s] -- Generating done (0.0s)
[2.680s] -- Build files have been written to: /home/notandi/ros2_ws/src/build/mycobot_moveit_config
[2.684s] Invoked command in '/home/notandi/ros2_ws/src/build/mycobot_moveit_config' returned '0': CMAKE_PREFIX_PATH=${CMAKE_PREFIX_PATH}:/opt/ros/jazzy /usr/bin/cmake /home/notandi/ros2_ws/src/mycobot_ros2/mycobot_moveit_config -DCMAKE_INSTALL_PREFIX=/home/notandi/ros2_ws/src/install/mycobot_moveit_config
[2.686s] Invoking command in '/home/notandi/ros2_ws/src/build/mycobot_moveit_config': CMAKE_PREFIX_PATH=${CMAKE_PREFIX_PATH}:/opt/ros/jazzy /usr/bin/cmake --build /home/notandi/ros2_ws/src/build/mycobot_moveit_config -- -j12 -l12
[2.725s] Invoked command in '/home/notandi/ros2_ws/src/build/mycobot_moveit_config' returned '0': CMAKE_PREFIX_PATH=${CMAKE_PREFIX_PATH}:/opt/ros/jazzy /usr/bin/cmake --build /home/notandi/ros2_ws/src/build/mycobot_moveit_config -- -j12 -l12
[2.726s] Invoking command in '/home/notandi/ros2_ws/src/build/mycobot_moveit_config': CMAKE_PREFIX_PATH=${CMAKE_PREFIX_PATH}:/opt/ros/jazzy /usr/bin/cmake --install /home/notandi/ros2_ws/src/build/mycobot_moveit_config
[2.734s] -- Install configuration: ""
[2.734s] -- Installing: /home/notandi/ros2_ws/src/install/mycobot_moveit_config/share/mycobot_moveit_config/config
[2.735s] -- Installing: /home/notandi/ros2_ws/src/install/mycobot_moveit_config/share/mycobot_moveit_config/config/mycobot_280
[2.735s] -- Installing: /home/notandi/ros2_ws/src/install/mycobot_moveit_config/share/mycobot_moveit_config/config/mycobot_280/ros2_controllers_template.yaml
[2.736s] -- Installing: /home/notandi/ros2_ws/src/install/mycobot_moveit_config/share/mycobot_moveit_config/config/mycobot_280/ros2_controllers.yaml
[2.737s] -- Installing: /home/notandi/ros2_ws/src/install/mycobot_moveit_config/share/mycobot_moveit_config/launch
[2.738s] -- Installing: /home/notandi/ros2_ws/src/install/mycobot_moveit_config/share/mycobot_moveit_config/launch/load_ros2_controllers.launch.py
[2.739s] -- Installing: /home/notandi/ros2_ws/src/install/mycobot_moveit_config/share/ament_index/resource_index/package_run_dependencies/mycobot_moveit_config
[2.740s] -- Installing: /home/notandi/ros2_ws/src/install/mycobot_moveit_config/share/ament_index/resource_index/parent_prefix_path/mycobot_moveit_config
[2.740s] -- Installing: /home/notandi/ros2_ws/src/install/mycobot_moveit_config/share/mycobot_moveit_config/environment/ament_prefix_path.sh
[2.741s] -- Installing: /home/notandi/ros2_ws/src/install/mycobot_moveit_config/share/mycobot_moveit_config/environment/ament_prefix_path.dsv
[2.741s] -- Installing: /home/notandi/ros2_ws/src/install/mycobot_moveit_config/share/mycobot_moveit_config/environment/path.sh
[2.741s] -- Installing: /home/notandi/ros2_ws/src/install/mycobot_moveit_config/share/mycobot_moveit_config/environment/path.dsv
[2.741s] -- Installing: /home/notandi/ros2_ws/src/install/mycobot_moveit_config/share/mycobot_moveit_config/local_setup.bash
[2.742s] -- Installing: /home/notandi/ros2_ws/src/install/mycobot_moveit_config/share/mycobot_moveit_config/local_setup.sh
[2.742s] -- Installing: /home/notandi/ros2_ws/src/install/mycobot_moveit_config/share/mycobot_moveit_config/local_setup.zsh
[2.742s] -- Installing: /home/notandi/ros2_ws/src/install/mycobot_moveit_config/share/mycobot_moveit_config/local_setup.dsv
[2.742s] -- Installing: /home/notandi/ros2_ws/src/install/mycobot_moveit_config/share/mycobot_moveit_config/package.dsv
[2.742s] -- Installing: /home/notandi/ros2_ws/src/install/mycobot_moveit_config/share/ament_index/resource_index/packages/mycobot_moveit_config
[2.742s] -- Installing: /home/notandi/ros2_ws/src/install/mycobot_moveit_config/share/mycobot_moveit_config/cmake/mycobot_moveit_configConfig.cmake
[2.743s] -- Installing: /home/notandi/ros2_ws/src/install/mycobot_moveit_config/share/mycobot_moveit_config/cmake/mycobot_moveit_configConfig-version.cmake
[2.743s] -- Installing: /home/notandi/ros2_ws/src/install/mycobot_moveit_config/share/mycobot_moveit_config/package.xml
[2.745s] Invoked command in '/home/notandi/ros2_ws/src/build/mycobot_moveit_config' returned '0': CMAKE_PREFIX_PATH=${CMAKE_PREFIX_PATH}:/opt/ros/jazzy /usr/bin/cmake --install /home/notandi/ros2_ws/src/build/mycobot_moveit_config
