[0.500s] Invoking command in '/home/notandi/ros2_ws/build/mycobot_ros2': AMENT_PREFIX_PATH=/home/notandi/ros2_ws/install/mycobot_system_tests:/home/notandi/ros2_ws/install/mycobot_moveit_config:/home/notandi/ros2_ws/install/mycobot_gazebo:/home/notandi/ros2_ws/install/mycobot_description:/home/notandi/ros2_ws/install/mycobot_bringup:${AMENT_PREFIX_PATH} CMAKE_PREFIX_PATH=/home/notandi/ros2_ws/install/mycobot_system_tests:/home/notandi/ros2_ws/install/mycobot_moveit_config:/home/notandi/ros2_ws/install/mycobot_gazebo:/home/notandi/ros2_ws/install/mycobot_description:/home/notandi/ros2_ws/install/mycobot_bringup:/opt/ros/jazzy/opt/gz_math_vendor:/opt/ros/jazzy/opt/gz_utils_vendor:/opt/ros/jazzy/opt/gz_cmake_vendor:/opt/ros/jazzy /usr/bin/cmake --build /home/notandi/ros2_ws/build/mycobot_ros2 -- -j12 -l12
[0.542s] -- Found ament_cmake: 2.5.5 (/opt/ros/jazzy/share/ament_cmake/cmake)
[0.892s] -- Found ament_lint_auto: 0.17.4 (/opt/ros/jazzy/share/ament_lint_auto/cmake)
[1.050s] -- Added test 'lint_cmake' to check CMake code style
[1.051s] -- Added test 'xmllint' to check XML markup files
[1.054s] -- Configuring done (0.5s)
[1.065s] -- Generating done (0.0s)
[1.069s] -- Build files have been written to: /home/notandi/ros2_ws/build/mycobot_ros2
[1.099s] Invoked command in '/home/notandi/ros2_ws/build/mycobot_ros2' returned '0': AMENT_PREFIX_PATH=/home/notandi/ros2_ws/install/mycobot_system_tests:/home/notandi/ros2_ws/install/mycobot_moveit_config:/home/notandi/ros2_ws/install/mycobot_gazebo:/home/notandi/ros2_ws/install/mycobot_description:/home/notandi/ros2_ws/install/mycobot_bringup:${AMENT_PREFIX_PATH} CMAKE_PREFIX_PATH=/home/notandi/ros2_ws/install/mycobot_system_tests:/home/notandi/ros2_ws/install/mycobot_moveit_config:/home/notandi/ros2_ws/install/mycobot_gazebo:/home/notandi/ros2_ws/install/mycobot_description:/home/notandi/ros2_ws/install/mycobot_bringup:/opt/ros/jazzy/opt/gz_math_vendor:/opt/ros/jazzy/opt/gz_utils_vendor:/opt/ros/jazzy/opt/gz_cmake_vendor:/opt/ros/jazzy /usr/bin/cmake --build /home/notandi/ros2_ws/build/mycobot_ros2 -- -j12 -l12
[1.102s] Invoking command in '/home/notandi/ros2_ws/build/mycobot_ros2': AMENT_PREFIX_PATH=/home/notandi/ros2_ws/install/mycobot_system_tests:/home/notandi/ros2_ws/install/mycobot_moveit_config:/home/notandi/ros2_ws/install/mycobot_gazebo:/home/notandi/ros2_ws/install/mycobot_description:/home/notandi/ros2_ws/install/mycobot_bringup:${AMENT_PREFIX_PATH} CMAKE_PREFIX_PATH=/home/notandi/ros2_ws/install/mycobot_system_tests:/home/notandi/ros2_ws/install/mycobot_moveit_config:/home/notandi/ros2_ws/install/mycobot_gazebo:/home/notandi/ros2_ws/install/mycobot_description:/home/notandi/ros2_ws/install/mycobot_bringup:/opt/ros/jazzy/opt/gz_math_vendor:/opt/ros/jazzy/opt/gz_utils_vendor:/opt/ros/jazzy/opt/gz_cmake_vendor:/opt/ros/jazzy /usr/bin/cmake --install /home/notandi/ros2_ws/build/mycobot_ros2
[1.115s] -- Install configuration: ""
[1.115s] -- Installing: /home/notandi/ros2_ws/install/mycobot_ros2/share/ament_index/resource_index/package_run_dependencies/mycobot_ros2
[1.116s] -- Installing: /home/notandi/ros2_ws/install/mycobot_ros2/share/ament_index/resource_index/parent_prefix_path/mycobot_ros2
[1.118s] -- Up-to-date: /home/notandi/ros2_ws/install/mycobot_ros2/share/mycobot_ros2/environment/ament_prefix_path.sh
[1.118s] -- Up-to-date: /home/notandi/ros2_ws/install/mycobot_ros2/share/mycobot_ros2/environment/ament_prefix_path.dsv
[1.118s] -- Up-to-date: /home/notandi/ros2_ws/install/mycobot_ros2/share/mycobot_ros2/environment/path.sh
[1.119s] -- Up-to-date: /home/notandi/ros2_ws/install/mycobot_ros2/share/mycobot_ros2/environment/path.dsv
[1.119s] -- Up-to-date: /home/notandi/ros2_ws/install/mycobot_ros2/share/mycobot_ros2/local_setup.bash
[1.119s] -- Up-to-date: /home/notandi/ros2_ws/install/mycobot_ros2/share/mycobot_ros2/local_setup.sh
[1.119s] -- Up-to-date: /home/notandi/ros2_ws/install/mycobot_ros2/share/mycobot_ros2/local_setup.zsh
[1.119s] -- Up-to-date: /home/notandi/ros2_ws/install/mycobot_ros2/share/mycobot_ros2/local_setup.dsv
[1.119s] -- Up-to-date: /home/notandi/ros2_ws/install/mycobot_ros2/share/mycobot_ros2/package.dsv
[1.119s] -- Up-to-date: /home/notandi/ros2_ws/install/mycobot_ros2/share/ament_index/resource_index/packages/mycobot_ros2
[1.119s] -- Up-to-date: /home/notandi/ros2_ws/install/mycobot_ros2/share/mycobot_ros2/cmake/mycobot_ros2Config.cmake
[1.119s] -- Up-to-date: /home/notandi/ros2_ws/install/mycobot_ros2/share/mycobot_ros2/cmake/mycobot_ros2Config-version.cmake
[1.119s] -- Installing: /home/notandi/ros2_ws/install/mycobot_ros2/share/mycobot_ros2/package.xml
[1.122s] Invoked command in '/home/notandi/ros2_ws/build/mycobot_ros2' returned '0': AMENT_PREFIX_PATH=/home/notandi/ros2_ws/install/mycobot_system_tests:/home/notandi/ros2_ws/install/mycobot_moveit_config:/home/notandi/ros2_ws/install/mycobot_gazebo:/home/notandi/ros2_ws/install/mycobot_description:/home/notandi/ros2_ws/install/mycobot_bringup:${AMENT_PREFIX_PATH} CMAKE_PREFIX_PATH=/home/notandi/ros2_ws/install/mycobot_system_tests:/home/notandi/ros2_ws/install/mycobot_moveit_config:/home/notandi/ros2_ws/install/mycobot_gazebo:/home/notandi/ros2_ws/install/mycobot_description:/home/notandi/ros2_ws/install/mycobot_bringup:/opt/ros/jazzy/opt/gz_math_vendor:/opt/ros/jazzy/opt/gz_utils_vendor:/opt/ros/jazzy/opt/gz_cmake_vendor:/opt/ros/jazzy /usr/bin/cmake --install /home/notandi/ros2_ws/build/mycobot_ros2
