[0.055s] Invoking command in '/home/notandi/ros2_ws/build/mycobot_bringup': CMAKE_PREFIX_PATH=${CMAKE_PREFIX_PATH}:/opt/ros/jazzy /usr/bin/cmake --build /home/notandi/ros2_ws/build/mycobot_bringup -- -j12 -l12
[0.282s] Invoked command in '/home/notandi/ros2_ws/build/mycobot_bringup' returned '0': CMAKE_PREFIX_PATH=${CMAKE_PREFIX_PATH}:/opt/ros/jazzy /usr/bin/cmake --build /home/notandi/ros2_ws/build/mycobot_bringup -- -j12 -l12
[0.286s] Invoking command in '/home/notandi/ros2_ws/build/mycobot_bringup': CMAKE_PREFIX_PATH=${CMAKE_PREFIX_PATH}:/opt/ros/jazzy /usr/bin/cmake --install /home/notandi/ros2_ws/build/mycobot_bringup
[0.305s] -- Install configuration: ""
[0.306s] -- Execute custom install script
[0.307s] -- Up-to-date symlink: /home/notandi/ros2_ws/install/mycobot_bringup/share/mycobot_bringup/scripts/mycobot_280_gazebo.sh
[0.309s] -- Up-to-date symlink: /home/notandi/ros2_ws/install/mycobot_bringup/share/ament_index/resource_index/package_run_dependencies/mycobot_bringup
[0.309s] -- Up-to-date symlink: /home/notandi/ros2_ws/install/mycobot_bringup/share/ament_index/resource_index/parent_prefix_path/mycobot_bringup
[0.310s] -- Up-to-date symlink: /home/notandi/ros2_ws/install/mycobot_bringup/share/mycobot_bringup/environment/ament_prefix_path.sh
[0.310s] -- Up-to-date symlink: /home/notandi/ros2_ws/install/mycobot_bringup/share/mycobot_bringup/environment/ament_prefix_path.dsv
[0.311s] -- Up-to-date symlink: /home/notandi/ros2_ws/install/mycobot_bringup/share/mycobot_bringup/environment/path.sh
[0.311s] -- Up-to-date symlink: /home/notandi/ros2_ws/install/mycobot_bringup/share/mycobot_bringup/environment/path.dsv
[0.312s] -- Up-to-date symlink: /home/notandi/ros2_ws/install/mycobot_bringup/share/mycobot_bringup/local_setup.bash
[0.313s] -- Up-to-date symlink: /home/notandi/ros2_ws/install/mycobot_bringup/share/mycobot_bringup/local_setup.sh
[0.316s] -- Up-to-date symlink: /home/notandi/ros2_ws/install/mycobot_bringup/share/mycobot_bringup/local_setup.zsh
[0.318s] -- Up-to-date symlink: /home/notandi/ros2_ws/install/mycobot_bringup/share/mycobot_bringup/local_setup.dsv
[0.319s] -- Symlinking: /home/notandi/ros2_ws/install/mycobot_bringup/share/mycobot_bringup/package.dsv
[0.332s] -- Up-to-date symlink: /home/notandi/ros2_ws/install/mycobot_bringup/share/ament_index/resource_index/packages/mycobot_bringup
[0.333s] -- Up-to-date symlink: /home/notandi/ros2_ws/install/mycobot_bringup/share/mycobot_bringup/cmake/mycobot_bringupConfig.cmake
[0.333s] -- Up-to-date symlink: /home/notandi/ros2_ws/install/mycobot_bringup/share/mycobot_bringup/cmake/mycobot_bringupConfig-version.cmake
[0.334s] -- Up-to-date symlink: /home/notandi/ros2_ws/install/mycobot_bringup/share/mycobot_bringup/package.xml
[0.338s] Invoked command in '/home/notandi/ros2_ws/build/mycobot_bringup' returned '0': CMAKE_PREFIX_PATH=${CMAKE_PREFIX_PATH}:/opt/ros/jazzy /usr/bin/cmake --install /home/notandi/ros2_ws/build/mycobot_bringup
