[1.126s] DEBUG:colcon:Command line arguments: ['/usr/bin/colcon', 'build', '--symlink-install']
[1.126s] DEBUG:colcon:Parsed command line arguments: Namespace(log_base=None, log_level=None, verb_name='build', build_base='build', install_base='install', merge_install=False, symlink_install=True, test_result_base=None, continue_on_error=False, executor='parallel', parallel_workers=12, event_handlers=None, ignore_user_meta=False, metas=['./colcon.meta'], base_paths=['.'], packages_ignore=None, packages_ignore_regex=None, paths=None, packages_up_to=None, packages_up_to_regex=None, packages_above=None, packages_above_and_dependencies=None, packages_above_depth=None, packages_select_by_dep=None, packages_skip_by_dep=None, packages_skip_up_to=None, packages_select_build_failed=False, packages_skip_build_finished=False, packages_select_test_failures=False, packages_skip_test_passed=False, packages_select=None, packages_skip=None, packages_select_regex=None, packages_skip_regex=None, packages_start=None, packages_end=None, allow_overriding=[], cmake_args=None, cmake_target=None, cmake_target_skip_unavailable=False, cmake_clean_cache=False, cmake_clean_first=False, cmake_force_configure=False, ament_cmake_args=None, catkin_cmake_args=None, catkin_skip_building_tests=False, mixin_files=None, mixin=None, verb_parser=<colcon_mixin.mixin.mixin_argument.MixinArgumentDecorator object at 0x78cd95389fa0>, verb_extension=<colcon_core.verb.build.BuildVerb object at 0x78cd95389c40>, main=<bound method BuildVerb.main of <colcon_core.verb.build.BuildVerb object at 0x78cd95389c40>>, mixin_verb=('build',))
[1.328s] Level 1:colcon.colcon_core.package_discovery:discover_packages(colcon_meta) check parameters
[1.328s] Level 1:colcon.colcon_core.package_discovery:discover_packages(recursive) check parameters
[1.328s] Level 1:colcon.colcon_core.package_discovery:discover_packages(ignore) check parameters
[1.328s] Level 1:colcon.colcon_core.package_discovery:discover_packages(path) check parameters
[1.328s] Level 1:colcon.colcon_core.package_discovery:discover_packages(colcon_meta) discover
[1.328s] Level 1:colcon.colcon_core.package_discovery:discover_packages(recursive) discover
[1.329s] INFO:colcon.colcon_core.package_discovery:Crawling recursively for packages in '/home/notandi/ros2_ws'
[1.329s] Level 1:colcon.colcon_core.package_identification:_identify(.) by extensions ['ignore', 'ignore_ament_install']
[1.329s] Level 1:colcon.colcon_core.package_identification:_identify(.) by extension 'ignore'
[1.329s] Level 1:colcon.colcon_core.package_identification:_identify(.) by extension 'ignore_ament_install'
[1.329s] Level 1:colcon.colcon_core.package_identification:_identify(.) by extensions ['colcon_pkg']
[1.329s] Level 1:colcon.colcon_core.package_identification:_identify(.) by extension 'colcon_pkg'
[1.329s] Level 1:colcon.colcon_core.package_identification:_identify(.) by extensions ['colcon_meta']
[1.329s] Level 1:colcon.colcon_core.package_identification:_identify(.) by extension 'colcon_meta'
[1.329s] Level 1:colcon.colcon_core.package_identification:_identify(.) by extensions ['ros']
[1.329s] Level 1:colcon.colcon_core.package_identification:_identify(.) by extension 'ros'
[1.406s] Level 1:colcon.colcon_core.package_identification:_identify(.) by extensions ['cmake', 'python']
[1.406s] Level 1:colcon.colcon_core.package_identification:_identify(.) by extension 'cmake'
[1.406s] Level 1:colcon.colcon_core.package_identification:_identify(.) by extension 'python'
[1.406s] Level 1:colcon.colcon_core.package_identification:_identify(.) by extensions ['python_setup_py']
[1.406s] Level 1:colcon.colcon_core.package_identification:_identify(.) by extension 'python_setup_py'
[1.407s] Level 1:colcon.colcon_core.package_identification:_identify(build) by extensions ['ignore', 'ignore_ament_install']
[1.408s] Level 1:colcon.colcon_core.package_identification:_identify(build) by extension 'ignore'
[1.408s] Level 1:colcon.colcon_core.package_identification:_identify(build) ignored
[1.408s] Level 1:colcon.colcon_core.package_identification:_identify(install) by extensions ['ignore', 'ignore_ament_install']
[1.409s] Level 1:colcon.colcon_core.package_identification:_identify(install) by extension 'ignore'
[1.409s] Level 1:colcon.colcon_core.package_identification:_identify(install) ignored
[1.409s] Level 1:colcon.colcon_core.package_identification:_identify(log) by extensions ['ignore', 'ignore_ament_install']
[1.409s] Level 1:colcon.colcon_core.package_identification:_identify(log) by extension 'ignore'
[1.409s] Level 1:colcon.colcon_core.package_identification:_identify(log) ignored
[1.409s] Level 1:colcon.colcon_core.package_identification:_identify(src) by extensions ['ignore', 'ignore_ament_install']
[1.410s] Level 1:colcon.colcon_core.package_identification:_identify(src) by extension 'ignore'
[1.410s] Level 1:colcon.colcon_core.package_identification:_identify(src) by extension 'ignore_ament_install'
[1.410s] Level 1:colcon.colcon_core.package_identification:_identify(src) by extensions ['colcon_pkg']
[1.410s] Level 1:colcon.colcon_core.package_identification:_identify(src) by extension 'colcon_pkg'
[1.410s] Level 1:colcon.colcon_core.package_identification:_identify(src) by extensions ['colcon_meta']
[1.410s] Level 1:colcon.colcon_core.package_identification:_identify(src) by extension 'colcon_meta'
[1.410s] Level 1:colcon.colcon_core.package_identification:_identify(src) by extensions ['ros']
[1.410s] Level 1:colcon.colcon_core.package_identification:_identify(src) by extension 'ros'
[1.410s] Level 1:colcon.colcon_core.package_identification:_identify(src) by extensions ['cmake', 'python']
[1.410s] Level 1:colcon.colcon_core.package_identification:_identify(src) by extension 'cmake'
[1.410s] Level 1:colcon.colcon_core.package_identification:_identify(src) by extension 'python'
[1.410s] Level 1:colcon.colcon_core.package_identification:_identify(src) by extensions ['python_setup_py']
[1.410s] Level 1:colcon.colcon_core.package_identification:_identify(src) by extension 'python_setup_py'
[1.411s] Level 1:colcon.colcon_core.package_identification:_identify(src/build) by extensions ['ignore', 'ignore_ament_install']
[1.411s] Level 1:colcon.colcon_core.package_identification:_identify(src/build) by extension 'ignore'
[1.411s] Level 1:colcon.colcon_core.package_identification:_identify(src/build) ignored
[1.412s] Level 1:colcon.colcon_core.package_identification:_identify(src/install) by extensions ['ignore', 'ignore_ament_install']
[1.412s] Level 1:colcon.colcon_core.package_identification:_identify(src/install) by extension 'ignore'
[1.412s] Level 1:colcon.colcon_core.package_identification:_identify(src/install) ignored
[1.413s] Level 1:colcon.colcon_core.package_identification:_identify(src/log) by extensions ['ignore', 'ignore_ament_install']
[1.414s] Level 1:colcon.colcon_core.package_identification:_identify(src/log) by extension 'ignore'
[1.414s] Level 1:colcon.colcon_core.package_identification:_identify(src/log) ignored
[1.414s] Level 1:colcon.colcon_core.package_identification:_identify(src/mycobot_ros2) by extensions ['ignore', 'ignore_ament_install']
[1.414s] Level 1:colcon.colcon_core.package_identification:_identify(src/mycobot_ros2) by extension 'ignore'
[1.414s] Level 1:colcon.colcon_core.package_identification:_identify(src/mycobot_ros2) by extension 'ignore_ament_install'
[1.414s] Level 1:colcon.colcon_core.package_identification:_identify(src/mycobot_ros2) by extensions ['colcon_pkg']
[1.414s] Level 1:colcon.colcon_core.package_identification:_identify(src/mycobot_ros2) by extension 'colcon_pkg'
[1.414s] Level 1:colcon.colcon_core.package_identification:_identify(src/mycobot_ros2) by extensions ['colcon_meta']
[1.414s] Level 1:colcon.colcon_core.package_identification:_identify(src/mycobot_ros2) by extension 'colcon_meta'
[1.414s] Level 1:colcon.colcon_core.package_identification:_identify(src/mycobot_ros2) by extensions ['ros']
[1.414s] Level 1:colcon.colcon_core.package_identification:_identify(src/mycobot_ros2) by extension 'ros'
[1.415s] Level 1:colcon.colcon_core.package_identification:_identify(src/mycobot_ros2) by extensions ['cmake', 'python']
[1.415s] Level 1:colcon.colcon_core.package_identification:_identify(src/mycobot_ros2) by extension 'cmake'
[1.415s] Level 1:colcon.colcon_core.package_identification:_identify(src/mycobot_ros2) by extension 'python'
[1.415s] Level 1:colcon.colcon_core.package_identification:_identify(src/mycobot_ros2) by extensions ['python_setup_py']
[1.415s] Level 1:colcon.colcon_core.package_identification:_identify(src/mycobot_ros2) by extension 'python_setup_py'
[1.416s] Level 1:colcon.colcon_core.package_identification:_identify(src/mycobot_ros2/build) by extensions ['ignore', 'ignore_ament_install']
[1.416s] Level 1:colcon.colcon_core.package_identification:_identify(src/mycobot_ros2/build) by extension 'ignore'
[1.416s] Level 1:colcon.colcon_core.package_identification:_identify(src/mycobot_ros2/build) ignored
[1.417s] Level 1:colcon.colcon_core.package_identification:_identify(src/mycobot_ros2/install) by extensions ['ignore', 'ignore_ament_install']
[1.417s] Level 1:colcon.colcon_core.package_identification:_identify(src/mycobot_ros2/install) by extension 'ignore'
[1.418s] Level 1:colcon.colcon_core.package_identification:_identify(src/mycobot_ros2/install) ignored
[1.419s] Level 1:colcon.colcon_core.package_identification:_identify(src/mycobot_ros2/log) by extensions ['ignore', 'ignore_ament_install']
[1.419s] Level 1:colcon.colcon_core.package_identification:_identify(src/mycobot_ros2/log) by extension 'ignore'
[1.419s] Level 1:colcon.colcon_core.package_identification:_identify(src/mycobot_ros2/log) ignored
[1.420s] Level 1:colcon.colcon_core.package_identification:_identify(src/mycobot_ros2/mycobot_bringup) by extensions ['ignore', 'ignore_ament_install']
[1.420s] Level 1:colcon.colcon_core.package_identification:_identify(src/mycobot_ros2/mycobot_bringup) by extension 'ignore'
[1.421s] Level 1:colcon.colcon_core.package_identification:_identify(src/mycobot_ros2/mycobot_bringup) by extension 'ignore_ament_install'
[1.421s] Level 1:colcon.colcon_core.package_identification:_identify(src/mycobot_ros2/mycobot_bringup) by extensions ['colcon_pkg']
[1.421s] Level 1:colcon.colcon_core.package_identification:_identify(src/mycobot_ros2/mycobot_bringup) by extension 'colcon_pkg'
[1.421s] Level 1:colcon.colcon_core.package_identification:_identify(src/mycobot_ros2/mycobot_bringup) by extensions ['colcon_meta']
[1.421s] Level 1:colcon.colcon_core.package_identification:_identify(src/mycobot_ros2/mycobot_bringup) by extension 'colcon_meta'
[1.421s] Level 1:colcon.colcon_core.package_identification:_identify(src/mycobot_ros2/mycobot_bringup) by extensions ['ros']
[1.421s] Level 1:colcon.colcon_core.package_identification:_identify(src/mycobot_ros2/mycobot_bringup) by extension 'ros'
[1.431s] DEBUG:colcon.colcon_core.package_identification:Package 'src/mycobot_ros2/mycobot_bringup' with type 'ros.ament_cmake' and name 'mycobot_bringup'
[1.432s] Level 1:colcon.colcon_core.package_identification:_identify(src/mycobot_ros2/mycobot_description) by extensions ['ignore', 'ignore_ament_install']
[1.432s] Level 1:colcon.colcon_core.package_identification:_identify(src/mycobot_ros2/mycobot_description) by extension 'ignore'
[1.432s] Level 1:colcon.colcon_core.package_identification:_identify(src/mycobot_ros2/mycobot_description) by extension 'ignore_ament_install'
[1.433s] Level 1:colcon.colcon_core.package_identification:_identify(src/mycobot_ros2/mycobot_description) by extensions ['colcon_pkg']
[1.433s] Level 1:colcon.colcon_core.package_identification:_identify(src/mycobot_ros2/mycobot_description) by extension 'colcon_pkg'
[1.433s] Level 1:colcon.colcon_core.package_identification:_identify(src/mycobot_ros2/mycobot_description) by extensions ['colcon_meta']
[1.433s] Level 1:colcon.colcon_core.package_identification:_identify(src/mycobot_ros2/mycobot_description) by extension 'colcon_meta'
[1.433s] Level 1:colcon.colcon_core.package_identification:_identify(src/mycobot_ros2/mycobot_description) by extensions ['ros']
[1.433s] Level 1:colcon.colcon_core.package_identification:_identify(src/mycobot_ros2/mycobot_description) by extension 'ros'
[1.435s] DEBUG:colcon.colcon_core.package_identification:Package 'src/mycobot_ros2/mycobot_description' with type 'ros.ament_cmake' and name 'mycobot_description'
[1.436s] Level 1:colcon.colcon_core.package_identification:_identify(src/mycobot_ros2/mycobot_gazebo) by extensions ['ignore', 'ignore_ament_install']
[1.436s] Level 1:colcon.colcon_core.package_identification:_identify(src/mycobot_ros2/mycobot_gazebo) by extension 'ignore'
[1.437s] Level 1:colcon.colcon_core.package_identification:_identify(src/mycobot_ros2/mycobot_gazebo) by extension 'ignore_ament_install'
[1.437s] Level 1:colcon.colcon_core.package_identification:_identify(src/mycobot_ros2/mycobot_gazebo) by extensions ['colcon_pkg']
[1.437s] Level 1:colcon.colcon_core.package_identification:_identify(src/mycobot_ros2/mycobot_gazebo) by extension 'colcon_pkg'
[1.437s] Level 1:colcon.colcon_core.package_identification:_identify(src/mycobot_ros2/mycobot_gazebo) by extensions ['colcon_meta']
[1.437s] Level 1:colcon.colcon_core.package_identification:_identify(src/mycobot_ros2/mycobot_gazebo) by extension 'colcon_meta'
[1.437s] Level 1:colcon.colcon_core.package_identification:_identify(src/mycobot_ros2/mycobot_gazebo) by extensions ['ros']
[1.437s] Level 1:colcon.colcon_core.package_identification:_identify(src/mycobot_ros2/mycobot_gazebo) by extension 'ros'
[1.440s] DEBUG:colcon.colcon_core.package_identification:Package 'src/mycobot_ros2/mycobot_gazebo' with type 'ros.ament_cmake' and name 'mycobot_gazebo'
[1.441s] Level 1:colcon.colcon_core.package_identification:_identify(src/mycobot_ros2/mycobot_moveit_config) by extensions ['ignore', 'ignore_ament_install']
[1.442s] Level 1:colcon.colcon_core.package_identification:_identify(src/mycobot_ros2/mycobot_moveit_config) by extension 'ignore'
[1.442s] Level 1:colcon.colcon_core.package_identification:_identify(src/mycobot_ros2/mycobot_moveit_config) by extension 'ignore_ament_install'
[1.442s] Level 1:colcon.colcon_core.package_identification:_identify(src/mycobot_ros2/mycobot_moveit_config) by extensions ['colcon_pkg']
[1.442s] Level 1:colcon.colcon_core.package_identification:_identify(src/mycobot_ros2/mycobot_moveit_config) by extension 'colcon_pkg'
[1.442s] Level 1:colcon.colcon_core.package_identification:_identify(src/mycobot_ros2/mycobot_moveit_config) by extensions ['colcon_meta']
[1.442s] Level 1:colcon.colcon_core.package_identification:_identify(src/mycobot_ros2/mycobot_moveit_config) by extension 'colcon_meta'
[1.443s] Level 1:colcon.colcon_core.package_identification:_identify(src/mycobot_ros2/mycobot_moveit_config) by extensions ['ros']
[1.443s] Level 1:colcon.colcon_core.package_identification:_identify(src/mycobot_ros2/mycobot_moveit_config) by extension 'ros'
[1.445s] DEBUG:colcon.colcon_core.package_identification:Package 'src/mycobot_ros2/mycobot_moveit_config' with type 'ros.ament_cmake' and name 'mycobot_moveit_config'
[1.446s] Level 1:colcon.colcon_core.package_identification:_identify(src/mycobot_ros2/mycobot_ros2) by extensions ['ignore', 'ignore_ament_install']
[1.446s] Level 1:colcon.colcon_core.package_identification:_identify(src/mycobot_ros2/mycobot_ros2) by extension 'ignore'
[1.446s] Level 1:colcon.colcon_core.package_identification:_identify(src/mycobot_ros2/mycobot_ros2) by extension 'ignore_ament_install'
[1.446s] Level 1:colcon.colcon_core.package_identification:_identify(src/mycobot_ros2/mycobot_ros2) by extensions ['colcon_pkg']
[1.447s] Level 1:colcon.colcon_core.package_identification:_identify(src/mycobot_ros2/mycobot_ros2) by extension 'colcon_pkg'
[1.447s] Level 1:colcon.colcon_core.package_identification:_identify(src/mycobot_ros2/mycobot_ros2) by extensions ['colcon_meta']
[1.447s] Level 1:colcon.colcon_core.package_identification:_identify(src/mycobot_ros2/mycobot_ros2) by extension 'colcon_meta'
[1.447s] Level 1:colcon.colcon_core.package_identification:_identify(src/mycobot_ros2/mycobot_ros2) by extensions ['ros']
[1.447s] Level 1:colcon.colcon_core.package_identification:_identify(src/mycobot_ros2/mycobot_ros2) by extension 'ros'
[1.449s] DEBUG:colcon.colcon_core.package_identification:Package 'src/mycobot_ros2/mycobot_ros2' with type 'ros.ament_cmake' and name 'mycobot_ros2'
[1.449s] Level 1:colcon.colcon_core.package_identification:_identify(src/mycobot_ros2/mycobot_system_tests) by extensions ['ignore', 'ignore_ament_install']
[1.450s] Level 1:colcon.colcon_core.package_identification:_identify(src/mycobot_ros2/mycobot_system_tests) by extension 'ignore'
[1.450s] Level 1:colcon.colcon_core.package_identification:_identify(src/mycobot_ros2/mycobot_system_tests) by extension 'ignore_ament_install'
[1.450s] Level 1:colcon.colcon_core.package_identification:_identify(src/mycobot_ros2/mycobot_system_tests) by extensions ['colcon_pkg']
[1.450s] Level 1:colcon.colcon_core.package_identification:_identify(src/mycobot_ros2/mycobot_system_tests) by extension 'colcon_pkg'
[1.450s] Level 1:colcon.colcon_core.package_identification:_identify(src/mycobot_ros2/mycobot_system_tests) by extensions ['colcon_meta']
[1.450s] Level 1:colcon.colcon_core.package_identification:_identify(src/mycobot_ros2/mycobot_system_tests) by extension 'colcon_meta'
[1.450s] Level 1:colcon.colcon_core.package_identification:_identify(src/mycobot_ros2/mycobot_system_tests) by extensions ['ros']
[1.450s] Level 1:colcon.colcon_core.package_identification:_identify(src/mycobot_ros2/mycobot_system_tests) by extension 'ros'
[1.452s] DEBUG:colcon.colcon_core.package_identification:Package 'src/mycobot_ros2/mycobot_system_tests' with type 'ros.ament_cmake' and name 'mycobot_system_tests'
[1.452s] Level 1:colcon.colcon_core.package_discovery:discover_packages(recursive) using defaults
[1.452s] Level 1:colcon.colcon_core.package_discovery:discover_packages(ignore) discover
[1.452s] Level 1:colcon.colcon_core.package_discovery:discover_packages(ignore) using defaults
[1.452s] Level 1:colcon.colcon_core.package_discovery:discover_packages(path) discover
[1.452s] Level 1:colcon.colcon_core.package_discovery:discover_packages(path) using defaults
[1.540s] Level 1:colcon.colcon_core.package_discovery:discover_packages(prefix_path) check parameters
[1.540s] Level 1:colcon.colcon_core.package_discovery:discover_packages(prefix_path) discover
[1.558s] DEBUG:colcon.colcon_installed_package_information.package_discovery:Found 374 installed packages in /opt/ros/jazzy
[1.560s] Level 1:colcon.colcon_core.package_discovery:discover_packages(prefix_path) using defaults
[1.815s] Level 5:colcon.colcon_core.verb:set package 'mycobot_bringup' build argument 'cmake_args' from command line to 'None'
[1.815s] Level 5:colcon.colcon_core.verb:set package 'mycobot_bringup' build argument 'cmake_target' from command line to 'None'
[1.815s] Level 5:colcon.colcon_core.verb:set package 'mycobot_bringup' build argument 'cmake_target_skip_unavailable' from command line to 'False'
[1.815s] Level 5:colcon.colcon_core.verb:set package 'mycobot_bringup' build argument 'cmake_clean_cache' from command line to 'False'
[1.815s] Level 5:colcon.colcon_core.verb:set package 'mycobot_bringup' build argument 'cmake_clean_first' from command line to 'False'
[1.815s] Level 5:colcon.colcon_core.verb:set package 'mycobot_bringup' build argument 'cmake_force_configure' from command line to 'False'
[1.815s] Level 5:colcon.colcon_core.verb:set package 'mycobot_bringup' build argument 'ament_cmake_args' from command line to 'None'
[1.815s] Level 5:colcon.colcon_core.verb:set package 'mycobot_bringup' build argument 'catkin_cmake_args' from command line to 'None'
[1.815s] Level 5:colcon.colcon_core.verb:set package 'mycobot_bringup' build argument 'catkin_skip_building_tests' from command line to 'False'
[1.815s] DEBUG:colcon.colcon_core.verb:Building package 'mycobot_bringup' with the following arguments: {'ament_cmake_args': None, 'build_base': '/home/notandi/ros2_ws/build/mycobot_bringup', 'catkin_cmake_args': None, 'catkin_skip_building_tests': False, 'cmake_args': None, 'cmake_clean_cache': False, 'cmake_clean_first': False, 'cmake_force_configure': False, 'cmake_target': None, 'cmake_target_skip_unavailable': False, 'install_base': '/home/notandi/ros2_ws/install/mycobot_bringup', 'merge_install': False, 'path': '/home/notandi/ros2_ws/src/mycobot_ros2/mycobot_bringup', 'symlink_install': True, 'test_result_base': None}
[1.815s] Level 5:colcon.colcon_core.verb:set package 'mycobot_description' build argument 'cmake_args' from command line to 'None'
[1.816s] Level 5:colcon.colcon_core.verb:set package 'mycobot_description' build argument 'cmake_target' from command line to 'None'
[1.816s] Level 5:colcon.colcon_core.verb:set package 'mycobot_description' build argument 'cmake_target_skip_unavailable' from command line to 'False'
[1.816s] Level 5:colcon.colcon_core.verb:set package 'mycobot_description' build argument 'cmake_clean_cache' from command line to 'False'
[1.816s] Level 5:colcon.colcon_core.verb:set package 'mycobot_description' build argument 'cmake_clean_first' from command line to 'False'
[1.816s] Level 5:colcon.colcon_core.verb:set package 'mycobot_description' build argument 'cmake_force_configure' from command line to 'False'
[1.816s] Level 5:colcon.colcon_core.verb:set package 'mycobot_description' build argument 'ament_cmake_args' from command line to 'None'
[1.816s] Level 5:colcon.colcon_core.verb:set package 'mycobot_description' build argument 'catkin_cmake_args' from command line to 'None'
[1.816s] Level 5:colcon.colcon_core.verb:set package 'mycobot_description' build argument 'catkin_skip_building_tests' from command line to 'False'
[1.816s] DEBUG:colcon.colcon_core.verb:Building package 'mycobot_description' with the following arguments: {'ament_cmake_args': None, 'build_base': '/home/notandi/ros2_ws/build/mycobot_description', 'catkin_cmake_args': None, 'catkin_skip_building_tests': False, 'cmake_args': None, 'cmake_clean_cache': False, 'cmake_clean_first': False, 'cmake_force_configure': False, 'cmake_target': None, 'cmake_target_skip_unavailable': False, 'install_base': '/home/notandi/ros2_ws/install/mycobot_description', 'merge_install': False, 'path': '/home/notandi/ros2_ws/src/mycobot_ros2/mycobot_description', 'symlink_install': True, 'test_result_base': None}
[1.816s] Level 5:colcon.colcon_core.verb:set package 'mycobot_gazebo' build argument 'cmake_args' from command line to 'None'
[1.816s] Level 5:colcon.colcon_core.verb:set package 'mycobot_gazebo' build argument 'cmake_target' from command line to 'None'
[1.816s] Level 5:colcon.colcon_core.verb:set package 'mycobot_gazebo' build argument 'cmake_target_skip_unavailable' from command line to 'False'
[1.816s] Level 5:colcon.colcon_core.verb:set package 'mycobot_gazebo' build argument 'cmake_clean_cache' from command line to 'False'
[1.816s] Level 5:colcon.colcon_core.verb:set package 'mycobot_gazebo' build argument 'cmake_clean_first' from command line to 'False'
[1.816s] Level 5:colcon.colcon_core.verb:set package 'mycobot_gazebo' build argument 'cmake_force_configure' from command line to 'False'
[1.816s] Level 5:colcon.colcon_core.verb:set package 'mycobot_gazebo' build argument 'ament_cmake_args' from command line to 'None'
[1.816s] Level 5:colcon.colcon_core.verb:set package 'mycobot_gazebo' build argument 'catkin_cmake_args' from command line to 'None'
[1.816s] Level 5:colcon.colcon_core.verb:set package 'mycobot_gazebo' build argument 'catkin_skip_building_tests' from command line to 'False'
[1.816s] DEBUG:colcon.colcon_core.verb:Building package 'mycobot_gazebo' with the following arguments: {'ament_cmake_args': None, 'build_base': '/home/notandi/ros2_ws/build/mycobot_gazebo', 'catkin_cmake_args': None, 'catkin_skip_building_tests': False, 'cmake_args': None, 'cmake_clean_cache': False, 'cmake_clean_first': False, 'cmake_force_configure': False, 'cmake_target': None, 'cmake_target_skip_unavailable': False, 'install_base': '/home/notandi/ros2_ws/install/mycobot_gazebo', 'merge_install': False, 'path': '/home/notandi/ros2_ws/src/mycobot_ros2/mycobot_gazebo', 'symlink_install': True, 'test_result_base': None}
[1.816s] Level 5:colcon.colcon_core.verb:set package 'mycobot_moveit_config' build argument 'cmake_args' from command line to 'None'
[1.816s] Level 5:colcon.colcon_core.verb:set package 'mycobot_moveit_config' build argument 'cmake_target' from command line to 'None'
[1.816s] Level 5:colcon.colcon_core.verb:set package 'mycobot_moveit_config' build argument 'cmake_target_skip_unavailable' from command line to 'False'
[1.816s] Level 5:colcon.colcon_core.verb:set package 'mycobot_moveit_config' build argument 'cmake_clean_cache' from command line to 'False'
[1.816s] Level 5:colcon.colcon_core.verb:set package 'mycobot_moveit_config' build argument 'cmake_clean_first' from command line to 'False'
[1.816s] Level 5:colcon.colcon_core.verb:set package 'mycobot_moveit_config' build argument 'cmake_force_configure' from command line to 'False'
[1.816s] Level 5:colcon.colcon_core.verb:set package 'mycobot_moveit_config' build argument 'ament_cmake_args' from command line to 'None'
[1.816s] Level 5:colcon.colcon_core.verb:set package 'mycobot_moveit_config' build argument 'catkin_cmake_args' from command line to 'None'
[1.817s] Level 5:colcon.colcon_core.verb:set package 'mycobot_moveit_config' build argument 'catkin_skip_building_tests' from command line to 'False'
[1.817s] DEBUG:colcon.colcon_core.verb:Building package 'mycobot_moveit_config' with the following arguments: {'ament_cmake_args': None, 'build_base': '/home/notandi/ros2_ws/build/mycobot_moveit_config', 'catkin_cmake_args': None, 'catkin_skip_building_tests': False, 'cmake_args': None, 'cmake_clean_cache': False, 'cmake_clean_first': False, 'cmake_force_configure': False, 'cmake_target': None, 'cmake_target_skip_unavailable': False, 'install_base': '/home/notandi/ros2_ws/install/mycobot_moveit_config', 'merge_install': False, 'path': '/home/notandi/ros2_ws/src/mycobot_ros2/mycobot_moveit_config', 'symlink_install': True, 'test_result_base': None}
[1.817s] Level 5:colcon.colcon_core.verb:set package 'mycobot_system_tests' build argument 'cmake_args' from command line to 'None'
[1.817s] Level 5:colcon.colcon_core.verb:set package 'mycobot_system_tests' build argument 'cmake_target' from command line to 'None'
[1.817s] Level 5:colcon.colcon_core.verb:set package 'mycobot_system_tests' build argument 'cmake_target_skip_unavailable' from command line to 'False'
[1.817s] Level 5:colcon.colcon_core.verb:set package 'mycobot_system_tests' build argument 'cmake_clean_cache' from command line to 'False'
[1.817s] Level 5:colcon.colcon_core.verb:set package 'mycobot_system_tests' build argument 'cmake_clean_first' from command line to 'False'
[1.817s] Level 5:colcon.colcon_core.verb:set package 'mycobot_system_tests' build argument 'cmake_force_configure' from command line to 'False'
[1.817s] Level 5:colcon.colcon_core.verb:set package 'mycobot_system_tests' build argument 'ament_cmake_args' from command line to 'None'
[1.817s] Level 5:colcon.colcon_core.verb:set package 'mycobot_system_tests' build argument 'catkin_cmake_args' from command line to 'None'
[1.817s] Level 5:colcon.colcon_core.verb:set package 'mycobot_system_tests' build argument 'catkin_skip_building_tests' from command line to 'False'
[1.817s] DEBUG:colcon.colcon_core.verb:Building package 'mycobot_system_tests' with the following arguments: {'ament_cmake_args': None, 'build_base': '/home/notandi/ros2_ws/build/mycobot_system_tests', 'catkin_cmake_args': None, 'catkin_skip_building_tests': False, 'cmake_args': None, 'cmake_clean_cache': False, 'cmake_clean_first': False, 'cmake_force_configure': False, 'cmake_target': None, 'cmake_target_skip_unavailable': False, 'install_base': '/home/notandi/ros2_ws/install/mycobot_system_tests', 'merge_install': False, 'path': '/home/notandi/ros2_ws/src/mycobot_ros2/mycobot_system_tests', 'symlink_install': True, 'test_result_base': None}
[1.817s] Level 5:colcon.colcon_core.verb:set package 'mycobot_ros2' build argument 'cmake_args' from command line to 'None'
[1.817s] Level 5:colcon.colcon_core.verb:set package 'mycobot_ros2' build argument 'cmake_target' from command line to 'None'
[1.817s] Level 5:colcon.colcon_core.verb:set package 'mycobot_ros2' build argument 'cmake_target_skip_unavailable' from command line to 'False'
[1.817s] Level 5:colcon.colcon_core.verb:set package 'mycobot_ros2' build argument 'cmake_clean_cache' from command line to 'False'
[1.817s] Level 5:colcon.colcon_core.verb:set package 'mycobot_ros2' build argument 'cmake_clean_first' from command line to 'False'
[1.817s] Level 5:colcon.colcon_core.verb:set package 'mycobot_ros2' build argument 'cmake_force_configure' from command line to 'False'
[1.817s] Level 5:colcon.colcon_core.verb:set package 'mycobot_ros2' build argument 'ament_cmake_args' from command line to 'None'
[1.817s] Level 5:colcon.colcon_core.verb:set package 'mycobot_ros2' build argument 'catkin_cmake_args' from command line to 'None'
[1.817s] Level 5:colcon.colcon_core.verb:set package 'mycobot_ros2' build argument 'catkin_skip_building_tests' from command line to 'False'
[1.817s] DEBUG:colcon.colcon_core.verb:Building package 'mycobot_ros2' with the following arguments: {'ament_cmake_args': None, 'build_base': '/home/notandi/ros2_ws/build/mycobot_ros2', 'catkin_cmake_args': None, 'catkin_skip_building_tests': False, 'cmake_args': None, 'cmake_clean_cache': False, 'cmake_clean_first': False, 'cmake_force_configure': False, 'cmake_target': None, 'cmake_target_skip_unavailable': False, 'install_base': '/home/notandi/ros2_ws/install/mycobot_ros2', 'merge_install': False, 'path': '/home/notandi/ros2_ws/src/mycobot_ros2/mycobot_ros2', 'symlink_install': True, 'test_result_base': None}
[1.818s] INFO:colcon.colcon_core.executor:Executing jobs using 'parallel' executor
[1.819s] DEBUG:colcon.colcon_parallel_executor.executor.parallel:run_until_complete
[1.820s] INFO:colcon.colcon_ros.task.ament_cmake.build:Building ROS package in '/home/notandi/ros2_ws/src/mycobot_ros2/mycobot_bringup' with build type 'ament_cmake'
[1.820s] INFO:colcon.colcon_cmake.task.cmake.build:Building CMake package in '/home/notandi/ros2_ws/src/mycobot_ros2/mycobot_bringup'
[1.835s] INFO:colcon.colcon_core.plugin_system:Skipping extension 'colcon_core.shell.bat': Not used on non-Windows systems
[1.835s] INFO:colcon.colcon_core.shell:Skip shell extension 'powershell' for command environment: Not usable outside of PowerShell
[1.835s] DEBUG:colcon.colcon_core.shell:Skip shell extension 'dsv' for command environment
[1.844s] INFO:colcon.colcon_ros.task.ament_cmake.build:Building ROS package in '/home/notandi/ros2_ws/src/mycobot_ros2/mycobot_description' with build type 'ament_cmake'
[1.844s] INFO:colcon.colcon_cmake.task.cmake.build:Building CMake package in '/home/notandi/ros2_ws/src/mycobot_ros2/mycobot_description'
[1.844s] INFO:colcon.colcon_core.shell:Skip shell extension 'powershell' for command environment: Not usable outside of PowerShell
[1.845s] DEBUG:colcon.colcon_core.shell:Skip shell extension 'dsv' for command environment
[1.851s] INFO:colcon.colcon_ros.task.ament_cmake.build:Building ROS package in '/home/notandi/ros2_ws/src/mycobot_ros2/mycobot_gazebo' with build type 'ament_cmake'
[1.851s] INFO:colcon.colcon_cmake.task.cmake.build:Building CMake package in '/home/notandi/ros2_ws/src/mycobot_ros2/mycobot_gazebo'
[1.852s] INFO:colcon.colcon_core.shell:Skip shell extension 'powershell' for command environment: Not usable outside of PowerShell
[1.852s] DEBUG:colcon.colcon_core.shell:Skip shell extension 'dsv' for command environment
[1.856s] INFO:colcon.colcon_ros.task.ament_cmake.build:Building ROS package in '/home/notandi/ros2_ws/src/mycobot_ros2/mycobot_moveit_config' with build type 'ament_cmake'
[1.856s] INFO:colcon.colcon_cmake.task.cmake.build:Building CMake package in '/home/notandi/ros2_ws/src/mycobot_ros2/mycobot_moveit_config'
[1.856s] INFO:colcon.colcon_core.shell:Skip shell extension 'powershell' for command environment: Not usable outside of PowerShell
[1.857s] DEBUG:colcon.colcon_core.shell:Skip shell extension 'dsv' for command environment
[1.861s] INFO:colcon.colcon_ros.task.ament_cmake.build:Building ROS package in '/home/notandi/ros2_ws/src/mycobot_ros2/mycobot_system_tests' with build type 'ament_cmake'
[1.862s] INFO:colcon.colcon_cmake.task.cmake.build:Building CMake package in '/home/notandi/ros2_ws/src/mycobot_ros2/mycobot_system_tests'
[1.862s] INFO:colcon.colcon_core.shell:Skip shell extension 'powershell' for command environment: Not usable outside of PowerShell
[1.862s] DEBUG:colcon.colcon_core.shell:Skip shell extension 'dsv' for command environment
[1.875s] DEBUG:colcon.colcon_core.event_handler.log_command:Invoking command in '/home/notandi/ros2_ws/build/mycobot_bringup': CMAKE_PREFIX_PATH=${CMAKE_PREFIX_PATH}:/opt/ros/jazzy /usr/bin/cmake --build /home/notandi/ros2_ws/build/mycobot_bringup -- -j12 -l12
[1.887s] DEBUG:colcon.colcon_core.event_handler.log_command:Invoking command in '/home/notandi/ros2_ws/build/mycobot_description': CMAKE_PREFIX_PATH=${CMAKE_PREFIX_PATH}:/opt/ros/jazzy /usr/bin/cmake --build /home/notandi/ros2_ws/build/mycobot_description -- -j12 -l12
[1.892s] DEBUG:colcon.colcon_core.event_handler.log_command:Invoking command in '/home/notandi/ros2_ws/build/mycobot_gazebo': CMAKE_PREFIX_PATH=${CMAKE_PREFIX_PATH}:/opt/ros/jazzy /usr/bin/cmake --build /home/notandi/ros2_ws/build/mycobot_gazebo -- -j12 -l12
[1.896s] DEBUG:colcon.colcon_core.event_handler.log_command:Invoking command in '/home/notandi/ros2_ws/build/mycobot_moveit_config': CMAKE_PREFIX_PATH=${CMAKE_PREFIX_PATH}:/opt/ros/jazzy /usr/bin/cmake --build /home/notandi/ros2_ws/build/mycobot_moveit_config -- -j12 -l12
[1.902s] DEBUG:colcon.colcon_core.event_handler.log_command:Invoking command in '/home/notandi/ros2_ws/build/mycobot_system_tests': CMAKE_PREFIX_PATH=${CMAKE_PREFIX_PATH}:/opt/ros/jazzy /usr/bin/cmake --build /home/notandi/ros2_ws/build/mycobot_system_tests -- -j12 -l12
[2.078s] DEBUG:colcon.colcon_core.event_handler.log_command:Invoked command in '/home/notandi/ros2_ws/build/mycobot_gazebo' returned '0': CMAKE_PREFIX_PATH=${CMAKE_PREFIX_PATH}:/opt/ros/jazzy /usr/bin/cmake --build /home/notandi/ros2_ws/build/mycobot_gazebo -- -j12 -l12
[2.097s] DEBUG:colcon.colcon_core.event_handler.log_command:Invoking command in '/home/notandi/ros2_ws/build/mycobot_gazebo': CMAKE_PREFIX_PATH=${CMAKE_PREFIX_PATH}:/opt/ros/jazzy /usr/bin/cmake --install /home/notandi/ros2_ws/build/mycobot_gazebo
[2.098s] DEBUG:colcon.colcon_core.event_handler.log_command:Invoked command in '/home/notandi/ros2_ws/build/mycobot_description' returned '0': CMAKE_PREFIX_PATH=${CMAKE_PREFIX_PATH}:/opt/ros/jazzy /usr/bin/cmake --build /home/notandi/ros2_ws/build/mycobot_description -- -j12 -l12
[2.100s] DEBUG:colcon.colcon_core.event_handler.log_command:Invoking command in '/home/notandi/ros2_ws/build/mycobot_description': CMAKE_PREFIX_PATH=${CMAKE_PREFIX_PATH}:/opt/ros/jazzy /usr/bin/cmake --install /home/notandi/ros2_ws/build/mycobot_description
[2.103s] DEBUG:colcon.colcon_core.event_handler.log_command:Invoked command in '/home/notandi/ros2_ws/build/mycobot_bringup' returned '0': CMAKE_PREFIX_PATH=${CMAKE_PREFIX_PATH}:/opt/ros/jazzy /usr/bin/cmake --build /home/notandi/ros2_ws/build/mycobot_bringup -- -j12 -l12
[2.107s] DEBUG:colcon.colcon_core.event_handler.log_command:Invoking command in '/home/notandi/ros2_ws/build/mycobot_bringup': CMAKE_PREFIX_PATH=${CMAKE_PREFIX_PATH}:/opt/ros/jazzy /usr/bin/cmake --install /home/notandi/ros2_ws/build/mycobot_bringup
[2.108s] DEBUG:colcon.colcon_core.event_handler.log_command:Invoked command in '/home/notandi/ros2_ws/build/mycobot_moveit_config' returned '0': CMAKE_PREFIX_PATH=${CMAKE_PREFIX_PATH}:/opt/ros/jazzy /usr/bin/cmake --build /home/notandi/ros2_ws/build/mycobot_moveit_config -- -j12 -l12
[2.111s] DEBUG:colcon.colcon_core.event_handler.log_command:Invoking command in '/home/notandi/ros2_ws/build/mycobot_moveit_config': CMAKE_PREFIX_PATH=${CMAKE_PREFIX_PATH}:/opt/ros/jazzy /usr/bin/cmake --install /home/notandi/ros2_ws/build/mycobot_moveit_config
[2.158s] Level 1:colcon.colcon_core.environment:create_environment_scripts_only(mycobot_bringup)
[2.159s] DEBUG:colcon.colcon_core.event_handler.log_command:Invoked command in '/home/notandi/ros2_ws/build/mycobot_bringup' returned '0': CMAKE_PREFIX_PATH=${CMAKE_PREFIX_PATH}:/opt/ros/jazzy /usr/bin/cmake --install /home/notandi/ros2_ws/build/mycobot_bringup
[2.168s] Level 1:colcon.colcon_core.environment:checking '/home/notandi/ros2_ws/install/mycobot_bringup' for CMake module files
[2.172s] Level 1:colcon.colcon_core.environment:checking '/home/notandi/ros2_ws/install/mycobot_bringup' for CMake config files
[2.175s] Level 1:colcon.colcon_core.shell:create_environment_hook('mycobot_bringup', 'cmake_prefix_path')
[2.175s] INFO:colcon.colcon_core.shell:Creating environment hook '/home/notandi/ros2_ws/install/mycobot_bringup/share/mycobot_bringup/hook/cmake_prefix_path.ps1'
[2.176s] INFO:colcon.colcon_core.shell:Creating environment descriptor '/home/notandi/ros2_ws/install/mycobot_bringup/share/mycobot_bringup/hook/cmake_prefix_path.dsv'
[2.177s] INFO:colcon.colcon_core.shell:Creating environment hook '/home/notandi/ros2_ws/install/mycobot_bringup/share/mycobot_bringup/hook/cmake_prefix_path.sh'
[2.178s] Level 1:colcon.colcon_core.environment:checking '/home/notandi/ros2_ws/install/mycobot_bringup/bin'
[2.178s] Level 1:colcon.colcon_core.environment:checking '/home/notandi/ros2_ws/install/mycobot_bringup/lib/pkgconfig/mycobot_bringup.pc'
[2.178s] Level 1:colcon.colcon_core.environment:checking '/home/notandi/ros2_ws/install/mycobot_bringup/lib/python3.12/site-packages'
[2.179s] Level 1:colcon.colcon_core.environment:checking '/home/notandi/ros2_ws/install/mycobot_bringup/bin'
[2.179s] INFO:colcon.colcon_core.shell:Creating package script '/home/notandi/ros2_ws/install/mycobot_bringup/share/mycobot_bringup/package.ps1'
[2.180s] INFO:colcon.colcon_core.shell:Creating package descriptor '/home/notandi/ros2_ws/install/mycobot_bringup/share/mycobot_bringup/package.dsv'
[2.182s] INFO:colcon.colcon_core.shell:Creating package script '/home/notandi/ros2_ws/install/mycobot_bringup/share/mycobot_bringup/package.sh'
[2.182s] INFO:colcon.colcon_core.shell:Creating package script '/home/notandi/ros2_ws/install/mycobot_bringup/share/mycobot_bringup/package.bash'
[2.184s] INFO:colcon.colcon_core.shell:Creating package script '/home/notandi/ros2_ws/install/mycobot_bringup/share/mycobot_bringup/package.zsh'
[2.185s] Level 1:colcon.colcon_core.environment:create_file_with_runtime_dependencies(/home/notandi/ros2_ws/install/mycobot_bringup/share/colcon-core/packages/mycobot_bringup)
[2.186s] Level 1:colcon.colcon_core.environment:create_environment_scripts_only(mycobot_bringup)
[2.186s] Level 1:colcon.colcon_core.environment:checking '/home/notandi/ros2_ws/install/mycobot_bringup' for CMake module files
[2.186s] Level 1:colcon.colcon_core.environment:checking '/home/notandi/ros2_ws/install/mycobot_bringup' for CMake config files
[2.187s] Level 1:colcon.colcon_core.shell:create_environment_hook('mycobot_bringup', 'cmake_prefix_path')
[2.187s] INFO:colcon.colcon_core.shell:Creating environment hook '/home/notandi/ros2_ws/install/mycobot_bringup/share/mycobot_bringup/hook/cmake_prefix_path.ps1'
[2.188s] INFO:colcon.colcon_core.shell:Creating environment descriptor '/home/notandi/ros2_ws/install/mycobot_bringup/share/mycobot_bringup/hook/cmake_prefix_path.dsv'
[2.188s] INFO:colcon.colcon_core.shell:Creating environment hook '/home/notandi/ros2_ws/install/mycobot_bringup/share/mycobot_bringup/hook/cmake_prefix_path.sh'
[2.189s] Level 1:colcon.colcon_core.environment:checking '/home/notandi/ros2_ws/install/mycobot_bringup/bin'
[2.189s] Level 1:colcon.colcon_core.environment:checking '/home/notandi/ros2_ws/install/mycobot_bringup/lib/pkgconfig/mycobot_bringup.pc'
[2.190s] Level 1:colcon.colcon_core.environment:checking '/home/notandi/ros2_ws/install/mycobot_bringup/lib/python3.12/site-packages'
[2.190s] Level 1:colcon.colcon_core.environment:checking '/home/notandi/ros2_ws/install/mycobot_bringup/bin'
[2.190s] INFO:colcon.colcon_core.shell:Creating package script '/home/notandi/ros2_ws/install/mycobot_bringup/share/mycobot_bringup/package.ps1'
[2.191s] INFO:colcon.colcon_core.shell:Creating package descriptor '/home/notandi/ros2_ws/install/mycobot_bringup/share/mycobot_bringup/package.dsv'
[2.192s] INFO:colcon.colcon_core.shell:Creating package script '/home/notandi/ros2_ws/install/mycobot_bringup/share/mycobot_bringup/package.sh'
[2.192s] INFO:colcon.colcon_core.shell:Creating package script '/home/notandi/ros2_ws/install/mycobot_bringup/share/mycobot_bringup/package.bash'
[2.193s] INFO:colcon.colcon_core.shell:Creating package script '/home/notandi/ros2_ws/install/mycobot_bringup/share/mycobot_bringup/package.zsh'
[2.193s] Level 1:colcon.colcon_core.environment:create_file_with_runtime_dependencies(/home/notandi/ros2_ws/install/mycobot_bringup/share/colcon-core/packages/mycobot_bringup)
[2.196s] Level 1:colcon.colcon_core.environment:create_environment_scripts_only(mycobot_description)
[2.196s] Level 1:colcon.colcon_core.environment:checking '/home/notandi/ros2_ws/install/mycobot_description' for CMake module files
[2.198s] DEBUG:colcon.colcon_core.event_handler.log_command:Invoked command in '/home/notandi/ros2_ws/build/mycobot_description' returned '0': CMAKE_PREFIX_PATH=${CMAKE_PREFIX_PATH}:/opt/ros/jazzy /usr/bin/cmake --install /home/notandi/ros2_ws/build/mycobot_description
[2.199s] Level 1:colcon.colcon_core.environment:checking '/home/notandi/ros2_ws/install/mycobot_description' for CMake config files
[2.206s] Level 1:colcon.colcon_core.shell:create_environment_hook('mycobot_description', 'cmake_prefix_path')
[2.207s] INFO:colcon.colcon_core.shell:Creating environment hook '/home/notandi/ros2_ws/install/mycobot_description/share/mycobot_description/hook/cmake_prefix_path.ps1'
[2.207s] INFO:colcon.colcon_core.shell:Creating environment descriptor '/home/notandi/ros2_ws/install/mycobot_description/share/mycobot_description/hook/cmake_prefix_path.dsv'
[2.208s] INFO:colcon.colcon_core.shell:Creating environment hook '/home/notandi/ros2_ws/install/mycobot_description/share/mycobot_description/hook/cmake_prefix_path.sh'
[2.208s] Level 1:colcon.colcon_core.environment:checking '/home/notandi/ros2_ws/install/mycobot_description/bin'
[2.208s] Level 1:colcon.colcon_core.environment:checking '/home/notandi/ros2_ws/install/mycobot_description/lib/pkgconfig/mycobot_description.pc'
[2.209s] Level 1:colcon.colcon_core.environment:checking '/home/notandi/ros2_ws/install/mycobot_description/lib/python3.12/site-packages'
[2.209s] Level 1:colcon.colcon_core.environment:checking '/home/notandi/ros2_ws/install/mycobot_description/bin'
[2.209s] INFO:colcon.colcon_core.shell:Creating package script '/home/notandi/ros2_ws/install/mycobot_description/share/mycobot_description/package.ps1'
[2.210s] INFO:colcon.colcon_core.shell:Creating package descriptor '/home/notandi/ros2_ws/install/mycobot_description/share/mycobot_description/package.dsv'
[2.210s] INFO:colcon.colcon_core.shell:Creating package script '/home/notandi/ros2_ws/install/mycobot_description/share/mycobot_description/package.sh'
[2.211s] INFO:colcon.colcon_core.shell:Creating package script '/home/notandi/ros2_ws/install/mycobot_description/share/mycobot_description/package.bash'
[2.211s] INFO:colcon.colcon_core.shell:Creating package script '/home/notandi/ros2_ws/install/mycobot_description/share/mycobot_description/package.zsh'
[2.211s] Level 1:colcon.colcon_core.environment:create_file_with_runtime_dependencies(/home/notandi/ros2_ws/install/mycobot_description/share/colcon-core/packages/mycobot_description)
[2.212s] Level 1:colcon.colcon_core.environment:create_environment_scripts_only(mycobot_description)
[2.212s] Level 1:colcon.colcon_core.environment:checking '/home/notandi/ros2_ws/install/mycobot_description' for CMake module files
[2.213s] Level 1:colcon.colcon_core.environment:checking '/home/notandi/ros2_ws/install/mycobot_description' for CMake config files
[2.213s] Level 1:colcon.colcon_core.shell:create_environment_hook('mycobot_description', 'cmake_prefix_path')
[2.214s] INFO:colcon.colcon_core.shell:Creating environment hook '/home/notandi/ros2_ws/install/mycobot_description/share/mycobot_description/hook/cmake_prefix_path.ps1'
[2.214s] INFO:colcon.colcon_core.shell:Creating environment descriptor '/home/notandi/ros2_ws/install/mycobot_description/share/mycobot_description/hook/cmake_prefix_path.dsv'
[2.214s] INFO:colcon.colcon_core.shell:Creating environment hook '/home/notandi/ros2_ws/install/mycobot_description/share/mycobot_description/hook/cmake_prefix_path.sh'
[2.215s] Level 1:colcon.colcon_core.environment:checking '/home/notandi/ros2_ws/install/mycobot_description/bin'
[2.215s] Level 1:colcon.colcon_core.environment:checking '/home/notandi/ros2_ws/install/mycobot_description/lib/pkgconfig/mycobot_description.pc'
[2.215s] Level 1:colcon.colcon_core.environment:checking '/home/notandi/ros2_ws/install/mycobot_description/lib/python3.12/site-packages'
[2.216s] Level 1:colcon.colcon_core.environment:checking '/home/notandi/ros2_ws/install/mycobot_description/bin'
[2.216s] INFO:colcon.colcon_core.shell:Creating package script '/home/notandi/ros2_ws/install/mycobot_description/share/mycobot_description/package.ps1'
[2.217s] INFO:colcon.colcon_core.shell:Creating package descriptor '/home/notandi/ros2_ws/install/mycobot_description/share/mycobot_description/package.dsv'
[2.218s] INFO:colcon.colcon_core.shell:Creating package script '/home/notandi/ros2_ws/install/mycobot_description/share/mycobot_description/package.sh'
[2.219s] INFO:colcon.colcon_core.shell:Creating package script '/home/notandi/ros2_ws/install/mycobot_description/share/mycobot_description/package.bash'
[2.219s] INFO:colcon.colcon_core.shell:Creating package script '/home/notandi/ros2_ws/install/mycobot_description/share/mycobot_description/package.zsh'
[2.220s] Level 1:colcon.colcon_core.environment:create_file_with_runtime_dependencies(/home/notandi/ros2_ws/install/mycobot_description/share/colcon-core/packages/mycobot_description)
[2.222s] Level 1:colcon.colcon_core.environment:create_environment_scripts_only(mycobot_moveit_config)
[2.223s] Level 1:colcon.colcon_core.environment:checking '/home/notandi/ros2_ws/install/mycobot_moveit_config' for CMake module files
[2.225s] DEBUG:colcon.colcon_core.event_handler.log_command:Invoked command in '/home/notandi/ros2_ws/build/mycobot_moveit_config' returned '0': CMAKE_PREFIX_PATH=${CMAKE_PREFIX_PATH}:/opt/ros/jazzy /usr/bin/cmake --install /home/notandi/ros2_ws/build/mycobot_moveit_config
[2.225s] Level 1:colcon.colcon_core.environment:checking '/home/notandi/ros2_ws/install/mycobot_moveit_config' for CMake config files
[2.234s] Level 1:colcon.colcon_core.shell:create_environment_hook('mycobot_moveit_config', 'cmake_prefix_path')
[2.234s] INFO:colcon.colcon_core.shell:Creating environment hook '/home/notandi/ros2_ws/install/mycobot_moveit_config/share/mycobot_moveit_config/hook/cmake_prefix_path.ps1'
[2.236s] INFO:colcon.colcon_core.shell:Creating environment descriptor '/home/notandi/ros2_ws/install/mycobot_moveit_config/share/mycobot_moveit_config/hook/cmake_prefix_path.dsv'
[2.241s] INFO:colcon.colcon_core.shell:Creating environment hook '/home/notandi/ros2_ws/install/mycobot_moveit_config/share/mycobot_moveit_config/hook/cmake_prefix_path.sh'
[2.243s] Level 1:colcon.colcon_core.environment:checking '/home/notandi/ros2_ws/install/mycobot_moveit_config/bin'
[2.243s] Level 1:colcon.colcon_core.environment:checking '/home/notandi/ros2_ws/install/mycobot_moveit_config/lib/pkgconfig/mycobot_moveit_config.pc'
[2.244s] Level 1:colcon.colcon_core.environment:checking '/home/notandi/ros2_ws/install/mycobot_moveit_config/lib/python3.12/site-packages'
[2.244s] Level 1:colcon.colcon_core.environment:checking '/home/notandi/ros2_ws/install/mycobot_moveit_config/bin'
[2.246s] INFO:colcon.colcon_core.shell:Creating package script '/home/notandi/ros2_ws/install/mycobot_moveit_config/share/mycobot_moveit_config/package.ps1'
[2.249s] INFO:colcon.colcon_core.shell:Creating package descriptor '/home/notandi/ros2_ws/install/mycobot_moveit_config/share/mycobot_moveit_config/package.dsv'
[2.252s] INFO:colcon.colcon_core.shell:Creating package script '/home/notandi/ros2_ws/install/mycobot_moveit_config/share/mycobot_moveit_config/package.sh'
[2.254s] INFO:colcon.colcon_core.shell:Creating package script '/home/notandi/ros2_ws/install/mycobot_moveit_config/share/mycobot_moveit_config/package.bash'
[2.257s] INFO:colcon.colcon_core.shell:Creating package script '/home/notandi/ros2_ws/install/mycobot_moveit_config/share/mycobot_moveit_config/package.zsh'
[2.260s] Level 1:colcon.colcon_core.environment:create_file_with_runtime_dependencies(/home/notandi/ros2_ws/install/mycobot_moveit_config/share/colcon-core/packages/mycobot_moveit_config)
[2.262s] Level 1:colcon.colcon_core.environment:create_environment_scripts_only(mycobot_moveit_config)
[2.262s] Level 1:colcon.colcon_core.environment:checking '/home/notandi/ros2_ws/install/mycobot_moveit_config' for CMake module files
[2.269s] Level 1:colcon.colcon_core.environment:checking '/home/notandi/ros2_ws/install/mycobot_moveit_config' for CMake config files
[2.272s] Level 1:colcon.colcon_core.shell:create_environment_hook('mycobot_moveit_config', 'cmake_prefix_path')
[2.273s] INFO:colcon.colcon_core.shell:Creating environment hook '/home/notandi/ros2_ws/install/mycobot_moveit_config/share/mycobot_moveit_config/hook/cmake_prefix_path.ps1'
[2.275s] INFO:colcon.colcon_core.shell:Creating environment descriptor '/home/notandi/ros2_ws/install/mycobot_moveit_config/share/mycobot_moveit_config/hook/cmake_prefix_path.dsv'
[2.278s] INFO:colcon.colcon_core.shell:Creating environment hook '/home/notandi/ros2_ws/install/mycobot_moveit_config/share/mycobot_moveit_config/hook/cmake_prefix_path.sh'
[2.280s] Level 1:colcon.colcon_core.environment:checking '/home/notandi/ros2_ws/install/mycobot_moveit_config/bin'
[2.280s] Level 1:colcon.colcon_core.environment:checking '/home/notandi/ros2_ws/install/mycobot_moveit_config/lib/pkgconfig/mycobot_moveit_config.pc'
[2.281s] Level 1:colcon.colcon_core.environment:checking '/home/notandi/ros2_ws/install/mycobot_moveit_config/lib/python3.12/site-packages'
[2.282s] Level 1:colcon.colcon_core.environment:checking '/home/notandi/ros2_ws/install/mycobot_moveit_config/bin'
[2.282s] INFO:colcon.colcon_core.shell:Creating package script '/home/notandi/ros2_ws/install/mycobot_moveit_config/share/mycobot_moveit_config/package.ps1'
[2.284s] INFO:colcon.colcon_core.shell:Creating package descriptor '/home/notandi/ros2_ws/install/mycobot_moveit_config/share/mycobot_moveit_config/package.dsv'
[2.288s] INFO:colcon.colcon_core.shell:Creating package script '/home/notandi/ros2_ws/install/mycobot_moveit_config/share/mycobot_moveit_config/package.sh'
[2.291s] INFO:colcon.colcon_core.shell:Creating package script '/home/notandi/ros2_ws/install/mycobot_moveit_config/share/mycobot_moveit_config/package.bash'
[2.293s] INFO:colcon.colcon_core.shell:Creating package script '/home/notandi/ros2_ws/install/mycobot_moveit_config/share/mycobot_moveit_config/package.zsh'
[2.295s] Level 1:colcon.colcon_core.environment:create_file_with_runtime_dependencies(/home/notandi/ros2_ws/install/mycobot_moveit_config/share/colcon-core/packages/mycobot_moveit_config)
[2.487s] Level 1:colcon.colcon_core.environment:create_environment_scripts_only(mycobot_gazebo)
[2.487s] Level 1:colcon.colcon_core.environment:checking '/home/notandi/ros2_ws/install/mycobot_gazebo' for CMake module files
[2.488s] DEBUG:colcon.colcon_core.event_handler.log_command:Invoked command in '/home/notandi/ros2_ws/build/mycobot_gazebo' returned '0': CMAKE_PREFIX_PATH=${CMAKE_PREFIX_PATH}:/opt/ros/jazzy /usr/bin/cmake --install /home/notandi/ros2_ws/build/mycobot_gazebo
[2.489s] Level 1:colcon.colcon_core.environment:checking '/home/notandi/ros2_ws/install/mycobot_gazebo' for CMake config files
[2.570s] Level 1:colcon.colcon_core.shell:create_environment_hook('mycobot_gazebo', 'cmake_prefix_path')
[2.571s] INFO:colcon.colcon_core.shell:Creating environment hook '/home/notandi/ros2_ws/install/mycobot_gazebo/share/mycobot_gazebo/hook/cmake_prefix_path.ps1'
[2.571s] INFO:colcon.colcon_core.shell:Creating environment descriptor '/home/notandi/ros2_ws/install/mycobot_gazebo/share/mycobot_gazebo/hook/cmake_prefix_path.dsv'
[2.572s] INFO:colcon.colcon_core.shell:Creating environment hook '/home/notandi/ros2_ws/install/mycobot_gazebo/share/mycobot_gazebo/hook/cmake_prefix_path.sh'
[2.572s] Level 1:colcon.colcon_core.environment:checking '/home/notandi/ros2_ws/install/mycobot_gazebo/bin'
[2.572s] Level 1:colcon.colcon_core.environment:checking '/home/notandi/ros2_ws/install/mycobot_gazebo/lib/pkgconfig/mycobot_gazebo.pc'
[2.573s] Level 1:colcon.colcon_core.environment:checking '/home/notandi/ros2_ws/install/mycobot_gazebo/lib/python3.12/site-packages'
[2.573s] Level 1:colcon.colcon_core.environment:checking '/home/notandi/ros2_ws/install/mycobot_gazebo/bin'
[2.573s] INFO:colcon.colcon_core.shell:Creating package script '/home/notandi/ros2_ws/install/mycobot_gazebo/share/mycobot_gazebo/package.ps1'
[2.574s] INFO:colcon.colcon_core.shell:Creating package descriptor '/home/notandi/ros2_ws/install/mycobot_gazebo/share/mycobot_gazebo/package.dsv'
[2.574s] INFO:colcon.colcon_core.shell:Creating package script '/home/notandi/ros2_ws/install/mycobot_gazebo/share/mycobot_gazebo/package.sh'
[2.575s] INFO:colcon.colcon_core.shell:Creating package script '/home/notandi/ros2_ws/install/mycobot_gazebo/share/mycobot_gazebo/package.bash'
[2.575s] INFO:colcon.colcon_core.shell:Creating package script '/home/notandi/ros2_ws/install/mycobot_gazebo/share/mycobot_gazebo/package.zsh'
[2.575s] Level 1:colcon.colcon_core.environment:create_file_with_runtime_dependencies(/home/notandi/ros2_ws/install/mycobot_gazebo/share/colcon-core/packages/mycobot_gazebo)
[2.576s] Level 1:colcon.colcon_core.environment:create_environment_scripts_only(mycobot_gazebo)
[2.576s] Level 1:colcon.colcon_core.environment:checking '/home/notandi/ros2_ws/install/mycobot_gazebo' for CMake module files
[2.577s] Level 1:colcon.colcon_core.environment:checking '/home/notandi/ros2_ws/install/mycobot_gazebo' for CMake config files
[2.584s] Level 1:colcon.colcon_core.shell:create_environment_hook('mycobot_gazebo', 'cmake_prefix_path')
[2.585s] INFO:colcon.colcon_core.shell:Creating environment hook '/home/notandi/ros2_ws/install/mycobot_gazebo/share/mycobot_gazebo/hook/cmake_prefix_path.ps1'
[2.585s] INFO:colcon.colcon_core.shell:Creating environment descriptor '/home/notandi/ros2_ws/install/mycobot_gazebo/share/mycobot_gazebo/hook/cmake_prefix_path.dsv'
[2.586s] INFO:colcon.colcon_core.shell:Creating environment hook '/home/notandi/ros2_ws/install/mycobot_gazebo/share/mycobot_gazebo/hook/cmake_prefix_path.sh'
[2.587s] Level 1:colcon.colcon_core.environment:checking '/home/notandi/ros2_ws/install/mycobot_gazebo/bin'
[2.587s] Level 1:colcon.colcon_core.environment:checking '/home/notandi/ros2_ws/install/mycobot_gazebo/lib/pkgconfig/mycobot_gazebo.pc'
[2.587s] Level 1:colcon.colcon_core.environment:checking '/home/notandi/ros2_ws/install/mycobot_gazebo/lib/python3.12/site-packages'
[2.587s] Level 1:colcon.colcon_core.environment:checking '/home/notandi/ros2_ws/install/mycobot_gazebo/bin'
[2.588s] INFO:colcon.colcon_core.shell:Creating package script '/home/notandi/ros2_ws/install/mycobot_gazebo/share/mycobot_gazebo/package.ps1'
[2.588s] INFO:colcon.colcon_core.shell:Creating package descriptor '/home/notandi/ros2_ws/install/mycobot_gazebo/share/mycobot_gazebo/package.dsv'
[2.589s] INFO:colcon.colcon_core.shell:Creating package script '/home/notandi/ros2_ws/install/mycobot_gazebo/share/mycobot_gazebo/package.sh'
[2.589s] INFO:colcon.colcon_core.shell:Creating package script '/home/notandi/ros2_ws/install/mycobot_gazebo/share/mycobot_gazebo/package.bash'
[2.590s] INFO:colcon.colcon_core.shell:Creating package script '/home/notandi/ros2_ws/install/mycobot_gazebo/share/mycobot_gazebo/package.zsh'
[2.590s] Level 1:colcon.colcon_core.environment:create_file_with_runtime_dependencies(/home/notandi/ros2_ws/install/mycobot_gazebo/share/colcon-core/packages/mycobot_gazebo)
[5.642s] DEBUG:colcon.colcon_core.event_handler.log_command:Invoked command in '/home/notandi/ros2_ws/build/mycobot_system_tests' returned '2': CMAKE_PREFIX_PATH=${CMAKE_PREFIX_PATH}:/opt/ros/jazzy /usr/bin/cmake --build /home/notandi/ros2_ws/build/mycobot_system_tests -- -j12 -l12
[5.647s] Level 1:colcon.colcon_core.environment:create_environment_scripts_only(mycobot_system_tests)
[5.647s] Level 1:colcon.colcon_core.environment:checking '/home/notandi/ros2_ws/install/mycobot_system_tests' for CMake module files
[5.659s] Level 1:colcon.colcon_core.environment:checking '/home/notandi/ros2_ws/install/mycobot_system_tests' for CMake config files
[5.678s] Level 1:colcon.colcon_core.shell:create_environment_hook('mycobot_system_tests', 'cmake_prefix_path')
[5.679s] INFO:colcon.colcon_core.shell:Creating environment hook '/home/notandi/ros2_ws/install/mycobot_system_tests/share/mycobot_system_tests/hook/cmake_prefix_path.ps1'
[5.680s] INFO:colcon.colcon_core.shell:Creating environment descriptor '/home/notandi/ros2_ws/install/mycobot_system_tests/share/mycobot_system_tests/hook/cmake_prefix_path.dsv'
[5.681s] INFO:colcon.colcon_core.shell:Creating environment hook '/home/notandi/ros2_ws/install/mycobot_system_tests/share/mycobot_system_tests/hook/cmake_prefix_path.sh'
[5.682s] Level 1:colcon.colcon_core.environment:checking '/home/notandi/ros2_ws/install/mycobot_system_tests/lib'
[5.684s] Level 1:colcon.colcon_core.environment:checking '/home/notandi/ros2_ws/install/mycobot_system_tests/bin'
[5.684s] Level 1:colcon.colcon_core.environment:checking '/home/notandi/ros2_ws/install/mycobot_system_tests/lib/pkgconfig/mycobot_system_tests.pc'
[5.685s] Level 1:colcon.colcon_core.environment:checking '/home/notandi/ros2_ws/install/mycobot_system_tests/lib/python3.12/site-packages'
[5.686s] Level 1:colcon.colcon_core.environment:checking '/home/notandi/ros2_ws/install/mycobot_system_tests/bin'
[5.686s] INFO:colcon.colcon_core.shell:Creating package script '/home/notandi/ros2_ws/install/mycobot_system_tests/share/mycobot_system_tests/package.ps1'
[5.687s] INFO:colcon.colcon_core.shell:Creating package descriptor '/home/notandi/ros2_ws/install/mycobot_system_tests/share/mycobot_system_tests/package.dsv'
[5.688s] INFO:colcon.colcon_core.shell:Creating package script '/home/notandi/ros2_ws/install/mycobot_system_tests/share/mycobot_system_tests/package.sh'
[5.689s] INFO:colcon.colcon_core.shell:Creating package script '/home/notandi/ros2_ws/install/mycobot_system_tests/share/mycobot_system_tests/package.bash'
[5.690s] INFO:colcon.colcon_core.shell:Creating package script '/home/notandi/ros2_ws/install/mycobot_system_tests/share/mycobot_system_tests/package.zsh'
[5.691s] Level 1:colcon.colcon_core.environment:create_file_with_runtime_dependencies(/home/notandi/ros2_ws/install/mycobot_system_tests/share/colcon-core/packages/mycobot_system_tests)
[5.701s] DEBUG:colcon.colcon_parallel_executor.executor.parallel:closing loop
[5.702s] DEBUG:colcon.colcon_parallel_executor.executor.parallel:loop closed
[5.702s] DEBUG:colcon.colcon_parallel_executor.executor.parallel:run_until_complete finished with '2'
[5.702s] DEBUG:colcon.colcon_core.event_reactor:joining thread
[5.979s] INFO:colcon.colcon_core.plugin_system:Skipping extension 'colcon_notification.desktop_notification.notify_send': Could not find 'notify-send'
[5.980s] INFO:colcon.colcon_core.plugin_system:Skipping extension 'colcon_notification.desktop_notification.terminal_notifier': Not used on non-Darwin systems
[5.980s] INFO:colcon.colcon_core.plugin_system:Skipping extension 'colcon_notification.desktop_notification.win32': Not used on non-Windows systems
[5.980s] INFO:colcon.colcon_notification.desktop_notification:Sending desktop notification using 'notify2'
[5.985s] DEBUG:colcon.colcon_notification.desktop_notification.notify2:Failed to initialize notify2: org.freedesktop.DBus.Error.ServiceUnknown: The name org.freedesktop.Notifications was not provided by any .service files
[5.986s] DEBUG:colcon.colcon_core.event_reactor:joined thread
[5.986s] INFO:colcon.colcon_core.shell:Creating prefix script '/home/notandi/ros2_ws/install/local_setup.ps1'
[5.989s] INFO:colcon.colcon_core.shell:Creating prefix util module '/home/notandi/ros2_ws/install/_local_setup_util_ps1.py'
[5.991s] INFO:colcon.colcon_core.shell:Creating prefix chain script '/home/notandi/ros2_ws/install/setup.ps1'
[5.994s] INFO:colcon.colcon_core.shell:Creating prefix script '/home/notandi/ros2_ws/install/local_setup.sh'
[5.996s] INFO:colcon.colcon_core.shell:Creating prefix util module '/home/notandi/ros2_ws/install/_local_setup_util_sh.py'
[5.997s] INFO:colcon.colcon_core.shell:Creating prefix chain script '/home/notandi/ros2_ws/install/setup.sh'
[5.999s] INFO:colcon.colcon_core.shell:Creating prefix script '/home/notandi/ros2_ws/install/local_setup.bash'
[6.001s] INFO:colcon.colcon_core.shell:Creating prefix chain script '/home/notandi/ros2_ws/install/setup.bash'
[6.004s] INFO:colcon.colcon_core.shell:Creating prefix script '/home/notandi/ros2_ws/install/local_setup.zsh'
[6.006s] INFO:colcon.colcon_core.shell:Creating prefix chain script '/home/notandi/ros2_ws/install/setup.zsh'
