[0.142s] DEBUG:colcon:Command line arguments: ['/usr/bin/colcon', 'build', '--symlink-install']
[0.142s] DEBUG:colcon:Parsed command line arguments: Namespace(log_base=None, log_level=None, verb_name='build', build_base='build', install_base='install', merge_install=False, symlink_install=True, test_result_base=None, continue_on_error=False, executor='parallel', parallel_workers=12, event_handlers=None, ignore_user_meta=False, metas=['./colcon.meta'], base_paths=['.'], packages_ignore=None, packages_ignore_regex=None, paths=None, packages_up_to=None, packages_up_to_regex=None, packages_above=None, packages_above_and_dependencies=None, packages_above_depth=None, packages_select_by_dep=None, packages_skip_by_dep=None, packages_skip_up_to=None, packages_select_build_failed=False, packages_skip_build_finished=False, packages_select_test_failures=False, packages_skip_test_passed=False, packages_select=None, packages_skip=None, packages_select_regex=None, packages_skip_regex=None, packages_start=None, packages_end=None, allow_overriding=[], cmake_args=None, cmake_target=None, cmake_target_skip_unavailable=False, cmake_clean_cache=False, cmake_clean_first=False, cmake_force_configure=False, ament_cmake_args=None, catkin_cmake_args=None, catkin_skip_building_tests=False, mixin_files=None, mixin=None, verb_parser=<colcon_mixin.mixin.mixin_argument.MixinArgumentDecorator object at 0x7f68c1d89e20>, verb_extension=<colcon_core.verb.build.BuildVerb object at 0x7f68c1d89ac0>, main=<bound method BuildVerb.main of <colcon_core.verb.build.BuildVerb object at 0x7f68c1d89ac0>>, mixin_verb=('build',))
[0.189s] Level 1:colcon.colcon_core.package_discovery:discover_packages(colcon_meta) check parameters
[0.189s] Level 1:colcon.colcon_core.package_discovery:discover_packages(recursive) check parameters
[0.189s] Level 1:colcon.colcon_core.package_discovery:discover_packages(ignore) check parameters
[0.189s] Level 1:colcon.colcon_core.package_discovery:discover_packages(path) check parameters
[0.189s] Level 1:colcon.colcon_core.package_discovery:discover_packages(colcon_meta) discover
[0.189s] Level 1:colcon.colcon_core.package_discovery:discover_packages(recursive) discover
[0.189s] INFO:colcon.colcon_core.package_discovery:Crawling recursively for packages in '/home/notandi/ros2_ws/src'
[0.189s] Level 1:colcon.colcon_core.package_identification:_identify(.) by extensions ['ignore', 'ignore_ament_install']
[0.189s] Level 1:colcon.colcon_core.package_identification:_identify(.) by extension 'ignore'
[0.189s] Level 1:colcon.colcon_core.package_identification:_identify(.) by extension 'ignore_ament_install'
[0.189s] Level 1:colcon.colcon_core.package_identification:_identify(.) by extensions ['colcon_pkg']
[0.189s] Level 1:colcon.colcon_core.package_identification:_identify(.) by extension 'colcon_pkg'
[0.189s] Level 1:colcon.colcon_core.package_identification:_identify(.) by extensions ['colcon_meta']
[0.189s] Level 1:colcon.colcon_core.package_identification:_identify(.) by extension 'colcon_meta'
[0.189s] Level 1:colcon.colcon_core.package_identification:_identify(.) by extensions ['ros']
[0.189s] Level 1:colcon.colcon_core.package_identification:_identify(.) by extension 'ros'
[0.208s] Level 1:colcon.colcon_core.package_identification:_identify(.) by extensions ['cmake', 'python']
[0.208s] Level 1:colcon.colcon_core.package_identification:_identify(.) by extension 'cmake'
[0.208s] Level 1:colcon.colcon_core.package_identification:_identify(.) by extension 'python'
[0.208s] Level 1:colcon.colcon_core.package_identification:_identify(.) by extensions ['python_setup_py']
[0.208s] Level 1:colcon.colcon_core.package_identification:_identify(.) by extension 'python_setup_py'
[0.208s] Level 1:colcon.colcon_core.package_identification:_identify(build) by extensions ['ignore', 'ignore_ament_install']
[0.208s] Level 1:colcon.colcon_core.package_identification:_identify(build) by extension 'ignore'
[0.208s] Level 1:colcon.colcon_core.package_identification:_identify(build) ignored
[0.208s] Level 1:colcon.colcon_core.package_identification:_identify(install) by extensions ['ignore', 'ignore_ament_install']
[0.208s] Level 1:colcon.colcon_core.package_identification:_identify(install) by extension 'ignore'
[0.208s] Level 1:colcon.colcon_core.package_identification:_identify(install) ignored
[0.208s] Level 1:colcon.colcon_core.package_identification:_identify(log) by extensions ['ignore', 'ignore_ament_install']
[0.208s] Level 1:colcon.colcon_core.package_identification:_identify(log) by extension 'ignore'
[0.208s] Level 1:colcon.colcon_core.package_identification:_identify(log) ignored
[0.208s] Level 1:colcon.colcon_core.package_identification:_identify(mycobot_ros2) by extensions ['ignore', 'ignore_ament_install']
[0.208s] Level 1:colcon.colcon_core.package_identification:_identify(mycobot_ros2) by extension 'ignore'
[0.208s] Level 1:colcon.colcon_core.package_identification:_identify(mycobot_ros2) by extension 'ignore_ament_install'
[0.209s] Level 1:colcon.colcon_core.package_identification:_identify(mycobot_ros2) by extensions ['colcon_pkg']
[0.209s] Level 1:colcon.colcon_core.package_identification:_identify(mycobot_ros2) by extension 'colcon_pkg'
[0.209s] Level 1:colcon.colcon_core.package_identification:_identify(mycobot_ros2) by extensions ['colcon_meta']
[0.209s] Level 1:colcon.colcon_core.package_identification:_identify(mycobot_ros2) by extension 'colcon_meta'
[0.209s] Level 1:colcon.colcon_core.package_identification:_identify(mycobot_ros2) by extensions ['ros']
[0.209s] Level 1:colcon.colcon_core.package_identification:_identify(mycobot_ros2) by extension 'ros'
[0.209s] Level 1:colcon.colcon_core.package_identification:_identify(mycobot_ros2) by extensions ['cmake', 'python']
[0.209s] Level 1:colcon.colcon_core.package_identification:_identify(mycobot_ros2) by extension 'cmake'
[0.209s] Level 1:colcon.colcon_core.package_identification:_identify(mycobot_ros2) by extension 'python'
[0.209s] Level 1:colcon.colcon_core.package_identification:_identify(mycobot_ros2) by extensions ['python_setup_py']
[0.209s] Level 1:colcon.colcon_core.package_identification:_identify(mycobot_ros2) by extension 'python_setup_py'
[0.209s] Level 1:colcon.colcon_core.package_identification:_identify(mycobot_ros2/build) by extensions ['ignore', 'ignore_ament_install']
[0.209s] Level 1:colcon.colcon_core.package_identification:_identify(mycobot_ros2/build) by extension 'ignore'
[0.209s] Level 1:colcon.colcon_core.package_identification:_identify(mycobot_ros2/build) ignored
[0.209s] Level 1:colcon.colcon_core.package_identification:_identify(mycobot_ros2/install) by extensions ['ignore', 'ignore_ament_install']
[0.209s] Level 1:colcon.colcon_core.package_identification:_identify(mycobot_ros2/install) by extension 'ignore'
[0.209s] Level 1:colcon.colcon_core.package_identification:_identify(mycobot_ros2/install) ignored
[0.209s] Level 1:colcon.colcon_core.package_identification:_identify(mycobot_ros2/log) by extensions ['ignore', 'ignore_ament_install']
[0.209s] Level 1:colcon.colcon_core.package_identification:_identify(mycobot_ros2/log) by extension 'ignore'
[0.209s] Level 1:colcon.colcon_core.package_identification:_identify(mycobot_ros2/log) ignored
[0.209s] Level 1:colcon.colcon_core.package_identification:_identify(mycobot_ros2/mycobot_bringup) by extensions ['ignore', 'ignore_ament_install']
[0.209s] Level 1:colcon.colcon_core.package_identification:_identify(mycobot_ros2/mycobot_bringup) by extension 'ignore'
[0.209s] Level 1:colcon.colcon_core.package_identification:_identify(mycobot_ros2/mycobot_bringup) by extension 'ignore_ament_install'
[0.209s] Level 1:colcon.colcon_core.package_identification:_identify(mycobot_ros2/mycobot_bringup) by extensions ['colcon_pkg']
[0.209s] Level 1:colcon.colcon_core.package_identification:_identify(mycobot_ros2/mycobot_bringup) by extension 'colcon_pkg'
[0.209s] Level 1:colcon.colcon_core.package_identification:_identify(mycobot_ros2/mycobot_bringup) by extensions ['colcon_meta']
[0.209s] Level 1:colcon.colcon_core.package_identification:_identify(mycobot_ros2/mycobot_bringup) by extension 'colcon_meta'
[0.209s] Level 1:colcon.colcon_core.package_identification:_identify(mycobot_ros2/mycobot_bringup) by extensions ['ros']
[0.209s] Level 1:colcon.colcon_core.package_identification:_identify(mycobot_ros2/mycobot_bringup) by extension 'ros'
[0.211s] DEBUG:colcon.colcon_core.package_identification:Package 'mycobot_ros2/mycobot_bringup' with type 'ros.ament_cmake' and name 'mycobot_bringup'
[0.211s] Level 1:colcon.colcon_core.package_identification:_identify(mycobot_ros2/mycobot_description) by extensions ['ignore', 'ignore_ament_install']
[0.211s] Level 1:colcon.colcon_core.package_identification:_identify(mycobot_ros2/mycobot_description) by extension 'ignore'
[0.211s] Level 1:colcon.colcon_core.package_identification:_identify(mycobot_ros2/mycobot_description) by extension 'ignore_ament_install'
[0.211s] Level 1:colcon.colcon_core.package_identification:_identify(mycobot_ros2/mycobot_description) by extensions ['colcon_pkg']
[0.211s] Level 1:colcon.colcon_core.package_identification:_identify(mycobot_ros2/mycobot_description) by extension 'colcon_pkg'
[0.211s] Level 1:colcon.colcon_core.package_identification:_identify(mycobot_ros2/mycobot_description) by extensions ['colcon_meta']
[0.211s] Level 1:colcon.colcon_core.package_identification:_identify(mycobot_ros2/mycobot_description) by extension 'colcon_meta'
[0.211s] Level 1:colcon.colcon_core.package_identification:_identify(mycobot_ros2/mycobot_description) by extensions ['ros']
[0.211s] Level 1:colcon.colcon_core.package_identification:_identify(mycobot_ros2/mycobot_description) by extension 'ros'
[0.211s] DEBUG:colcon.colcon_core.package_identification:Package 'mycobot_ros2/mycobot_description' with type 'ros.ament_cmake' and name 'mycobot_description'
[0.211s] Level 1:colcon.colcon_core.package_identification:_identify(mycobot_ros2/mycobot_gazebo) by extensions ['ignore', 'ignore_ament_install']
[0.211s] Level 1:colcon.colcon_core.package_identification:_identify(mycobot_ros2/mycobot_gazebo) by extension 'ignore'
[0.211s] Level 1:colcon.colcon_core.package_identification:_identify(mycobot_ros2/mycobot_gazebo) by extension 'ignore_ament_install'
[0.212s] Level 1:colcon.colcon_core.package_identification:_identify(mycobot_ros2/mycobot_gazebo) by extensions ['colcon_pkg']
[0.212s] Level 1:colcon.colcon_core.package_identification:_identify(mycobot_ros2/mycobot_gazebo) by extension 'colcon_pkg'
[0.212s] Level 1:colcon.colcon_core.package_identification:_identify(mycobot_ros2/mycobot_gazebo) by extensions ['colcon_meta']
[0.212s] Level 1:colcon.colcon_core.package_identification:_identify(mycobot_ros2/mycobot_gazebo) by extension 'colcon_meta'
[0.212s] Level 1:colcon.colcon_core.package_identification:_identify(mycobot_ros2/mycobot_gazebo) by extensions ['ros']
[0.212s] Level 1:colcon.colcon_core.package_identification:_identify(mycobot_ros2/mycobot_gazebo) by extension 'ros'
[0.212s] DEBUG:colcon.colcon_core.package_identification:Package 'mycobot_ros2/mycobot_gazebo' with type 'ros.ament_cmake' and name 'mycobot_gazebo'
[0.212s] Level 1:colcon.colcon_core.package_identification:_identify(mycobot_ros2/mycobot_moveit_config) by extensions ['ignore', 'ignore_ament_install']
[0.212s] Level 1:colcon.colcon_core.package_identification:_identify(mycobot_ros2/mycobot_moveit_config) by extension 'ignore'
[0.212s] Level 1:colcon.colcon_core.package_identification:_identify(mycobot_ros2/mycobot_moveit_config) by extension 'ignore_ament_install'
[0.212s] Level 1:colcon.colcon_core.package_identification:_identify(mycobot_ros2/mycobot_moveit_config) by extensions ['colcon_pkg']
[0.212s] Level 1:colcon.colcon_core.package_identification:_identify(mycobot_ros2/mycobot_moveit_config) by extension 'colcon_pkg'
[0.212s] Level 1:colcon.colcon_core.package_identification:_identify(mycobot_ros2/mycobot_moveit_config) by extensions ['colcon_meta']
[0.213s] Level 1:colcon.colcon_core.package_identification:_identify(mycobot_ros2/mycobot_moveit_config) by extension 'colcon_meta'
[0.213s] Level 1:colcon.colcon_core.package_identification:_identify(mycobot_ros2/mycobot_moveit_config) by extensions ['ros']
[0.213s] Level 1:colcon.colcon_core.package_identification:_identify(mycobot_ros2/mycobot_moveit_config) by extension 'ros'
[0.213s] DEBUG:colcon.colcon_core.package_identification:Package 'mycobot_ros2/mycobot_moveit_config' with type 'ros.ament_cmake' and name 'mycobot_moveit_config'
[0.213s] Level 1:colcon.colcon_core.package_identification:_identify(mycobot_ros2/mycobot_ros2) by extensions ['ignore', 'ignore_ament_install']
[0.213s] Level 1:colcon.colcon_core.package_identification:_identify(mycobot_ros2/mycobot_ros2) by extension 'ignore'
[0.213s] Level 1:colcon.colcon_core.package_identification:_identify(mycobot_ros2/mycobot_ros2) by extension 'ignore_ament_install'
[0.213s] Level 1:colcon.colcon_core.package_identification:_identify(mycobot_ros2/mycobot_ros2) by extensions ['colcon_pkg']
[0.213s] Level 1:colcon.colcon_core.package_identification:_identify(mycobot_ros2/mycobot_ros2) by extension 'colcon_pkg'
[0.213s] Level 1:colcon.colcon_core.package_identification:_identify(mycobot_ros2/mycobot_ros2) by extensions ['colcon_meta']
[0.213s] Level 1:colcon.colcon_core.package_identification:_identify(mycobot_ros2/mycobot_ros2) by extension 'colcon_meta'
[0.213s] Level 1:colcon.colcon_core.package_identification:_identify(mycobot_ros2/mycobot_ros2) by extensions ['ros']
[0.213s] Level 1:colcon.colcon_core.package_identification:_identify(mycobot_ros2/mycobot_ros2) by extension 'ros'
[0.213s] DEBUG:colcon.colcon_core.package_identification:Package 'mycobot_ros2/mycobot_ros2' with type 'ros.ament_cmake' and name 'mycobot_ros2'
[0.213s] Level 1:colcon.colcon_core.package_identification:_identify(mycobot_ros2/mycobot_system_tests) by extensions ['ignore', 'ignore_ament_install']
[0.213s] Level 1:colcon.colcon_core.package_identification:_identify(mycobot_ros2/mycobot_system_tests) by extension 'ignore'
[0.213s] Level 1:colcon.colcon_core.package_identification:_identify(mycobot_ros2/mycobot_system_tests) by extension 'ignore_ament_install'
[0.213s] Level 1:colcon.colcon_core.package_identification:_identify(mycobot_ros2/mycobot_system_tests) by extensions ['colcon_pkg']
[0.213s] Level 1:colcon.colcon_core.package_identification:_identify(mycobot_ros2/mycobot_system_tests) by extension 'colcon_pkg'
[0.213s] Level 1:colcon.colcon_core.package_identification:_identify(mycobot_ros2/mycobot_system_tests) by extensions ['colcon_meta']
[0.213s] Level 1:colcon.colcon_core.package_identification:_identify(mycobot_ros2/mycobot_system_tests) by extension 'colcon_meta'
[0.213s] Level 1:colcon.colcon_core.package_identification:_identify(mycobot_ros2/mycobot_system_tests) by extensions ['ros']
[0.213s] Level 1:colcon.colcon_core.package_identification:_identify(mycobot_ros2/mycobot_system_tests) by extension 'ros'
[0.214s] DEBUG:colcon.colcon_core.package_identification:Package 'mycobot_ros2/mycobot_system_tests' with type 'ros.ament_cmake' and name 'mycobot_system_tests'
[0.214s] Level 1:colcon.colcon_core.package_discovery:discover_packages(recursive) using defaults
[0.214s] Level 1:colcon.colcon_core.package_discovery:discover_packages(ignore) discover
[0.214s] Level 1:colcon.colcon_core.package_discovery:discover_packages(ignore) using defaults
[0.214s] Level 1:colcon.colcon_core.package_discovery:discover_packages(path) discover
[0.214s] Level 1:colcon.colcon_core.package_discovery:discover_packages(path) using defaults
[0.227s] Level 1:colcon.colcon_core.package_discovery:discover_packages(prefix_path) check parameters
[0.227s] Level 1:colcon.colcon_core.package_discovery:discover_packages(prefix_path) discover
[0.229s] DEBUG:colcon.colcon_installed_package_information.package_discovery:Found 374 installed packages in /opt/ros/jazzy
[0.230s] Level 1:colcon.colcon_core.package_discovery:discover_packages(prefix_path) using defaults
[0.259s] Level 5:colcon.colcon_core.verb:set package 'mycobot_bringup' build argument 'cmake_args' from command line to 'None'
[0.259s] Level 5:colcon.colcon_core.verb:set package 'mycobot_bringup' build argument 'cmake_target' from command line to 'None'
[0.259s] Level 5:colcon.colcon_core.verb:set package 'mycobot_bringup' build argument 'cmake_target_skip_unavailable' from command line to 'False'
[0.259s] Level 5:colcon.colcon_core.verb:set package 'mycobot_bringup' build argument 'cmake_clean_cache' from command line to 'False'
[0.259s] Level 5:colcon.colcon_core.verb:set package 'mycobot_bringup' build argument 'cmake_clean_first' from command line to 'False'
[0.259s] Level 5:colcon.colcon_core.verb:set package 'mycobot_bringup' build argument 'cmake_force_configure' from command line to 'False'
[0.259s] Level 5:colcon.colcon_core.verb:set package 'mycobot_bringup' build argument 'ament_cmake_args' from command line to 'None'
[0.259s] Level 5:colcon.colcon_core.verb:set package 'mycobot_bringup' build argument 'catkin_cmake_args' from command line to 'None'
[0.259s] Level 5:colcon.colcon_core.verb:set package 'mycobot_bringup' build argument 'catkin_skip_building_tests' from command line to 'False'
[0.259s] DEBUG:colcon.colcon_core.verb:Building package 'mycobot_bringup' with the following arguments: {'ament_cmake_args': None, 'build_base': '/home/notandi/ros2_ws/src/build/mycobot_bringup', 'catkin_cmake_args': None, 'catkin_skip_building_tests': False, 'cmake_args': None, 'cmake_clean_cache': False, 'cmake_clean_first': False, 'cmake_force_configure': False, 'cmake_target': None, 'cmake_target_skip_unavailable': False, 'install_base': '/home/notandi/ros2_ws/src/install/mycobot_bringup', 'merge_install': False, 'path': '/home/notandi/ros2_ws/src/mycobot_ros2/mycobot_bringup', 'symlink_install': True, 'test_result_base': None}
[0.260s] Level 5:colcon.colcon_core.verb:set package 'mycobot_description' build argument 'cmake_args' from command line to 'None'
[0.260s] Level 5:colcon.colcon_core.verb:set package 'mycobot_description' build argument 'cmake_target' from command line to 'None'
[0.260s] Level 5:colcon.colcon_core.verb:set package 'mycobot_description' build argument 'cmake_target_skip_unavailable' from command line to 'False'
[0.260s] Level 5:colcon.colcon_core.verb:set package 'mycobot_description' build argument 'cmake_clean_cache' from command line to 'False'
[0.260s] Level 5:colcon.colcon_core.verb:set package 'mycobot_description' build argument 'cmake_clean_first' from command line to 'False'
[0.260s] Level 5:colcon.colcon_core.verb:set package 'mycobot_description' build argument 'cmake_force_configure' from command line to 'False'
[0.260s] Level 5:colcon.colcon_core.verb:set package 'mycobot_description' build argument 'ament_cmake_args' from command line to 'None'
[0.260s] Level 5:colcon.colcon_core.verb:set package 'mycobot_description' build argument 'catkin_cmake_args' from command line to 'None'
[0.260s] Level 5:colcon.colcon_core.verb:set package 'mycobot_description' build argument 'catkin_skip_building_tests' from command line to 'False'
[0.260s] DEBUG:colcon.colcon_core.verb:Building package 'mycobot_description' with the following arguments: {'ament_cmake_args': None, 'build_base': '/home/notandi/ros2_ws/src/build/mycobot_description', 'catkin_cmake_args': None, 'catkin_skip_building_tests': False, 'cmake_args': None, 'cmake_clean_cache': False, 'cmake_clean_first': False, 'cmake_force_configure': False, 'cmake_target': None, 'cmake_target_skip_unavailable': False, 'install_base': '/home/notandi/ros2_ws/src/install/mycobot_description', 'merge_install': False, 'path': '/home/notandi/ros2_ws/src/mycobot_ros2/mycobot_description', 'symlink_install': True, 'test_result_base': None}
[0.260s] Level 5:colcon.colcon_core.verb:set package 'mycobot_gazebo' build argument 'cmake_args' from command line to 'None'
[0.260s] Level 5:colcon.colcon_core.verb:set package 'mycobot_gazebo' build argument 'cmake_target' from command line to 'None'
[0.260s] Level 5:colcon.colcon_core.verb:set package 'mycobot_gazebo' build argument 'cmake_target_skip_unavailable' from command line to 'False'
[0.260s] Level 5:colcon.colcon_core.verb:set package 'mycobot_gazebo' build argument 'cmake_clean_cache' from command line to 'False'
[0.260s] Level 5:colcon.colcon_core.verb:set package 'mycobot_gazebo' build argument 'cmake_clean_first' from command line to 'False'
[0.260s] Level 5:colcon.colcon_core.verb:set package 'mycobot_gazebo' build argument 'cmake_force_configure' from command line to 'False'
[0.260s] Level 5:colcon.colcon_core.verb:set package 'mycobot_gazebo' build argument 'ament_cmake_args' from command line to 'None'
[0.260s] Level 5:colcon.colcon_core.verb:set package 'mycobot_gazebo' build argument 'catkin_cmake_args' from command line to 'None'
[0.260s] Level 5:colcon.colcon_core.verb:set package 'mycobot_gazebo' build argument 'catkin_skip_building_tests' from command line to 'False'
[0.260s] DEBUG:colcon.colcon_core.verb:Building package 'mycobot_gazebo' with the following arguments: {'ament_cmake_args': None, 'build_base': '/home/notandi/ros2_ws/src/build/mycobot_gazebo', 'catkin_cmake_args': None, 'catkin_skip_building_tests': False, 'cmake_args': None, 'cmake_clean_cache': False, 'cmake_clean_first': False, 'cmake_force_configure': False, 'cmake_target': None, 'cmake_target_skip_unavailable': False, 'install_base': '/home/notandi/ros2_ws/src/install/mycobot_gazebo', 'merge_install': False, 'path': '/home/notandi/ros2_ws/src/mycobot_ros2/mycobot_gazebo', 'symlink_install': True, 'test_result_base': None}
[0.260s] Level 5:colcon.colcon_core.verb:set package 'mycobot_moveit_config' build argument 'cmake_args' from command line to 'None'
[0.260s] Level 5:colcon.colcon_core.verb:set package 'mycobot_moveit_config' build argument 'cmake_target' from command line to 'None'
[0.260s] Level 5:colcon.colcon_core.verb:set package 'mycobot_moveit_config' build argument 'cmake_target_skip_unavailable' from command line to 'False'
[0.260s] Level 5:colcon.colcon_core.verb:set package 'mycobot_moveit_config' build argument 'cmake_clean_cache' from command line to 'False'
[0.260s] Level 5:colcon.colcon_core.verb:set package 'mycobot_moveit_config' build argument 'cmake_clean_first' from command line to 'False'
[0.260s] Level 5:colcon.colcon_core.verb:set package 'mycobot_moveit_config' build argument 'cmake_force_configure' from command line to 'False'
[0.260s] Level 5:colcon.colcon_core.verb:set package 'mycobot_moveit_config' build argument 'ament_cmake_args' from command line to 'None'
[0.260s] Level 5:colcon.colcon_core.verb:set package 'mycobot_moveit_config' build argument 'catkin_cmake_args' from command line to 'None'
[0.260s] Level 5:colcon.colcon_core.verb:set package 'mycobot_moveit_config' build argument 'catkin_skip_building_tests' from command line to 'False'
[0.260s] DEBUG:colcon.colcon_core.verb:Building package 'mycobot_moveit_config' with the following arguments: {'ament_cmake_args': None, 'build_base': '/home/notandi/ros2_ws/src/build/mycobot_moveit_config', 'catkin_cmake_args': None, 'catkin_skip_building_tests': False, 'cmake_args': None, 'cmake_clean_cache': False, 'cmake_clean_first': False, 'cmake_force_configure': False, 'cmake_target': None, 'cmake_target_skip_unavailable': False, 'install_base': '/home/notandi/ros2_ws/src/install/mycobot_moveit_config', 'merge_install': False, 'path': '/home/notandi/ros2_ws/src/mycobot_ros2/mycobot_moveit_config', 'symlink_install': True, 'test_result_base': None}
[0.260s] Level 5:colcon.colcon_core.verb:set package 'mycobot_system_tests' build argument 'cmake_args' from command line to 'None'
[0.260s] Level 5:colcon.colcon_core.verb:set package 'mycobot_system_tests' build argument 'cmake_target' from command line to 'None'
[0.260s] Level 5:colcon.colcon_core.verb:set package 'mycobot_system_tests' build argument 'cmake_target_skip_unavailable' from command line to 'False'
[0.260s] Level 5:colcon.colcon_core.verb:set package 'mycobot_system_tests' build argument 'cmake_clean_cache' from command line to 'False'
[0.260s] Level 5:colcon.colcon_core.verb:set package 'mycobot_system_tests' build argument 'cmake_clean_first' from command line to 'False'
[0.260s] Level 5:colcon.colcon_core.verb:set package 'mycobot_system_tests' build argument 'cmake_force_configure' from command line to 'False'
[0.260s] Level 5:colcon.colcon_core.verb:set package 'mycobot_system_tests' build argument 'ament_cmake_args' from command line to 'None'
[0.260s] Level 5:colcon.colcon_core.verb:set package 'mycobot_system_tests' build argument 'catkin_cmake_args' from command line to 'None'
[0.260s] Level 5:colcon.colcon_core.verb:set package 'mycobot_system_tests' build argument 'catkin_skip_building_tests' from command line to 'False'
[0.260s] DEBUG:colcon.colcon_core.verb:Building package 'mycobot_system_tests' with the following arguments: {'ament_cmake_args': None, 'build_base': '/home/notandi/ros2_ws/src/build/mycobot_system_tests', 'catkin_cmake_args': None, 'catkin_skip_building_tests': False, 'cmake_args': None, 'cmake_clean_cache': False, 'cmake_clean_first': False, 'cmake_force_configure': False, 'cmake_target': None, 'cmake_target_skip_unavailable': False, 'install_base': '/home/notandi/ros2_ws/src/install/mycobot_system_tests', 'merge_install': False, 'path': '/home/notandi/ros2_ws/src/mycobot_ros2/mycobot_system_tests', 'symlink_install': True, 'test_result_base': None}
[0.260s] Level 5:colcon.colcon_core.verb:set package 'mycobot_ros2' build argument 'cmake_args' from command line to 'None'
[0.260s] Level 5:colcon.colcon_core.verb:set package 'mycobot_ros2' build argument 'cmake_target' from command line to 'None'
[0.261s] Level 5:colcon.colcon_core.verb:set package 'mycobot_ros2' build argument 'cmake_target_skip_unavailable' from command line to 'False'
[0.261s] Level 5:colcon.colcon_core.verb:set package 'mycobot_ros2' build argument 'cmake_clean_cache' from command line to 'False'
[0.261s] Level 5:colcon.colcon_core.verb:set package 'mycobot_ros2' build argument 'cmake_clean_first' from command line to 'False'
[0.261s] Level 5:colcon.colcon_core.verb:set package 'mycobot_ros2' build argument 'cmake_force_configure' from command line to 'False'
[0.261s] Level 5:colcon.colcon_core.verb:set package 'mycobot_ros2' build argument 'ament_cmake_args' from command line to 'None'
[0.261s] Level 5:colcon.colcon_core.verb:set package 'mycobot_ros2' build argument 'catkin_cmake_args' from command line to 'None'
[0.261s] Level 5:colcon.colcon_core.verb:set package 'mycobot_ros2' build argument 'catkin_skip_building_tests' from command line to 'False'
[0.261s] DEBUG:colcon.colcon_core.verb:Building package 'mycobot_ros2' with the following arguments: {'ament_cmake_args': None, 'build_base': '/home/notandi/ros2_ws/src/build/mycobot_ros2', 'catkin_cmake_args': None, 'catkin_skip_building_tests': False, 'cmake_args': None, 'cmake_clean_cache': False, 'cmake_clean_first': False, 'cmake_force_configure': False, 'cmake_target': None, 'cmake_target_skip_unavailable': False, 'install_base': '/home/notandi/ros2_ws/src/install/mycobot_ros2', 'merge_install': False, 'path': '/home/notandi/ros2_ws/src/mycobot_ros2/mycobot_ros2', 'symlink_install': True, 'test_result_base': None}
[0.261s] INFO:colcon.colcon_core.executor:Executing jobs using 'parallel' executor
[0.261s] DEBUG:colcon.colcon_parallel_executor.executor.parallel:run_until_complete
[0.261s] INFO:colcon.colcon_ros.task.ament_cmake.build:Building ROS package in '/home/notandi/ros2_ws/src/mycobot_ros2/mycobot_bringup' with build type 'ament_cmake'
[0.262s] INFO:colcon.colcon_cmake.task.cmake.build:Building CMake package in '/home/notandi/ros2_ws/src/mycobot_ros2/mycobot_bringup'
[0.263s] INFO:colcon.colcon_core.plugin_system:Skipping extension 'colcon_core.shell.bat': Not used on non-Windows systems
[0.264s] INFO:colcon.colcon_core.shell:Skip shell extension 'powershell' for command environment: Not usable outside of PowerShell
[0.264s] DEBUG:colcon.colcon_core.shell:Skip shell extension 'dsv' for command environment
[0.267s] INFO:colcon.colcon_ros.task.ament_cmake.build:Building ROS package in '/home/notandi/ros2_ws/src/mycobot_ros2/mycobot_description' with build type 'ament_cmake'
[0.268s] INFO:colcon.colcon_cmake.task.cmake.build:Building CMake package in '/home/notandi/ros2_ws/src/mycobot_ros2/mycobot_description'
[0.269s] INFO:colcon.colcon_core.shell:Skip shell extension 'powershell' for command environment: Not usable outside of PowerShell
[0.269s] DEBUG:colcon.colcon_core.shell:Skip shell extension 'dsv' for command environment
[0.273s] INFO:colcon.colcon_ros.task.ament_cmake.build:Building ROS package in '/home/notandi/ros2_ws/src/mycobot_ros2/mycobot_gazebo' with build type 'ament_cmake'
[0.273s] INFO:colcon.colcon_cmake.task.cmake.build:Building CMake package in '/home/notandi/ros2_ws/src/mycobot_ros2/mycobot_gazebo'
[0.273s] INFO:colcon.colcon_core.shell:Skip shell extension 'powershell' for command environment: Not usable outside of PowerShell
[0.273s] DEBUG:colcon.colcon_core.shell:Skip shell extension 'dsv' for command environment
[0.277s] INFO:colcon.colcon_ros.task.ament_cmake.build:Building ROS package in '/home/notandi/ros2_ws/src/mycobot_ros2/mycobot_moveit_config' with build type 'ament_cmake'
[0.277s] INFO:colcon.colcon_cmake.task.cmake.build:Building CMake package in '/home/notandi/ros2_ws/src/mycobot_ros2/mycobot_moveit_config'
[0.277s] INFO:colcon.colcon_core.shell:Skip shell extension 'powershell' for command environment: Not usable outside of PowerShell
[0.277s] DEBUG:colcon.colcon_core.shell:Skip shell extension 'dsv' for command environment
[0.280s] INFO:colcon.colcon_ros.task.ament_cmake.build:Building ROS package in '/home/notandi/ros2_ws/src/mycobot_ros2/mycobot_system_tests' with build type 'ament_cmake'
[0.280s] INFO:colcon.colcon_cmake.task.cmake.build:Building CMake package in '/home/notandi/ros2_ws/src/mycobot_ros2/mycobot_system_tests'
[0.281s] INFO:colcon.colcon_core.shell:Skip shell extension 'powershell' for command environment: Not usable outside of PowerShell
[0.281s] DEBUG:colcon.colcon_core.shell:Skip shell extension 'dsv' for command environment
[0.290s] DEBUG:colcon.colcon_core.event_handler.log_command:Invoking command in '/home/notandi/ros2_ws/src/build/mycobot_bringup': CMAKE_PREFIX_PATH=${CMAKE_PREFIX_PATH}:/opt/ros/jazzy /usr/bin/cmake /home/notandi/ros2_ws/src/mycobot_ros2/mycobot_bringup -DAMENT_CMAKE_SYMLINK_INSTALL=1 -DCMAKE_INSTALL_PREFIX=/home/notandi/ros2_ws/src/install/mycobot_bringup
[0.294s] DEBUG:colcon.colcon_core.event_handler.log_command:Invoking command in '/home/notandi/ros2_ws/src/build/mycobot_description': CMAKE_PREFIX_PATH=${CMAKE_PREFIX_PATH}:/opt/ros/jazzy /usr/bin/cmake /home/notandi/ros2_ws/src/mycobot_ros2/mycobot_description -DAMENT_CMAKE_SYMLINK_INSTALL=1 -DCMAKE_INSTALL_PREFIX=/home/notandi/ros2_ws/src/install/mycobot_description
[0.301s] DEBUG:colcon.colcon_core.event_handler.log_command:Invoking command in '/home/notandi/ros2_ws/src/build/mycobot_gazebo': CMAKE_PREFIX_PATH=${CMAKE_PREFIX_PATH}:/opt/ros/jazzy /usr/bin/cmake /home/notandi/ros2_ws/src/mycobot_ros2/mycobot_gazebo -DAMENT_CMAKE_SYMLINK_INSTALL=1 -DCMAKE_INSTALL_PREFIX=/home/notandi/ros2_ws/src/install/mycobot_gazebo
[0.305s] DEBUG:colcon.colcon_core.event_handler.log_command:Invoking command in '/home/notandi/ros2_ws/src/build/mycobot_moveit_config': CMAKE_PREFIX_PATH=${CMAKE_PREFIX_PATH}:/opt/ros/jazzy /usr/bin/cmake /home/notandi/ros2_ws/src/mycobot_ros2/mycobot_moveit_config -DAMENT_CMAKE_SYMLINK_INSTALL=1 -DCMAKE_INSTALL_PREFIX=/home/notandi/ros2_ws/src/install/mycobot_moveit_config
[0.312s] DEBUG:colcon.colcon_core.event_handler.log_command:Invoking command in '/home/notandi/ros2_ws/src/build/mycobot_system_tests': CMAKE_PREFIX_PATH=${CMAKE_PREFIX_PATH}:/opt/ros/jazzy /usr/bin/cmake /home/notandi/ros2_ws/src/mycobot_ros2/mycobot_system_tests -DAMENT_CMAKE_SYMLINK_INSTALL=1 -DCMAKE_INSTALL_PREFIX=/home/notandi/ros2_ws/src/install/mycobot_system_tests
[0.633s] DEBUG:colcon.colcon_core.event_handler.log_command:Invoked command in '/home/notandi/ros2_ws/src/build/mycobot_bringup' returned '0': CMAKE_PREFIX_PATH=${CMAKE_PREFIX_PATH}:/opt/ros/jazzy /usr/bin/cmake /home/notandi/ros2_ws/src/mycobot_ros2/mycobot_bringup -DAMENT_CMAKE_SYMLINK_INSTALL=1 -DCMAKE_INSTALL_PREFIX=/home/notandi/ros2_ws/src/install/mycobot_bringup
[0.634s] DEBUG:colcon.colcon_core.event_handler.log_command:Invoking command in '/home/notandi/ros2_ws/src/build/mycobot_bringup': CMAKE_PREFIX_PATH=${CMAKE_PREFIX_PATH}:/opt/ros/jazzy /usr/bin/cmake --build /home/notandi/ros2_ws/src/build/mycobot_bringup -- -j12 -l12
[0.635s] DEBUG:colcon.colcon_core.event_handler.log_command:Invoked command in '/home/notandi/ros2_ws/src/build/mycobot_description' returned '0': CMAKE_PREFIX_PATH=${CMAKE_PREFIX_PATH}:/opt/ros/jazzy /usr/bin/cmake /home/notandi/ros2_ws/src/mycobot_ros2/mycobot_description -DAMENT_CMAKE_SYMLINK_INSTALL=1 -DCMAKE_INSTALL_PREFIX=/home/notandi/ros2_ws/src/install/mycobot_description
[0.637s] DEBUG:colcon.colcon_core.event_handler.log_command:Invoking command in '/home/notandi/ros2_ws/src/build/mycobot_description': CMAKE_PREFIX_PATH=${CMAKE_PREFIX_PATH}:/opt/ros/jazzy /usr/bin/cmake --build /home/notandi/ros2_ws/src/build/mycobot_description -- -j12 -l12
[0.646s] DEBUG:colcon.colcon_core.event_handler.log_command:Invoked command in '/home/notandi/ros2_ws/src/build/mycobot_system_tests' returned '0': CMAKE_PREFIX_PATH=${CMAKE_PREFIX_PATH}:/opt/ros/jazzy /usr/bin/cmake /home/notandi/ros2_ws/src/mycobot_ros2/mycobot_system_tests -DAMENT_CMAKE_SYMLINK_INSTALL=1 -DCMAKE_INSTALL_PREFIX=/home/notandi/ros2_ws/src/install/mycobot_system_tests
[0.647s] DEBUG:colcon.colcon_core.event_handler.log_command:Invoking command in '/home/notandi/ros2_ws/src/build/mycobot_system_tests': CMAKE_PREFIX_PATH=${CMAKE_PREFIX_PATH}:/opt/ros/jazzy /usr/bin/cmake --build /home/notandi/ros2_ws/src/build/mycobot_system_tests -- -j12 -l12
[0.649s] DEBUG:colcon.colcon_core.event_handler.log_command:Invoked command in '/home/notandi/ros2_ws/src/build/mycobot_moveit_config' returned '0': CMAKE_PREFIX_PATH=${CMAKE_PREFIX_PATH}:/opt/ros/jazzy /usr/bin/cmake /home/notandi/ros2_ws/src/mycobot_ros2/mycobot_moveit_config -DAMENT_CMAKE_SYMLINK_INSTALL=1 -DCMAKE_INSTALL_PREFIX=/home/notandi/ros2_ws/src/install/mycobot_moveit_config
[0.650s] DEBUG:colcon.colcon_core.event_handler.log_command:Invoking command in '/home/notandi/ros2_ws/src/build/mycobot_moveit_config': CMAKE_PREFIX_PATH=${CMAKE_PREFIX_PATH}:/opt/ros/jazzy /usr/bin/cmake --build /home/notandi/ros2_ws/src/build/mycobot_moveit_config -- -j12 -l12
[0.671s] DEBUG:colcon.colcon_core.event_handler.log_command:Invoked command in '/home/notandi/ros2_ws/src/build/mycobot_description' returned '0': CMAKE_PREFIX_PATH=${CMAKE_PREFIX_PATH}:/opt/ros/jazzy /usr/bin/cmake --build /home/notandi/ros2_ws/src/build/mycobot_description -- -j12 -l12
[0.680s] DEBUG:colcon.colcon_core.event_handler.log_command:Invoking command in '/home/notandi/ros2_ws/src/build/mycobot_description': CMAKE_PREFIX_PATH=${CMAKE_PREFIX_PATH}:/opt/ros/jazzy /usr/bin/cmake --install /home/notandi/ros2_ws/src/build/mycobot_description
[0.681s] DEBUG:colcon.colcon_core.event_handler.log_command:Invoked command in '/home/notandi/ros2_ws/src/build/mycobot_bringup' returned '0': CMAKE_PREFIX_PATH=${CMAKE_PREFIX_PATH}:/opt/ros/jazzy /usr/bin/cmake --build /home/notandi/ros2_ws/src/build/mycobot_bringup -- -j12 -l12
[0.682s] DEBUG:colcon.colcon_core.event_handler.log_command:Invoking command in '/home/notandi/ros2_ws/src/build/mycobot_bringup': CMAKE_PREFIX_PATH=${CMAKE_PREFIX_PATH}:/opt/ros/jazzy /usr/bin/cmake --install /home/notandi/ros2_ws/src/build/mycobot_bringup
[0.684s] DEBUG:colcon.colcon_core.event_handler.log_command:Invoked command in '/home/notandi/ros2_ws/src/build/mycobot_system_tests' returned '0': CMAKE_PREFIX_PATH=${CMAKE_PREFIX_PATH}:/opt/ros/jazzy /usr/bin/cmake --build /home/notandi/ros2_ws/src/build/mycobot_system_tests -- -j12 -l12
[0.684s] DEBUG:colcon.colcon_core.event_handler.log_command:Invoking command in '/home/notandi/ros2_ws/src/build/mycobot_system_tests': CMAKE_PREFIX_PATH=${CMAKE_PREFIX_PATH}:/opt/ros/jazzy /usr/bin/cmake --install /home/notandi/ros2_ws/src/build/mycobot_system_tests
[0.686s] DEBUG:colcon.colcon_core.event_handler.log_command:Invoked command in '/home/notandi/ros2_ws/src/build/mycobot_moveit_config' returned '0': CMAKE_PREFIX_PATH=${CMAKE_PREFIX_PATH}:/opt/ros/jazzy /usr/bin/cmake --build /home/notandi/ros2_ws/src/build/mycobot_moveit_config -- -j12 -l12
[0.688s] DEBUG:colcon.colcon_core.event_handler.log_command:Invoking command in '/home/notandi/ros2_ws/src/build/mycobot_moveit_config': CMAKE_PREFIX_PATH=${CMAKE_PREFIX_PATH}:/opt/ros/jazzy /usr/bin/cmake --install /home/notandi/ros2_ws/src/build/mycobot_moveit_config
[0.827s] Level 1:colcon.colcon_core.environment:create_environment_scripts_only(mycobot_system_tests)
[0.828s] DEBUG:colcon.colcon_core.event_handler.log_command:Invoked command in '/home/notandi/ros2_ws/src/build/mycobot_system_tests' returned '0': CMAKE_PREFIX_PATH=${CMAKE_PREFIX_PATH}:/opt/ros/jazzy /usr/bin/cmake --install /home/notandi/ros2_ws/src/build/mycobot_system_tests
[0.829s] Level 1:colcon.colcon_core.environment:checking '/home/notandi/ros2_ws/src/install/mycobot_system_tests' for CMake module files
[0.830s] Level 1:colcon.colcon_core.environment:checking '/home/notandi/ros2_ws/src/install/mycobot_system_tests' for CMake config files
[0.831s] Level 1:colcon.colcon_core.shell:create_environment_hook('mycobot_system_tests', 'cmake_prefix_path')
[0.831s] INFO:colcon.colcon_core.shell:Creating environment hook '/home/notandi/ros2_ws/src/install/mycobot_system_tests/share/mycobot_system_tests/hook/cmake_prefix_path.ps1'
[0.831s] INFO:colcon.colcon_core.shell:Creating environment descriptor '/home/notandi/ros2_ws/src/install/mycobot_system_tests/share/mycobot_system_tests/hook/cmake_prefix_path.dsv'
[0.832s] INFO:colcon.colcon_core.shell:Creating environment hook '/home/notandi/ros2_ws/src/install/mycobot_system_tests/share/mycobot_system_tests/hook/cmake_prefix_path.sh'
[0.832s] Level 1:colcon.colcon_core.environment:checking '/home/notandi/ros2_ws/src/install/mycobot_system_tests/bin'
[0.832s] Level 1:colcon.colcon_core.environment:checking '/home/notandi/ros2_ws/src/install/mycobot_system_tests/lib/pkgconfig/mycobot_system_tests.pc'
[0.833s] Level 1:colcon.colcon_core.environment:checking '/home/notandi/ros2_ws/src/install/mycobot_system_tests/lib/python3.12/site-packages'
[0.833s] Level 1:colcon.colcon_core.environment:checking '/home/notandi/ros2_ws/src/install/mycobot_system_tests/bin'
[0.833s] INFO:colcon.colcon_core.shell:Creating package script '/home/notandi/ros2_ws/src/install/mycobot_system_tests/share/mycobot_system_tests/package.ps1'
[0.834s] INFO:colcon.colcon_core.shell:Creating package descriptor '/home/notandi/ros2_ws/src/install/mycobot_system_tests/share/mycobot_system_tests/package.dsv'
[0.835s] INFO:colcon.colcon_core.shell:Creating package script '/home/notandi/ros2_ws/src/install/mycobot_system_tests/share/mycobot_system_tests/package.sh'
[0.836s] INFO:colcon.colcon_core.shell:Creating package script '/home/notandi/ros2_ws/src/install/mycobot_system_tests/share/mycobot_system_tests/package.bash'
[0.836s] INFO:colcon.colcon_core.shell:Creating package script '/home/notandi/ros2_ws/src/install/mycobot_system_tests/share/mycobot_system_tests/package.zsh'
[0.837s] Level 1:colcon.colcon_core.environment:create_file_with_runtime_dependencies(/home/notandi/ros2_ws/src/install/mycobot_system_tests/share/colcon-core/packages/mycobot_system_tests)
[0.838s] Level 1:colcon.colcon_core.environment:create_environment_scripts_only(mycobot_system_tests)
[0.838s] Level 1:colcon.colcon_core.environment:checking '/home/notandi/ros2_ws/src/install/mycobot_system_tests' for CMake module files
[0.838s] Level 1:colcon.colcon_core.environment:checking '/home/notandi/ros2_ws/src/install/mycobot_system_tests' for CMake config files
[0.839s] Level 1:colcon.colcon_core.shell:create_environment_hook('mycobot_system_tests', 'cmake_prefix_path')
[0.839s] INFO:colcon.colcon_core.shell:Creating environment hook '/home/notandi/ros2_ws/src/install/mycobot_system_tests/share/mycobot_system_tests/hook/cmake_prefix_path.ps1'
[0.839s] INFO:colcon.colcon_core.shell:Creating environment descriptor '/home/notandi/ros2_ws/src/install/mycobot_system_tests/share/mycobot_system_tests/hook/cmake_prefix_path.dsv'
[0.839s] INFO:colcon.colcon_core.shell:Creating environment hook '/home/notandi/ros2_ws/src/install/mycobot_system_tests/share/mycobot_system_tests/hook/cmake_prefix_path.sh'
[0.840s] Level 1:colcon.colcon_core.environment:checking '/home/notandi/ros2_ws/src/install/mycobot_system_tests/bin'
[0.840s] Level 1:colcon.colcon_core.environment:checking '/home/notandi/ros2_ws/src/install/mycobot_system_tests/lib/pkgconfig/mycobot_system_tests.pc'
[0.840s] Level 1:colcon.colcon_core.environment:checking '/home/notandi/ros2_ws/src/install/mycobot_system_tests/lib/python3.12/site-packages'
[0.840s] Level 1:colcon.colcon_core.environment:checking '/home/notandi/ros2_ws/src/install/mycobot_system_tests/bin'
[0.840s] INFO:colcon.colcon_core.shell:Creating package script '/home/notandi/ros2_ws/src/install/mycobot_system_tests/share/mycobot_system_tests/package.ps1'
[0.841s] INFO:colcon.colcon_core.shell:Creating package descriptor '/home/notandi/ros2_ws/src/install/mycobot_system_tests/share/mycobot_system_tests/package.dsv'
[0.841s] INFO:colcon.colcon_core.shell:Creating package script '/home/notandi/ros2_ws/src/install/mycobot_system_tests/share/mycobot_system_tests/package.sh'
[0.842s] INFO:colcon.colcon_core.shell:Creating package script '/home/notandi/ros2_ws/src/install/mycobot_system_tests/share/mycobot_system_tests/package.bash'
[0.842s] INFO:colcon.colcon_core.shell:Creating package script '/home/notandi/ros2_ws/src/install/mycobot_system_tests/share/mycobot_system_tests/package.zsh'
[0.843s] Level 1:colcon.colcon_core.environment:create_file_with_runtime_dependencies(/home/notandi/ros2_ws/src/install/mycobot_system_tests/share/colcon-core/packages/mycobot_system_tests)
[0.845s] Level 1:colcon.colcon_core.environment:create_environment_scripts_only(mycobot_bringup)
[0.845s] Level 1:colcon.colcon_core.environment:checking '/home/notandi/ros2_ws/src/install/mycobot_bringup' for CMake module files
[0.846s] DEBUG:colcon.colcon_core.event_handler.log_command:Invoked command in '/home/notandi/ros2_ws/src/build/mycobot_bringup' returned '0': CMAKE_PREFIX_PATH=${CMAKE_PREFIX_PATH}:/opt/ros/jazzy /usr/bin/cmake --install /home/notandi/ros2_ws/src/build/mycobot_bringup
[0.847s] Level 1:colcon.colcon_core.environment:checking '/home/notandi/ros2_ws/src/install/mycobot_bringup' for CMake config files
[0.848s] Level 1:colcon.colcon_core.shell:create_environment_hook('mycobot_bringup', 'cmake_prefix_path')
[0.848s] INFO:colcon.colcon_core.shell:Creating environment hook '/home/notandi/ros2_ws/src/install/mycobot_bringup/share/mycobot_bringup/hook/cmake_prefix_path.ps1'
[0.848s] INFO:colcon.colcon_core.shell:Creating environment descriptor '/home/notandi/ros2_ws/src/install/mycobot_bringup/share/mycobot_bringup/hook/cmake_prefix_path.dsv'
[0.849s] INFO:colcon.colcon_core.shell:Creating environment hook '/home/notandi/ros2_ws/src/install/mycobot_bringup/share/mycobot_bringup/hook/cmake_prefix_path.sh'
[0.850s] Level 1:colcon.colcon_core.environment:checking '/home/notandi/ros2_ws/src/install/mycobot_bringup/bin'
[0.850s] Level 1:colcon.colcon_core.environment:checking '/home/notandi/ros2_ws/src/install/mycobot_bringup/lib/pkgconfig/mycobot_bringup.pc'
[0.850s] Level 1:colcon.colcon_core.environment:checking '/home/notandi/ros2_ws/src/install/mycobot_bringup/lib/python3.12/site-packages'
[0.850s] Level 1:colcon.colcon_core.environment:checking '/home/notandi/ros2_ws/src/install/mycobot_bringup/bin'
[0.850s] INFO:colcon.colcon_core.shell:Creating package script '/home/notandi/ros2_ws/src/install/mycobot_bringup/share/mycobot_bringup/package.ps1'
[0.851s] INFO:colcon.colcon_core.shell:Creating package descriptor '/home/notandi/ros2_ws/src/install/mycobot_bringup/share/mycobot_bringup/package.dsv'
[0.851s] INFO:colcon.colcon_core.shell:Creating package script '/home/notandi/ros2_ws/src/install/mycobot_bringup/share/mycobot_bringup/package.sh'
[0.851s] INFO:colcon.colcon_core.shell:Creating package script '/home/notandi/ros2_ws/src/install/mycobot_bringup/share/mycobot_bringup/package.bash'
[0.851s] INFO:colcon.colcon_core.shell:Creating package script '/home/notandi/ros2_ws/src/install/mycobot_bringup/share/mycobot_bringup/package.zsh'
[0.851s] Level 1:colcon.colcon_core.environment:create_file_with_runtime_dependencies(/home/notandi/ros2_ws/src/install/mycobot_bringup/share/colcon-core/packages/mycobot_bringup)
[0.852s] Level 1:colcon.colcon_core.environment:create_environment_scripts_only(mycobot_bringup)
[0.853s] Level 1:colcon.colcon_core.environment:checking '/home/notandi/ros2_ws/src/install/mycobot_bringup' for CMake module files
[0.853s] Level 1:colcon.colcon_core.environment:checking '/home/notandi/ros2_ws/src/install/mycobot_bringup' for CMake config files
[0.853s] Level 1:colcon.colcon_core.shell:create_environment_hook('mycobot_bringup', 'cmake_prefix_path')
[0.853s] INFO:colcon.colcon_core.shell:Creating environment hook '/home/notandi/ros2_ws/src/install/mycobot_bringup/share/mycobot_bringup/hook/cmake_prefix_path.ps1'
[0.854s] INFO:colcon.colcon_core.shell:Creating environment descriptor '/home/notandi/ros2_ws/src/install/mycobot_bringup/share/mycobot_bringup/hook/cmake_prefix_path.dsv'
[0.855s] INFO:colcon.colcon_core.shell:Creating environment hook '/home/notandi/ros2_ws/src/install/mycobot_bringup/share/mycobot_bringup/hook/cmake_prefix_path.sh'
[0.856s] Level 1:colcon.colcon_core.environment:checking '/home/notandi/ros2_ws/src/install/mycobot_bringup/bin'
[0.856s] Level 1:colcon.colcon_core.environment:checking '/home/notandi/ros2_ws/src/install/mycobot_bringup/lib/pkgconfig/mycobot_bringup.pc'
[0.856s] Level 1:colcon.colcon_core.environment:checking '/home/notandi/ros2_ws/src/install/mycobot_bringup/lib/python3.12/site-packages'
[0.856s] Level 1:colcon.colcon_core.environment:checking '/home/notandi/ros2_ws/src/install/mycobot_bringup/bin'
[0.857s] INFO:colcon.colcon_core.shell:Creating package script '/home/notandi/ros2_ws/src/install/mycobot_bringup/share/mycobot_bringup/package.ps1'
[0.857s] INFO:colcon.colcon_core.shell:Creating package descriptor '/home/notandi/ros2_ws/src/install/mycobot_bringup/share/mycobot_bringup/package.dsv'
[0.858s] INFO:colcon.colcon_core.shell:Creating package script '/home/notandi/ros2_ws/src/install/mycobot_bringup/share/mycobot_bringup/package.sh'
[0.858s] INFO:colcon.colcon_core.shell:Creating package script '/home/notandi/ros2_ws/src/install/mycobot_bringup/share/mycobot_bringup/package.bash'
[0.858s] INFO:colcon.colcon_core.shell:Creating package script '/home/notandi/ros2_ws/src/install/mycobot_bringup/share/mycobot_bringup/package.zsh'
[0.858s] Level 1:colcon.colcon_core.environment:create_file_with_runtime_dependencies(/home/notandi/ros2_ws/src/install/mycobot_bringup/share/colcon-core/packages/mycobot_bringup)
[0.860s] Level 1:colcon.colcon_core.environment:create_environment_scripts_only(mycobot_moveit_config)
[0.861s] Level 1:colcon.colcon_core.environment:checking '/home/notandi/ros2_ws/src/install/mycobot_moveit_config' for CMake module files
[0.861s] DEBUG:colcon.colcon_core.event_handler.log_command:Invoked command in '/home/notandi/ros2_ws/src/build/mycobot_moveit_config' returned '0': CMAKE_PREFIX_PATH=${CMAKE_PREFIX_PATH}:/opt/ros/jazzy /usr/bin/cmake --install /home/notandi/ros2_ws/src/build/mycobot_moveit_config
[0.862s] Level 1:colcon.colcon_core.environment:checking '/home/notandi/ros2_ws/src/install/mycobot_moveit_config' for CMake config files
[0.863s] Level 1:colcon.colcon_core.shell:create_environment_hook('mycobot_moveit_config', 'cmake_prefix_path')
[0.863s] INFO:colcon.colcon_core.shell:Creating environment hook '/home/notandi/ros2_ws/src/install/mycobot_moveit_config/share/mycobot_moveit_config/hook/cmake_prefix_path.ps1'
[0.864s] INFO:colcon.colcon_core.shell:Creating environment descriptor '/home/notandi/ros2_ws/src/install/mycobot_moveit_config/share/mycobot_moveit_config/hook/cmake_prefix_path.dsv'
[0.864s] INFO:colcon.colcon_core.shell:Creating environment hook '/home/notandi/ros2_ws/src/install/mycobot_moveit_config/share/mycobot_moveit_config/hook/cmake_prefix_path.sh'
[0.865s] Level 1:colcon.colcon_core.environment:checking '/home/notandi/ros2_ws/src/install/mycobot_moveit_config/bin'
[0.865s] Level 1:colcon.colcon_core.environment:checking '/home/notandi/ros2_ws/src/install/mycobot_moveit_config/lib/pkgconfig/mycobot_moveit_config.pc'
[0.865s] Level 1:colcon.colcon_core.environment:checking '/home/notandi/ros2_ws/src/install/mycobot_moveit_config/lib/python3.12/site-packages'
[0.865s] Level 1:colcon.colcon_core.environment:checking '/home/notandi/ros2_ws/src/install/mycobot_moveit_config/bin'
[0.865s] INFO:colcon.colcon_core.shell:Creating package script '/home/notandi/ros2_ws/src/install/mycobot_moveit_config/share/mycobot_moveit_config/package.ps1'
[0.866s] INFO:colcon.colcon_core.shell:Creating package descriptor '/home/notandi/ros2_ws/src/install/mycobot_moveit_config/share/mycobot_moveit_config/package.dsv'
[0.866s] INFO:colcon.colcon_core.shell:Creating package script '/home/notandi/ros2_ws/src/install/mycobot_moveit_config/share/mycobot_moveit_config/package.sh'
[0.866s] INFO:colcon.colcon_core.shell:Creating package script '/home/notandi/ros2_ws/src/install/mycobot_moveit_config/share/mycobot_moveit_config/package.bash'
[0.867s] INFO:colcon.colcon_core.shell:Creating package script '/home/notandi/ros2_ws/src/install/mycobot_moveit_config/share/mycobot_moveit_config/package.zsh'
[0.867s] Level 1:colcon.colcon_core.environment:create_file_with_runtime_dependencies(/home/notandi/ros2_ws/src/install/mycobot_moveit_config/share/colcon-core/packages/mycobot_moveit_config)
[0.867s] Level 1:colcon.colcon_core.environment:create_environment_scripts_only(mycobot_moveit_config)
[0.867s] Level 1:colcon.colcon_core.environment:checking '/home/notandi/ros2_ws/src/install/mycobot_moveit_config' for CMake module files
[0.868s] Level 1:colcon.colcon_core.environment:checking '/home/notandi/ros2_ws/src/install/mycobot_moveit_config' for CMake config files
[0.868s] Level 1:colcon.colcon_core.shell:create_environment_hook('mycobot_moveit_config', 'cmake_prefix_path')
[0.868s] INFO:colcon.colcon_core.shell:Creating environment hook '/home/notandi/ros2_ws/src/install/mycobot_moveit_config/share/mycobot_moveit_config/hook/cmake_prefix_path.ps1'
[0.868s] INFO:colcon.colcon_core.shell:Creating environment descriptor '/home/notandi/ros2_ws/src/install/mycobot_moveit_config/share/mycobot_moveit_config/hook/cmake_prefix_path.dsv'
[0.869s] INFO:colcon.colcon_core.shell:Creating environment hook '/home/notandi/ros2_ws/src/install/mycobot_moveit_config/share/mycobot_moveit_config/hook/cmake_prefix_path.sh'
[0.869s] Level 1:colcon.colcon_core.environment:checking '/home/notandi/ros2_ws/src/install/mycobot_moveit_config/bin'
[0.869s] Level 1:colcon.colcon_core.environment:checking '/home/notandi/ros2_ws/src/install/mycobot_moveit_config/lib/pkgconfig/mycobot_moveit_config.pc'
[0.869s] Level 1:colcon.colcon_core.environment:checking '/home/notandi/ros2_ws/src/install/mycobot_moveit_config/lib/python3.12/site-packages'
[0.869s] Level 1:colcon.colcon_core.environment:checking '/home/notandi/ros2_ws/src/install/mycobot_moveit_config/bin'
[0.869s] INFO:colcon.colcon_core.shell:Creating package script '/home/notandi/ros2_ws/src/install/mycobot_moveit_config/share/mycobot_moveit_config/package.ps1'
[0.870s] INFO:colcon.colcon_core.shell:Creating package descriptor '/home/notandi/ros2_ws/src/install/mycobot_moveit_config/share/mycobot_moveit_config/package.dsv'
[0.870s] INFO:colcon.colcon_core.shell:Creating package script '/home/notandi/ros2_ws/src/install/mycobot_moveit_config/share/mycobot_moveit_config/package.sh'
[0.871s] INFO:colcon.colcon_core.shell:Creating package script '/home/notandi/ros2_ws/src/install/mycobot_moveit_config/share/mycobot_moveit_config/package.bash'
[0.871s] INFO:colcon.colcon_core.shell:Creating package script '/home/notandi/ros2_ws/src/install/mycobot_moveit_config/share/mycobot_moveit_config/package.zsh'
[0.872s] Level 1:colcon.colcon_core.environment:create_file_with_runtime_dependencies(/home/notandi/ros2_ws/src/install/mycobot_moveit_config/share/colcon-core/packages/mycobot_moveit_config)
[1.074s] Level 1:colcon.colcon_core.environment:create_environment_scripts_only(mycobot_description)
[1.074s] Level 1:colcon.colcon_core.environment:checking '/home/notandi/ros2_ws/src/install/mycobot_description' for CMake module files
[1.074s] DEBUG:colcon.colcon_core.event_handler.log_command:Invoked command in '/home/notandi/ros2_ws/src/build/mycobot_description' returned '0': CMAKE_PREFIX_PATH=${CMAKE_PREFIX_PATH}:/opt/ros/jazzy /usr/bin/cmake --install /home/notandi/ros2_ws/src/build/mycobot_description
[1.075s] Level 1:colcon.colcon_core.environment:checking '/home/notandi/ros2_ws/src/install/mycobot_description' for CMake config files
[1.076s] Level 1:colcon.colcon_core.shell:create_environment_hook('mycobot_description', 'cmake_prefix_path')
[1.076s] INFO:colcon.colcon_core.shell:Creating environment hook '/home/notandi/ros2_ws/src/install/mycobot_description/share/mycobot_description/hook/cmake_prefix_path.ps1'
[1.076s] INFO:colcon.colcon_core.shell:Creating environment descriptor '/home/notandi/ros2_ws/src/install/mycobot_description/share/mycobot_description/hook/cmake_prefix_path.dsv'
[1.077s] INFO:colcon.colcon_core.shell:Creating environment hook '/home/notandi/ros2_ws/src/install/mycobot_description/share/mycobot_description/hook/cmake_prefix_path.sh'
[1.077s] Level 1:colcon.colcon_core.environment:checking '/home/notandi/ros2_ws/src/install/mycobot_description/bin'
[1.077s] Level 1:colcon.colcon_core.environment:checking '/home/notandi/ros2_ws/src/install/mycobot_description/lib/pkgconfig/mycobot_description.pc'
[1.077s] Level 1:colcon.colcon_core.environment:checking '/home/notandi/ros2_ws/src/install/mycobot_description/lib/python3.12/site-packages'
[1.077s] Level 1:colcon.colcon_core.environment:checking '/home/notandi/ros2_ws/src/install/mycobot_description/bin'
[1.078s] INFO:colcon.colcon_core.shell:Creating package script '/home/notandi/ros2_ws/src/install/mycobot_description/share/mycobot_description/package.ps1'
[1.078s] INFO:colcon.colcon_core.shell:Creating package descriptor '/home/notandi/ros2_ws/src/install/mycobot_description/share/mycobot_description/package.dsv'
[1.078s] INFO:colcon.colcon_core.shell:Creating package script '/home/notandi/ros2_ws/src/install/mycobot_description/share/mycobot_description/package.sh'
[1.078s] INFO:colcon.colcon_core.shell:Creating package script '/home/notandi/ros2_ws/src/install/mycobot_description/share/mycobot_description/package.bash'
[1.079s] INFO:colcon.colcon_core.shell:Creating package script '/home/notandi/ros2_ws/src/install/mycobot_description/share/mycobot_description/package.zsh'
[1.079s] Level 1:colcon.colcon_core.environment:create_file_with_runtime_dependencies(/home/notandi/ros2_ws/src/install/mycobot_description/share/colcon-core/packages/mycobot_description)
[1.079s] Level 1:colcon.colcon_core.environment:create_environment_scripts_only(mycobot_description)
[1.079s] Level 1:colcon.colcon_core.environment:checking '/home/notandi/ros2_ws/src/install/mycobot_description' for CMake module files
[1.079s] Level 1:colcon.colcon_core.environment:checking '/home/notandi/ros2_ws/src/install/mycobot_description' for CMake config files
[1.080s] Level 1:colcon.colcon_core.shell:create_environment_hook('mycobot_description', 'cmake_prefix_path')
[1.080s] INFO:colcon.colcon_core.shell:Creating environment hook '/home/notandi/ros2_ws/src/install/mycobot_description/share/mycobot_description/hook/cmake_prefix_path.ps1'
[1.080s] INFO:colcon.colcon_core.shell:Creating environment descriptor '/home/notandi/ros2_ws/src/install/mycobot_description/share/mycobot_description/hook/cmake_prefix_path.dsv'
[1.080s] INFO:colcon.colcon_core.shell:Creating environment hook '/home/notandi/ros2_ws/src/install/mycobot_description/share/mycobot_description/hook/cmake_prefix_path.sh'
[1.081s] Level 1:colcon.colcon_core.environment:checking '/home/notandi/ros2_ws/src/install/mycobot_description/bin'
[1.081s] Level 1:colcon.colcon_core.environment:checking '/home/notandi/ros2_ws/src/install/mycobot_description/lib/pkgconfig/mycobot_description.pc'
[1.081s] Level 1:colcon.colcon_core.environment:checking '/home/notandi/ros2_ws/src/install/mycobot_description/lib/python3.12/site-packages'
[1.081s] Level 1:colcon.colcon_core.environment:checking '/home/notandi/ros2_ws/src/install/mycobot_description/bin'
[1.081s] INFO:colcon.colcon_core.shell:Creating package script '/home/notandi/ros2_ws/src/install/mycobot_description/share/mycobot_description/package.ps1'
[1.081s] INFO:colcon.colcon_core.shell:Creating package descriptor '/home/notandi/ros2_ws/src/install/mycobot_description/share/mycobot_description/package.dsv'
[1.082s] INFO:colcon.colcon_core.shell:Creating package script '/home/notandi/ros2_ws/src/install/mycobot_description/share/mycobot_description/package.sh'
[1.082s] INFO:colcon.colcon_core.shell:Creating package script '/home/notandi/ros2_ws/src/install/mycobot_description/share/mycobot_description/package.bash'
[1.082s] INFO:colcon.colcon_core.shell:Creating package script '/home/notandi/ros2_ws/src/install/mycobot_description/share/mycobot_description/package.zsh'
[1.082s] Level 1:colcon.colcon_core.environment:create_file_with_runtime_dependencies(/home/notandi/ros2_ws/src/install/mycobot_description/share/colcon-core/packages/mycobot_description)
[2.401s] DEBUG:colcon.colcon_core.event_handler.log_command:Invoked command in '/home/notandi/ros2_ws/src/build/mycobot_gazebo' returned '0': CMAKE_PREFIX_PATH=${CMAKE_PREFIX_PATH}:/opt/ros/jazzy /usr/bin/cmake /home/notandi/ros2_ws/src/mycobot_ros2/mycobot_gazebo -DAMENT_CMAKE_SYMLINK_INSTALL=1 -DCMAKE_INSTALL_PREFIX=/home/notandi/ros2_ws/src/install/mycobot_gazebo
[2.401s] DEBUG:colcon.colcon_core.event_handler.log_command:Invoking command in '/home/notandi/ros2_ws/src/build/mycobot_gazebo': CMAKE_PREFIX_PATH=${CMAKE_PREFIX_PATH}:/opt/ros/jazzy /usr/bin/cmake --build /home/notandi/ros2_ws/src/build/mycobot_gazebo -- -j12 -l12
[2.433s] DEBUG:colcon.colcon_core.event_handler.log_command:Invoked command in '/home/notandi/ros2_ws/src/build/mycobot_gazebo' returned '0': CMAKE_PREFIX_PATH=${CMAKE_PREFIX_PATH}:/opt/ros/jazzy /usr/bin/cmake --build /home/notandi/ros2_ws/src/build/mycobot_gazebo -- -j12 -l12
[2.434s] DEBUG:colcon.colcon_core.event_handler.log_command:Invoking command in '/home/notandi/ros2_ws/src/build/mycobot_gazebo': CMAKE_PREFIX_PATH=${CMAKE_PREFIX_PATH}:/opt/ros/jazzy /usr/bin/cmake --install /home/notandi/ros2_ws/src/build/mycobot_gazebo
[6.499s] Level 1:colcon.colcon_core.environment:create_environment_scripts_only(mycobot_gazebo)
[6.499s] Level 1:colcon.colcon_core.environment:checking '/home/notandi/ros2_ws/src/install/mycobot_gazebo' for CMake module files
[6.499s] DEBUG:colcon.colcon_core.event_handler.log_command:Invoked command in '/home/notandi/ros2_ws/src/build/mycobot_gazebo' returned '0': CMAKE_PREFIX_PATH=${CMAKE_PREFIX_PATH}:/opt/ros/jazzy /usr/bin/cmake --install /home/notandi/ros2_ws/src/build/mycobot_gazebo
[6.500s] Level 1:colcon.colcon_core.environment:checking '/home/notandi/ros2_ws/src/install/mycobot_gazebo' for CMake config files
[6.506s] Level 1:colcon.colcon_core.shell:create_environment_hook('mycobot_gazebo', 'cmake_prefix_path')
[6.506s] INFO:colcon.colcon_core.shell:Creating environment hook '/home/notandi/ros2_ws/src/install/mycobot_gazebo/share/mycobot_gazebo/hook/cmake_prefix_path.ps1'
[6.506s] INFO:colcon.colcon_core.shell:Creating environment descriptor '/home/notandi/ros2_ws/src/install/mycobot_gazebo/share/mycobot_gazebo/hook/cmake_prefix_path.dsv'
[6.506s] INFO:colcon.colcon_core.shell:Creating environment hook '/home/notandi/ros2_ws/src/install/mycobot_gazebo/share/mycobot_gazebo/hook/cmake_prefix_path.sh'
[6.507s] Level 1:colcon.colcon_core.environment:checking '/home/notandi/ros2_ws/src/install/mycobot_gazebo/bin'
[6.507s] Level 1:colcon.colcon_core.environment:checking '/home/notandi/ros2_ws/src/install/mycobot_gazebo/lib/pkgconfig/mycobot_gazebo.pc'
[6.507s] Level 1:colcon.colcon_core.environment:checking '/home/notandi/ros2_ws/src/install/mycobot_gazebo/lib/python3.12/site-packages'
[6.507s] Level 1:colcon.colcon_core.environment:checking '/home/notandi/ros2_ws/src/install/mycobot_gazebo/bin'
[6.507s] INFO:colcon.colcon_core.shell:Creating package script '/home/notandi/ros2_ws/src/install/mycobot_gazebo/share/mycobot_gazebo/package.ps1'
[6.508s] INFO:colcon.colcon_core.shell:Creating package descriptor '/home/notandi/ros2_ws/src/install/mycobot_gazebo/share/mycobot_gazebo/package.dsv'
[6.508s] INFO:colcon.colcon_core.shell:Creating package script '/home/notandi/ros2_ws/src/install/mycobot_gazebo/share/mycobot_gazebo/package.sh'
[6.508s] INFO:colcon.colcon_core.shell:Creating package script '/home/notandi/ros2_ws/src/install/mycobot_gazebo/share/mycobot_gazebo/package.bash'
[6.509s] INFO:colcon.colcon_core.shell:Creating package script '/home/notandi/ros2_ws/src/install/mycobot_gazebo/share/mycobot_gazebo/package.zsh'
[6.509s] Level 1:colcon.colcon_core.environment:create_file_with_runtime_dependencies(/home/notandi/ros2_ws/src/install/mycobot_gazebo/share/colcon-core/packages/mycobot_gazebo)
[6.511s] Level 1:colcon.colcon_core.environment:create_environment_scripts_only(mycobot_gazebo)
[6.511s] Level 1:colcon.colcon_core.environment:checking '/home/notandi/ros2_ws/src/install/mycobot_gazebo' for CMake module files
[6.511s] Level 1:colcon.colcon_core.environment:checking '/home/notandi/ros2_ws/src/install/mycobot_gazebo' for CMake config files
[6.516s] Level 1:colcon.colcon_core.shell:create_environment_hook('mycobot_gazebo', 'cmake_prefix_path')
[6.516s] INFO:colcon.colcon_core.shell:Creating environment hook '/home/notandi/ros2_ws/src/install/mycobot_gazebo/share/mycobot_gazebo/hook/cmake_prefix_path.ps1'
[6.517s] INFO:colcon.colcon_core.shell:Creating environment descriptor '/home/notandi/ros2_ws/src/install/mycobot_gazebo/share/mycobot_gazebo/hook/cmake_prefix_path.dsv'
[6.517s] INFO:colcon.colcon_core.shell:Creating environment hook '/home/notandi/ros2_ws/src/install/mycobot_gazebo/share/mycobot_gazebo/hook/cmake_prefix_path.sh'
[6.518s] Level 1:colcon.colcon_core.environment:checking '/home/notandi/ros2_ws/src/install/mycobot_gazebo/bin'
[6.518s] Level 1:colcon.colcon_core.environment:checking '/home/notandi/ros2_ws/src/install/mycobot_gazebo/lib/pkgconfig/mycobot_gazebo.pc'
[6.518s] Level 1:colcon.colcon_core.environment:checking '/home/notandi/ros2_ws/src/install/mycobot_gazebo/lib/python3.12/site-packages'
[6.518s] Level 1:colcon.colcon_core.environment:checking '/home/notandi/ros2_ws/src/install/mycobot_gazebo/bin'
[6.518s] INFO:colcon.colcon_core.shell:Creating package script '/home/notandi/ros2_ws/src/install/mycobot_gazebo/share/mycobot_gazebo/package.ps1'
[6.519s] INFO:colcon.colcon_core.shell:Creating package descriptor '/home/notandi/ros2_ws/src/install/mycobot_gazebo/share/mycobot_gazebo/package.dsv'
[6.519s] INFO:colcon.colcon_core.shell:Creating package script '/home/notandi/ros2_ws/src/install/mycobot_gazebo/share/mycobot_gazebo/package.sh'
[6.519s] INFO:colcon.colcon_core.shell:Creating package script '/home/notandi/ros2_ws/src/install/mycobot_gazebo/share/mycobot_gazebo/package.bash'
[6.519s] INFO:colcon.colcon_core.shell:Creating package script '/home/notandi/ros2_ws/src/install/mycobot_gazebo/share/mycobot_gazebo/package.zsh'
[6.519s] Level 1:colcon.colcon_core.environment:create_file_with_runtime_dependencies(/home/notandi/ros2_ws/src/install/mycobot_gazebo/share/colcon-core/packages/mycobot_gazebo)
[6.520s] INFO:colcon.colcon_ros.task.ament_cmake.build:Building ROS package in '/home/notandi/ros2_ws/src/mycobot_ros2/mycobot_ros2' with build type 'ament_cmake'
[6.520s] INFO:colcon.colcon_cmake.task.cmake.build:Building CMake package in '/home/notandi/ros2_ws/src/mycobot_ros2/mycobot_ros2'
[6.520s] INFO:colcon.colcon_core.shell:Skip shell extension 'powershell' for command environment: Not usable outside of PowerShell
[6.520s] DEBUG:colcon.colcon_core.shell:Skip shell extension 'dsv' for command environment
[6.690s] DEBUG:colcon.colcon_core.event_handler.log_command:Invoking command in '/home/notandi/ros2_ws/src/build/mycobot_ros2': AMENT_PREFIX_PATH=/home/notandi/ros2_ws/src/install/mycobot_system_tests:/home/notandi/ros2_ws/src/install/mycobot_moveit_config:/home/notandi/ros2_ws/src/install/mycobot_gazebo:/home/notandi/ros2_ws/src/install/mycobot_description:/home/notandi/ros2_ws/src/install/mycobot_bringup:${AMENT_PREFIX_PATH} CMAKE_PREFIX_PATH=/home/notandi/ros2_ws/src/install/mycobot_system_tests:/home/notandi/ros2_ws/src/install/mycobot_moveit_config:/home/notandi/ros2_ws/src/install/mycobot_gazebo:/home/notandi/ros2_ws/src/install/mycobot_description:/home/notandi/ros2_ws/src/install/mycobot_bringup:/opt/ros/jazzy/opt/gz_sim_vendor:/opt/ros/jazzy/opt/gz_sensors_vendor:/opt/ros/jazzy/opt/gz_physics_vendor:/opt/ros/jazzy/opt/sdformat_vendor:/opt/ros/jazzy/opt/gz_gui_vendor:/opt/ros/jazzy/opt/gz_transport_vendor:/opt/ros/jazzy/opt/gz_rendering_vendor:/opt/ros/jazzy/opt/gz_plugin_vendor:/opt/ros/jazzy/opt/gz_fuel_tools_vendor:/opt/ros/jazzy/opt/gz_msgs_vendor:/opt/ros/jazzy/opt/gz_common_vendor:/opt/ros/jazzy/opt/gz_math_vendor:/opt/ros/jazzy/opt/gz_utils_vendor:/opt/ros/jazzy/opt/gz_tools_vendor:/opt/ros/jazzy/opt/gz_ogre_next_vendor:/opt/ros/jazzy/opt/gz_dartsim_vendor:/opt/ros/jazzy/opt/gz_cmake_vendor:/opt/ros/jazzy /usr/bin/cmake /home/notandi/ros2_ws/src/mycobot_ros2/mycobot_ros2 -DAMENT_CMAKE_SYMLINK_INSTALL=1 -DCMAKE_INSTALL_PREFIX=/home/notandi/ros2_ws/src/install/mycobot_ros2
[6.953s] DEBUG:colcon.colcon_core.event_handler.log_command:Invoked command in '/home/notandi/ros2_ws/src/build/mycobot_ros2' returned '0': AMENT_PREFIX_PATH=/home/notandi/ros2_ws/src/install/mycobot_system_tests:/home/notandi/ros2_ws/src/install/mycobot_moveit_config:/home/notandi/ros2_ws/src/install/mycobot_gazebo:/home/notandi/ros2_ws/src/install/mycobot_description:/home/notandi/ros2_ws/src/install/mycobot_bringup:${AMENT_PREFIX_PATH} CMAKE_PREFIX_PATH=/home/notandi/ros2_ws/src/install/mycobot_system_tests:/home/notandi/ros2_ws/src/install/mycobot_moveit_config:/home/notandi/ros2_ws/src/install/mycobot_gazebo:/home/notandi/ros2_ws/src/install/mycobot_description:/home/notandi/ros2_ws/src/install/mycobot_bringup:/opt/ros/jazzy/opt/gz_sim_vendor:/opt/ros/jazzy/opt/gz_sensors_vendor:/opt/ros/jazzy/opt/gz_physics_vendor:/opt/ros/jazzy/opt/sdformat_vendor:/opt/ros/jazzy/opt/gz_gui_vendor:/opt/ros/jazzy/opt/gz_transport_vendor:/opt/ros/jazzy/opt/gz_rendering_vendor:/opt/ros/jazzy/opt/gz_plugin_vendor:/opt/ros/jazzy/opt/gz_fuel_tools_vendor:/opt/ros/jazzy/opt/gz_msgs_vendor:/opt/ros/jazzy/opt/gz_common_vendor:/opt/ros/jazzy/opt/gz_math_vendor:/opt/ros/jazzy/opt/gz_utils_vendor:/opt/ros/jazzy/opt/gz_tools_vendor:/opt/ros/jazzy/opt/gz_ogre_next_vendor:/opt/ros/jazzy/opt/gz_dartsim_vendor:/opt/ros/jazzy/opt/gz_cmake_vendor:/opt/ros/jazzy /usr/bin/cmake /home/notandi/ros2_ws/src/mycobot_ros2/mycobot_ros2 -DAMENT_CMAKE_SYMLINK_INSTALL=1 -DCMAKE_INSTALL_PREFIX=/home/notandi/ros2_ws/src/install/mycobot_ros2
[6.954s] DEBUG:colcon.colcon_core.event_handler.log_command:Invoking command in '/home/notandi/ros2_ws/src/build/mycobot_ros2': AMENT_PREFIX_PATH=/home/notandi/ros2_ws/src/install/mycobot_system_tests:/home/notandi/ros2_ws/src/install/mycobot_moveit_config:/home/notandi/ros2_ws/src/install/mycobot_gazebo:/home/notandi/ros2_ws/src/install/mycobot_description:/home/notandi/ros2_ws/src/install/mycobot_bringup:${AMENT_PREFIX_PATH} CMAKE_PREFIX_PATH=/home/notandi/ros2_ws/src/install/mycobot_system_tests:/home/notandi/ros2_ws/src/install/mycobot_moveit_config:/home/notandi/ros2_ws/src/install/mycobot_gazebo:/home/notandi/ros2_ws/src/install/mycobot_description:/home/notandi/ros2_ws/src/install/mycobot_bringup:/opt/ros/jazzy/opt/gz_sim_vendor:/opt/ros/jazzy/opt/gz_sensors_vendor:/opt/ros/jazzy/opt/gz_physics_vendor:/opt/ros/jazzy/opt/sdformat_vendor:/opt/ros/jazzy/opt/gz_gui_vendor:/opt/ros/jazzy/opt/gz_transport_vendor:/opt/ros/jazzy/opt/gz_rendering_vendor:/opt/ros/jazzy/opt/gz_plugin_vendor:/opt/ros/jazzy/opt/gz_fuel_tools_vendor:/opt/ros/jazzy/opt/gz_msgs_vendor:/opt/ros/jazzy/opt/gz_common_vendor:/opt/ros/jazzy/opt/gz_math_vendor:/opt/ros/jazzy/opt/gz_utils_vendor:/opt/ros/jazzy/opt/gz_tools_vendor:/opt/ros/jazzy/opt/gz_ogre_next_vendor:/opt/ros/jazzy/opt/gz_dartsim_vendor:/opt/ros/jazzy/opt/gz_cmake_vendor:/opt/ros/jazzy /usr/bin/cmake --build /home/notandi/ros2_ws/src/build/mycobot_ros2 -- -j12 -l12
[6.984s] DEBUG:colcon.colcon_core.event_handler.log_command:Invoked command in '/home/notandi/ros2_ws/src/build/mycobot_ros2' returned '0': AMENT_PREFIX_PATH=/home/notandi/ros2_ws/src/install/mycobot_system_tests:/home/notandi/ros2_ws/src/install/mycobot_moveit_config:/home/notandi/ros2_ws/src/install/mycobot_gazebo:/home/notandi/ros2_ws/src/install/mycobot_description:/home/notandi/ros2_ws/src/install/mycobot_bringup:${AMENT_PREFIX_PATH} CMAKE_PREFIX_PATH=/home/notandi/ros2_ws/src/install/mycobot_system_tests:/home/notandi/ros2_ws/src/install/mycobot_moveit_config:/home/notandi/ros2_ws/src/install/mycobot_gazebo:/home/notandi/ros2_ws/src/install/mycobot_description:/home/notandi/ros2_ws/src/install/mycobot_bringup:/opt/ros/jazzy/opt/gz_sim_vendor:/opt/ros/jazzy/opt/gz_sensors_vendor:/opt/ros/jazzy/opt/gz_physics_vendor:/opt/ros/jazzy/opt/sdformat_vendor:/opt/ros/jazzy/opt/gz_gui_vendor:/opt/ros/jazzy/opt/gz_transport_vendor:/opt/ros/jazzy/opt/gz_rendering_vendor:/opt/ros/jazzy/opt/gz_plugin_vendor:/opt/ros/jazzy/opt/gz_fuel_tools_vendor:/opt/ros/jazzy/opt/gz_msgs_vendor:/opt/ros/jazzy/opt/gz_common_vendor:/opt/ros/jazzy/opt/gz_math_vendor:/opt/ros/jazzy/opt/gz_utils_vendor:/opt/ros/jazzy/opt/gz_tools_vendor:/opt/ros/jazzy/opt/gz_ogre_next_vendor:/opt/ros/jazzy/opt/gz_dartsim_vendor:/opt/ros/jazzy/opt/gz_cmake_vendor:/opt/ros/jazzy /usr/bin/cmake --build /home/notandi/ros2_ws/src/build/mycobot_ros2 -- -j12 -l12
[6.985s] DEBUG:colcon.colcon_core.event_handler.log_command:Invoking command in '/home/notandi/ros2_ws/src/build/mycobot_ros2': AMENT_PREFIX_PATH=/home/notandi/ros2_ws/src/install/mycobot_system_tests:/home/notandi/ros2_ws/src/install/mycobot_moveit_config:/home/notandi/ros2_ws/src/install/mycobot_gazebo:/home/notandi/ros2_ws/src/install/mycobot_description:/home/notandi/ros2_ws/src/install/mycobot_bringup:${AMENT_PREFIX_PATH} CMAKE_PREFIX_PATH=/home/notandi/ros2_ws/src/install/mycobot_system_tests:/home/notandi/ros2_ws/src/install/mycobot_moveit_config:/home/notandi/ros2_ws/src/install/mycobot_gazebo:/home/notandi/ros2_ws/src/install/mycobot_description:/home/notandi/ros2_ws/src/install/mycobot_bringup:/opt/ros/jazzy/opt/gz_sim_vendor:/opt/ros/jazzy/opt/gz_sensors_vendor:/opt/ros/jazzy/opt/gz_physics_vendor:/opt/ros/jazzy/opt/sdformat_vendor:/opt/ros/jazzy/opt/gz_gui_vendor:/opt/ros/jazzy/opt/gz_transport_vendor:/opt/ros/jazzy/opt/gz_rendering_vendor:/opt/ros/jazzy/opt/gz_plugin_vendor:/opt/ros/jazzy/opt/gz_fuel_tools_vendor:/opt/ros/jazzy/opt/gz_msgs_vendor:/opt/ros/jazzy/opt/gz_common_vendor:/opt/ros/jazzy/opt/gz_math_vendor:/opt/ros/jazzy/opt/gz_utils_vendor:/opt/ros/jazzy/opt/gz_tools_vendor:/opt/ros/jazzy/opt/gz_ogre_next_vendor:/opt/ros/jazzy/opt/gz_dartsim_vendor:/opt/ros/jazzy/opt/gz_cmake_vendor:/opt/ros/jazzy /usr/bin/cmake --install /home/notandi/ros2_ws/src/build/mycobot_ros2
[7.102s] Level 1:colcon.colcon_core.environment:create_environment_scripts_only(mycobot_ros2)
[7.102s] Level 1:colcon.colcon_core.environment:checking '/home/notandi/ros2_ws/src/install/mycobot_ros2' for CMake module files
[7.103s] DEBUG:colcon.colcon_core.event_handler.log_command:Invoked command in '/home/notandi/ros2_ws/src/build/mycobot_ros2' returned '0': AMENT_PREFIX_PATH=/home/notandi/ros2_ws/src/install/mycobot_system_tests:/home/notandi/ros2_ws/src/install/mycobot_moveit_config:/home/notandi/ros2_ws/src/install/mycobot_gazebo:/home/notandi/ros2_ws/src/install/mycobot_description:/home/notandi/ros2_ws/src/install/mycobot_bringup:${AMENT_PREFIX_PATH} CMAKE_PREFIX_PATH=/home/notandi/ros2_ws/src/install/mycobot_system_tests:/home/notandi/ros2_ws/src/install/mycobot_moveit_config:/home/notandi/ros2_ws/src/install/mycobot_gazebo:/home/notandi/ros2_ws/src/install/mycobot_description:/home/notandi/ros2_ws/src/install/mycobot_bringup:/opt/ros/jazzy/opt/gz_sim_vendor:/opt/ros/jazzy/opt/gz_sensors_vendor:/opt/ros/jazzy/opt/gz_physics_vendor:/opt/ros/jazzy/opt/sdformat_vendor:/opt/ros/jazzy/opt/gz_gui_vendor:/opt/ros/jazzy/opt/gz_transport_vendor:/opt/ros/jazzy/opt/gz_rendering_vendor:/opt/ros/jazzy/opt/gz_plugin_vendor:/opt/ros/jazzy/opt/gz_fuel_tools_vendor:/opt/ros/jazzy/opt/gz_msgs_vendor:/opt/ros/jazzy/opt/gz_common_vendor:/opt/ros/jazzy/opt/gz_math_vendor:/opt/ros/jazzy/opt/gz_utils_vendor:/opt/ros/jazzy/opt/gz_tools_vendor:/opt/ros/jazzy/opt/gz_ogre_next_vendor:/opt/ros/jazzy/opt/gz_dartsim_vendor:/opt/ros/jazzy/opt/gz_cmake_vendor:/opt/ros/jazzy /usr/bin/cmake --install /home/notandi/ros2_ws/src/build/mycobot_ros2
[7.103s] Level 1:colcon.colcon_core.environment:checking '/home/notandi/ros2_ws/src/install/mycobot_ros2' for CMake config files
[7.104s] Level 1:colcon.colcon_core.shell:create_environment_hook('mycobot_ros2', 'cmake_prefix_path')
[7.104s] INFO:colcon.colcon_core.shell:Creating environment hook '/home/notandi/ros2_ws/src/install/mycobot_ros2/share/mycobot_ros2/hook/cmake_prefix_path.ps1'
[7.104s] INFO:colcon.colcon_core.shell:Creating environment descriptor '/home/notandi/ros2_ws/src/install/mycobot_ros2/share/mycobot_ros2/hook/cmake_prefix_path.dsv'
[7.105s] INFO:colcon.colcon_core.shell:Creating environment hook '/home/notandi/ros2_ws/src/install/mycobot_ros2/share/mycobot_ros2/hook/cmake_prefix_path.sh'
[7.105s] Level 1:colcon.colcon_core.environment:checking '/home/notandi/ros2_ws/src/install/mycobot_ros2/bin'
[7.105s] Level 1:colcon.colcon_core.environment:checking '/home/notandi/ros2_ws/src/install/mycobot_ros2/lib/pkgconfig/mycobot_ros2.pc'
[7.105s] Level 1:colcon.colcon_core.environment:checking '/home/notandi/ros2_ws/src/install/mycobot_ros2/lib/python3.12/site-packages'
[7.105s] Level 1:colcon.colcon_core.environment:checking '/home/notandi/ros2_ws/src/install/mycobot_ros2/bin'
[7.105s] INFO:colcon.colcon_core.shell:Creating package script '/home/notandi/ros2_ws/src/install/mycobot_ros2/share/mycobot_ros2/package.ps1'
[7.106s] INFO:colcon.colcon_core.shell:Creating package descriptor '/home/notandi/ros2_ws/src/install/mycobot_ros2/share/mycobot_ros2/package.dsv'
[7.106s] INFO:colcon.colcon_core.shell:Creating package script '/home/notandi/ros2_ws/src/install/mycobot_ros2/share/mycobot_ros2/package.sh'
[7.106s] INFO:colcon.colcon_core.shell:Creating package script '/home/notandi/ros2_ws/src/install/mycobot_ros2/share/mycobot_ros2/package.bash'
[7.106s] INFO:colcon.colcon_core.shell:Creating package script '/home/notandi/ros2_ws/src/install/mycobot_ros2/share/mycobot_ros2/package.zsh'
[7.106s] Level 1:colcon.colcon_core.environment:create_file_with_runtime_dependencies(/home/notandi/ros2_ws/src/install/mycobot_ros2/share/colcon-core/packages/mycobot_ros2)
[7.108s] Level 1:colcon.colcon_core.environment:create_environment_scripts_only(mycobot_ros2)
[7.108s] Level 1:colcon.colcon_core.environment:checking '/home/notandi/ros2_ws/src/install/mycobot_ros2' for CMake module files
[7.108s] Level 1:colcon.colcon_core.environment:checking '/home/notandi/ros2_ws/src/install/mycobot_ros2' for CMake config files
[7.108s] Level 1:colcon.colcon_core.shell:create_environment_hook('mycobot_ros2', 'cmake_prefix_path')
[7.108s] INFO:colcon.colcon_core.shell:Creating environment hook '/home/notandi/ros2_ws/src/install/mycobot_ros2/share/mycobot_ros2/hook/cmake_prefix_path.ps1'
[7.109s] INFO:colcon.colcon_core.shell:Creating environment descriptor '/home/notandi/ros2_ws/src/install/mycobot_ros2/share/mycobot_ros2/hook/cmake_prefix_path.dsv'
[7.109s] INFO:colcon.colcon_core.shell:Creating environment hook '/home/notandi/ros2_ws/src/install/mycobot_ros2/share/mycobot_ros2/hook/cmake_prefix_path.sh'
[7.109s] Level 1:colcon.colcon_core.environment:checking '/home/notandi/ros2_ws/src/install/mycobot_ros2/bin'
[7.109s] Level 1:colcon.colcon_core.environment:checking '/home/notandi/ros2_ws/src/install/mycobot_ros2/lib/pkgconfig/mycobot_ros2.pc'
[7.110s] Level 1:colcon.colcon_core.environment:checking '/home/notandi/ros2_ws/src/install/mycobot_ros2/lib/python3.12/site-packages'
[7.110s] Level 1:colcon.colcon_core.environment:checking '/home/notandi/ros2_ws/src/install/mycobot_ros2/bin'
[7.110s] INFO:colcon.colcon_core.shell:Creating package script '/home/notandi/ros2_ws/src/install/mycobot_ros2/share/mycobot_ros2/package.ps1'
[7.110s] INFO:colcon.colcon_core.shell:Creating package descriptor '/home/notandi/ros2_ws/src/install/mycobot_ros2/share/mycobot_ros2/package.dsv'
[7.110s] INFO:colcon.colcon_core.shell:Creating package script '/home/notandi/ros2_ws/src/install/mycobot_ros2/share/mycobot_ros2/package.sh'
[7.111s] INFO:colcon.colcon_core.shell:Creating package script '/home/notandi/ros2_ws/src/install/mycobot_ros2/share/mycobot_ros2/package.bash'
[7.111s] INFO:colcon.colcon_core.shell:Creating package script '/home/notandi/ros2_ws/src/install/mycobot_ros2/share/mycobot_ros2/package.zsh'
[7.111s] Level 1:colcon.colcon_core.environment:create_file_with_runtime_dependencies(/home/notandi/ros2_ws/src/install/mycobot_ros2/share/colcon-core/packages/mycobot_ros2)
[7.111s] DEBUG:colcon.colcon_parallel_executor.executor.parallel:closing loop
[7.112s] DEBUG:colcon.colcon_parallel_executor.executor.parallel:loop closed
[7.112s] DEBUG:colcon.colcon_parallel_executor.executor.parallel:run_until_complete finished with '0'
[7.112s] DEBUG:colcon.colcon_core.event_reactor:joining thread
[7.150s] INFO:colcon.colcon_core.plugin_system:Skipping extension 'colcon_notification.desktop_notification.notify_send': Could not find 'notify-send'
[7.150s] INFO:colcon.colcon_core.plugin_system:Skipping extension 'colcon_notification.desktop_notification.terminal_notifier': Not used on non-Darwin systems
[7.150s] INFO:colcon.colcon_core.plugin_system:Skipping extension 'colcon_notification.desktop_notification.win32': Not used on non-Windows systems
[7.150s] INFO:colcon.colcon_notification.desktop_notification:Sending desktop notification using 'notify2'
[7.151s] DEBUG:colcon.colcon_notification.desktop_notification.notify2:Failed to initialize notify2: org.freedesktop.DBus.Error.ServiceUnknown: The name org.freedesktop.Notifications was not provided by any .service files
[7.151s] DEBUG:colcon.colcon_core.event_reactor:joined thread
[7.151s] INFO:colcon.colcon_core.shell:Creating prefix script '/home/notandi/ros2_ws/src/install/local_setup.ps1'
[7.152s] INFO:colcon.colcon_core.shell:Creating prefix util module '/home/notandi/ros2_ws/src/install/_local_setup_util_ps1.py'
[7.152s] INFO:colcon.colcon_core.shell:Creating prefix chain script '/home/notandi/ros2_ws/src/install/setup.ps1'
[7.153s] INFO:colcon.colcon_core.shell:Creating prefix script '/home/notandi/ros2_ws/src/install/local_setup.sh'
[7.153s] INFO:colcon.colcon_core.shell:Creating prefix util module '/home/notandi/ros2_ws/src/install/_local_setup_util_sh.py'
[7.153s] INFO:colcon.colcon_core.shell:Creating prefix chain script '/home/notandi/ros2_ws/src/install/setup.sh'
[7.154s] INFO:colcon.colcon_core.shell:Creating prefix script '/home/notandi/ros2_ws/src/install/local_setup.bash'
[7.154s] INFO:colcon.colcon_core.shell:Creating prefix chain script '/home/notandi/ros2_ws/src/install/setup.bash'
[7.155s] INFO:colcon.colcon_core.shell:Creating prefix script '/home/notandi/ros2_ws/src/install/local_setup.zsh'
[7.155s] INFO:colcon.colcon_core.shell:Creating prefix chain script '/home/notandi/ros2_ws/src/install/setup.zsh'
