-- Found ament_cmake: 2.5.5 (/opt/ros/jazzy/share/ament_cmake/cmake)
-- Override CMake install command with custom implementation using symlinks instead of copying resources
-- Found ament_lint_auto: 0.17.4 (/opt/ros/jazzy/share/ament_lint_auto/cmake)
-- Added test 'lint_cmake' to check CMake code style
-- Added test 'xmllint' to check XML markup files
-- Configuring done (0.2s)
-- Generating done (0.0s)
-- Build files have been written to: /home/notandi/ros2_ws/src/build/mycobot_ros2
-- Install configuration: ""
-- Execute custom install script
-- Symlinking: /home/notandi/ros2_ws/src/install/mycobot_ros2/share/ament_index/resource_index/package_run_dependencies/mycobot_ros2
-- Symlinking: /home/notandi/ros2_ws/src/install/mycobot_ros2/share/ament_index/resource_index/parent_prefix_path/mycobot_ros2
-- Symlinking: /home/notandi/ros2_ws/src/install/mycobot_ros2/share/mycobot_ros2/environment/ament_prefix_path.sh
-- Symlinking: /home/notandi/ros2_ws/src/install/mycobot_ros2/share/mycobot_ros2/environment/ament_prefix_path.dsv
-- Symlinking: /home/notandi/ros2_ws/src/install/mycobot_ros2/share/mycobot_ros2/environment/path.sh
-- Symlinking: /home/notandi/ros2_ws/src/install/mycobot_ros2/share/mycobot_ros2/environment/path.dsv
-- Symlinking: /home/notandi/ros2_ws/src/install/mycobot_ros2/share/mycobot_ros2/local_setup.bash
-- Symlinking: /home/notandi/ros2_ws/src/install/mycobot_ros2/share/mycobot_ros2/local_setup.sh
-- Symlinking: /home/notandi/ros2_ws/src/install/mycobot_ros2/share/mycobot_ros2/local_setup.zsh
-- Symlinking: /home/notandi/ros2_ws/src/install/mycobot_ros2/share/mycobot_ros2/local_setup.dsv
-- Symlinking: /home/notandi/ros2_ws/src/install/mycobot_ros2/share/mycobot_ros2/package.dsv
-- Symlinking: /home/notandi/ros2_ws/src/install/mycobot_ros2/share/ament_index/resource_index/packages/mycobot_ros2
-- Symlinking: /home/notandi/ros2_ws/src/install/mycobot_ros2/share/mycobot_ros2/cmake/mycobot_ros2Config.cmake
-- Symlinking: /home/notandi/ros2_ws/src/install/mycobot_ros2/share/mycobot_ros2/cmake/mycobot_ros2Config-version.cmake
-- Symlinking: /home/notandi/ros2_ws/src/install/mycobot_ros2/share/mycobot_ros2/package.xml
