[0.831s] DEBUG:colcon:Command line arguments: ['/usr/bin/colcon', 'build', '--symlink-install']
[0.831s] DEBUG:colcon:Parsed command line arguments: Namespace(log_base=None, log_level=None, verb_name='build', build_base='build', install_base='install', merge_install=False, symlink_install=True, test_result_base=None, continue_on_error=False, executor='parallel', parallel_workers=12, event_handlers=None, ignore_user_meta=False, metas=['./colcon.meta'], base_paths=['.'], packages_ignore=None, packages_ignore_regex=None, paths=None, packages_up_to=None, packages_up_to_regex=None, packages_above=None, packages_above_and_dependencies=None, packages_above_depth=None, packages_select_by_dep=None, packages_skip_by_dep=None, packages_skip_up_to=None, packages_select_build_failed=False, packages_skip_build_finished=False, packages_select_test_failures=False, packages_skip_test_passed=False, packages_select=None, packages_skip=None, packages_select_regex=None, packages_skip_regex=None, packages_start=None, packages_end=None, allow_overriding=[], cmake_args=None, cmake_target=None, cmake_target_skip_unavailable=False, cmake_clean_cache=False, cmake_clean_first=False, cmake_force_configure=False, ament_cmake_args=None, catkin_cmake_args=None, catkin_skip_building_tests=False, mixin_files=None, mixin=None, verb_parser=<colcon_mixin.mixin.mixin_argument.MixinArgumentDecorator object at 0x78e97544a060>, verb_extension=<colcon_core.verb.build.BuildVerb object at 0x78e975449c70>, main=<bound method BuildVerb.main of <colcon_core.verb.build.BuildVerb object at 0x78e975449c70>>, mixin_verb=('build',))
[0.980s] Level 1:colcon.colcon_core.package_discovery:discover_packages(colcon_meta) check parameters
[0.981s] Level 1:colcon.colcon_core.package_discovery:discover_packages(recursive) check parameters
[0.981s] Level 1:colcon.colcon_core.package_discovery:discover_packages(ignore) check parameters
[0.981s] Level 1:colcon.colcon_core.package_discovery:discover_packages(path) check parameters
[0.981s] Level 1:colcon.colcon_core.package_discovery:discover_packages(colcon_meta) discover
[0.981s] Level 1:colcon.colcon_core.package_discovery:discover_packages(recursive) discover
[0.981s] INFO:colcon.colcon_core.package_discovery:Crawling recursively for packages in '/home/notandi/ros2_ws'
[0.981s] Level 1:colcon.colcon_core.package_identification:_identify(.) by extensions ['ignore', 'ignore_ament_install']
[0.982s] Level 1:colcon.colcon_core.package_identification:_identify(.) by extension 'ignore'
[0.982s] Level 1:colcon.colcon_core.package_identification:_identify(.) by extension 'ignore_ament_install'
[0.983s] Level 1:colcon.colcon_core.package_identification:_identify(.) by extensions ['colcon_pkg']
[0.983s] Level 1:colcon.colcon_core.package_identification:_identify(.) by extension 'colcon_pkg'
[0.983s] Level 1:colcon.colcon_core.package_identification:_identify(.) by extensions ['colcon_meta']
[0.983s] Level 1:colcon.colcon_core.package_identification:_identify(.) by extension 'colcon_meta'
[0.983s] Level 1:colcon.colcon_core.package_identification:_identify(.) by extensions ['ros']
[0.983s] Level 1:colcon.colcon_core.package_identification:_identify(.) by extension 'ros'
[1.076s] Level 1:colcon.colcon_core.package_identification:_identify(.) by extensions ['cmake', 'python']
[1.077s] Level 1:colcon.colcon_core.package_identification:_identify(.) by extension 'cmake'
[1.077s] Level 1:colcon.colcon_core.package_identification:_identify(.) by extension 'python'
[1.077s] Level 1:colcon.colcon_core.package_identification:_identify(.) by extensions ['python_setup_py']
[1.077s] Level 1:colcon.colcon_core.package_identification:_identify(.) by extension 'python_setup_py'
[1.077s] Level 1:colcon.colcon_core.package_identification:_identify(build) by extensions ['ignore', 'ignore_ament_install']
[1.080s] Level 1:colcon.colcon_core.package_identification:_identify(build) by extension 'ignore'
[1.080s] Level 1:colcon.colcon_core.package_identification:_identify(build) ignored
[1.080s] Level 1:colcon.colcon_core.package_identification:_identify(install) by extensions ['ignore', 'ignore_ament_install']
[1.081s] Level 1:colcon.colcon_core.package_identification:_identify(install) by extension 'ignore'
[1.081s] Level 1:colcon.colcon_core.package_identification:_identify(install) ignored
[1.081s] Level 1:colcon.colcon_core.package_identification:_identify(log) by extensions ['ignore', 'ignore_ament_install']
[1.082s] Level 1:colcon.colcon_core.package_identification:_identify(log) by extension 'ignore'
[1.082s] Level 1:colcon.colcon_core.package_identification:_identify(log) ignored
[1.082s] Level 1:colcon.colcon_core.package_identification:_identify(src) by extensions ['ignore', 'ignore_ament_install']
[1.082s] Level 1:colcon.colcon_core.package_identification:_identify(src) by extension 'ignore'
[1.082s] Level 1:colcon.colcon_core.package_identification:_identify(src) by extension 'ignore_ament_install'
[1.082s] Level 1:colcon.colcon_core.package_identification:_identify(src) by extensions ['colcon_pkg']
[1.083s] Level 1:colcon.colcon_core.package_identification:_identify(src) by extension 'colcon_pkg'
[1.083s] Level 1:colcon.colcon_core.package_identification:_identify(src) by extensions ['colcon_meta']
[1.083s] Level 1:colcon.colcon_core.package_identification:_identify(src) by extension 'colcon_meta'
[1.083s] Level 1:colcon.colcon_core.package_identification:_identify(src) by extensions ['ros']
[1.083s] Level 1:colcon.colcon_core.package_identification:_identify(src) by extension 'ros'
[1.083s] Level 1:colcon.colcon_core.package_identification:_identify(src) by extensions ['cmake', 'python']
[1.083s] Level 1:colcon.colcon_core.package_identification:_identify(src) by extension 'cmake'
[1.083s] Level 1:colcon.colcon_core.package_identification:_identify(src) by extension 'python'
[1.083s] Level 1:colcon.colcon_core.package_identification:_identify(src) by extensions ['python_setup_py']
[1.084s] Level 1:colcon.colcon_core.package_identification:_identify(src) by extension 'python_setup_py'
[1.084s] Level 1:colcon.colcon_core.package_identification:_identify(src/build) by extensions ['ignore', 'ignore_ament_install']
[1.084s] Level 1:colcon.colcon_core.package_identification:_identify(src/build) by extension 'ignore'
[1.084s] Level 1:colcon.colcon_core.package_identification:_identify(src/build) ignored
[1.085s] Level 1:colcon.colcon_core.package_identification:_identify(src/install) by extensions ['ignore', 'ignore_ament_install']
[1.085s] Level 1:colcon.colcon_core.package_identification:_identify(src/install) by extension 'ignore'
[1.085s] Level 1:colcon.colcon_core.package_identification:_identify(src/install) ignored
[1.085s] Level 1:colcon.colcon_core.package_identification:_identify(src/log) by extensions ['ignore', 'ignore_ament_install']
[1.085s] Level 1:colcon.colcon_core.package_identification:_identify(src/log) by extension 'ignore'
[1.086s] Level 1:colcon.colcon_core.package_identification:_identify(src/log) ignored
[1.086s] Level 1:colcon.colcon_core.package_identification:_identify(src/mycobot_ros2) by extensions ['ignore', 'ignore_ament_install']
[1.086s] Level 1:colcon.colcon_core.package_identification:_identify(src/mycobot_ros2) by extension 'ignore'
[1.086s] Level 1:colcon.colcon_core.package_identification:_identify(src/mycobot_ros2) by extension 'ignore_ament_install'
[1.086s] Level 1:colcon.colcon_core.package_identification:_identify(src/mycobot_ros2) by extensions ['colcon_pkg']
[1.086s] Level 1:colcon.colcon_core.package_identification:_identify(src/mycobot_ros2) by extension 'colcon_pkg'
[1.086s] Level 1:colcon.colcon_core.package_identification:_identify(src/mycobot_ros2) by extensions ['colcon_meta']
[1.086s] Level 1:colcon.colcon_core.package_identification:_identify(src/mycobot_ros2) by extension 'colcon_meta'
[1.086s] Level 1:colcon.colcon_core.package_identification:_identify(src/mycobot_ros2) by extensions ['ros']
[1.087s] Level 1:colcon.colcon_core.package_identification:_identify(src/mycobot_ros2) by extension 'ros'
[1.087s] Level 1:colcon.colcon_core.package_identification:_identify(src/mycobot_ros2) by extensions ['cmake', 'python']
[1.087s] Level 1:colcon.colcon_core.package_identification:_identify(src/mycobot_ros2) by extension 'cmake'
[1.087s] Level 1:colcon.colcon_core.package_identification:_identify(src/mycobot_ros2) by extension 'python'
[1.087s] Level 1:colcon.colcon_core.package_identification:_identify(src/mycobot_ros2) by extensions ['python_setup_py']
[1.087s] Level 1:colcon.colcon_core.package_identification:_identify(src/mycobot_ros2) by extension 'python_setup_py'
[1.088s] Level 1:colcon.colcon_core.package_identification:_identify(src/mycobot_ros2/build) by extensions ['ignore', 'ignore_ament_install']
[1.088s] Level 1:colcon.colcon_core.package_identification:_identify(src/mycobot_ros2/build) by extension 'ignore'
[1.088s] Level 1:colcon.colcon_core.package_identification:_identify(src/mycobot_ros2/build) ignored
[1.088s] Level 1:colcon.colcon_core.package_identification:_identify(src/mycobot_ros2/install) by extensions ['ignore', 'ignore_ament_install']
[1.088s] Level 1:colcon.colcon_core.package_identification:_identify(src/mycobot_ros2/install) by extension 'ignore'
[1.088s] Level 1:colcon.colcon_core.package_identification:_identify(src/mycobot_ros2/install) ignored
[1.089s] Level 1:colcon.colcon_core.package_identification:_identify(src/mycobot_ros2/log) by extensions ['ignore', 'ignore_ament_install']
[1.089s] Level 1:colcon.colcon_core.package_identification:_identify(src/mycobot_ros2/log) by extension 'ignore'
[1.089s] Level 1:colcon.colcon_core.package_identification:_identify(src/mycobot_ros2/log) ignored
[1.089s] Level 1:colcon.colcon_core.package_identification:_identify(src/mycobot_ros2/mycobot_bringup) by extensions ['ignore', 'ignore_ament_install']
[1.089s] Level 1:colcon.colcon_core.package_identification:_identify(src/mycobot_ros2/mycobot_bringup) by extension 'ignore'
[1.089s] Level 1:colcon.colcon_core.package_identification:_identify(src/mycobot_ros2/mycobot_bringup) by extension 'ignore_ament_install'
[1.090s] Level 1:colcon.colcon_core.package_identification:_identify(src/mycobot_ros2/mycobot_bringup) by extensions ['colcon_pkg']
[1.090s] Level 1:colcon.colcon_core.package_identification:_identify(src/mycobot_ros2/mycobot_bringup) by extension 'colcon_pkg'
[1.090s] Level 1:colcon.colcon_core.package_identification:_identify(src/mycobot_ros2/mycobot_bringup) by extensions ['colcon_meta']
[1.090s] Level 1:colcon.colcon_core.package_identification:_identify(src/mycobot_ros2/mycobot_bringup) by extension 'colcon_meta'
[1.090s] Level 1:colcon.colcon_core.package_identification:_identify(src/mycobot_ros2/mycobot_bringup) by extensions ['ros']
[1.090s] Level 1:colcon.colcon_core.package_identification:_identify(src/mycobot_ros2/mycobot_bringup) by extension 'ros'
[1.098s] DEBUG:colcon.colcon_core.package_identification:Package 'src/mycobot_ros2/mycobot_bringup' with type 'ros.ament_cmake' and name 'mycobot_bringup'
[1.099s] Level 1:colcon.colcon_core.package_identification:_identify(src/mycobot_ros2/mycobot_description) by extensions ['ignore', 'ignore_ament_install']
[1.099s] Level 1:colcon.colcon_core.package_identification:_identify(src/mycobot_ros2/mycobot_description) by extension 'ignore'
[1.099s] Level 1:colcon.colcon_core.package_identification:_identify(src/mycobot_ros2/mycobot_description) by extension 'ignore_ament_install'
[1.100s] Level 1:colcon.colcon_core.package_identification:_identify(src/mycobot_ros2/mycobot_description) by extensions ['colcon_pkg']
[1.100s] Level 1:colcon.colcon_core.package_identification:_identify(src/mycobot_ros2/mycobot_description) by extension 'colcon_pkg'
[1.100s] Level 1:colcon.colcon_core.package_identification:_identify(src/mycobot_ros2/mycobot_description) by extensions ['colcon_meta']
[1.100s] Level 1:colcon.colcon_core.package_identification:_identify(src/mycobot_ros2/mycobot_description) by extension 'colcon_meta'
[1.100s] Level 1:colcon.colcon_core.package_identification:_identify(src/mycobot_ros2/mycobot_description) by extensions ['ros']
[1.100s] Level 1:colcon.colcon_core.package_identification:_identify(src/mycobot_ros2/mycobot_description) by extension 'ros'
[1.102s] DEBUG:colcon.colcon_core.package_identification:Package 'src/mycobot_ros2/mycobot_description' with type 'ros.ament_cmake' and name 'mycobot_description'
[1.102s] Level 1:colcon.colcon_core.package_identification:_identify(src/mycobot_ros2/mycobot_gazebo) by extensions ['ignore', 'ignore_ament_install']
[1.102s] Level 1:colcon.colcon_core.package_identification:_identify(src/mycobot_ros2/mycobot_gazebo) by extension 'ignore'
[1.103s] Level 1:colcon.colcon_core.package_identification:_identify(src/mycobot_ros2/mycobot_gazebo) by extension 'ignore_ament_install'
[1.103s] Level 1:colcon.colcon_core.package_identification:_identify(src/mycobot_ros2/mycobot_gazebo) by extensions ['colcon_pkg']
[1.103s] Level 1:colcon.colcon_core.package_identification:_identify(src/mycobot_ros2/mycobot_gazebo) by extension 'colcon_pkg'
[1.103s] Level 1:colcon.colcon_core.package_identification:_identify(src/mycobot_ros2/mycobot_gazebo) by extensions ['colcon_meta']
[1.103s] Level 1:colcon.colcon_core.package_identification:_identify(src/mycobot_ros2/mycobot_gazebo) by extension 'colcon_meta'
[1.103s] Level 1:colcon.colcon_core.package_identification:_identify(src/mycobot_ros2/mycobot_gazebo) by extensions ['ros']
[1.103s] Level 1:colcon.colcon_core.package_identification:_identify(src/mycobot_ros2/mycobot_gazebo) by extension 'ros'
[1.107s] DEBUG:colcon.colcon_core.package_identification:Package 'src/mycobot_ros2/mycobot_gazebo' with type 'ros.ament_cmake' and name 'mycobot_gazebo'
[1.108s] Level 1:colcon.colcon_core.package_identification:_identify(src/mycobot_ros2/mycobot_moveit_config) by extensions ['ignore', 'ignore_ament_install']
[1.108s] Level 1:colcon.colcon_core.package_identification:_identify(src/mycobot_ros2/mycobot_moveit_config) by extension 'ignore'
[1.108s] Level 1:colcon.colcon_core.package_identification:_identify(src/mycobot_ros2/mycobot_moveit_config) by extension 'ignore_ament_install'
[1.109s] Level 1:colcon.colcon_core.package_identification:_identify(src/mycobot_ros2/mycobot_moveit_config) by extensions ['colcon_pkg']
[1.109s] Level 1:colcon.colcon_core.package_identification:_identify(src/mycobot_ros2/mycobot_moveit_config) by extension 'colcon_pkg'
[1.109s] Level 1:colcon.colcon_core.package_identification:_identify(src/mycobot_ros2/mycobot_moveit_config) by extensions ['colcon_meta']
[1.109s] Level 1:colcon.colcon_core.package_identification:_identify(src/mycobot_ros2/mycobot_moveit_config) by extension 'colcon_meta'
[1.109s] Level 1:colcon.colcon_core.package_identification:_identify(src/mycobot_ros2/mycobot_moveit_config) by extensions ['ros']
[1.109s] Level 1:colcon.colcon_core.package_identification:_identify(src/mycobot_ros2/mycobot_moveit_config) by extension 'ros'
[1.110s] DEBUG:colcon.colcon_core.package_identification:Package 'src/mycobot_ros2/mycobot_moveit_config' with type 'ros.ament_cmake' and name 'mycobot_moveit_config'
[1.110s] Level 1:colcon.colcon_core.package_identification:_identify(src/mycobot_ros2/mycobot_ros2) by extensions ['ignore', 'ignore_ament_install']
[1.111s] Level 1:colcon.colcon_core.package_identification:_identify(src/mycobot_ros2/mycobot_ros2) by extension 'ignore'
[1.111s] Level 1:colcon.colcon_core.package_identification:_identify(src/mycobot_ros2/mycobot_ros2) by extension 'ignore_ament_install'
[1.111s] Level 1:colcon.colcon_core.package_identification:_identify(src/mycobot_ros2/mycobot_ros2) by extensions ['colcon_pkg']
[1.111s] Level 1:colcon.colcon_core.package_identification:_identify(src/mycobot_ros2/mycobot_ros2) by extension 'colcon_pkg'
[1.111s] Level 1:colcon.colcon_core.package_identification:_identify(src/mycobot_ros2/mycobot_ros2) by extensions ['colcon_meta']
[1.111s] Level 1:colcon.colcon_core.package_identification:_identify(src/mycobot_ros2/mycobot_ros2) by extension 'colcon_meta'
[1.112s] Level 1:colcon.colcon_core.package_identification:_identify(src/mycobot_ros2/mycobot_ros2) by extensions ['ros']
[1.112s] Level 1:colcon.colcon_core.package_identification:_identify(src/mycobot_ros2/mycobot_ros2) by extension 'ros'
[1.113s] DEBUG:colcon.colcon_core.package_identification:Package 'src/mycobot_ros2/mycobot_ros2' with type 'ros.ament_cmake' and name 'mycobot_ros2'
[1.113s] Level 1:colcon.colcon_core.package_identification:_identify(src/mycobot_ros2/mycobot_system_tests) by extensions ['ignore', 'ignore_ament_install']
[1.114s] Level 1:colcon.colcon_core.package_identification:_identify(src/mycobot_ros2/mycobot_system_tests) by extension 'ignore'
[1.114s] Level 1:colcon.colcon_core.package_identification:_identify(src/mycobot_ros2/mycobot_system_tests) by extension 'ignore_ament_install'
[1.114s] Level 1:colcon.colcon_core.package_identification:_identify(src/mycobot_ros2/mycobot_system_tests) by extensions ['colcon_pkg']
[1.114s] Level 1:colcon.colcon_core.package_identification:_identify(src/mycobot_ros2/mycobot_system_tests) by extension 'colcon_pkg'
[1.114s] Level 1:colcon.colcon_core.package_identification:_identify(src/mycobot_ros2/mycobot_system_tests) by extensions ['colcon_meta']
[1.114s] Level 1:colcon.colcon_core.package_identification:_identify(src/mycobot_ros2/mycobot_system_tests) by extension 'colcon_meta'
[1.114s] Level 1:colcon.colcon_core.package_identification:_identify(src/mycobot_ros2/mycobot_system_tests) by extensions ['ros']
[1.114s] Level 1:colcon.colcon_core.package_identification:_identify(src/mycobot_ros2/mycobot_system_tests) by extension 'ros'
[1.116s] DEBUG:colcon.colcon_core.package_identification:Package 'src/mycobot_ros2/mycobot_system_tests' with type 'ros.ament_cmake' and name 'mycobot_system_tests'
[1.117s] Level 1:colcon.colcon_core.package_discovery:discover_packages(recursive) using defaults
[1.117s] Level 1:colcon.colcon_core.package_discovery:discover_packages(ignore) discover
[1.117s] Level 1:colcon.colcon_core.package_discovery:discover_packages(ignore) using defaults
[1.117s] Level 1:colcon.colcon_core.package_discovery:discover_packages(path) discover
[1.117s] Level 1:colcon.colcon_core.package_discovery:discover_packages(path) using defaults
[1.185s] Level 1:colcon.colcon_core.package_discovery:discover_packages(prefix_path) check parameters
[1.185s] Level 1:colcon.colcon_core.package_discovery:discover_packages(prefix_path) discover
[1.193s] DEBUG:colcon.colcon_installed_package_information.package_discovery:Found 6 installed packages in /home/notandi/ros2_ws/install
[1.198s] DEBUG:colcon.colcon_installed_package_information.package_discovery:Found 374 installed packages in /opt/ros/jazzy
[1.204s] Level 1:colcon.colcon_core.package_discovery:discover_packages(prefix_path) using defaults
[1.377s] Level 5:colcon.colcon_core.verb:set package 'mycobot_bringup' build argument 'cmake_args' from command line to 'None'
[1.377s] Level 5:colcon.colcon_core.verb:set package 'mycobot_bringup' build argument 'cmake_target' from command line to 'None'
[1.378s] Level 5:colcon.colcon_core.verb:set package 'mycobot_bringup' build argument 'cmake_target_skip_unavailable' from command line to 'False'
[1.378s] Level 5:colcon.colcon_core.verb:set package 'mycobot_bringup' build argument 'cmake_clean_cache' from command line to 'False'
[1.378s] Level 5:colcon.colcon_core.verb:set package 'mycobot_bringup' build argument 'cmake_clean_first' from command line to 'False'
[1.378s] Level 5:colcon.colcon_core.verb:set package 'mycobot_bringup' build argument 'cmake_force_configure' from command line to 'False'
[1.378s] Level 5:colcon.colcon_core.verb:set package 'mycobot_bringup' build argument 'ament_cmake_args' from command line to 'None'
[1.378s] Level 5:colcon.colcon_core.verb:set package 'mycobot_bringup' build argument 'catkin_cmake_args' from command line to 'None'
[1.378s] Level 5:colcon.colcon_core.verb:set package 'mycobot_bringup' build argument 'catkin_skip_building_tests' from command line to 'False'
[1.378s] DEBUG:colcon.colcon_core.verb:Building package 'mycobot_bringup' with the following arguments: {'ament_cmake_args': None, 'build_base': '/home/notandi/ros2_ws/build/mycobot_bringup', 'catkin_cmake_args': None, 'catkin_skip_building_tests': False, 'cmake_args': None, 'cmake_clean_cache': False, 'cmake_clean_first': False, 'cmake_force_configure': False, 'cmake_target': None, 'cmake_target_skip_unavailable': False, 'install_base': '/home/notandi/ros2_ws/install/mycobot_bringup', 'merge_install': False, 'path': '/home/notandi/ros2_ws/src/mycobot_ros2/mycobot_bringup', 'symlink_install': True, 'test_result_base': None}
[1.379s] Level 5:colcon.colcon_core.verb:set package 'mycobot_description' build argument 'cmake_args' from command line to 'None'
[1.379s] Level 5:colcon.colcon_core.verb:set package 'mycobot_description' build argument 'cmake_target' from command line to 'None'
[1.379s] Level 5:colcon.colcon_core.verb:set package 'mycobot_description' build argument 'cmake_target_skip_unavailable' from command line to 'False'
[1.379s] Level 5:colcon.colcon_core.verb:set package 'mycobot_description' build argument 'cmake_clean_cache' from command line to 'False'
[1.379s] Level 5:colcon.colcon_core.verb:set package 'mycobot_description' build argument 'cmake_clean_first' from command line to 'False'
[1.379s] Level 5:colcon.colcon_core.verb:set package 'mycobot_description' build argument 'cmake_force_configure' from command line to 'False'
[1.379s] Level 5:colcon.colcon_core.verb:set package 'mycobot_description' build argument 'ament_cmake_args' from command line to 'None'
[1.380s] Level 5:colcon.colcon_core.verb:set package 'mycobot_description' build argument 'catkin_cmake_args' from command line to 'None'
[1.380s] Level 5:colcon.colcon_core.verb:set package 'mycobot_description' build argument 'catkin_skip_building_tests' from command line to 'False'
[1.380s] DEBUG:colcon.colcon_core.verb:Building package 'mycobot_description' with the following arguments: {'ament_cmake_args': None, 'build_base': '/home/notandi/ros2_ws/build/mycobot_description', 'catkin_cmake_args': None, 'catkin_skip_building_tests': False, 'cmake_args': None, 'cmake_clean_cache': False, 'cmake_clean_first': False, 'cmake_force_configure': False, 'cmake_target': None, 'cmake_target_skip_unavailable': False, 'install_base': '/home/notandi/ros2_ws/install/mycobot_description', 'merge_install': False, 'path': '/home/notandi/ros2_ws/src/mycobot_ros2/mycobot_description', 'symlink_install': True, 'test_result_base': None}
[1.381s] Level 5:colcon.colcon_core.verb:set package 'mycobot_gazebo' build argument 'cmake_args' from command line to 'None'
[1.381s] Level 5:colcon.colcon_core.verb:set package 'mycobot_gazebo' build argument 'cmake_target' from command line to 'None'
[1.381s] Level 5:colcon.colcon_core.verb:set package 'mycobot_gazebo' build argument 'cmake_target_skip_unavailable' from command line to 'False'
[1.381s] Level 5:colcon.colcon_core.verb:set package 'mycobot_gazebo' build argument 'cmake_clean_cache' from command line to 'False'
[1.381s] Level 5:colcon.colcon_core.verb:set package 'mycobot_gazebo' build argument 'cmake_clean_first' from command line to 'False'
[1.381s] Level 5:colcon.colcon_core.verb:set package 'mycobot_gazebo' build argument 'cmake_force_configure' from command line to 'False'
[1.381s] Level 5:colcon.colcon_core.verb:set package 'mycobot_gazebo' build argument 'ament_cmake_args' from command line to 'None'
[1.381s] Level 5:colcon.colcon_core.verb:set package 'mycobot_gazebo' build argument 'catkin_cmake_args' from command line to 'None'
[1.381s] Level 5:colcon.colcon_core.verb:set package 'mycobot_gazebo' build argument 'catkin_skip_building_tests' from command line to 'False'
[1.381s] DEBUG:colcon.colcon_core.verb:Building package 'mycobot_gazebo' with the following arguments: {'ament_cmake_args': None, 'build_base': '/home/notandi/ros2_ws/build/mycobot_gazebo', 'catkin_cmake_args': None, 'catkin_skip_building_tests': False, 'cmake_args': None, 'cmake_clean_cache': False, 'cmake_clean_first': False, 'cmake_force_configure': False, 'cmake_target': None, 'cmake_target_skip_unavailable': False, 'install_base': '/home/notandi/ros2_ws/install/mycobot_gazebo', 'merge_install': False, 'path': '/home/notandi/ros2_ws/src/mycobot_ros2/mycobot_gazebo', 'symlink_install': True, 'test_result_base': None}
[1.382s] Level 5:colcon.colcon_core.verb:set package 'mycobot_moveit_config' build argument 'cmake_args' from command line to 'None'
[1.382s] Level 5:colcon.colcon_core.verb:set package 'mycobot_moveit_config' build argument 'cmake_target' from command line to 'None'
[1.382s] Level 5:colcon.colcon_core.verb:set package 'mycobot_moveit_config' build argument 'cmake_target_skip_unavailable' from command line to 'False'
[1.382s] Level 5:colcon.colcon_core.verb:set package 'mycobot_moveit_config' build argument 'cmake_clean_cache' from command line to 'False'
[1.382s] Level 5:colcon.colcon_core.verb:set package 'mycobot_moveit_config' build argument 'cmake_clean_first' from command line to 'False'
[1.382s] Level 5:colcon.colcon_core.verb:set package 'mycobot_moveit_config' build argument 'cmake_force_configure' from command line to 'False'
[1.382s] Level 5:colcon.colcon_core.verb:set package 'mycobot_moveit_config' build argument 'ament_cmake_args' from command line to 'None'
[1.382s] Level 5:colcon.colcon_core.verb:set package 'mycobot_moveit_config' build argument 'catkin_cmake_args' from command line to 'None'
[1.382s] Level 5:colcon.colcon_core.verb:set package 'mycobot_moveit_config' build argument 'catkin_skip_building_tests' from command line to 'False'
[1.383s] DEBUG:colcon.colcon_core.verb:Building package 'mycobot_moveit_config' with the following arguments: {'ament_cmake_args': None, 'build_base': '/home/notandi/ros2_ws/build/mycobot_moveit_config', 'catkin_cmake_args': None, 'catkin_skip_building_tests': False, 'cmake_args': None, 'cmake_clean_cache': False, 'cmake_clean_first': False, 'cmake_force_configure': False, 'cmake_target': None, 'cmake_target_skip_unavailable': False, 'install_base': '/home/notandi/ros2_ws/install/mycobot_moveit_config', 'merge_install': False, 'path': '/home/notandi/ros2_ws/src/mycobot_ros2/mycobot_moveit_config', 'symlink_install': True, 'test_result_base': None}
[1.383s] Level 5:colcon.colcon_core.verb:set package 'mycobot_system_tests' build argument 'cmake_args' from command line to 'None'
[1.383s] Level 5:colcon.colcon_core.verb:set package 'mycobot_system_tests' build argument 'cmake_target' from command line to 'None'
[1.383s] Level 5:colcon.colcon_core.verb:set package 'mycobot_system_tests' build argument 'cmake_target_skip_unavailable' from command line to 'False'
[1.383s] Level 5:colcon.colcon_core.verb:set package 'mycobot_system_tests' build argument 'cmake_clean_cache' from command line to 'False'
[1.384s] Level 5:colcon.colcon_core.verb:set package 'mycobot_system_tests' build argument 'cmake_clean_first' from command line to 'False'
[1.384s] Level 5:colcon.colcon_core.verb:set package 'mycobot_system_tests' build argument 'cmake_force_configure' from command line to 'False'
[1.384s] Level 5:colcon.colcon_core.verb:set package 'mycobot_system_tests' build argument 'ament_cmake_args' from command line to 'None'
[1.384s] Level 5:colcon.colcon_core.verb:set package 'mycobot_system_tests' build argument 'catkin_cmake_args' from command line to 'None'
[1.384s] Level 5:colcon.colcon_core.verb:set package 'mycobot_system_tests' build argument 'catkin_skip_building_tests' from command line to 'False'
[1.384s] DEBUG:colcon.colcon_core.verb:Building package 'mycobot_system_tests' with the following arguments: {'ament_cmake_args': None, 'build_base': '/home/notandi/ros2_ws/build/mycobot_system_tests', 'catkin_cmake_args': None, 'catkin_skip_building_tests': False, 'cmake_args': None, 'cmake_clean_cache': False, 'cmake_clean_first': False, 'cmake_force_configure': False, 'cmake_target': None, 'cmake_target_skip_unavailable': False, 'install_base': '/home/notandi/ros2_ws/install/mycobot_system_tests', 'merge_install': False, 'path': '/home/notandi/ros2_ws/src/mycobot_ros2/mycobot_system_tests', 'symlink_install': True, 'test_result_base': None}
[1.384s] Level 5:colcon.colcon_core.verb:set package 'mycobot_ros2' build argument 'cmake_args' from command line to 'None'
[1.384s] Level 5:colcon.colcon_core.verb:set package 'mycobot_ros2' build argument 'cmake_target' from command line to 'None'
[1.384s] Level 5:colcon.colcon_core.verb:set package 'mycobot_ros2' build argument 'cmake_target_skip_unavailable' from command line to 'False'
[1.384s] Level 5:colcon.colcon_core.verb:set package 'mycobot_ros2' build argument 'cmake_clean_cache' from command line to 'False'
[1.384s] Level 5:colcon.colcon_core.verb:set package 'mycobot_ros2' build argument 'cmake_clean_first' from command line to 'False'
[1.384s] Level 5:colcon.colcon_core.verb:set package 'mycobot_ros2' build argument 'cmake_force_configure' from command line to 'False'
[1.384s] Level 5:colcon.colcon_core.verb:set package 'mycobot_ros2' build argument 'ament_cmake_args' from command line to 'None'
[1.384s] Level 5:colcon.colcon_core.verb:set package 'mycobot_ros2' build argument 'catkin_cmake_args' from command line to 'None'
[1.384s] Level 5:colcon.colcon_core.verb:set package 'mycobot_ros2' build argument 'catkin_skip_building_tests' from command line to 'False'
[1.385s] DEBUG:colcon.colcon_core.verb:Building package 'mycobot_ros2' with the following arguments: {'ament_cmake_args': None, 'build_base': '/home/notandi/ros2_ws/build/mycobot_ros2', 'catkin_cmake_args': None, 'catkin_skip_building_tests': False, 'cmake_args': None, 'cmake_clean_cache': False, 'cmake_clean_first': False, 'cmake_force_configure': False, 'cmake_target': None, 'cmake_target_skip_unavailable': False, 'install_base': '/home/notandi/ros2_ws/install/mycobot_ros2', 'merge_install': False, 'path': '/home/notandi/ros2_ws/src/mycobot_ros2/mycobot_ros2', 'symlink_install': True, 'test_result_base': None}
[1.385s] INFO:colcon.colcon_core.executor:Executing jobs using 'parallel' executor
[1.390s] DEBUG:colcon.colcon_parallel_executor.executor.parallel:run_until_complete
[1.391s] INFO:colcon.colcon_ros.task.ament_cmake.build:Building ROS package in '/home/notandi/ros2_ws/src/mycobot_ros2/mycobot_bringup' with build type 'ament_cmake'
[1.392s] INFO:colcon.colcon_cmake.task.cmake.build:Building CMake package in '/home/notandi/ros2_ws/src/mycobot_ros2/mycobot_bringup'
[1.397s] INFO:colcon.colcon_core.plugin_system:Skipping extension 'colcon_core.shell.bat': Not used on non-Windows systems
[1.398s] INFO:colcon.colcon_core.shell:Skip shell extension 'powershell' for command environment: Not usable outside of PowerShell
[1.398s] DEBUG:colcon.colcon_core.shell:Skip shell extension 'dsv' for command environment
[1.408s] INFO:colcon.colcon_ros.task.ament_cmake.build:Building ROS package in '/home/notandi/ros2_ws/src/mycobot_ros2/mycobot_description' with build type 'ament_cmake'
[1.410s] INFO:colcon.colcon_cmake.task.cmake.build:Building CMake package in '/home/notandi/ros2_ws/src/mycobot_ros2/mycobot_description'
[1.411s] INFO:colcon.colcon_core.shell:Skip shell extension 'powershell' for command environment: Not usable outside of PowerShell
[1.411s] DEBUG:colcon.colcon_core.shell:Skip shell extension 'dsv' for command environment
[1.424s] INFO:colcon.colcon_ros.task.ament_cmake.build:Building ROS package in '/home/notandi/ros2_ws/src/mycobot_ros2/mycobot_gazebo' with build type 'ament_cmake'
[1.425s] INFO:colcon.colcon_cmake.task.cmake.build:Building CMake package in '/home/notandi/ros2_ws/src/mycobot_ros2/mycobot_gazebo'
[1.426s] INFO:colcon.colcon_core.shell:Skip shell extension 'powershell' for command environment: Not usable outside of PowerShell
[1.426s] DEBUG:colcon.colcon_core.shell:Skip shell extension 'dsv' for command environment
[1.445s] INFO:colcon.colcon_ros.task.ament_cmake.build:Building ROS package in '/home/notandi/ros2_ws/src/mycobot_ros2/mycobot_moveit_config' with build type 'ament_cmake'
[1.447s] INFO:colcon.colcon_cmake.task.cmake.build:Building CMake package in '/home/notandi/ros2_ws/src/mycobot_ros2/mycobot_moveit_config'
[1.447s] INFO:colcon.colcon_core.shell:Skip shell extension 'powershell' for command environment: Not usable outside of PowerShell
[1.448s] DEBUG:colcon.colcon_core.shell:Skip shell extension 'dsv' for command environment
[1.459s] INFO:colcon.colcon_ros.task.ament_cmake.build:Building ROS package in '/home/notandi/ros2_ws/src/mycobot_ros2/mycobot_system_tests' with build type 'ament_cmake'
[1.459s] INFO:colcon.colcon_cmake.task.cmake.build:Building CMake package in '/home/notandi/ros2_ws/src/mycobot_ros2/mycobot_system_tests'
[1.460s] INFO:colcon.colcon_core.shell:Skip shell extension 'powershell' for command environment: Not usable outside of PowerShell
[1.460s] DEBUG:colcon.colcon_core.shell:Skip shell extension 'dsv' for command environment
[1.491s] DEBUG:colcon.colcon_core.event_handler.log_command:Invoking command in '/home/notandi/ros2_ws/build/mycobot_bringup': CMAKE_PREFIX_PATH=${CMAKE_PREFIX_PATH}:/opt/ros/jazzy /usr/bin/cmake --build /home/notandi/ros2_ws/build/mycobot_bringup -- -j12 -l12
[1.508s] DEBUG:colcon.colcon_core.event_handler.log_command:Invoking command in '/home/notandi/ros2_ws/build/mycobot_description': CMAKE_PREFIX_PATH=${CMAKE_PREFIX_PATH}:/opt/ros/jazzy /usr/bin/cmake --build /home/notandi/ros2_ws/build/mycobot_description -- -j12 -l12
[1.515s] DEBUG:colcon.colcon_core.event_handler.log_command:Invoking command in '/home/notandi/ros2_ws/build/mycobot_gazebo': CMAKE_PREFIX_PATH=${CMAKE_PREFIX_PATH}:/opt/ros/jazzy /usr/bin/cmake --build /home/notandi/ros2_ws/build/mycobot_gazebo -- -j12 -l12
[1.533s] DEBUG:colcon.colcon_core.event_handler.log_command:Invoking command in '/home/notandi/ros2_ws/build/mycobot_moveit_config': CMAKE_PREFIX_PATH=${CMAKE_PREFIX_PATH}:/opt/ros/jazzy /usr/bin/cmake --build /home/notandi/ros2_ws/build/mycobot_moveit_config -- -j12 -l12
[1.550s] DEBUG:colcon.colcon_core.event_handler.log_command:Invoking command in '/home/notandi/ros2_ws/build/mycobot_system_tests': CMAKE_PREFIX_PATH=${CMAKE_PREFIX_PATH}:/opt/ros/jazzy /usr/bin/cmake --build /home/notandi/ros2_ws/build/mycobot_system_tests -- -j12 -l12
[1.668s] DEBUG:colcon.colcon_core.event_handler.log_command:Invoked command in '/home/notandi/ros2_ws/build/mycobot_bringup' returned '0': CMAKE_PREFIX_PATH=${CMAKE_PREFIX_PATH}:/opt/ros/jazzy /usr/bin/cmake --build /home/notandi/ros2_ws/build/mycobot_bringup -- -j12 -l12
[1.703s] DEBUG:colcon.colcon_core.event_handler.log_command:Invoking command in '/home/notandi/ros2_ws/build/mycobot_bringup': CMAKE_PREFIX_PATH=${CMAKE_PREFIX_PATH}:/opt/ros/jazzy /usr/bin/cmake --install /home/notandi/ros2_ws/build/mycobot_bringup
[1.712s] DEBUG:colcon.colcon_core.event_handler.log_command:Invoked command in '/home/notandi/ros2_ws/build/mycobot_moveit_config' returned '0': CMAKE_PREFIX_PATH=${CMAKE_PREFIX_PATH}:/opt/ros/jazzy /usr/bin/cmake --build /home/notandi/ros2_ws/build/mycobot_moveit_config -- -j12 -l12
[1.715s] DEBUG:colcon.colcon_core.event_handler.log_command:Invoking command in '/home/notandi/ros2_ws/build/mycobot_moveit_config': CMAKE_PREFIX_PATH=${CMAKE_PREFIX_PATH}:/opt/ros/jazzy /usr/bin/cmake --install /home/notandi/ros2_ws/build/mycobot_moveit_config
[1.719s] DEBUG:colcon.colcon_core.event_handler.log_command:Invoked command in '/home/notandi/ros2_ws/build/mycobot_gazebo' returned '0': CMAKE_PREFIX_PATH=${CMAKE_PREFIX_PATH}:/opt/ros/jazzy /usr/bin/cmake --build /home/notandi/ros2_ws/build/mycobot_gazebo -- -j12 -l12
[1.720s] DEBUG:colcon.colcon_core.event_handler.log_command:Invoking command in '/home/notandi/ros2_ws/build/mycobot_gazebo': CMAKE_PREFIX_PATH=${CMAKE_PREFIX_PATH}:/opt/ros/jazzy /usr/bin/cmake --install /home/notandi/ros2_ws/build/mycobot_gazebo
[1.730s] DEBUG:colcon.colcon_core.event_handler.log_command:Invoked command in '/home/notandi/ros2_ws/build/mycobot_description' returned '0': CMAKE_PREFIX_PATH=${CMAKE_PREFIX_PATH}:/opt/ros/jazzy /usr/bin/cmake --build /home/notandi/ros2_ws/build/mycobot_description -- -j12 -l12
[1.732s] DEBUG:colcon.colcon_core.event_handler.log_command:Invoking command in '/home/notandi/ros2_ws/build/mycobot_description': CMAKE_PREFIX_PATH=${CMAKE_PREFIX_PATH}:/opt/ros/jazzy /usr/bin/cmake --install /home/notandi/ros2_ws/build/mycobot_description
[1.739s] DEBUG:colcon.colcon_core.event_handler.log_command:Invoked command in '/home/notandi/ros2_ws/build/mycobot_system_tests' returned '0': CMAKE_PREFIX_PATH=${CMAKE_PREFIX_PATH}:/opt/ros/jazzy /usr/bin/cmake --build /home/notandi/ros2_ws/build/mycobot_system_tests -- -j12 -l12
[1.744s] DEBUG:colcon.colcon_core.event_handler.log_command:Invoking command in '/home/notandi/ros2_ws/build/mycobot_system_tests': CMAKE_PREFIX_PATH=${CMAKE_PREFIX_PATH}:/opt/ros/jazzy /usr/bin/cmake --install /home/notandi/ros2_ws/build/mycobot_system_tests
[1.824s] Level 1:colcon.colcon_core.environment:create_environment_scripts_only(mycobot_moveit_config)
[1.878s] DEBUG:colcon.colcon_core.event_handler.log_command:Invoked command in '/home/notandi/ros2_ws/build/mycobot_moveit_config' returned '0': CMAKE_PREFIX_PATH=${CMAKE_PREFIX_PATH}:/opt/ros/jazzy /usr/bin/cmake --install /home/notandi/ros2_ws/build/mycobot_moveit_config
[1.880s] Level 1:colcon.colcon_core.environment:checking '/home/notandi/ros2_ws/install/mycobot_moveit_config' for CMake module files
[1.895s] Level 1:colcon.colcon_core.environment:checking '/home/notandi/ros2_ws/install/mycobot_moveit_config' for CMake config files
[1.985s] Level 1:colcon.colcon_core.shell:create_environment_hook('mycobot_moveit_config', 'cmake_prefix_path')
[1.990s] INFO:colcon.colcon_core.shell:Creating environment hook '/home/notandi/ros2_ws/install/mycobot_moveit_config/share/mycobot_moveit_config/hook/cmake_prefix_path.ps1'
[1.994s] INFO:colcon.colcon_core.shell:Creating environment descriptor '/home/notandi/ros2_ws/install/mycobot_moveit_config/share/mycobot_moveit_config/hook/cmake_prefix_path.dsv'
[1.998s] INFO:colcon.colcon_core.shell:Creating environment hook '/home/notandi/ros2_ws/install/mycobot_moveit_config/share/mycobot_moveit_config/hook/cmake_prefix_path.sh'
[2.011s] Level 1:colcon.colcon_core.environment:checking '/home/notandi/ros2_ws/install/mycobot_moveit_config/bin'
[2.015s] Level 1:colcon.colcon_core.environment:checking '/home/notandi/ros2_ws/install/mycobot_moveit_config/lib/pkgconfig/mycobot_moveit_config.pc'
[2.018s] Level 1:colcon.colcon_core.environment:checking '/home/notandi/ros2_ws/install/mycobot_moveit_config/lib/python3.12/site-packages'
[2.019s] Level 1:colcon.colcon_core.environment:checking '/home/notandi/ros2_ws/install/mycobot_moveit_config/bin'
[2.020s] INFO:colcon.colcon_core.shell:Creating package script '/home/notandi/ros2_ws/install/mycobot_moveit_config/share/mycobot_moveit_config/package.ps1'
[2.041s] INFO:colcon.colcon_core.shell:Creating package descriptor '/home/notandi/ros2_ws/install/mycobot_moveit_config/share/mycobot_moveit_config/package.dsv'
[2.060s] INFO:colcon.colcon_core.shell:Creating package script '/home/notandi/ros2_ws/install/mycobot_moveit_config/share/mycobot_moveit_config/package.sh'
[2.066s] INFO:colcon.colcon_core.shell:Creating package script '/home/notandi/ros2_ws/install/mycobot_moveit_config/share/mycobot_moveit_config/package.bash'
[2.071s] INFO:colcon.colcon_core.shell:Creating package script '/home/notandi/ros2_ws/install/mycobot_moveit_config/share/mycobot_moveit_config/package.zsh'
[2.092s] Level 1:colcon.colcon_core.environment:create_file_with_runtime_dependencies(/home/notandi/ros2_ws/install/mycobot_moveit_config/share/colcon-core/packages/mycobot_moveit_config)
[2.109s] Level 1:colcon.colcon_core.environment:create_environment_scripts_only(mycobot_moveit_config)
[2.118s] Level 1:colcon.colcon_core.environment:checking '/home/notandi/ros2_ws/install/mycobot_moveit_config' for CMake module files
[2.144s] Level 1:colcon.colcon_core.environment:checking '/home/notandi/ros2_ws/install/mycobot_moveit_config' for CMake config files
[2.167s] Level 1:colcon.colcon_core.shell:create_environment_hook('mycobot_moveit_config', 'cmake_prefix_path')
[2.168s] INFO:colcon.colcon_core.shell:Creating environment hook '/home/notandi/ros2_ws/install/mycobot_moveit_config/share/mycobot_moveit_config/hook/cmake_prefix_path.ps1'
[2.172s] INFO:colcon.colcon_core.shell:Creating environment descriptor '/home/notandi/ros2_ws/install/mycobot_moveit_config/share/mycobot_moveit_config/hook/cmake_prefix_path.dsv'
[2.175s] INFO:colcon.colcon_core.shell:Creating environment hook '/home/notandi/ros2_ws/install/mycobot_moveit_config/share/mycobot_moveit_config/hook/cmake_prefix_path.sh'
[2.195s] Level 1:colcon.colcon_core.environment:checking '/home/notandi/ros2_ws/install/mycobot_moveit_config/bin'
[2.199s] Level 1:colcon.colcon_core.environment:checking '/home/notandi/ros2_ws/install/mycobot_moveit_config/lib/pkgconfig/mycobot_moveit_config.pc'
[2.200s] Level 1:colcon.colcon_core.environment:checking '/home/notandi/ros2_ws/install/mycobot_moveit_config/lib/python3.12/site-packages'
[2.204s] Level 1:colcon.colcon_core.environment:checking '/home/notandi/ros2_ws/install/mycobot_moveit_config/bin'
[2.207s] INFO:colcon.colcon_core.shell:Creating package script '/home/notandi/ros2_ws/install/mycobot_moveit_config/share/mycobot_moveit_config/package.ps1'
[2.219s] INFO:colcon.colcon_core.shell:Creating package descriptor '/home/notandi/ros2_ws/install/mycobot_moveit_config/share/mycobot_moveit_config/package.dsv'
[2.225s] INFO:colcon.colcon_core.shell:Creating package script '/home/notandi/ros2_ws/install/mycobot_moveit_config/share/mycobot_moveit_config/package.sh'
[2.233s] INFO:colcon.colcon_core.shell:Creating package script '/home/notandi/ros2_ws/install/mycobot_moveit_config/share/mycobot_moveit_config/package.bash'
[2.239s] INFO:colcon.colcon_core.shell:Creating package script '/home/notandi/ros2_ws/install/mycobot_moveit_config/share/mycobot_moveit_config/package.zsh'
[2.254s] Level 1:colcon.colcon_core.environment:create_file_with_runtime_dependencies(/home/notandi/ros2_ws/install/mycobot_moveit_config/share/colcon-core/packages/mycobot_moveit_config)
[2.284s] Level 1:colcon.colcon_core.environment:create_environment_scripts_only(mycobot_system_tests)
[2.285s] Level 1:colcon.colcon_core.environment:checking '/home/notandi/ros2_ws/install/mycobot_system_tests' for CMake module files
[2.313s] Level 1:colcon.colcon_core.environment:checking '/home/notandi/ros2_ws/install/mycobot_system_tests' for CMake config files
[2.316s] Level 1:colcon.colcon_core.shell:create_environment_hook('mycobot_system_tests', 'cmake_prefix_path')
[2.316s] INFO:colcon.colcon_core.shell:Creating environment hook '/home/notandi/ros2_ws/install/mycobot_system_tests/share/mycobot_system_tests/hook/cmake_prefix_path.ps1'
[2.326s] INFO:colcon.colcon_core.shell:Creating environment descriptor '/home/notandi/ros2_ws/install/mycobot_system_tests/share/mycobot_system_tests/hook/cmake_prefix_path.dsv'
[2.329s] INFO:colcon.colcon_core.shell:Creating environment hook '/home/notandi/ros2_ws/install/mycobot_system_tests/share/mycobot_system_tests/hook/cmake_prefix_path.sh'
[2.333s] Level 1:colcon.colcon_core.environment:checking '/home/notandi/ros2_ws/install/mycobot_system_tests/lib'
[2.334s] Level 1:colcon.colcon_core.environment:checking '/home/notandi/ros2_ws/install/mycobot_system_tests/bin'
[2.335s] Level 1:colcon.colcon_core.environment:checking '/home/notandi/ros2_ws/install/mycobot_system_tests/lib/pkgconfig/mycobot_system_tests.pc'
[2.336s] Level 1:colcon.colcon_core.environment:checking '/home/notandi/ros2_ws/install/mycobot_system_tests/lib/python3.12/site-packages'
[2.337s] Level 1:colcon.colcon_core.environment:checking '/home/notandi/ros2_ws/install/mycobot_system_tests/bin'
[2.344s] INFO:colcon.colcon_core.shell:Creating package script '/home/notandi/ros2_ws/install/mycobot_system_tests/share/mycobot_system_tests/package.ps1'
[2.351s] INFO:colcon.colcon_core.shell:Creating package descriptor '/home/notandi/ros2_ws/install/mycobot_system_tests/share/mycobot_system_tests/package.dsv'
[2.358s] INFO:colcon.colcon_core.shell:Creating package script '/home/notandi/ros2_ws/install/mycobot_system_tests/share/mycobot_system_tests/package.sh'
[2.360s] INFO:colcon.colcon_core.shell:Creating package script '/home/notandi/ros2_ws/install/mycobot_system_tests/share/mycobot_system_tests/package.bash'
[2.364s] DEBUG:colcon.colcon_core.event_handler.log_command:Invoked command in '/home/notandi/ros2_ws/build/mycobot_system_tests' returned '0': CMAKE_PREFIX_PATH=${CMAKE_PREFIX_PATH}:/opt/ros/jazzy /usr/bin/cmake --install /home/notandi/ros2_ws/build/mycobot_system_tests
[2.365s] INFO:colcon.colcon_core.shell:Creating package script '/home/notandi/ros2_ws/install/mycobot_system_tests/share/mycobot_system_tests/package.zsh'
[2.367s] Level 1:colcon.colcon_core.environment:create_file_with_runtime_dependencies(/home/notandi/ros2_ws/install/mycobot_system_tests/share/colcon-core/packages/mycobot_system_tests)
[2.369s] Level 1:colcon.colcon_core.environment:create_environment_scripts_only(mycobot_system_tests)
[2.369s] Level 1:colcon.colcon_core.environment:checking '/home/notandi/ros2_ws/install/mycobot_system_tests' for CMake module files
[2.372s] Level 1:colcon.colcon_core.environment:checking '/home/notandi/ros2_ws/install/mycobot_system_tests' for CMake config files
[2.373s] Level 1:colcon.colcon_core.shell:create_environment_hook('mycobot_system_tests', 'cmake_prefix_path')
[2.374s] INFO:colcon.colcon_core.shell:Creating environment hook '/home/notandi/ros2_ws/install/mycobot_system_tests/share/mycobot_system_tests/hook/cmake_prefix_path.ps1'
[2.376s] INFO:colcon.colcon_core.shell:Creating environment descriptor '/home/notandi/ros2_ws/install/mycobot_system_tests/share/mycobot_system_tests/hook/cmake_prefix_path.dsv'
[2.377s] INFO:colcon.colcon_core.shell:Creating environment hook '/home/notandi/ros2_ws/install/mycobot_system_tests/share/mycobot_system_tests/hook/cmake_prefix_path.sh'
[2.379s] Level 1:colcon.colcon_core.environment:checking '/home/notandi/ros2_ws/install/mycobot_system_tests/lib'
[2.379s] Level 1:colcon.colcon_core.environment:checking '/home/notandi/ros2_ws/install/mycobot_system_tests/bin'
[2.379s] Level 1:colcon.colcon_core.environment:checking '/home/notandi/ros2_ws/install/mycobot_system_tests/lib/pkgconfig/mycobot_system_tests.pc'
[2.382s] Level 1:colcon.colcon_core.environment:checking '/home/notandi/ros2_ws/install/mycobot_system_tests/lib/python3.12/site-packages'
[2.384s] Level 1:colcon.colcon_core.environment:checking '/home/notandi/ros2_ws/install/mycobot_system_tests/bin'
[2.385s] INFO:colcon.colcon_core.shell:Creating package script '/home/notandi/ros2_ws/install/mycobot_system_tests/share/mycobot_system_tests/package.ps1'
[2.389s] INFO:colcon.colcon_core.shell:Creating package descriptor '/home/notandi/ros2_ws/install/mycobot_system_tests/share/mycobot_system_tests/package.dsv'
[2.392s] INFO:colcon.colcon_core.shell:Creating package script '/home/notandi/ros2_ws/install/mycobot_system_tests/share/mycobot_system_tests/package.sh'
[2.393s] INFO:colcon.colcon_core.shell:Creating package script '/home/notandi/ros2_ws/install/mycobot_system_tests/share/mycobot_system_tests/package.bash'
[2.397s] INFO:colcon.colcon_core.shell:Creating package script '/home/notandi/ros2_ws/install/mycobot_system_tests/share/mycobot_system_tests/package.zsh'
[2.404s] Level 1:colcon.colcon_core.environment:create_file_with_runtime_dependencies(/home/notandi/ros2_ws/install/mycobot_system_tests/share/colcon-core/packages/mycobot_system_tests)
[2.406s] Level 1:colcon.colcon_core.environment:create_environment_scripts_only(mycobot_bringup)
[2.407s] Level 1:colcon.colcon_core.environment:checking '/home/notandi/ros2_ws/install/mycobot_bringup' for CMake module files
[2.415s] DEBUG:colcon.colcon_core.event_handler.log_command:Invoked command in '/home/notandi/ros2_ws/build/mycobot_bringup' returned '0': CMAKE_PREFIX_PATH=${CMAKE_PREFIX_PATH}:/opt/ros/jazzy /usr/bin/cmake --install /home/notandi/ros2_ws/build/mycobot_bringup
[2.416s] Level 1:colcon.colcon_core.environment:checking '/home/notandi/ros2_ws/install/mycobot_bringup' for CMake config files
[2.418s] Level 1:colcon.colcon_core.shell:create_environment_hook('mycobot_bringup', 'cmake_prefix_path')
[2.418s] INFO:colcon.colcon_core.shell:Creating environment hook '/home/notandi/ros2_ws/install/mycobot_bringup/share/mycobot_bringup/hook/cmake_prefix_path.ps1'
[2.420s] INFO:colcon.colcon_core.shell:Creating environment descriptor '/home/notandi/ros2_ws/install/mycobot_bringup/share/mycobot_bringup/hook/cmake_prefix_path.dsv'
[2.421s] INFO:colcon.colcon_core.shell:Creating environment hook '/home/notandi/ros2_ws/install/mycobot_bringup/share/mycobot_bringup/hook/cmake_prefix_path.sh'
[2.425s] Level 1:colcon.colcon_core.environment:checking '/home/notandi/ros2_ws/install/mycobot_bringup/bin'
[2.427s] Level 1:colcon.colcon_core.environment:checking '/home/notandi/ros2_ws/install/mycobot_bringup/lib/pkgconfig/mycobot_bringup.pc'
[2.428s] Level 1:colcon.colcon_core.environment:checking '/home/notandi/ros2_ws/install/mycobot_bringup/lib/python3.12/site-packages'
[2.432s] Level 1:colcon.colcon_core.environment:checking '/home/notandi/ros2_ws/install/mycobot_bringup/bin'
[2.433s] INFO:colcon.colcon_core.shell:Creating package script '/home/notandi/ros2_ws/install/mycobot_bringup/share/mycobot_bringup/package.ps1'
[2.435s] INFO:colcon.colcon_core.shell:Creating package descriptor '/home/notandi/ros2_ws/install/mycobot_bringup/share/mycobot_bringup/package.dsv'
[2.437s] INFO:colcon.colcon_core.shell:Creating package script '/home/notandi/ros2_ws/install/mycobot_bringup/share/mycobot_bringup/package.sh'
[2.438s] INFO:colcon.colcon_core.shell:Creating package script '/home/notandi/ros2_ws/install/mycobot_bringup/share/mycobot_bringup/package.bash'
[2.440s] INFO:colcon.colcon_core.shell:Creating package script '/home/notandi/ros2_ws/install/mycobot_bringup/share/mycobot_bringup/package.zsh'
[2.443s] Level 1:colcon.colcon_core.environment:create_file_with_runtime_dependencies(/home/notandi/ros2_ws/install/mycobot_bringup/share/colcon-core/packages/mycobot_bringup)
[2.446s] Level 1:colcon.colcon_core.environment:create_environment_scripts_only(mycobot_bringup)
[2.447s] Level 1:colcon.colcon_core.environment:checking '/home/notandi/ros2_ws/install/mycobot_bringup' for CMake module files
[2.450s] Level 1:colcon.colcon_core.environment:checking '/home/notandi/ros2_ws/install/mycobot_bringup' for CMake config files
[2.451s] Level 1:colcon.colcon_core.shell:create_environment_hook('mycobot_bringup', 'cmake_prefix_path')
[2.452s] INFO:colcon.colcon_core.shell:Creating environment hook '/home/notandi/ros2_ws/install/mycobot_bringup/share/mycobot_bringup/hook/cmake_prefix_path.ps1'
[2.453s] INFO:colcon.colcon_core.shell:Creating environment descriptor '/home/notandi/ros2_ws/install/mycobot_bringup/share/mycobot_bringup/hook/cmake_prefix_path.dsv'
[2.454s] INFO:colcon.colcon_core.shell:Creating environment hook '/home/notandi/ros2_ws/install/mycobot_bringup/share/mycobot_bringup/hook/cmake_prefix_path.sh'
[2.457s] Level 1:colcon.colcon_core.environment:checking '/home/notandi/ros2_ws/install/mycobot_bringup/bin'
[2.457s] Level 1:colcon.colcon_core.environment:checking '/home/notandi/ros2_ws/install/mycobot_bringup/lib/pkgconfig/mycobot_bringup.pc'
[2.459s] Level 1:colcon.colcon_core.environment:checking '/home/notandi/ros2_ws/install/mycobot_bringup/lib/python3.12/site-packages'
[2.460s] Level 1:colcon.colcon_core.environment:checking '/home/notandi/ros2_ws/install/mycobot_bringup/bin'
[2.462s] INFO:colcon.colcon_core.shell:Creating package script '/home/notandi/ros2_ws/install/mycobot_bringup/share/mycobot_bringup/package.ps1'
[2.465s] INFO:colcon.colcon_core.shell:Creating package descriptor '/home/notandi/ros2_ws/install/mycobot_bringup/share/mycobot_bringup/package.dsv'
[2.467s] INFO:colcon.colcon_core.shell:Creating package script '/home/notandi/ros2_ws/install/mycobot_bringup/share/mycobot_bringup/package.sh'
[2.469s] INFO:colcon.colcon_core.shell:Creating package script '/home/notandi/ros2_ws/install/mycobot_bringup/share/mycobot_bringup/package.bash'
[2.470s] INFO:colcon.colcon_core.shell:Creating package script '/home/notandi/ros2_ws/install/mycobot_bringup/share/mycobot_bringup/package.zsh'
[2.472s] Level 1:colcon.colcon_core.environment:create_file_with_runtime_dependencies(/home/notandi/ros2_ws/install/mycobot_bringup/share/colcon-core/packages/mycobot_bringup)
[2.473s] Level 1:colcon.colcon_core.environment:create_environment_scripts_only(mycobot_description)
[2.474s] Level 1:colcon.colcon_core.environment:checking '/home/notandi/ros2_ws/install/mycobot_description' for CMake module files
[2.481s] Level 1:colcon.colcon_core.environment:checking '/home/notandi/ros2_ws/install/mycobot_description' for CMake config files
[2.486s] DEBUG:colcon.colcon_core.event_handler.log_command:Invoked command in '/home/notandi/ros2_ws/build/mycobot_description' returned '0': CMAKE_PREFIX_PATH=${CMAKE_PREFIX_PATH}:/opt/ros/jazzy /usr/bin/cmake --install /home/notandi/ros2_ws/build/mycobot_description
[2.491s] Level 1:colcon.colcon_core.shell:create_environment_hook('mycobot_description', 'cmake_prefix_path')
[2.492s] INFO:colcon.colcon_core.shell:Creating environment hook '/home/notandi/ros2_ws/install/mycobot_description/share/mycobot_description/hook/cmake_prefix_path.ps1'
[2.500s] INFO:colcon.colcon_core.shell:Creating environment descriptor '/home/notandi/ros2_ws/install/mycobot_description/share/mycobot_description/hook/cmake_prefix_path.dsv'
[2.502s] INFO:colcon.colcon_core.shell:Creating environment hook '/home/notandi/ros2_ws/install/mycobot_description/share/mycobot_description/hook/cmake_prefix_path.sh'
[2.516s] Level 1:colcon.colcon_core.environment:checking '/home/notandi/ros2_ws/install/mycobot_description/bin'
[2.517s] Level 1:colcon.colcon_core.environment:checking '/home/notandi/ros2_ws/install/mycobot_description/lib/pkgconfig/mycobot_description.pc'
[2.518s] Level 1:colcon.colcon_core.environment:checking '/home/notandi/ros2_ws/install/mycobot_description/lib/python3.12/site-packages'
[2.520s] Level 1:colcon.colcon_core.environment:checking '/home/notandi/ros2_ws/install/mycobot_description/bin'
[2.528s] INFO:colcon.colcon_core.shell:Creating package script '/home/notandi/ros2_ws/install/mycobot_description/share/mycobot_description/package.ps1'
[2.533s] INFO:colcon.colcon_core.shell:Creating package descriptor '/home/notandi/ros2_ws/install/mycobot_description/share/mycobot_description/package.dsv'
[2.535s] INFO:colcon.colcon_core.shell:Creating package script '/home/notandi/ros2_ws/install/mycobot_description/share/mycobot_description/package.sh'
[2.537s] INFO:colcon.colcon_core.shell:Creating package script '/home/notandi/ros2_ws/install/mycobot_description/share/mycobot_description/package.bash'
[2.538s] INFO:colcon.colcon_core.shell:Creating package script '/home/notandi/ros2_ws/install/mycobot_description/share/mycobot_description/package.zsh'
[2.542s] Level 1:colcon.colcon_core.environment:create_file_with_runtime_dependencies(/home/notandi/ros2_ws/install/mycobot_description/share/colcon-core/packages/mycobot_description)
[2.550s] Level 1:colcon.colcon_core.environment:create_environment_scripts_only(mycobot_description)
[2.550s] Level 1:colcon.colcon_core.environment:checking '/home/notandi/ros2_ws/install/mycobot_description' for CMake module files
[2.552s] Level 1:colcon.colcon_core.environment:checking '/home/notandi/ros2_ws/install/mycobot_description' for CMake config files
[2.554s] Level 1:colcon.colcon_core.shell:create_environment_hook('mycobot_description', 'cmake_prefix_path')
[2.556s] INFO:colcon.colcon_core.shell:Creating environment hook '/home/notandi/ros2_ws/install/mycobot_description/share/mycobot_description/hook/cmake_prefix_path.ps1'
[2.560s] INFO:colcon.colcon_core.shell:Creating environment descriptor '/home/notandi/ros2_ws/install/mycobot_description/share/mycobot_description/hook/cmake_prefix_path.dsv'
[2.562s] INFO:colcon.colcon_core.shell:Creating environment hook '/home/notandi/ros2_ws/install/mycobot_description/share/mycobot_description/hook/cmake_prefix_path.sh'
[2.568s] Level 1:colcon.colcon_core.environment:checking '/home/notandi/ros2_ws/install/mycobot_description/bin'
[2.569s] Level 1:colcon.colcon_core.environment:checking '/home/notandi/ros2_ws/install/mycobot_description/lib/pkgconfig/mycobot_description.pc'
[2.570s] Level 1:colcon.colcon_core.environment:checking '/home/notandi/ros2_ws/install/mycobot_description/lib/python3.12/site-packages'
[2.572s] Level 1:colcon.colcon_core.environment:checking '/home/notandi/ros2_ws/install/mycobot_description/bin'
[2.574s] INFO:colcon.colcon_core.shell:Creating package script '/home/notandi/ros2_ws/install/mycobot_description/share/mycobot_description/package.ps1'
[2.577s] INFO:colcon.colcon_core.shell:Creating package descriptor '/home/notandi/ros2_ws/install/mycobot_description/share/mycobot_description/package.dsv'
[2.579s] INFO:colcon.colcon_core.shell:Creating package script '/home/notandi/ros2_ws/install/mycobot_description/share/mycobot_description/package.sh'
[2.584s] INFO:colcon.colcon_core.shell:Creating package script '/home/notandi/ros2_ws/install/mycobot_description/share/mycobot_description/package.bash'
[2.587s] INFO:colcon.colcon_core.shell:Creating package script '/home/notandi/ros2_ws/install/mycobot_description/share/mycobot_description/package.zsh'
[2.588s] Level 1:colcon.colcon_core.environment:create_file_with_runtime_dependencies(/home/notandi/ros2_ws/install/mycobot_description/share/colcon-core/packages/mycobot_description)
[2.589s] Level 1:colcon.colcon_core.environment:create_environment_scripts_only(mycobot_gazebo)
[2.590s] Level 1:colcon.colcon_core.environment:checking '/home/notandi/ros2_ws/install/mycobot_gazebo' for CMake module files
[2.602s] DEBUG:colcon.colcon_core.event_handler.log_command:Invoked command in '/home/notandi/ros2_ws/build/mycobot_gazebo' returned '0': CMAKE_PREFIX_PATH=${CMAKE_PREFIX_PATH}:/opt/ros/jazzy /usr/bin/cmake --install /home/notandi/ros2_ws/build/mycobot_gazebo
[2.604s] Level 1:colcon.colcon_core.environment:checking '/home/notandi/ros2_ws/install/mycobot_gazebo' for CMake config files
[2.638s] Level 1:colcon.colcon_core.shell:create_environment_hook('mycobot_gazebo', 'cmake_prefix_path')
[2.639s] INFO:colcon.colcon_core.shell:Creating environment hook '/home/notandi/ros2_ws/install/mycobot_gazebo/share/mycobot_gazebo/hook/cmake_prefix_path.ps1'
[2.640s] INFO:colcon.colcon_core.shell:Creating environment descriptor '/home/notandi/ros2_ws/install/mycobot_gazebo/share/mycobot_gazebo/hook/cmake_prefix_path.dsv'
[2.642s] INFO:colcon.colcon_core.shell:Creating environment hook '/home/notandi/ros2_ws/install/mycobot_gazebo/share/mycobot_gazebo/hook/cmake_prefix_path.sh'
[2.644s] Level 1:colcon.colcon_core.environment:checking '/home/notandi/ros2_ws/install/mycobot_gazebo/bin'
[2.645s] Level 1:colcon.colcon_core.environment:checking '/home/notandi/ros2_ws/install/mycobot_gazebo/lib/pkgconfig/mycobot_gazebo.pc'
[2.649s] Level 1:colcon.colcon_core.environment:checking '/home/notandi/ros2_ws/install/mycobot_gazebo/lib/python3.12/site-packages'
[2.652s] Level 1:colcon.colcon_core.environment:checking '/home/notandi/ros2_ws/install/mycobot_gazebo/bin'
[2.653s] INFO:colcon.colcon_core.shell:Creating package script '/home/notandi/ros2_ws/install/mycobot_gazebo/share/mycobot_gazebo/package.ps1'
[2.655s] INFO:colcon.colcon_core.shell:Creating package descriptor '/home/notandi/ros2_ws/install/mycobot_gazebo/share/mycobot_gazebo/package.dsv'
[2.657s] INFO:colcon.colcon_core.shell:Creating package script '/home/notandi/ros2_ws/install/mycobot_gazebo/share/mycobot_gazebo/package.sh'
[2.658s] INFO:colcon.colcon_core.shell:Creating package script '/home/notandi/ros2_ws/install/mycobot_gazebo/share/mycobot_gazebo/package.bash'
[2.660s] INFO:colcon.colcon_core.shell:Creating package script '/home/notandi/ros2_ws/install/mycobot_gazebo/share/mycobot_gazebo/package.zsh'
[2.661s] Level 1:colcon.colcon_core.environment:create_file_with_runtime_dependencies(/home/notandi/ros2_ws/install/mycobot_gazebo/share/colcon-core/packages/mycobot_gazebo)
[2.669s] Level 1:colcon.colcon_core.environment:create_environment_scripts_only(mycobot_gazebo)
[2.669s] Level 1:colcon.colcon_core.environment:checking '/home/notandi/ros2_ws/install/mycobot_gazebo' for CMake module files
[2.673s] Level 1:colcon.colcon_core.environment:checking '/home/notandi/ros2_ws/install/mycobot_gazebo' for CMake config files
[2.705s] Level 1:colcon.colcon_core.shell:create_environment_hook('mycobot_gazebo', 'cmake_prefix_path')
[2.707s] INFO:colcon.colcon_core.shell:Creating environment hook '/home/notandi/ros2_ws/install/mycobot_gazebo/share/mycobot_gazebo/hook/cmake_prefix_path.ps1'
[2.710s] INFO:colcon.colcon_core.shell:Creating environment descriptor '/home/notandi/ros2_ws/install/mycobot_gazebo/share/mycobot_gazebo/hook/cmake_prefix_path.dsv'
[2.712s] INFO:colcon.colcon_core.shell:Creating environment hook '/home/notandi/ros2_ws/install/mycobot_gazebo/share/mycobot_gazebo/hook/cmake_prefix_path.sh'
[2.714s] Level 1:colcon.colcon_core.environment:checking '/home/notandi/ros2_ws/install/mycobot_gazebo/bin'
[2.715s] Level 1:colcon.colcon_core.environment:checking '/home/notandi/ros2_ws/install/mycobot_gazebo/lib/pkgconfig/mycobot_gazebo.pc'
[2.715s] Level 1:colcon.colcon_core.environment:checking '/home/notandi/ros2_ws/install/mycobot_gazebo/lib/python3.12/site-packages'
[2.717s] Level 1:colcon.colcon_core.environment:checking '/home/notandi/ros2_ws/install/mycobot_gazebo/bin'
[2.717s] INFO:colcon.colcon_core.shell:Creating package script '/home/notandi/ros2_ws/install/mycobot_gazebo/share/mycobot_gazebo/package.ps1'
[2.720s] INFO:colcon.colcon_core.shell:Creating package descriptor '/home/notandi/ros2_ws/install/mycobot_gazebo/share/mycobot_gazebo/package.dsv'
[2.726s] INFO:colcon.colcon_core.shell:Creating package script '/home/notandi/ros2_ws/install/mycobot_gazebo/share/mycobot_gazebo/package.sh'
[2.728s] INFO:colcon.colcon_core.shell:Creating package script '/home/notandi/ros2_ws/install/mycobot_gazebo/share/mycobot_gazebo/package.bash'
[2.729s] INFO:colcon.colcon_core.shell:Creating package script '/home/notandi/ros2_ws/install/mycobot_gazebo/share/mycobot_gazebo/package.zsh'
[2.732s] Level 1:colcon.colcon_core.environment:create_file_with_runtime_dependencies(/home/notandi/ros2_ws/install/mycobot_gazebo/share/colcon-core/packages/mycobot_gazebo)
[2.735s] INFO:colcon.colcon_ros.task.ament_cmake.build:Building ROS package in '/home/notandi/ros2_ws/src/mycobot_ros2/mycobot_ros2' with build type 'ament_cmake'
[2.736s] INFO:colcon.colcon_cmake.task.cmake.build:Building CMake package in '/home/notandi/ros2_ws/src/mycobot_ros2/mycobot_ros2'
[2.736s] INFO:colcon.colcon_core.shell:Skip shell extension 'powershell' for command environment: Not usable outside of PowerShell
[2.736s] DEBUG:colcon.colcon_core.shell:Skip shell extension 'dsv' for command environment
[4.012s] DEBUG:colcon.colcon_core.event_handler.log_command:Invoking command in '/home/notandi/ros2_ws/build/mycobot_ros2': CMAKE_PREFIX_PATH=/home/notandi/ros2_ws/install/mycobot_system_tests:/home/notandi/ros2_ws/install/mycobot_moveit_config:/home/notandi/ros2_ws/install/mycobot_gazebo:/home/notandi/ros2_ws/install/mycobot_description:/home/notandi/ros2_ws/install/mycobot_bringup:/home/notandi/ros2_ws/install/mycobot_ros2:/opt/ros/jazzy/opt/gz_sim_vendor:/opt/ros/jazzy/opt/gz_sensors_vendor:/opt/ros/jazzy/opt/gz_physics_vendor:/opt/ros/jazzy/opt/sdformat_vendor:/opt/ros/jazzy/opt/gz_gui_vendor:/opt/ros/jazzy/opt/gz_transport_vendor:/opt/ros/jazzy/opt/gz_rendering_vendor:/opt/ros/jazzy/opt/gz_plugin_vendor:/opt/ros/jazzy/opt/gz_fuel_tools_vendor:/opt/ros/jazzy/opt/gz_msgs_vendor:/opt/ros/jazzy/opt/gz_common_vendor:/opt/ros/jazzy/opt/gz_math_vendor:/opt/ros/jazzy/opt/gz_utils_vendor:/opt/ros/jazzy/opt/gz_tools_vendor:/opt/ros/jazzy/opt/gz_ogre_next_vendor:/opt/ros/jazzy/opt/gz_dartsim_vendor:/opt/ros/jazzy/opt/gz_cmake_vendor:/opt/ros/jazzy /usr/bin/cmake --build /home/notandi/ros2_ws/build/mycobot_ros2 -- -j12 -l12
[4.150s] DEBUG:colcon.colcon_core.event_handler.log_command:Invoked command in '/home/notandi/ros2_ws/build/mycobot_ros2' returned '0': CMAKE_PREFIX_PATH=/home/notandi/ros2_ws/install/mycobot_system_tests:/home/notandi/ros2_ws/install/mycobot_moveit_config:/home/notandi/ros2_ws/install/mycobot_gazebo:/home/notandi/ros2_ws/install/mycobot_description:/home/notandi/ros2_ws/install/mycobot_bringup:/home/notandi/ros2_ws/install/mycobot_ros2:/opt/ros/jazzy/opt/gz_sim_vendor:/opt/ros/jazzy/opt/gz_sensors_vendor:/opt/ros/jazzy/opt/gz_physics_vendor:/opt/ros/jazzy/opt/sdformat_vendor:/opt/ros/jazzy/opt/gz_gui_vendor:/opt/ros/jazzy/opt/gz_transport_vendor:/opt/ros/jazzy/opt/gz_rendering_vendor:/opt/ros/jazzy/opt/gz_plugin_vendor:/opt/ros/jazzy/opt/gz_fuel_tools_vendor:/opt/ros/jazzy/opt/gz_msgs_vendor:/opt/ros/jazzy/opt/gz_common_vendor:/opt/ros/jazzy/opt/gz_math_vendor:/opt/ros/jazzy/opt/gz_utils_vendor:/opt/ros/jazzy/opt/gz_tools_vendor:/opt/ros/jazzy/opt/gz_ogre_next_vendor:/opt/ros/jazzy/opt/gz_dartsim_vendor:/opt/ros/jazzy/opt/gz_cmake_vendor:/opt/ros/jazzy /usr/bin/cmake --build /home/notandi/ros2_ws/build/mycobot_ros2 -- -j12 -l12
[4.152s] DEBUG:colcon.colcon_core.event_handler.log_command:Invoking command in '/home/notandi/ros2_ws/build/mycobot_ros2': CMAKE_PREFIX_PATH=/home/notandi/ros2_ws/install/mycobot_system_tests:/home/notandi/ros2_ws/install/mycobot_moveit_config:/home/notandi/ros2_ws/install/mycobot_gazebo:/home/notandi/ros2_ws/install/mycobot_description:/home/notandi/ros2_ws/install/mycobot_bringup:/home/notandi/ros2_ws/install/mycobot_ros2:/opt/ros/jazzy/opt/gz_sim_vendor:/opt/ros/jazzy/opt/gz_sensors_vendor:/opt/ros/jazzy/opt/gz_physics_vendor:/opt/ros/jazzy/opt/sdformat_vendor:/opt/ros/jazzy/opt/gz_gui_vendor:/opt/ros/jazzy/opt/gz_transport_vendor:/opt/ros/jazzy/opt/gz_rendering_vendor:/opt/ros/jazzy/opt/gz_plugin_vendor:/opt/ros/jazzy/opt/gz_fuel_tools_vendor:/opt/ros/jazzy/opt/gz_msgs_vendor:/opt/ros/jazzy/opt/gz_common_vendor:/opt/ros/jazzy/opt/gz_math_vendor:/opt/ros/jazzy/opt/gz_utils_vendor:/opt/ros/jazzy/opt/gz_tools_vendor:/opt/ros/jazzy/opt/gz_ogre_next_vendor:/opt/ros/jazzy/opt/gz_dartsim_vendor:/opt/ros/jazzy/opt/gz_cmake_vendor:/opt/ros/jazzy /usr/bin/cmake --install /home/notandi/ros2_ws/build/mycobot_ros2
[4.231s] Level 1:colcon.colcon_core.environment:create_environment_scripts_only(mycobot_ros2)
[4.232s] Level 1:colcon.colcon_core.environment:checking '/home/notandi/ros2_ws/install/mycobot_ros2' for CMake module files
[4.234s] Level 1:colcon.colcon_core.environment:checking '/home/notandi/ros2_ws/install/mycobot_ros2' for CMake config files
[4.236s] DEBUG:colcon.colcon_core.event_handler.log_command:Invoked command in '/home/notandi/ros2_ws/build/mycobot_ros2' returned '0': CMAKE_PREFIX_PATH=/home/notandi/ros2_ws/install/mycobot_system_tests:/home/notandi/ros2_ws/install/mycobot_moveit_config:/home/notandi/ros2_ws/install/mycobot_gazebo:/home/notandi/ros2_ws/install/mycobot_description:/home/notandi/ros2_ws/install/mycobot_bringup:/home/notandi/ros2_ws/install/mycobot_ros2:/opt/ros/jazzy/opt/gz_sim_vendor:/opt/ros/jazzy/opt/gz_sensors_vendor:/opt/ros/jazzy/opt/gz_physics_vendor:/opt/ros/jazzy/opt/sdformat_vendor:/opt/ros/jazzy/opt/gz_gui_vendor:/opt/ros/jazzy/opt/gz_transport_vendor:/opt/ros/jazzy/opt/gz_rendering_vendor:/opt/ros/jazzy/opt/gz_plugin_vendor:/opt/ros/jazzy/opt/gz_fuel_tools_vendor:/opt/ros/jazzy/opt/gz_msgs_vendor:/opt/ros/jazzy/opt/gz_common_vendor:/opt/ros/jazzy/opt/gz_math_vendor:/opt/ros/jazzy/opt/gz_utils_vendor:/opt/ros/jazzy/opt/gz_tools_vendor:/opt/ros/jazzy/opt/gz_ogre_next_vendor:/opt/ros/jazzy/opt/gz_dartsim_vendor:/opt/ros/jazzy/opt/gz_cmake_vendor:/opt/ros/jazzy /usr/bin/cmake --install /home/notandi/ros2_ws/build/mycobot_ros2
[4.237s] Level 1:colcon.colcon_core.shell:create_environment_hook('mycobot_ros2', 'cmake_prefix_path')
[4.238s] INFO:colcon.colcon_core.shell:Creating environment hook '/home/notandi/ros2_ws/install/mycobot_ros2/share/mycobot_ros2/hook/cmake_prefix_path.ps1'
[4.240s] INFO:colcon.colcon_core.shell:Creating environment descriptor '/home/notandi/ros2_ws/install/mycobot_ros2/share/mycobot_ros2/hook/cmake_prefix_path.dsv'
[4.241s] INFO:colcon.colcon_core.shell:Creating environment hook '/home/notandi/ros2_ws/install/mycobot_ros2/share/mycobot_ros2/hook/cmake_prefix_path.sh'
[4.242s] Level 1:colcon.colcon_core.environment:checking '/home/notandi/ros2_ws/install/mycobot_ros2/bin'
[4.243s] Level 1:colcon.colcon_core.environment:checking '/home/notandi/ros2_ws/install/mycobot_ros2/lib/pkgconfig/mycobot_ros2.pc'
[4.244s] Level 1:colcon.colcon_core.environment:checking '/home/notandi/ros2_ws/install/mycobot_ros2/lib/python3.12/site-packages'
[4.245s] Level 1:colcon.colcon_core.environment:checking '/home/notandi/ros2_ws/install/mycobot_ros2/bin'
[4.246s] INFO:colcon.colcon_core.shell:Creating package script '/home/notandi/ros2_ws/install/mycobot_ros2/share/mycobot_ros2/package.ps1'
[4.248s] INFO:colcon.colcon_core.shell:Creating package descriptor '/home/notandi/ros2_ws/install/mycobot_ros2/share/mycobot_ros2/package.dsv'
[4.249s] INFO:colcon.colcon_core.shell:Creating package script '/home/notandi/ros2_ws/install/mycobot_ros2/share/mycobot_ros2/package.sh'
[4.251s] INFO:colcon.colcon_core.shell:Creating package script '/home/notandi/ros2_ws/install/mycobot_ros2/share/mycobot_ros2/package.bash'
[4.252s] INFO:colcon.colcon_core.shell:Creating package script '/home/notandi/ros2_ws/install/mycobot_ros2/share/mycobot_ros2/package.zsh'
[4.253s] Level 1:colcon.colcon_core.environment:create_file_with_runtime_dependencies(/home/notandi/ros2_ws/install/mycobot_ros2/share/colcon-core/packages/mycobot_ros2)
[4.254s] Level 1:colcon.colcon_core.environment:create_environment_scripts_only(mycobot_ros2)
[4.254s] Level 1:colcon.colcon_core.environment:checking '/home/notandi/ros2_ws/install/mycobot_ros2' for CMake module files
[4.256s] Level 1:colcon.colcon_core.environment:checking '/home/notandi/ros2_ws/install/mycobot_ros2' for CMake config files
[4.257s] Level 1:colcon.colcon_core.shell:create_environment_hook('mycobot_ros2', 'cmake_prefix_path')
[4.257s] INFO:colcon.colcon_core.shell:Creating environment hook '/home/notandi/ros2_ws/install/mycobot_ros2/share/mycobot_ros2/hook/cmake_prefix_path.ps1'
[4.258s] INFO:colcon.colcon_core.shell:Creating environment descriptor '/home/notandi/ros2_ws/install/mycobot_ros2/share/mycobot_ros2/hook/cmake_prefix_path.dsv'
[4.259s] INFO:colcon.colcon_core.shell:Creating environment hook '/home/notandi/ros2_ws/install/mycobot_ros2/share/mycobot_ros2/hook/cmake_prefix_path.sh'
[4.262s] Level 1:colcon.colcon_core.environment:checking '/home/notandi/ros2_ws/install/mycobot_ros2/bin'
[4.262s] Level 1:colcon.colcon_core.environment:checking '/home/notandi/ros2_ws/install/mycobot_ros2/lib/pkgconfig/mycobot_ros2.pc'
[4.263s] Level 1:colcon.colcon_core.environment:checking '/home/notandi/ros2_ws/install/mycobot_ros2/lib/python3.12/site-packages'
[4.264s] Level 1:colcon.colcon_core.environment:checking '/home/notandi/ros2_ws/install/mycobot_ros2/bin'
[4.265s] INFO:colcon.colcon_core.shell:Creating package script '/home/notandi/ros2_ws/install/mycobot_ros2/share/mycobot_ros2/package.ps1'
[4.266s] INFO:colcon.colcon_core.shell:Creating package descriptor '/home/notandi/ros2_ws/install/mycobot_ros2/share/mycobot_ros2/package.dsv'
[4.268s] INFO:colcon.colcon_core.shell:Creating package script '/home/notandi/ros2_ws/install/mycobot_ros2/share/mycobot_ros2/package.sh'
[4.270s] INFO:colcon.colcon_core.shell:Creating package script '/home/notandi/ros2_ws/install/mycobot_ros2/share/mycobot_ros2/package.bash'
[4.272s] INFO:colcon.colcon_core.shell:Creating package script '/home/notandi/ros2_ws/install/mycobot_ros2/share/mycobot_ros2/package.zsh'
[4.273s] Level 1:colcon.colcon_core.environment:create_file_with_runtime_dependencies(/home/notandi/ros2_ws/install/mycobot_ros2/share/colcon-core/packages/mycobot_ros2)
[4.274s] DEBUG:colcon.colcon_parallel_executor.executor.parallel:closing loop
[4.276s] DEBUG:colcon.colcon_parallel_executor.executor.parallel:loop closed
[4.276s] DEBUG:colcon.colcon_parallel_executor.executor.parallel:run_until_complete finished with '0'
[4.276s] DEBUG:colcon.colcon_core.event_reactor:joining thread
[4.525s] INFO:colcon.colcon_core.plugin_system:Skipping extension 'colcon_notification.desktop_notification.notify_send': Could not find 'notify-send'
[4.526s] INFO:colcon.colcon_core.plugin_system:Skipping extension 'colcon_notification.desktop_notification.terminal_notifier': Not used on non-Darwin systems
[4.526s] INFO:colcon.colcon_core.plugin_system:Skipping extension 'colcon_notification.desktop_notification.win32': Not used on non-Windows systems
[4.526s] INFO:colcon.colcon_notification.desktop_notification:Sending desktop notification using 'notify2'
[4.538s] DEBUG:colcon.colcon_notification.desktop_notification.notify2:Failed to initialize notify2: org.freedesktop.DBus.Error.ServiceUnknown: The name org.freedesktop.Notifications was not provided by any .service files
[4.539s] DEBUG:colcon.colcon_core.event_reactor:joined thread
[4.540s] INFO:colcon.colcon_core.shell:Creating prefix script '/home/notandi/ros2_ws/install/local_setup.ps1'
[4.543s] INFO:colcon.colcon_core.shell:Creating prefix util module '/home/notandi/ros2_ws/install/_local_setup_util_ps1.py'
[4.547s] INFO:colcon.colcon_core.shell:Creating prefix chain script '/home/notandi/ros2_ws/install/setup.ps1'
[4.550s] INFO:colcon.colcon_core.shell:Creating prefix script '/home/notandi/ros2_ws/install/local_setup.sh'
[4.552s] INFO:colcon.colcon_core.shell:Creating prefix util module '/home/notandi/ros2_ws/install/_local_setup_util_sh.py'
[4.554s] INFO:colcon.colcon_core.shell:Creating prefix chain script '/home/notandi/ros2_ws/install/setup.sh'
[4.558s] INFO:colcon.colcon_core.shell:Creating prefix script '/home/notandi/ros2_ws/install/local_setup.bash'
[4.559s] INFO:colcon.colcon_core.shell:Creating prefix chain script '/home/notandi/ros2_ws/install/setup.bash'
[4.562s] INFO:colcon.colcon_core.shell:Creating prefix script '/home/notandi/ros2_ws/install/local_setup.zsh'
[4.564s] INFO:colcon.colcon_core.shell:Creating prefix chain script '/home/notandi/ros2_ws/install/setup.zsh'
