[0.636s] DEBUG:colcon:Command line arguments: ['/usr/bin/colcon', 'build']
[0.636s] DEBUG:colcon:Parsed command line arguments: Namespace(log_base=None, log_level=None, verb_name='build', build_base='build', install_base='install', merge_install=False, symlink_install=False, test_result_base=None, continue_on_error=False, executor='parallel', parallel_workers=12, event_handlers=None, ignore_user_meta=False, metas=['./colcon.meta'], base_paths=['.'], packages_ignore=None, packages_ignore_regex=None, paths=None, packages_up_to=None, packages_up_to_regex=None, packages_above=None, packages_above_and_dependencies=None, packages_above_depth=None, packages_select_by_dep=None, packages_skip_by_dep=None, packages_skip_up_to=None, packages_select_build_failed=False, packages_skip_build_finished=False, packages_select_test_failures=False, packages_skip_test_passed=False, packages_select=None, packages_skip=None, packages_select_regex=None, packages_skip_regex=None, packages_start=None, packages_end=None, allow_overriding=[], cmake_args=None, cmake_target=None, cmake_target_skip_unavailable=False, cmake_clean_cache=False, cmake_clean_first=False, cmake_force_configure=False, ament_cmake_args=None, catkin_cmake_args=None, catkin_skip_building_tests=False, mixin_files=None, mixin=None, verb_parser=<colcon_mixin.mixin.mixin_argument.MixinArgumentDecorator object at 0x7ec7c256e180>, verb_extension=<colcon_core.verb.build.BuildVerb object at 0x7ec7c256dd90>, main=<bound method BuildVerb.main of <colcon_core.verb.build.BuildVerb object at 0x7ec7c256dd90>>, mixin_verb=('build',))
[0.756s] Level 1:colcon.colcon_core.package_discovery:discover_packages(colcon_meta) check parameters
[0.757s] Level 1:colcon.colcon_core.package_discovery:discover_packages(recursive) check parameters
[0.757s] Level 1:colcon.colcon_core.package_discovery:discover_packages(ignore) check parameters
[0.757s] Level 1:colcon.colcon_core.package_discovery:discover_packages(path) check parameters
[0.757s] Level 1:colcon.colcon_core.package_discovery:discover_packages(colcon_meta) discover
[0.757s] Level 1:colcon.colcon_core.package_discovery:discover_packages(recursive) discover
[0.757s] INFO:colcon.colcon_core.package_discovery:Crawling recursively for packages in '/home/notandi/ros2_ws/src'
[0.757s] Level 1:colcon.colcon_core.package_identification:_identify(.) by extensions ['ignore', 'ignore_ament_install']
[0.757s] Level 1:colcon.colcon_core.package_identification:_identify(.) by extension 'ignore'
[0.757s] Level 1:colcon.colcon_core.package_identification:_identify(.) by extension 'ignore_ament_install'
[0.757s] Level 1:colcon.colcon_core.package_identification:_identify(.) by extensions ['colcon_pkg']
[0.757s] Level 1:colcon.colcon_core.package_identification:_identify(.) by extension 'colcon_pkg'
[0.757s] Level 1:colcon.colcon_core.package_identification:_identify(.) by extensions ['colcon_meta']
[0.757s] Level 1:colcon.colcon_core.package_identification:_identify(.) by extension 'colcon_meta'
[0.757s] Level 1:colcon.colcon_core.package_identification:_identify(.) by extensions ['ros']
[0.757s] Level 1:colcon.colcon_core.package_identification:_identify(.) by extension 'ros'
[0.813s] Level 1:colcon.colcon_core.package_identification:_identify(.) by extensions ['cmake', 'python']
[0.813s] Level 1:colcon.colcon_core.package_identification:_identify(.) by extension 'cmake'
[0.813s] Level 1:colcon.colcon_core.package_identification:_identify(.) by extension 'python'
[0.813s] Level 1:colcon.colcon_core.package_identification:_identify(.) by extensions ['python_setup_py']
[0.813s] Level 1:colcon.colcon_core.package_identification:_identify(.) by extension 'python_setup_py'
[0.813s] Level 1:colcon.colcon_core.package_identification:_identify(build) by extensions ['ignore', 'ignore_ament_install']
[0.814s] Level 1:colcon.colcon_core.package_identification:_identify(build) by extension 'ignore'
[0.814s] Level 1:colcon.colcon_core.package_identification:_identify(build) ignored
[0.814s] Level 1:colcon.colcon_core.package_identification:_identify(install) by extensions ['ignore', 'ignore_ament_install']
[0.814s] Level 1:colcon.colcon_core.package_identification:_identify(install) by extension 'ignore'
[0.814s] Level 1:colcon.colcon_core.package_identification:_identify(install) ignored
[0.814s] Level 1:colcon.colcon_core.package_identification:_identify(log) by extensions ['ignore', 'ignore_ament_install']
[0.814s] Level 1:colcon.colcon_core.package_identification:_identify(log) by extension 'ignore'
[0.814s] Level 1:colcon.colcon_core.package_identification:_identify(log) ignored
[0.814s] Level 1:colcon.colcon_core.package_identification:_identify(mycobot_ros2) by extensions ['ignore', 'ignore_ament_install']
[0.814s] Level 1:colcon.colcon_core.package_identification:_identify(mycobot_ros2) by extension 'ignore'
[0.814s] Level 1:colcon.colcon_core.package_identification:_identify(mycobot_ros2) by extension 'ignore_ament_install'
[0.815s] Level 1:colcon.colcon_core.package_identification:_identify(mycobot_ros2) by extensions ['colcon_pkg']
[0.815s] Level 1:colcon.colcon_core.package_identification:_identify(mycobot_ros2) by extension 'colcon_pkg'
[0.815s] Level 1:colcon.colcon_core.package_identification:_identify(mycobot_ros2) by extensions ['colcon_meta']
[0.815s] Level 1:colcon.colcon_core.package_identification:_identify(mycobot_ros2) by extension 'colcon_meta'
[0.815s] Level 1:colcon.colcon_core.package_identification:_identify(mycobot_ros2) by extensions ['ros']
[0.815s] Level 1:colcon.colcon_core.package_identification:_identify(mycobot_ros2) by extension 'ros'
[0.815s] Level 1:colcon.colcon_core.package_identification:_identify(mycobot_ros2) by extensions ['cmake', 'python']
[0.815s] Level 1:colcon.colcon_core.package_identification:_identify(mycobot_ros2) by extension 'cmake'
[0.815s] Level 1:colcon.colcon_core.package_identification:_identify(mycobot_ros2) by extension 'python'
[0.815s] Level 1:colcon.colcon_core.package_identification:_identify(mycobot_ros2) by extensions ['python_setup_py']
[0.815s] Level 1:colcon.colcon_core.package_identification:_identify(mycobot_ros2) by extension 'python_setup_py'
[0.815s] Level 1:colcon.colcon_core.package_identification:_identify(mycobot_ros2/mycobot_bringup) by extensions ['ignore', 'ignore_ament_install']
[0.815s] Level 1:colcon.colcon_core.package_identification:_identify(mycobot_ros2/mycobot_bringup) by extension 'ignore'
[0.815s] Level 1:colcon.colcon_core.package_identification:_identify(mycobot_ros2/mycobot_bringup) by extension 'ignore_ament_install'
[0.815s] Level 1:colcon.colcon_core.package_identification:_identify(mycobot_ros2/mycobot_bringup) by extensions ['colcon_pkg']
[0.815s] Level 1:colcon.colcon_core.package_identification:_identify(mycobot_ros2/mycobot_bringup) by extension 'colcon_pkg'
[0.815s] Level 1:colcon.colcon_core.package_identification:_identify(mycobot_ros2/mycobot_bringup) by extensions ['colcon_meta']
[0.815s] Level 1:colcon.colcon_core.package_identification:_identify(mycobot_ros2/mycobot_bringup) by extension 'colcon_meta'
[0.815s] Level 1:colcon.colcon_core.package_identification:_identify(mycobot_ros2/mycobot_bringup) by extensions ['ros']
[0.815s] Level 1:colcon.colcon_core.package_identification:_identify(mycobot_ros2/mycobot_bringup) by extension 'ros'
[0.821s] DEBUG:colcon.colcon_core.package_identification:Package 'mycobot_ros2/mycobot_bringup' with type 'ros.ament_cmake' and name 'mycobot_bringup'
[0.822s] Level 1:colcon.colcon_core.package_identification:_identify(mycobot_ros2/mycobot_description) by extensions ['ignore', 'ignore_ament_install']
[0.822s] Level 1:colcon.colcon_core.package_identification:_identify(mycobot_ros2/mycobot_description) by extension 'ignore'
[0.822s] Level 1:colcon.colcon_core.package_identification:_identify(mycobot_ros2/mycobot_description) by extension 'ignore_ament_install'
[0.822s] Level 1:colcon.colcon_core.package_identification:_identify(mycobot_ros2/mycobot_description) by extensions ['colcon_pkg']
[0.822s] Level 1:colcon.colcon_core.package_identification:_identify(mycobot_ros2/mycobot_description) by extension 'colcon_pkg'
[0.822s] Level 1:colcon.colcon_core.package_identification:_identify(mycobot_ros2/mycobot_description) by extensions ['colcon_meta']
[0.822s] Level 1:colcon.colcon_core.package_identification:_identify(mycobot_ros2/mycobot_description) by extension 'colcon_meta'
[0.822s] Level 1:colcon.colcon_core.package_identification:_identify(mycobot_ros2/mycobot_description) by extensions ['ros']
[0.822s] Level 1:colcon.colcon_core.package_identification:_identify(mycobot_ros2/mycobot_description) by extension 'ros'
[0.823s] DEBUG:colcon.colcon_core.package_identification:Package 'mycobot_ros2/mycobot_description' with type 'ros.ament_cmake' and name 'mycobot_description'
[0.824s] Level 1:colcon.colcon_core.package_identification:_identify(mycobot_ros2/mycobot_gazebo) by extensions ['ignore', 'ignore_ament_install']
[0.824s] Level 1:colcon.colcon_core.package_identification:_identify(mycobot_ros2/mycobot_gazebo) by extension 'ignore'
[0.824s] Level 1:colcon.colcon_core.package_identification:_identify(mycobot_ros2/mycobot_gazebo) by extension 'ignore_ament_install'
[0.824s] Level 1:colcon.colcon_core.package_identification:_identify(mycobot_ros2/mycobot_gazebo) by extensions ['colcon_pkg']
[0.824s] Level 1:colcon.colcon_core.package_identification:_identify(mycobot_ros2/mycobot_gazebo) by extension 'colcon_pkg'
[0.824s] Level 1:colcon.colcon_core.package_identification:_identify(mycobot_ros2/mycobot_gazebo) by extensions ['colcon_meta']
[0.824s] Level 1:colcon.colcon_core.package_identification:_identify(mycobot_ros2/mycobot_gazebo) by extension 'colcon_meta'
[0.824s] Level 1:colcon.colcon_core.package_identification:_identify(mycobot_ros2/mycobot_gazebo) by extensions ['ros']
[0.824s] Level 1:colcon.colcon_core.package_identification:_identify(mycobot_ros2/mycobot_gazebo) by extension 'ros'
[0.825s] DEBUG:colcon.colcon_core.package_identification:Package 'mycobot_ros2/mycobot_gazebo' with type 'ros.ament_cmake' and name 'mycobot_gazebo'
[0.826s] Level 1:colcon.colcon_core.package_identification:_identify(mycobot_ros2/mycobot_moveit_config) by extensions ['ignore', 'ignore_ament_install']
[0.826s] Level 1:colcon.colcon_core.package_identification:_identify(mycobot_ros2/mycobot_moveit_config) by extension 'ignore'
[0.826s] Level 1:colcon.colcon_core.package_identification:_identify(mycobot_ros2/mycobot_moveit_config) by extension 'ignore_ament_install'
[0.826s] Level 1:colcon.colcon_core.package_identification:_identify(mycobot_ros2/mycobot_moveit_config) by extensions ['colcon_pkg']
[0.826s] Level 1:colcon.colcon_core.package_identification:_identify(mycobot_ros2/mycobot_moveit_config) by extension 'colcon_pkg'
[0.826s] Level 1:colcon.colcon_core.package_identification:_identify(mycobot_ros2/mycobot_moveit_config) by extensions ['colcon_meta']
[0.827s] Level 1:colcon.colcon_core.package_identification:_identify(mycobot_ros2/mycobot_moveit_config) by extension 'colcon_meta'
[0.827s] Level 1:colcon.colcon_core.package_identification:_identify(mycobot_ros2/mycobot_moveit_config) by extensions ['ros']
[0.827s] Level 1:colcon.colcon_core.package_identification:_identify(mycobot_ros2/mycobot_moveit_config) by extension 'ros'
[0.829s] DEBUG:colcon.colcon_core.package_identification:Package 'mycobot_ros2/mycobot_moveit_config' with type 'ros.ament_cmake' and name 'mycobot_moveit_config'
[0.830s] Level 1:colcon.colcon_core.package_identification:_identify(mycobot_ros2/mycobot_ros2) by extensions ['ignore', 'ignore_ament_install']
[0.830s] Level 1:colcon.colcon_core.package_identification:_identify(mycobot_ros2/mycobot_ros2) by extension 'ignore'
[0.830s] Level 1:colcon.colcon_core.package_identification:_identify(mycobot_ros2/mycobot_ros2) by extension 'ignore_ament_install'
[0.830s] Level 1:colcon.colcon_core.package_identification:_identify(mycobot_ros2/mycobot_ros2) by extensions ['colcon_pkg']
[0.830s] Level 1:colcon.colcon_core.package_identification:_identify(mycobot_ros2/mycobot_ros2) by extension 'colcon_pkg'
[0.830s] Level 1:colcon.colcon_core.package_identification:_identify(mycobot_ros2/mycobot_ros2) by extensions ['colcon_meta']
[0.830s] Level 1:colcon.colcon_core.package_identification:_identify(mycobot_ros2/mycobot_ros2) by extension 'colcon_meta'
[0.830s] Level 1:colcon.colcon_core.package_identification:_identify(mycobot_ros2/mycobot_ros2) by extensions ['ros']
[0.831s] Level 1:colcon.colcon_core.package_identification:_identify(mycobot_ros2/mycobot_ros2) by extension 'ros'
[0.832s] DEBUG:colcon.colcon_core.package_identification:Package 'mycobot_ros2/mycobot_ros2' with type 'ros.ament_cmake' and name 'mycobot_ros2'
[0.832s] Level 1:colcon.colcon_core.package_identification:_identify(mycobot_ros2/mycobot_system_tests) by extensions ['ignore', 'ignore_ament_install']
[0.832s] Level 1:colcon.colcon_core.package_identification:_identify(mycobot_ros2/mycobot_system_tests) by extension 'ignore'
[0.833s] Level 1:colcon.colcon_core.package_identification:_identify(mycobot_ros2/mycobot_system_tests) by extension 'ignore_ament_install'
[0.833s] Level 1:colcon.colcon_core.package_identification:_identify(mycobot_ros2/mycobot_system_tests) by extensions ['colcon_pkg']
[0.833s] Level 1:colcon.colcon_core.package_identification:_identify(mycobot_ros2/mycobot_system_tests) by extension 'colcon_pkg'
[0.833s] Level 1:colcon.colcon_core.package_identification:_identify(mycobot_ros2/mycobot_system_tests) by extensions ['colcon_meta']
[0.833s] Level 1:colcon.colcon_core.package_identification:_identify(mycobot_ros2/mycobot_system_tests) by extension 'colcon_meta'
[0.833s] Level 1:colcon.colcon_core.package_identification:_identify(mycobot_ros2/mycobot_system_tests) by extensions ['ros']
[0.833s] Level 1:colcon.colcon_core.package_identification:_identify(mycobot_ros2/mycobot_system_tests) by extension 'ros'
[0.834s] DEBUG:colcon.colcon_core.package_identification:Package 'mycobot_ros2/mycobot_system_tests' with type 'ros.ament_cmake' and name 'mycobot_system_tests'
[0.834s] Level 1:colcon.colcon_core.package_discovery:discover_packages(recursive) using defaults
[0.834s] Level 1:colcon.colcon_core.package_discovery:discover_packages(ignore) discover
[0.834s] Level 1:colcon.colcon_core.package_discovery:discover_packages(ignore) using defaults
[0.834s] Level 1:colcon.colcon_core.package_discovery:discover_packages(path) discover
[0.834s] Level 1:colcon.colcon_core.package_discovery:discover_packages(path) using defaults
[0.873s] Level 1:colcon.colcon_core.package_discovery:discover_packages(prefix_path) check parameters
[0.873s] Level 1:colcon.colcon_core.package_discovery:discover_packages(prefix_path) discover
[0.893s] DEBUG:colcon.colcon_installed_package_information.package_discovery:Found 374 installed packages in /opt/ros/jazzy
[0.895s] Level 1:colcon.colcon_core.package_discovery:discover_packages(prefix_path) using defaults
[0.941s] Level 5:colcon.colcon_core.verb:set package 'mycobot_bringup' build argument 'cmake_args' from command line to 'None'
[0.941s] Level 5:colcon.colcon_core.verb:set package 'mycobot_bringup' build argument 'cmake_target' from command line to 'None'
[0.941s] Level 5:colcon.colcon_core.verb:set package 'mycobot_bringup' build argument 'cmake_target_skip_unavailable' from command line to 'False'
[0.941s] Level 5:colcon.colcon_core.verb:set package 'mycobot_bringup' build argument 'cmake_clean_cache' from command line to 'False'
[0.941s] Level 5:colcon.colcon_core.verb:set package 'mycobot_bringup' build argument 'cmake_clean_first' from command line to 'False'
[0.941s] Level 5:colcon.colcon_core.verb:set package 'mycobot_bringup' build argument 'cmake_force_configure' from command line to 'False'
[0.941s] Level 5:colcon.colcon_core.verb:set package 'mycobot_bringup' build argument 'ament_cmake_args' from command line to 'None'
[0.941s] Level 5:colcon.colcon_core.verb:set package 'mycobot_bringup' build argument 'catkin_cmake_args' from command line to 'None'
[0.941s] Level 5:colcon.colcon_core.verb:set package 'mycobot_bringup' build argument 'catkin_skip_building_tests' from command line to 'False'
[0.941s] DEBUG:colcon.colcon_core.verb:Building package 'mycobot_bringup' with the following arguments: {'ament_cmake_args': None, 'build_base': '/home/notandi/ros2_ws/src/build/mycobot_bringup', 'catkin_cmake_args': None, 'catkin_skip_building_tests': False, 'cmake_args': None, 'cmake_clean_cache': False, 'cmake_clean_first': False, 'cmake_force_configure': False, 'cmake_target': None, 'cmake_target_skip_unavailable': False, 'install_base': '/home/notandi/ros2_ws/src/install/mycobot_bringup', 'merge_install': False, 'path': '/home/notandi/ros2_ws/src/mycobot_ros2/mycobot_bringup', 'symlink_install': False, 'test_result_base': None}
[0.941s] Level 5:colcon.colcon_core.verb:set package 'mycobot_description' build argument 'cmake_args' from command line to 'None'
[0.941s] Level 5:colcon.colcon_core.verb:set package 'mycobot_description' build argument 'cmake_target' from command line to 'None'
[0.941s] Level 5:colcon.colcon_core.verb:set package 'mycobot_description' build argument 'cmake_target_skip_unavailable' from command line to 'False'
[0.941s] Level 5:colcon.colcon_core.verb:set package 'mycobot_description' build argument 'cmake_clean_cache' from command line to 'False'
[0.941s] Level 5:colcon.colcon_core.verb:set package 'mycobot_description' build argument 'cmake_clean_first' from command line to 'False'
[0.941s] Level 5:colcon.colcon_core.verb:set package 'mycobot_description' build argument 'cmake_force_configure' from command line to 'False'
[0.941s] Level 5:colcon.colcon_core.verb:set package 'mycobot_description' build argument 'ament_cmake_args' from command line to 'None'
[0.941s] Level 5:colcon.colcon_core.verb:set package 'mycobot_description' build argument 'catkin_cmake_args' from command line to 'None'
[0.941s] Level 5:colcon.colcon_core.verb:set package 'mycobot_description' build argument 'catkin_skip_building_tests' from command line to 'False'
[0.941s] DEBUG:colcon.colcon_core.verb:Building package 'mycobot_description' with the following arguments: {'ament_cmake_args': None, 'build_base': '/home/notandi/ros2_ws/src/build/mycobot_description', 'catkin_cmake_args': None, 'catkin_skip_building_tests': False, 'cmake_args': None, 'cmake_clean_cache': False, 'cmake_clean_first': False, 'cmake_force_configure': False, 'cmake_target': None, 'cmake_target_skip_unavailable': False, 'install_base': '/home/notandi/ros2_ws/src/install/mycobot_description', 'merge_install': False, 'path': '/home/notandi/ros2_ws/src/mycobot_ros2/mycobot_description', 'symlink_install': False, 'test_result_base': None}
[0.942s] Level 5:colcon.colcon_core.verb:set package 'mycobot_gazebo' build argument 'cmake_args' from command line to 'None'
[0.942s] Level 5:colcon.colcon_core.verb:set package 'mycobot_gazebo' build argument 'cmake_target' from command line to 'None'
[0.942s] Level 5:colcon.colcon_core.verb:set package 'mycobot_gazebo' build argument 'cmake_target_skip_unavailable' from command line to 'False'
[0.942s] Level 5:colcon.colcon_core.verb:set package 'mycobot_gazebo' build argument 'cmake_clean_cache' from command line to 'False'
[0.942s] Level 5:colcon.colcon_core.verb:set package 'mycobot_gazebo' build argument 'cmake_clean_first' from command line to 'False'
[0.942s] Level 5:colcon.colcon_core.verb:set package 'mycobot_gazebo' build argument 'cmake_force_configure' from command line to 'False'
[0.942s] Level 5:colcon.colcon_core.verb:set package 'mycobot_gazebo' build argument 'ament_cmake_args' from command line to 'None'
[0.942s] Level 5:colcon.colcon_core.verb:set package 'mycobot_gazebo' build argument 'catkin_cmake_args' from command line to 'None'
[0.942s] Level 5:colcon.colcon_core.verb:set package 'mycobot_gazebo' build argument 'catkin_skip_building_tests' from command line to 'False'
[0.942s] DEBUG:colcon.colcon_core.verb:Building package 'mycobot_gazebo' with the following arguments: {'ament_cmake_args': None, 'build_base': '/home/notandi/ros2_ws/src/build/mycobot_gazebo', 'catkin_cmake_args': None, 'catkin_skip_building_tests': False, 'cmake_args': None, 'cmake_clean_cache': False, 'cmake_clean_first': False, 'cmake_force_configure': False, 'cmake_target': None, 'cmake_target_skip_unavailable': False, 'install_base': '/home/notandi/ros2_ws/src/install/mycobot_gazebo', 'merge_install': False, 'path': '/home/notandi/ros2_ws/src/mycobot_ros2/mycobot_gazebo', 'symlink_install': False, 'test_result_base': None}
[0.942s] Level 5:colcon.colcon_core.verb:set package 'mycobot_moveit_config' build argument 'cmake_args' from command line to 'None'
[0.942s] Level 5:colcon.colcon_core.verb:set package 'mycobot_moveit_config' build argument 'cmake_target' from command line to 'None'
[0.942s] Level 5:colcon.colcon_core.verb:set package 'mycobot_moveit_config' build argument 'cmake_target_skip_unavailable' from command line to 'False'
[0.942s] Level 5:colcon.colcon_core.verb:set package 'mycobot_moveit_config' build argument 'cmake_clean_cache' from command line to 'False'
[0.942s] Level 5:colcon.colcon_core.verb:set package 'mycobot_moveit_config' build argument 'cmake_clean_first' from command line to 'False'
[0.942s] Level 5:colcon.colcon_core.verb:set package 'mycobot_moveit_config' build argument 'cmake_force_configure' from command line to 'False'
[0.942s] Level 5:colcon.colcon_core.verb:set package 'mycobot_moveit_config' build argument 'ament_cmake_args' from command line to 'None'
[0.942s] Level 5:colcon.colcon_core.verb:set package 'mycobot_moveit_config' build argument 'catkin_cmake_args' from command line to 'None'
[0.942s] Level 5:colcon.colcon_core.verb:set package 'mycobot_moveit_config' build argument 'catkin_skip_building_tests' from command line to 'False'
[0.942s] DEBUG:colcon.colcon_core.verb:Building package 'mycobot_moveit_config' with the following arguments: {'ament_cmake_args': None, 'build_base': '/home/notandi/ros2_ws/src/build/mycobot_moveit_config', 'catkin_cmake_args': None, 'catkin_skip_building_tests': False, 'cmake_args': None, 'cmake_clean_cache': False, 'cmake_clean_first': False, 'cmake_force_configure': False, 'cmake_target': None, 'cmake_target_skip_unavailable': False, 'install_base': '/home/notandi/ros2_ws/src/install/mycobot_moveit_config', 'merge_install': False, 'path': '/home/notandi/ros2_ws/src/mycobot_ros2/mycobot_moveit_config', 'symlink_install': False, 'test_result_base': None}
[0.942s] Level 5:colcon.colcon_core.verb:set package 'mycobot_system_tests' build argument 'cmake_args' from command line to 'None'
[0.942s] Level 5:colcon.colcon_core.verb:set package 'mycobot_system_tests' build argument 'cmake_target' from command line to 'None'
[0.942s] Level 5:colcon.colcon_core.verb:set package 'mycobot_system_tests' build argument 'cmake_target_skip_unavailable' from command line to 'False'
[0.942s] Level 5:colcon.colcon_core.verb:set package 'mycobot_system_tests' build argument 'cmake_clean_cache' from command line to 'False'
[0.942s] Level 5:colcon.colcon_core.verb:set package 'mycobot_system_tests' build argument 'cmake_clean_first' from command line to 'False'
[0.942s] Level 5:colcon.colcon_core.verb:set package 'mycobot_system_tests' build argument 'cmake_force_configure' from command line to 'False'
[0.942s] Level 5:colcon.colcon_core.verb:set package 'mycobot_system_tests' build argument 'ament_cmake_args' from command line to 'None'
[0.942s] Level 5:colcon.colcon_core.verb:set package 'mycobot_system_tests' build argument 'catkin_cmake_args' from command line to 'None'
[0.942s] Level 5:colcon.colcon_core.verb:set package 'mycobot_system_tests' build argument 'catkin_skip_building_tests' from command line to 'False'
[0.942s] DEBUG:colcon.colcon_core.verb:Building package 'mycobot_system_tests' with the following arguments: {'ament_cmake_args': None, 'build_base': '/home/notandi/ros2_ws/src/build/mycobot_system_tests', 'catkin_cmake_args': None, 'catkin_skip_building_tests': False, 'cmake_args': None, 'cmake_clean_cache': False, 'cmake_clean_first': False, 'cmake_force_configure': False, 'cmake_target': None, 'cmake_target_skip_unavailable': False, 'install_base': '/home/notandi/ros2_ws/src/install/mycobot_system_tests', 'merge_install': False, 'path': '/home/notandi/ros2_ws/src/mycobot_ros2/mycobot_system_tests', 'symlink_install': False, 'test_result_base': None}
[0.942s] Level 5:colcon.colcon_core.verb:set package 'mycobot_ros2' build argument 'cmake_args' from command line to 'None'
[0.942s] Level 5:colcon.colcon_core.verb:set package 'mycobot_ros2' build argument 'cmake_target' from command line to 'None'
[0.942s] Level 5:colcon.colcon_core.verb:set package 'mycobot_ros2' build argument 'cmake_target_skip_unavailable' from command line to 'False'
[0.942s] Level 5:colcon.colcon_core.verb:set package 'mycobot_ros2' build argument 'cmake_clean_cache' from command line to 'False'
[0.942s] Level 5:colcon.colcon_core.verb:set package 'mycobot_ros2' build argument 'cmake_clean_first' from command line to 'False'
[0.942s] Level 5:colcon.colcon_core.verb:set package 'mycobot_ros2' build argument 'cmake_force_configure' from command line to 'False'
[0.942s] Level 5:colcon.colcon_core.verb:set package 'mycobot_ros2' build argument 'ament_cmake_args' from command line to 'None'
[0.942s] Level 5:colcon.colcon_core.verb:set package 'mycobot_ros2' build argument 'catkin_cmake_args' from command line to 'None'
[0.942s] Level 5:colcon.colcon_core.verb:set package 'mycobot_ros2' build argument 'catkin_skip_building_tests' from command line to 'False'
[0.942s] DEBUG:colcon.colcon_core.verb:Building package 'mycobot_ros2' with the following arguments: {'ament_cmake_args': None, 'build_base': '/home/notandi/ros2_ws/src/build/mycobot_ros2', 'catkin_cmake_args': None, 'catkin_skip_building_tests': False, 'cmake_args': None, 'cmake_clean_cache': False, 'cmake_clean_first': False, 'cmake_force_configure': False, 'cmake_target': None, 'cmake_target_skip_unavailable': False, 'install_base': '/home/notandi/ros2_ws/src/install/mycobot_ros2', 'merge_install': False, 'path': '/home/notandi/ros2_ws/src/mycobot_ros2/mycobot_ros2', 'symlink_install': False, 'test_result_base': None}
[0.942s] INFO:colcon.colcon_core.executor:Executing jobs using 'parallel' executor
[0.944s] DEBUG:colcon.colcon_parallel_executor.executor.parallel:run_until_complete
[0.945s] INFO:colcon.colcon_ros.task.ament_cmake.build:Building ROS package in '/home/notandi/ros2_ws/src/mycobot_ros2/mycobot_bringup' with build type 'ament_cmake'
[0.945s] INFO:colcon.colcon_cmake.task.cmake.build:Building CMake package in '/home/notandi/ros2_ws/src/mycobot_ros2/mycobot_bringup'
[0.954s] INFO:colcon.colcon_core.plugin_system:Skipping extension 'colcon_core.shell.bat': Not used on non-Windows systems
[0.954s] INFO:colcon.colcon_core.shell:Skip shell extension 'powershell' for command environment: Not usable outside of PowerShell
[0.954s] DEBUG:colcon.colcon_core.shell:Skip shell extension 'dsv' for command environment
[0.959s] INFO:colcon.colcon_ros.task.ament_cmake.build:Building ROS package in '/home/notandi/ros2_ws/src/mycobot_ros2/mycobot_description' with build type 'ament_cmake'
[0.959s] INFO:colcon.colcon_cmake.task.cmake.build:Building CMake package in '/home/notandi/ros2_ws/src/mycobot_ros2/mycobot_description'
[0.959s] INFO:colcon.colcon_core.shell:Skip shell extension 'powershell' for command environment: Not usable outside of PowerShell
[0.960s] DEBUG:colcon.colcon_core.shell:Skip shell extension 'dsv' for command environment
[0.965s] INFO:colcon.colcon_ros.task.ament_cmake.build:Building ROS package in '/home/notandi/ros2_ws/src/mycobot_ros2/mycobot_gazebo' with build type 'ament_cmake'
[0.965s] INFO:colcon.colcon_cmake.task.cmake.build:Building CMake package in '/home/notandi/ros2_ws/src/mycobot_ros2/mycobot_gazebo'
[0.965s] INFO:colcon.colcon_core.shell:Skip shell extension 'powershell' for command environment: Not usable outside of PowerShell
[0.965s] DEBUG:colcon.colcon_core.shell:Skip shell extension 'dsv' for command environment
[0.968s] INFO:colcon.colcon_ros.task.ament_cmake.build:Building ROS package in '/home/notandi/ros2_ws/src/mycobot_ros2/mycobot_moveit_config' with build type 'ament_cmake'
[0.968s] INFO:colcon.colcon_cmake.task.cmake.build:Building CMake package in '/home/notandi/ros2_ws/src/mycobot_ros2/mycobot_moveit_config'
[0.968s] INFO:colcon.colcon_core.shell:Skip shell extension 'powershell' for command environment: Not usable outside of PowerShell
[0.968s] DEBUG:colcon.colcon_core.shell:Skip shell extension 'dsv' for command environment
[0.972s] INFO:colcon.colcon_ros.task.ament_cmake.build:Building ROS package in '/home/notandi/ros2_ws/src/mycobot_ros2/mycobot_system_tests' with build type 'ament_cmake'
[0.972s] INFO:colcon.colcon_cmake.task.cmake.build:Building CMake package in '/home/notandi/ros2_ws/src/mycobot_ros2/mycobot_system_tests'
[0.972s] INFO:colcon.colcon_core.shell:Skip shell extension 'powershell' for command environment: Not usable outside of PowerShell
[0.972s] DEBUG:colcon.colcon_core.shell:Skip shell extension 'dsv' for command environment
[0.987s] DEBUG:colcon.colcon_core.event_handler.log_command:Invoking command in '/home/notandi/ros2_ws/src/build/mycobot_bringup': CMAKE_PREFIX_PATH=${CMAKE_PREFIX_PATH}:/opt/ros/jazzy /usr/bin/cmake /home/notandi/ros2_ws/src/mycobot_ros2/mycobot_bringup -DCMAKE_INSTALL_PREFIX=/home/notandi/ros2_ws/src/install/mycobot_bringup
[0.995s] DEBUG:colcon.colcon_core.event_handler.log_command:Invoking command in '/home/notandi/ros2_ws/src/build/mycobot_description': CMAKE_PREFIX_PATH=${CMAKE_PREFIX_PATH}:/opt/ros/jazzy /usr/bin/cmake /home/notandi/ros2_ws/src/mycobot_ros2/mycobot_description -DCMAKE_INSTALL_PREFIX=/home/notandi/ros2_ws/src/install/mycobot_description
[1.000s] DEBUG:colcon.colcon_core.event_handler.log_command:Invoking command in '/home/notandi/ros2_ws/src/build/mycobot_gazebo': CMAKE_PREFIX_PATH=${CMAKE_PREFIX_PATH}:/opt/ros/jazzy /usr/bin/cmake /home/notandi/ros2_ws/src/mycobot_ros2/mycobot_gazebo -DCMAKE_INSTALL_PREFIX=/home/notandi/ros2_ws/src/install/mycobot_gazebo
[1.010s] DEBUG:colcon.colcon_core.event_handler.log_command:Invoking command in '/home/notandi/ros2_ws/src/build/mycobot_moveit_config': CMAKE_PREFIX_PATH=${CMAKE_PREFIX_PATH}:/opt/ros/jazzy /usr/bin/cmake /home/notandi/ros2_ws/src/mycobot_ros2/mycobot_moveit_config -DCMAKE_INSTALL_PREFIX=/home/notandi/ros2_ws/src/install/mycobot_moveit_config
[1.015s] DEBUG:colcon.colcon_core.event_handler.log_command:Invoking command in '/home/notandi/ros2_ws/src/build/mycobot_system_tests': CMAKE_PREFIX_PATH=${CMAKE_PREFIX_PATH}:/opt/ros/jazzy /usr/bin/cmake /home/notandi/ros2_ws/src/mycobot_ros2/mycobot_system_tests -DCMAKE_INSTALL_PREFIX=/home/notandi/ros2_ws/src/install/mycobot_system_tests
[3.215s] DEBUG:colcon.colcon_core.event_handler.log_command:Invoked command in '/home/notandi/ros2_ws/src/build/mycobot_bringup' returned '0': CMAKE_PREFIX_PATH=${CMAKE_PREFIX_PATH}:/opt/ros/jazzy /usr/bin/cmake /home/notandi/ros2_ws/src/mycobot_ros2/mycobot_bringup -DCMAKE_INSTALL_PREFIX=/home/notandi/ros2_ws/src/install/mycobot_bringup
[3.217s] DEBUG:colcon.colcon_core.event_handler.log_command:Invoking command in '/home/notandi/ros2_ws/src/build/mycobot_bringup': CMAKE_PREFIX_PATH=${CMAKE_PREFIX_PATH}:/opt/ros/jazzy /usr/bin/cmake --build /home/notandi/ros2_ws/src/build/mycobot_bringup -- -j12 -l12
[3.222s] DEBUG:colcon.colcon_core.event_handler.log_command:Invoked command in '/home/notandi/ros2_ws/src/build/mycobot_description' returned '0': CMAKE_PREFIX_PATH=${CMAKE_PREFIX_PATH}:/opt/ros/jazzy /usr/bin/cmake /home/notandi/ros2_ws/src/mycobot_ros2/mycobot_description -DCMAKE_INSTALL_PREFIX=/home/notandi/ros2_ws/src/install/mycobot_description
[3.223s] DEBUG:colcon.colcon_core.event_handler.log_command:Invoking command in '/home/notandi/ros2_ws/src/build/mycobot_description': CMAKE_PREFIX_PATH=${CMAKE_PREFIX_PATH}:/opt/ros/jazzy /usr/bin/cmake --build /home/notandi/ros2_ws/src/build/mycobot_description -- -j12 -l12
[3.265s] DEBUG:colcon.colcon_core.event_handler.log_command:Invoked command in '/home/notandi/ros2_ws/src/build/mycobot_bringup' returned '0': CMAKE_PREFIX_PATH=${CMAKE_PREFIX_PATH}:/opt/ros/jazzy /usr/bin/cmake --build /home/notandi/ros2_ws/src/build/mycobot_bringup -- -j12 -l12
[3.277s] DEBUG:colcon.colcon_core.event_handler.log_command:Invoking command in '/home/notandi/ros2_ws/src/build/mycobot_bringup': CMAKE_PREFIX_PATH=${CMAKE_PREFIX_PATH}:/opt/ros/jazzy /usr/bin/cmake --install /home/notandi/ros2_ws/src/build/mycobot_bringup
[3.280s] DEBUG:colcon.colcon_core.event_handler.log_command:Invoked command in '/home/notandi/ros2_ws/src/build/mycobot_description' returned '0': CMAKE_PREFIX_PATH=${CMAKE_PREFIX_PATH}:/opt/ros/jazzy /usr/bin/cmake --build /home/notandi/ros2_ws/src/build/mycobot_description -- -j12 -l12
[3.281s] DEBUG:colcon.colcon_core.event_handler.log_command:Invoking command in '/home/notandi/ros2_ws/src/build/mycobot_description': CMAKE_PREFIX_PATH=${CMAKE_PREFIX_PATH}:/opt/ros/jazzy /usr/bin/cmake --install /home/notandi/ros2_ws/src/build/mycobot_description
[3.299s] Level 1:colcon.colcon_core.environment:create_environment_scripts_only(mycobot_bringup)
[3.299s] DEBUG:colcon.colcon_core.event_handler.log_command:Invoked command in '/home/notandi/ros2_ws/src/build/mycobot_bringup' returned '0': CMAKE_PREFIX_PATH=${CMAKE_PREFIX_PATH}:/opt/ros/jazzy /usr/bin/cmake --install /home/notandi/ros2_ws/src/build/mycobot_bringup
[3.312s] Level 1:colcon.colcon_core.environment:checking '/home/notandi/ros2_ws/src/install/mycobot_bringup' for CMake module files
[3.312s] Level 1:colcon.colcon_core.environment:checking '/home/notandi/ros2_ws/src/install/mycobot_bringup' for CMake config files
[3.313s] Level 1:colcon.colcon_core.shell:create_environment_hook('mycobot_bringup', 'cmake_prefix_path')
[3.313s] INFO:colcon.colcon_core.shell:Creating environment hook '/home/notandi/ros2_ws/src/install/mycobot_bringup/share/mycobot_bringup/hook/cmake_prefix_path.ps1'
[3.314s] INFO:colcon.colcon_core.shell:Creating environment descriptor '/home/notandi/ros2_ws/src/install/mycobot_bringup/share/mycobot_bringup/hook/cmake_prefix_path.dsv'
[3.315s] INFO:colcon.colcon_core.shell:Creating environment hook '/home/notandi/ros2_ws/src/install/mycobot_bringup/share/mycobot_bringup/hook/cmake_prefix_path.sh'
[3.317s] Level 1:colcon.colcon_core.environment:checking '/home/notandi/ros2_ws/src/install/mycobot_bringup/bin'
[3.317s] Level 1:colcon.colcon_core.environment:checking '/home/notandi/ros2_ws/src/install/mycobot_bringup/lib/pkgconfig/mycobot_bringup.pc'
[3.317s] Level 1:colcon.colcon_core.environment:checking '/home/notandi/ros2_ws/src/install/mycobot_bringup/lib/python3.12/site-packages'
[3.317s] Level 1:colcon.colcon_core.environment:checking '/home/notandi/ros2_ws/src/install/mycobot_bringup/bin'
[3.318s] INFO:colcon.colcon_core.shell:Creating package script '/home/notandi/ros2_ws/src/install/mycobot_bringup/share/mycobot_bringup/package.ps1'
[3.319s] INFO:colcon.colcon_core.shell:Creating package descriptor '/home/notandi/ros2_ws/src/install/mycobot_bringup/share/mycobot_bringup/package.dsv'
[3.321s] INFO:colcon.colcon_core.shell:Creating package script '/home/notandi/ros2_ws/src/install/mycobot_bringup/share/mycobot_bringup/package.sh'
[3.322s] INFO:colcon.colcon_core.shell:Creating package script '/home/notandi/ros2_ws/src/install/mycobot_bringup/share/mycobot_bringup/package.bash'
[3.323s] INFO:colcon.colcon_core.shell:Creating package script '/home/notandi/ros2_ws/src/install/mycobot_bringup/share/mycobot_bringup/package.zsh'
[3.324s] Level 1:colcon.colcon_core.environment:create_file_with_runtime_dependencies(/home/notandi/ros2_ws/src/install/mycobot_bringup/share/colcon-core/packages/mycobot_bringup)
[3.326s] Level 1:colcon.colcon_core.environment:create_environment_scripts_only(mycobot_bringup)
[3.326s] Level 1:colcon.colcon_core.environment:checking '/home/notandi/ros2_ws/src/install/mycobot_bringup' for CMake module files
[3.327s] Level 1:colcon.colcon_core.environment:checking '/home/notandi/ros2_ws/src/install/mycobot_bringup' for CMake config files
[3.328s] Level 1:colcon.colcon_core.shell:create_environment_hook('mycobot_bringup', 'cmake_prefix_path')
[3.328s] INFO:colcon.colcon_core.shell:Creating environment hook '/home/notandi/ros2_ws/src/install/mycobot_bringup/share/mycobot_bringup/hook/cmake_prefix_path.ps1'
[3.329s] INFO:colcon.colcon_core.shell:Creating environment descriptor '/home/notandi/ros2_ws/src/install/mycobot_bringup/share/mycobot_bringup/hook/cmake_prefix_path.dsv'
[3.329s] INFO:colcon.colcon_core.shell:Creating environment hook '/home/notandi/ros2_ws/src/install/mycobot_bringup/share/mycobot_bringup/hook/cmake_prefix_path.sh'
[3.330s] Level 1:colcon.colcon_core.environment:checking '/home/notandi/ros2_ws/src/install/mycobot_bringup/bin'
[3.330s] Level 1:colcon.colcon_core.environment:checking '/home/notandi/ros2_ws/src/install/mycobot_bringup/lib/pkgconfig/mycobot_bringup.pc'
[3.330s] Level 1:colcon.colcon_core.environment:checking '/home/notandi/ros2_ws/src/install/mycobot_bringup/lib/python3.12/site-packages'
[3.331s] Level 1:colcon.colcon_core.environment:checking '/home/notandi/ros2_ws/src/install/mycobot_bringup/bin'
[3.331s] INFO:colcon.colcon_core.shell:Creating package script '/home/notandi/ros2_ws/src/install/mycobot_bringup/share/mycobot_bringup/package.ps1'
[3.332s] INFO:colcon.colcon_core.shell:Creating package descriptor '/home/notandi/ros2_ws/src/install/mycobot_bringup/share/mycobot_bringup/package.dsv'
[3.332s] INFO:colcon.colcon_core.shell:Creating package script '/home/notandi/ros2_ws/src/install/mycobot_bringup/share/mycobot_bringup/package.sh'
[3.333s] INFO:colcon.colcon_core.shell:Creating package script '/home/notandi/ros2_ws/src/install/mycobot_bringup/share/mycobot_bringup/package.bash'
[3.333s] INFO:colcon.colcon_core.shell:Creating package script '/home/notandi/ros2_ws/src/install/mycobot_bringup/share/mycobot_bringup/package.zsh'
[3.333s] Level 1:colcon.colcon_core.environment:create_file_with_runtime_dependencies(/home/notandi/ros2_ws/src/install/mycobot_bringup/share/colcon-core/packages/mycobot_bringup)
[3.453s] DEBUG:colcon.colcon_core.event_handler.log_command:Invoked command in '/home/notandi/ros2_ws/src/build/mycobot_system_tests' returned '0': CMAKE_PREFIX_PATH=${CMAKE_PREFIX_PATH}:/opt/ros/jazzy /usr/bin/cmake /home/notandi/ros2_ws/src/mycobot_ros2/mycobot_system_tests -DCMAKE_INSTALL_PREFIX=/home/notandi/ros2_ws/src/install/mycobot_system_tests
[3.453s] DEBUG:colcon.colcon_core.event_handler.log_command:Invoking command in '/home/notandi/ros2_ws/src/build/mycobot_system_tests': CMAKE_PREFIX_PATH=${CMAKE_PREFIX_PATH}:/opt/ros/jazzy /usr/bin/cmake --build /home/notandi/ros2_ws/src/build/mycobot_system_tests -- -j12 -l12
[3.479s] Level 1:colcon.colcon_core.environment:create_environment_scripts_only(mycobot_description)
[3.479s] Level 1:colcon.colcon_core.environment:checking '/home/notandi/ros2_ws/src/install/mycobot_description' for CMake module files
[3.480s] DEBUG:colcon.colcon_core.event_handler.log_command:Invoked command in '/home/notandi/ros2_ws/src/build/mycobot_description' returned '0': CMAKE_PREFIX_PATH=${CMAKE_PREFIX_PATH}:/opt/ros/jazzy /usr/bin/cmake --install /home/notandi/ros2_ws/src/build/mycobot_description
[3.481s] Level 1:colcon.colcon_core.environment:checking '/home/notandi/ros2_ws/src/install/mycobot_description' for CMake config files
[3.481s] Level 1:colcon.colcon_core.shell:create_environment_hook('mycobot_description', 'cmake_prefix_path')
[3.482s] INFO:colcon.colcon_core.shell:Creating environment hook '/home/notandi/ros2_ws/src/install/mycobot_description/share/mycobot_description/hook/cmake_prefix_path.ps1'
[3.483s] INFO:colcon.colcon_core.shell:Creating environment descriptor '/home/notandi/ros2_ws/src/install/mycobot_description/share/mycobot_description/hook/cmake_prefix_path.dsv'
[3.483s] INFO:colcon.colcon_core.shell:Creating environment hook '/home/notandi/ros2_ws/src/install/mycobot_description/share/mycobot_description/hook/cmake_prefix_path.sh'
[3.484s] Level 1:colcon.colcon_core.environment:checking '/home/notandi/ros2_ws/src/install/mycobot_description/bin'
[3.484s] Level 1:colcon.colcon_core.environment:checking '/home/notandi/ros2_ws/src/install/mycobot_description/lib/pkgconfig/mycobot_description.pc'
[3.484s] Level 1:colcon.colcon_core.environment:checking '/home/notandi/ros2_ws/src/install/mycobot_description/lib/python3.12/site-packages'
[3.485s] Level 1:colcon.colcon_core.environment:checking '/home/notandi/ros2_ws/src/install/mycobot_description/bin'
[3.485s] INFO:colcon.colcon_core.shell:Creating package script '/home/notandi/ros2_ws/src/install/mycobot_description/share/mycobot_description/package.ps1'
[3.485s] INFO:colcon.colcon_core.shell:Creating package descriptor '/home/notandi/ros2_ws/src/install/mycobot_description/share/mycobot_description/package.dsv'
[3.486s] INFO:colcon.colcon_core.shell:Creating package script '/home/notandi/ros2_ws/src/install/mycobot_description/share/mycobot_description/package.sh'
[3.486s] INFO:colcon.colcon_core.shell:Creating package script '/home/notandi/ros2_ws/src/install/mycobot_description/share/mycobot_description/package.bash'
[3.486s] INFO:colcon.colcon_core.shell:Creating package script '/home/notandi/ros2_ws/src/install/mycobot_description/share/mycobot_description/package.zsh'
[3.487s] Level 1:colcon.colcon_core.environment:create_file_with_runtime_dependencies(/home/notandi/ros2_ws/src/install/mycobot_description/share/colcon-core/packages/mycobot_description)
[3.488s] Level 1:colcon.colcon_core.environment:create_environment_scripts_only(mycobot_description)
[3.488s] Level 1:colcon.colcon_core.environment:checking '/home/notandi/ros2_ws/src/install/mycobot_description' for CMake module files
[3.488s] Level 1:colcon.colcon_core.environment:checking '/home/notandi/ros2_ws/src/install/mycobot_description' for CMake config files
[3.488s] Level 1:colcon.colcon_core.shell:create_environment_hook('mycobot_description', 'cmake_prefix_path')
[3.489s] INFO:colcon.colcon_core.shell:Creating environment hook '/home/notandi/ros2_ws/src/install/mycobot_description/share/mycobot_description/hook/cmake_prefix_path.ps1'
[3.489s] INFO:colcon.colcon_core.shell:Creating environment descriptor '/home/notandi/ros2_ws/src/install/mycobot_description/share/mycobot_description/hook/cmake_prefix_path.dsv'
[3.489s] INFO:colcon.colcon_core.shell:Creating environment hook '/home/notandi/ros2_ws/src/install/mycobot_description/share/mycobot_description/hook/cmake_prefix_path.sh'
[3.490s] Level 1:colcon.colcon_core.environment:checking '/home/notandi/ros2_ws/src/install/mycobot_description/bin'
[3.490s] Level 1:colcon.colcon_core.environment:checking '/home/notandi/ros2_ws/src/install/mycobot_description/lib/pkgconfig/mycobot_description.pc'
[3.490s] Level 1:colcon.colcon_core.environment:checking '/home/notandi/ros2_ws/src/install/mycobot_description/lib/python3.12/site-packages'
[3.490s] Level 1:colcon.colcon_core.environment:checking '/home/notandi/ros2_ws/src/install/mycobot_description/bin'
[3.490s] INFO:colcon.colcon_core.shell:Creating package script '/home/notandi/ros2_ws/src/install/mycobot_description/share/mycobot_description/package.ps1'
[3.491s] INFO:colcon.colcon_core.shell:Creating package descriptor '/home/notandi/ros2_ws/src/install/mycobot_description/share/mycobot_description/package.dsv'
[3.491s] INFO:colcon.colcon_core.shell:Creating package script '/home/notandi/ros2_ws/src/install/mycobot_description/share/mycobot_description/package.sh'
[3.492s] INFO:colcon.colcon_core.shell:Creating package script '/home/notandi/ros2_ws/src/install/mycobot_description/share/mycobot_description/package.bash'
[3.492s] INFO:colcon.colcon_core.shell:Creating package script '/home/notandi/ros2_ws/src/install/mycobot_description/share/mycobot_description/package.zsh'
[3.492s] Level 1:colcon.colcon_core.environment:create_file_with_runtime_dependencies(/home/notandi/ros2_ws/src/install/mycobot_description/share/colcon-core/packages/mycobot_description)
[3.501s] DEBUG:colcon.colcon_core.event_handler.log_command:Invoked command in '/home/notandi/ros2_ws/src/build/mycobot_system_tests' returned '0': CMAKE_PREFIX_PATH=${CMAKE_PREFIX_PATH}:/opt/ros/jazzy /usr/bin/cmake --build /home/notandi/ros2_ws/src/build/mycobot_system_tests -- -j12 -l12
[3.501s] DEBUG:colcon.colcon_core.event_handler.log_command:Invoking command in '/home/notandi/ros2_ws/src/build/mycobot_system_tests': CMAKE_PREFIX_PATH=${CMAKE_PREFIX_PATH}:/opt/ros/jazzy /usr/bin/cmake --install /home/notandi/ros2_ws/src/build/mycobot_system_tests
[3.517s] Level 1:colcon.colcon_core.environment:create_environment_scripts_only(mycobot_system_tests)
[3.517s] Level 1:colcon.colcon_core.environment:checking '/home/notandi/ros2_ws/src/install/mycobot_system_tests' for CMake module files
[3.518s] DEBUG:colcon.colcon_core.event_handler.log_command:Invoked command in '/home/notandi/ros2_ws/src/build/mycobot_system_tests' returned '0': CMAKE_PREFIX_PATH=${CMAKE_PREFIX_PATH}:/opt/ros/jazzy /usr/bin/cmake --install /home/notandi/ros2_ws/src/build/mycobot_system_tests
[3.518s] Level 1:colcon.colcon_core.environment:checking '/home/notandi/ros2_ws/src/install/mycobot_system_tests' for CMake config files
[3.518s] Level 1:colcon.colcon_core.shell:create_environment_hook('mycobot_system_tests', 'cmake_prefix_path')
[3.518s] INFO:colcon.colcon_core.shell:Creating environment hook '/home/notandi/ros2_ws/src/install/mycobot_system_tests/share/mycobot_system_tests/hook/cmake_prefix_path.ps1'
[3.519s] INFO:colcon.colcon_core.shell:Creating environment descriptor '/home/notandi/ros2_ws/src/install/mycobot_system_tests/share/mycobot_system_tests/hook/cmake_prefix_path.dsv'
[3.519s] INFO:colcon.colcon_core.shell:Creating environment hook '/home/notandi/ros2_ws/src/install/mycobot_system_tests/share/mycobot_system_tests/hook/cmake_prefix_path.sh'
[3.520s] Level 1:colcon.colcon_core.environment:checking '/home/notandi/ros2_ws/src/install/mycobot_system_tests/bin'
[3.520s] Level 1:colcon.colcon_core.environment:checking '/home/notandi/ros2_ws/src/install/mycobot_system_tests/lib/pkgconfig/mycobot_system_tests.pc'
[3.520s] Level 1:colcon.colcon_core.environment:checking '/home/notandi/ros2_ws/src/install/mycobot_system_tests/lib/python3.12/site-packages'
[3.521s] Level 1:colcon.colcon_core.environment:checking '/home/notandi/ros2_ws/src/install/mycobot_system_tests/bin'
[3.521s] INFO:colcon.colcon_core.shell:Creating package script '/home/notandi/ros2_ws/src/install/mycobot_system_tests/share/mycobot_system_tests/package.ps1'
[3.521s] INFO:colcon.colcon_core.shell:Creating package descriptor '/home/notandi/ros2_ws/src/install/mycobot_system_tests/share/mycobot_system_tests/package.dsv'
[3.521s] INFO:colcon.colcon_core.shell:Creating package script '/home/notandi/ros2_ws/src/install/mycobot_system_tests/share/mycobot_system_tests/package.sh'
[3.522s] INFO:colcon.colcon_core.shell:Creating package script '/home/notandi/ros2_ws/src/install/mycobot_system_tests/share/mycobot_system_tests/package.bash'
[3.522s] INFO:colcon.colcon_core.shell:Creating package script '/home/notandi/ros2_ws/src/install/mycobot_system_tests/share/mycobot_system_tests/package.zsh'
[3.522s] Level 1:colcon.colcon_core.environment:create_file_with_runtime_dependencies(/home/notandi/ros2_ws/src/install/mycobot_system_tests/share/colcon-core/packages/mycobot_system_tests)
[3.523s] Level 1:colcon.colcon_core.environment:create_environment_scripts_only(mycobot_system_tests)
[3.523s] Level 1:colcon.colcon_core.environment:checking '/home/notandi/ros2_ws/src/install/mycobot_system_tests' for CMake module files
[3.523s] Level 1:colcon.colcon_core.environment:checking '/home/notandi/ros2_ws/src/install/mycobot_system_tests' for CMake config files
[3.524s] Level 1:colcon.colcon_core.shell:create_environment_hook('mycobot_system_tests', 'cmake_prefix_path')
[3.524s] INFO:colcon.colcon_core.shell:Creating environment hook '/home/notandi/ros2_ws/src/install/mycobot_system_tests/share/mycobot_system_tests/hook/cmake_prefix_path.ps1'
[3.524s] INFO:colcon.colcon_core.shell:Creating environment descriptor '/home/notandi/ros2_ws/src/install/mycobot_system_tests/share/mycobot_system_tests/hook/cmake_prefix_path.dsv'
[3.525s] INFO:colcon.colcon_core.shell:Creating environment hook '/home/notandi/ros2_ws/src/install/mycobot_system_tests/share/mycobot_system_tests/hook/cmake_prefix_path.sh'
[3.525s] Level 1:colcon.colcon_core.environment:checking '/home/notandi/ros2_ws/src/install/mycobot_system_tests/bin'
[3.525s] Level 1:colcon.colcon_core.environment:checking '/home/notandi/ros2_ws/src/install/mycobot_system_tests/lib/pkgconfig/mycobot_system_tests.pc'
[3.525s] Level 1:colcon.colcon_core.environment:checking '/home/notandi/ros2_ws/src/install/mycobot_system_tests/lib/python3.12/site-packages'
[3.526s] Level 1:colcon.colcon_core.environment:checking '/home/notandi/ros2_ws/src/install/mycobot_system_tests/bin'
[3.526s] INFO:colcon.colcon_core.shell:Creating package script '/home/notandi/ros2_ws/src/install/mycobot_system_tests/share/mycobot_system_tests/package.ps1'
[3.527s] INFO:colcon.colcon_core.shell:Creating package descriptor '/home/notandi/ros2_ws/src/install/mycobot_system_tests/share/mycobot_system_tests/package.dsv'
[3.527s] INFO:colcon.colcon_core.shell:Creating package script '/home/notandi/ros2_ws/src/install/mycobot_system_tests/share/mycobot_system_tests/package.sh'
[3.527s] INFO:colcon.colcon_core.shell:Creating package script '/home/notandi/ros2_ws/src/install/mycobot_system_tests/share/mycobot_system_tests/package.bash'
[3.528s] INFO:colcon.colcon_core.shell:Creating package script '/home/notandi/ros2_ws/src/install/mycobot_system_tests/share/mycobot_system_tests/package.zsh'
[3.528s] Level 1:colcon.colcon_core.environment:create_file_with_runtime_dependencies(/home/notandi/ros2_ws/src/install/mycobot_system_tests/share/colcon-core/packages/mycobot_system_tests)
[3.653s] DEBUG:colcon.colcon_core.event_handler.log_command:Invoked command in '/home/notandi/ros2_ws/src/build/mycobot_moveit_config' returned '0': CMAKE_PREFIX_PATH=${CMAKE_PREFIX_PATH}:/opt/ros/jazzy /usr/bin/cmake /home/notandi/ros2_ws/src/mycobot_ros2/mycobot_moveit_config -DCMAKE_INSTALL_PREFIX=/home/notandi/ros2_ws/src/install/mycobot_moveit_config
[3.654s] DEBUG:colcon.colcon_core.event_handler.log_command:Invoking command in '/home/notandi/ros2_ws/src/build/mycobot_moveit_config': CMAKE_PREFIX_PATH=${CMAKE_PREFIX_PATH}:/opt/ros/jazzy /usr/bin/cmake --build /home/notandi/ros2_ws/src/build/mycobot_moveit_config -- -j12 -l12
[3.693s] DEBUG:colcon.colcon_core.event_handler.log_command:Invoked command in '/home/notandi/ros2_ws/src/build/mycobot_moveit_config' returned '0': CMAKE_PREFIX_PATH=${CMAKE_PREFIX_PATH}:/opt/ros/jazzy /usr/bin/cmake --build /home/notandi/ros2_ws/src/build/mycobot_moveit_config -- -j12 -l12
[3.694s] DEBUG:colcon.colcon_core.event_handler.log_command:Invoking command in '/home/notandi/ros2_ws/src/build/mycobot_moveit_config': CMAKE_PREFIX_PATH=${CMAKE_PREFIX_PATH}:/opt/ros/jazzy /usr/bin/cmake --install /home/notandi/ros2_ws/src/build/mycobot_moveit_config
[3.713s] Level 1:colcon.colcon_core.environment:create_environment_scripts_only(mycobot_moveit_config)
[3.713s] Level 1:colcon.colcon_core.environment:checking '/home/notandi/ros2_ws/src/install/mycobot_moveit_config' for CMake module files
[3.714s] DEBUG:colcon.colcon_core.event_handler.log_command:Invoked command in '/home/notandi/ros2_ws/src/build/mycobot_moveit_config' returned '0': CMAKE_PREFIX_PATH=${CMAKE_PREFIX_PATH}:/opt/ros/jazzy /usr/bin/cmake --install /home/notandi/ros2_ws/src/build/mycobot_moveit_config
[3.714s] Level 1:colcon.colcon_core.environment:checking '/home/notandi/ros2_ws/src/install/mycobot_moveit_config' for CMake config files
[3.714s] Level 1:colcon.colcon_core.shell:create_environment_hook('mycobot_moveit_config', 'cmake_prefix_path')
[3.714s] INFO:colcon.colcon_core.shell:Creating environment hook '/home/notandi/ros2_ws/src/install/mycobot_moveit_config/share/mycobot_moveit_config/hook/cmake_prefix_path.ps1'
[3.715s] INFO:colcon.colcon_core.shell:Creating environment descriptor '/home/notandi/ros2_ws/src/install/mycobot_moveit_config/share/mycobot_moveit_config/hook/cmake_prefix_path.dsv'
[3.715s] INFO:colcon.colcon_core.shell:Creating environment hook '/home/notandi/ros2_ws/src/install/mycobot_moveit_config/share/mycobot_moveit_config/hook/cmake_prefix_path.sh'
[3.716s] Level 1:colcon.colcon_core.environment:checking '/home/notandi/ros2_ws/src/install/mycobot_moveit_config/bin'
[3.716s] Level 1:colcon.colcon_core.environment:checking '/home/notandi/ros2_ws/src/install/mycobot_moveit_config/lib/pkgconfig/mycobot_moveit_config.pc'
[3.716s] Level 1:colcon.colcon_core.environment:checking '/home/notandi/ros2_ws/src/install/mycobot_moveit_config/lib/python3.12/site-packages'
[3.716s] Level 1:colcon.colcon_core.environment:checking '/home/notandi/ros2_ws/src/install/mycobot_moveit_config/bin'
[3.717s] INFO:colcon.colcon_core.shell:Creating package script '/home/notandi/ros2_ws/src/install/mycobot_moveit_config/share/mycobot_moveit_config/package.ps1'
[3.717s] INFO:colcon.colcon_core.shell:Creating package descriptor '/home/notandi/ros2_ws/src/install/mycobot_moveit_config/share/mycobot_moveit_config/package.dsv'
[3.717s] INFO:colcon.colcon_core.shell:Creating package script '/home/notandi/ros2_ws/src/install/mycobot_moveit_config/share/mycobot_moveit_config/package.sh'
[3.718s] INFO:colcon.colcon_core.shell:Creating package script '/home/notandi/ros2_ws/src/install/mycobot_moveit_config/share/mycobot_moveit_config/package.bash'
[3.718s] INFO:colcon.colcon_core.shell:Creating package script '/home/notandi/ros2_ws/src/install/mycobot_moveit_config/share/mycobot_moveit_config/package.zsh'
[3.718s] Level 1:colcon.colcon_core.environment:create_file_with_runtime_dependencies(/home/notandi/ros2_ws/src/install/mycobot_moveit_config/share/colcon-core/packages/mycobot_moveit_config)
[3.719s] Level 1:colcon.colcon_core.environment:create_environment_scripts_only(mycobot_moveit_config)
[3.719s] Level 1:colcon.colcon_core.environment:checking '/home/notandi/ros2_ws/src/install/mycobot_moveit_config' for CMake module files
[3.719s] Level 1:colcon.colcon_core.environment:checking '/home/notandi/ros2_ws/src/install/mycobot_moveit_config' for CMake config files
[3.720s] Level 1:colcon.colcon_core.shell:create_environment_hook('mycobot_moveit_config', 'cmake_prefix_path')
[3.720s] INFO:colcon.colcon_core.shell:Creating environment hook '/home/notandi/ros2_ws/src/install/mycobot_moveit_config/share/mycobot_moveit_config/hook/cmake_prefix_path.ps1'
[3.720s] INFO:colcon.colcon_core.shell:Creating environment descriptor '/home/notandi/ros2_ws/src/install/mycobot_moveit_config/share/mycobot_moveit_config/hook/cmake_prefix_path.dsv'
[3.720s] INFO:colcon.colcon_core.shell:Creating environment hook '/home/notandi/ros2_ws/src/install/mycobot_moveit_config/share/mycobot_moveit_config/hook/cmake_prefix_path.sh'
[3.721s] Level 1:colcon.colcon_core.environment:checking '/home/notandi/ros2_ws/src/install/mycobot_moveit_config/bin'
[3.721s] Level 1:colcon.colcon_core.environment:checking '/home/notandi/ros2_ws/src/install/mycobot_moveit_config/lib/pkgconfig/mycobot_moveit_config.pc'
[3.721s] Level 1:colcon.colcon_core.environment:checking '/home/notandi/ros2_ws/src/install/mycobot_moveit_config/lib/python3.12/site-packages'
[3.721s] Level 1:colcon.colcon_core.environment:checking '/home/notandi/ros2_ws/src/install/mycobot_moveit_config/bin'
[3.721s] INFO:colcon.colcon_core.shell:Creating package script '/home/notandi/ros2_ws/src/install/mycobot_moveit_config/share/mycobot_moveit_config/package.ps1'
[3.722s] INFO:colcon.colcon_core.shell:Creating package descriptor '/home/notandi/ros2_ws/src/install/mycobot_moveit_config/share/mycobot_moveit_config/package.dsv'
[3.722s] INFO:colcon.colcon_core.shell:Creating package script '/home/notandi/ros2_ws/src/install/mycobot_moveit_config/share/mycobot_moveit_config/package.sh'
[3.722s] INFO:colcon.colcon_core.shell:Creating package script '/home/notandi/ros2_ws/src/install/mycobot_moveit_config/share/mycobot_moveit_config/package.bash'
[3.723s] INFO:colcon.colcon_core.shell:Creating package script '/home/notandi/ros2_ws/src/install/mycobot_moveit_config/share/mycobot_moveit_config/package.zsh'
[3.723s] Level 1:colcon.colcon_core.environment:create_file_with_runtime_dependencies(/home/notandi/ros2_ws/src/install/mycobot_moveit_config/share/colcon-core/packages/mycobot_moveit_config)
[7.793s] DEBUG:colcon.colcon_core.event_handler.log_command:Invoked command in '/home/notandi/ros2_ws/src/build/mycobot_gazebo' returned '0': CMAKE_PREFIX_PATH=${CMAKE_PREFIX_PATH}:/opt/ros/jazzy /usr/bin/cmake /home/notandi/ros2_ws/src/mycobot_ros2/mycobot_gazebo -DCMAKE_INSTALL_PREFIX=/home/notandi/ros2_ws/src/install/mycobot_gazebo
[7.794s] DEBUG:colcon.colcon_core.event_handler.log_command:Invoking command in '/home/notandi/ros2_ws/src/build/mycobot_gazebo': CMAKE_PREFIX_PATH=${CMAKE_PREFIX_PATH}:/opt/ros/jazzy /usr/bin/cmake --build /home/notandi/ros2_ws/src/build/mycobot_gazebo -- -j12 -l12
[7.833s] DEBUG:colcon.colcon_core.event_handler.log_command:Invoked command in '/home/notandi/ros2_ws/src/build/mycobot_gazebo' returned '0': CMAKE_PREFIX_PATH=${CMAKE_PREFIX_PATH}:/opt/ros/jazzy /usr/bin/cmake --build /home/notandi/ros2_ws/src/build/mycobot_gazebo -- -j12 -l12
[7.834s] DEBUG:colcon.colcon_core.event_handler.log_command:Invoking command in '/home/notandi/ros2_ws/src/build/mycobot_gazebo': CMAKE_PREFIX_PATH=${CMAKE_PREFIX_PATH}:/opt/ros/jazzy /usr/bin/cmake --install /home/notandi/ros2_ws/src/build/mycobot_gazebo
[8.467s] Level 1:colcon.colcon_core.environment:create_environment_scripts_only(mycobot_gazebo)
[8.467s] Level 1:colcon.colcon_core.environment:checking '/home/notandi/ros2_ws/src/install/mycobot_gazebo' for CMake module files
[8.468s] DEBUG:colcon.colcon_core.event_handler.log_command:Invoked command in '/home/notandi/ros2_ws/src/build/mycobot_gazebo' returned '0': CMAKE_PREFIX_PATH=${CMAKE_PREFIX_PATH}:/opt/ros/jazzy /usr/bin/cmake --install /home/notandi/ros2_ws/src/build/mycobot_gazebo
[8.468s] Level 1:colcon.colcon_core.environment:checking '/home/notandi/ros2_ws/src/install/mycobot_gazebo' for CMake config files
[8.472s] Level 1:colcon.colcon_core.shell:create_environment_hook('mycobot_gazebo', 'cmake_prefix_path')
[8.472s] INFO:colcon.colcon_core.shell:Creating environment hook '/home/notandi/ros2_ws/src/install/mycobot_gazebo/share/mycobot_gazebo/hook/cmake_prefix_path.ps1'
[8.473s] INFO:colcon.colcon_core.shell:Creating environment descriptor '/home/notandi/ros2_ws/src/install/mycobot_gazebo/share/mycobot_gazebo/hook/cmake_prefix_path.dsv'
[8.473s] INFO:colcon.colcon_core.shell:Creating environment hook '/home/notandi/ros2_ws/src/install/mycobot_gazebo/share/mycobot_gazebo/hook/cmake_prefix_path.sh'
[8.473s] Level 1:colcon.colcon_core.environment:checking '/home/notandi/ros2_ws/src/install/mycobot_gazebo/bin'
[8.474s] Level 1:colcon.colcon_core.environment:checking '/home/notandi/ros2_ws/src/install/mycobot_gazebo/lib/pkgconfig/mycobot_gazebo.pc'
[8.474s] Level 1:colcon.colcon_core.environment:checking '/home/notandi/ros2_ws/src/install/mycobot_gazebo/lib/python3.12/site-packages'
[8.474s] Level 1:colcon.colcon_core.environment:checking '/home/notandi/ros2_ws/src/install/mycobot_gazebo/bin'
[8.474s] INFO:colcon.colcon_core.shell:Creating package script '/home/notandi/ros2_ws/src/install/mycobot_gazebo/share/mycobot_gazebo/package.ps1'
[8.475s] INFO:colcon.colcon_core.shell:Creating package descriptor '/home/notandi/ros2_ws/src/install/mycobot_gazebo/share/mycobot_gazebo/package.dsv'
[8.475s] INFO:colcon.colcon_core.shell:Creating package script '/home/notandi/ros2_ws/src/install/mycobot_gazebo/share/mycobot_gazebo/package.sh'
[8.476s] INFO:colcon.colcon_core.shell:Creating package script '/home/notandi/ros2_ws/src/install/mycobot_gazebo/share/mycobot_gazebo/package.bash'
[8.476s] INFO:colcon.colcon_core.shell:Creating package script '/home/notandi/ros2_ws/src/install/mycobot_gazebo/share/mycobot_gazebo/package.zsh'
[8.477s] Level 1:colcon.colcon_core.environment:create_file_with_runtime_dependencies(/home/notandi/ros2_ws/src/install/mycobot_gazebo/share/colcon-core/packages/mycobot_gazebo)
[8.477s] Level 1:colcon.colcon_core.environment:create_environment_scripts_only(mycobot_gazebo)
[8.477s] Level 1:colcon.colcon_core.environment:checking '/home/notandi/ros2_ws/src/install/mycobot_gazebo' for CMake module files
[8.478s] Level 1:colcon.colcon_core.environment:checking '/home/notandi/ros2_ws/src/install/mycobot_gazebo' for CMake config files
[8.481s] Level 1:colcon.colcon_core.shell:create_environment_hook('mycobot_gazebo', 'cmake_prefix_path')
[8.481s] INFO:colcon.colcon_core.shell:Creating environment hook '/home/notandi/ros2_ws/src/install/mycobot_gazebo/share/mycobot_gazebo/hook/cmake_prefix_path.ps1'
[8.481s] INFO:colcon.colcon_core.shell:Creating environment descriptor '/home/notandi/ros2_ws/src/install/mycobot_gazebo/share/mycobot_gazebo/hook/cmake_prefix_path.dsv'
[8.481s] INFO:colcon.colcon_core.shell:Creating environment hook '/home/notandi/ros2_ws/src/install/mycobot_gazebo/share/mycobot_gazebo/hook/cmake_prefix_path.sh'
[8.482s] Level 1:colcon.colcon_core.environment:checking '/home/notandi/ros2_ws/src/install/mycobot_gazebo/bin'
[8.482s] Level 1:colcon.colcon_core.environment:checking '/home/notandi/ros2_ws/src/install/mycobot_gazebo/lib/pkgconfig/mycobot_gazebo.pc'
[8.482s] Level 1:colcon.colcon_core.environment:checking '/home/notandi/ros2_ws/src/install/mycobot_gazebo/lib/python3.12/site-packages'
[8.482s] Level 1:colcon.colcon_core.environment:checking '/home/notandi/ros2_ws/src/install/mycobot_gazebo/bin'
[8.483s] INFO:colcon.colcon_core.shell:Creating package script '/home/notandi/ros2_ws/src/install/mycobot_gazebo/share/mycobot_gazebo/package.ps1'
[8.483s] INFO:colcon.colcon_core.shell:Creating package descriptor '/home/notandi/ros2_ws/src/install/mycobot_gazebo/share/mycobot_gazebo/package.dsv'
[8.483s] INFO:colcon.colcon_core.shell:Creating package script '/home/notandi/ros2_ws/src/install/mycobot_gazebo/share/mycobot_gazebo/package.sh'
[8.484s] INFO:colcon.colcon_core.shell:Creating package script '/home/notandi/ros2_ws/src/install/mycobot_gazebo/share/mycobot_gazebo/package.bash'
[8.484s] INFO:colcon.colcon_core.shell:Creating package script '/home/notandi/ros2_ws/src/install/mycobot_gazebo/share/mycobot_gazebo/package.zsh'
[8.484s] Level 1:colcon.colcon_core.environment:create_file_with_runtime_dependencies(/home/notandi/ros2_ws/src/install/mycobot_gazebo/share/colcon-core/packages/mycobot_gazebo)
[8.485s] INFO:colcon.colcon_ros.task.ament_cmake.build:Building ROS package in '/home/notandi/ros2_ws/src/mycobot_ros2/mycobot_ros2' with build type 'ament_cmake'
[8.485s] INFO:colcon.colcon_cmake.task.cmake.build:Building CMake package in '/home/notandi/ros2_ws/src/mycobot_ros2/mycobot_ros2'
[8.485s] INFO:colcon.colcon_core.shell:Skip shell extension 'powershell' for command environment: Not usable outside of PowerShell
[8.485s] DEBUG:colcon.colcon_core.shell:Skip shell extension 'dsv' for command environment
[8.922s] DEBUG:colcon.colcon_core.event_handler.log_command:Invoking command in '/home/notandi/ros2_ws/src/build/mycobot_ros2': AMENT_PREFIX_PATH=/home/notandi/ros2_ws/src/install/mycobot_system_tests:/home/notandi/ros2_ws/src/install/mycobot_moveit_config:/home/notandi/ros2_ws/src/install/mycobot_gazebo:/home/notandi/ros2_ws/src/install/mycobot_description:/home/notandi/ros2_ws/src/install/mycobot_bringup:${AMENT_PREFIX_PATH} CMAKE_PREFIX_PATH=/home/notandi/ros2_ws/src/install/mycobot_system_tests:/home/notandi/ros2_ws/src/install/mycobot_moveit_config:/home/notandi/ros2_ws/src/install/mycobot_gazebo:/home/notandi/ros2_ws/src/install/mycobot_description:/home/notandi/ros2_ws/src/install/mycobot_bringup:/opt/ros/jazzy/opt/gz_sim_vendor:/opt/ros/jazzy/opt/gz_sensors_vendor:/opt/ros/jazzy/opt/gz_physics_vendor:/opt/ros/jazzy/opt/sdformat_vendor:/opt/ros/jazzy/opt/gz_gui_vendor:/opt/ros/jazzy/opt/gz_transport_vendor:/opt/ros/jazzy/opt/gz_rendering_vendor:/opt/ros/jazzy/opt/gz_plugin_vendor:/opt/ros/jazzy/opt/gz_fuel_tools_vendor:/opt/ros/jazzy/opt/gz_msgs_vendor:/opt/ros/jazzy/opt/gz_common_vendor:/opt/ros/jazzy/opt/gz_tools_vendor:/opt/ros/jazzy/opt/gz_ogre_next_vendor:/opt/ros/jazzy/opt/gz_dartsim_vendor:/opt/ros/jazzy/opt/gz_math_vendor:/opt/ros/jazzy/opt/gz_utils_vendor:/opt/ros/jazzy/opt/gz_cmake_vendor:/opt/ros/jazzy /usr/bin/cmake /home/notandi/ros2_ws/src/mycobot_ros2/mycobot_ros2 -DCMAKE_INSTALL_PREFIX=/home/notandi/ros2_ws/src/install/mycobot_ros2
[14.368s] DEBUG:colcon.colcon_core.event_handler.log_command:Invoked command in '/home/notandi/ros2_ws/src/build/mycobot_ros2' returned '0': AMENT_PREFIX_PATH=/home/notandi/ros2_ws/src/install/mycobot_system_tests:/home/notandi/ros2_ws/src/install/mycobot_moveit_config:/home/notandi/ros2_ws/src/install/mycobot_gazebo:/home/notandi/ros2_ws/src/install/mycobot_description:/home/notandi/ros2_ws/src/install/mycobot_bringup:${AMENT_PREFIX_PATH} CMAKE_PREFIX_PATH=/home/notandi/ros2_ws/src/install/mycobot_system_tests:/home/notandi/ros2_ws/src/install/mycobot_moveit_config:/home/notandi/ros2_ws/src/install/mycobot_gazebo:/home/notandi/ros2_ws/src/install/mycobot_description:/home/notandi/ros2_ws/src/install/mycobot_bringup:/opt/ros/jazzy/opt/gz_sim_vendor:/opt/ros/jazzy/opt/gz_sensors_vendor:/opt/ros/jazzy/opt/gz_physics_vendor:/opt/ros/jazzy/opt/sdformat_vendor:/opt/ros/jazzy/opt/gz_gui_vendor:/opt/ros/jazzy/opt/gz_transport_vendor:/opt/ros/jazzy/opt/gz_rendering_vendor:/opt/ros/jazzy/opt/gz_plugin_vendor:/opt/ros/jazzy/opt/gz_fuel_tools_vendor:/opt/ros/jazzy/opt/gz_msgs_vendor:/opt/ros/jazzy/opt/gz_common_vendor:/opt/ros/jazzy/opt/gz_tools_vendor:/opt/ros/jazzy/opt/gz_ogre_next_vendor:/opt/ros/jazzy/opt/gz_dartsim_vendor:/opt/ros/jazzy/opt/gz_math_vendor:/opt/ros/jazzy/opt/gz_utils_vendor:/opt/ros/jazzy/opt/gz_cmake_vendor:/opt/ros/jazzy /usr/bin/cmake /home/notandi/ros2_ws/src/mycobot_ros2/mycobot_ros2 -DCMAKE_INSTALL_PREFIX=/home/notandi/ros2_ws/src/install/mycobot_ros2
[14.369s] DEBUG:colcon.colcon_core.event_handler.log_command:Invoking command in '/home/notandi/ros2_ws/src/build/mycobot_ros2': AMENT_PREFIX_PATH=/home/notandi/ros2_ws/src/install/mycobot_system_tests:/home/notandi/ros2_ws/src/install/mycobot_moveit_config:/home/notandi/ros2_ws/src/install/mycobot_gazebo:/home/notandi/ros2_ws/src/install/mycobot_description:/home/notandi/ros2_ws/src/install/mycobot_bringup:${AMENT_PREFIX_PATH} CMAKE_PREFIX_PATH=/home/notandi/ros2_ws/src/install/mycobot_system_tests:/home/notandi/ros2_ws/src/install/mycobot_moveit_config:/home/notandi/ros2_ws/src/install/mycobot_gazebo:/home/notandi/ros2_ws/src/install/mycobot_description:/home/notandi/ros2_ws/src/install/mycobot_bringup:/opt/ros/jazzy/opt/gz_sim_vendor:/opt/ros/jazzy/opt/gz_sensors_vendor:/opt/ros/jazzy/opt/gz_physics_vendor:/opt/ros/jazzy/opt/sdformat_vendor:/opt/ros/jazzy/opt/gz_gui_vendor:/opt/ros/jazzy/opt/gz_transport_vendor:/opt/ros/jazzy/opt/gz_rendering_vendor:/opt/ros/jazzy/opt/gz_plugin_vendor:/opt/ros/jazzy/opt/gz_fuel_tools_vendor:/opt/ros/jazzy/opt/gz_msgs_vendor:/opt/ros/jazzy/opt/gz_common_vendor:/opt/ros/jazzy/opt/gz_tools_vendor:/opt/ros/jazzy/opt/gz_ogre_next_vendor:/opt/ros/jazzy/opt/gz_dartsim_vendor:/opt/ros/jazzy/opt/gz_math_vendor:/opt/ros/jazzy/opt/gz_utils_vendor:/opt/ros/jazzy/opt/gz_cmake_vendor:/opt/ros/jazzy /usr/bin/cmake --build /home/notandi/ros2_ws/src/build/mycobot_ros2 -- -j12 -l12
[14.405s] DEBUG:colcon.colcon_core.event_handler.log_command:Invoked command in '/home/notandi/ros2_ws/src/build/mycobot_ros2' returned '0': AMENT_PREFIX_PATH=/home/notandi/ros2_ws/src/install/mycobot_system_tests:/home/notandi/ros2_ws/src/install/mycobot_moveit_config:/home/notandi/ros2_ws/src/install/mycobot_gazebo:/home/notandi/ros2_ws/src/install/mycobot_description:/home/notandi/ros2_ws/src/install/mycobot_bringup:${AMENT_PREFIX_PATH} CMAKE_PREFIX_PATH=/home/notandi/ros2_ws/src/install/mycobot_system_tests:/home/notandi/ros2_ws/src/install/mycobot_moveit_config:/home/notandi/ros2_ws/src/install/mycobot_gazebo:/home/notandi/ros2_ws/src/install/mycobot_description:/home/notandi/ros2_ws/src/install/mycobot_bringup:/opt/ros/jazzy/opt/gz_sim_vendor:/opt/ros/jazzy/opt/gz_sensors_vendor:/opt/ros/jazzy/opt/gz_physics_vendor:/opt/ros/jazzy/opt/sdformat_vendor:/opt/ros/jazzy/opt/gz_gui_vendor:/opt/ros/jazzy/opt/gz_transport_vendor:/opt/ros/jazzy/opt/gz_rendering_vendor:/opt/ros/jazzy/opt/gz_plugin_vendor:/opt/ros/jazzy/opt/gz_fuel_tools_vendor:/opt/ros/jazzy/opt/gz_msgs_vendor:/opt/ros/jazzy/opt/gz_common_vendor:/opt/ros/jazzy/opt/gz_tools_vendor:/opt/ros/jazzy/opt/gz_ogre_next_vendor:/opt/ros/jazzy/opt/gz_dartsim_vendor:/opt/ros/jazzy/opt/gz_math_vendor:/opt/ros/jazzy/opt/gz_utils_vendor:/opt/ros/jazzy/opt/gz_cmake_vendor:/opt/ros/jazzy /usr/bin/cmake --build /home/notandi/ros2_ws/src/build/mycobot_ros2 -- -j12 -l12
[14.406s] DEBUG:colcon.colcon_core.event_handler.log_command:Invoking command in '/home/notandi/ros2_ws/src/build/mycobot_ros2': AMENT_PREFIX_PATH=/home/notandi/ros2_ws/src/install/mycobot_system_tests:/home/notandi/ros2_ws/src/install/mycobot_moveit_config:/home/notandi/ros2_ws/src/install/mycobot_gazebo:/home/notandi/ros2_ws/src/install/mycobot_description:/home/notandi/ros2_ws/src/install/mycobot_bringup:${AMENT_PREFIX_PATH} CMAKE_PREFIX_PATH=/home/notandi/ros2_ws/src/install/mycobot_system_tests:/home/notandi/ros2_ws/src/install/mycobot_moveit_config:/home/notandi/ros2_ws/src/install/mycobot_gazebo:/home/notandi/ros2_ws/src/install/mycobot_description:/home/notandi/ros2_ws/src/install/mycobot_bringup:/opt/ros/jazzy/opt/gz_sim_vendor:/opt/ros/jazzy/opt/gz_sensors_vendor:/opt/ros/jazzy/opt/gz_physics_vendor:/opt/ros/jazzy/opt/sdformat_vendor:/opt/ros/jazzy/opt/gz_gui_vendor:/opt/ros/jazzy/opt/gz_transport_vendor:/opt/ros/jazzy/opt/gz_rendering_vendor:/opt/ros/jazzy/opt/gz_plugin_vendor:/opt/ros/jazzy/opt/gz_fuel_tools_vendor:/opt/ros/jazzy/opt/gz_msgs_vendor:/opt/ros/jazzy/opt/gz_common_vendor:/opt/ros/jazzy/opt/gz_tools_vendor:/opt/ros/jazzy/opt/gz_ogre_next_vendor:/opt/ros/jazzy/opt/gz_dartsim_vendor:/opt/ros/jazzy/opt/gz_math_vendor:/opt/ros/jazzy/opt/gz_utils_vendor:/opt/ros/jazzy/opt/gz_cmake_vendor:/opt/ros/jazzy /usr/bin/cmake --install /home/notandi/ros2_ws/src/build/mycobot_ros2
[14.421s] Level 1:colcon.colcon_core.environment:create_environment_scripts_only(mycobot_ros2)
[14.422s] DEBUG:colcon.colcon_core.event_handler.log_command:Invoked command in '/home/notandi/ros2_ws/src/build/mycobot_ros2' returned '0': AMENT_PREFIX_PATH=/home/notandi/ros2_ws/src/install/mycobot_system_tests:/home/notandi/ros2_ws/src/install/mycobot_moveit_config:/home/notandi/ros2_ws/src/install/mycobot_gazebo:/home/notandi/ros2_ws/src/install/mycobot_description:/home/notandi/ros2_ws/src/install/mycobot_bringup:${AMENT_PREFIX_PATH} CMAKE_PREFIX_PATH=/home/notandi/ros2_ws/src/install/mycobot_system_tests:/home/notandi/ros2_ws/src/install/mycobot_moveit_config:/home/notandi/ros2_ws/src/install/mycobot_gazebo:/home/notandi/ros2_ws/src/install/mycobot_description:/home/notandi/ros2_ws/src/install/mycobot_bringup:/opt/ros/jazzy/opt/gz_sim_vendor:/opt/ros/jazzy/opt/gz_sensors_vendor:/opt/ros/jazzy/opt/gz_physics_vendor:/opt/ros/jazzy/opt/sdformat_vendor:/opt/ros/jazzy/opt/gz_gui_vendor:/opt/ros/jazzy/opt/gz_transport_vendor:/opt/ros/jazzy/opt/gz_rendering_vendor:/opt/ros/jazzy/opt/gz_plugin_vendor:/opt/ros/jazzy/opt/gz_fuel_tools_vendor:/opt/ros/jazzy/opt/gz_msgs_vendor:/opt/ros/jazzy/opt/gz_common_vendor:/opt/ros/jazzy/opt/gz_tools_vendor:/opt/ros/jazzy/opt/gz_ogre_next_vendor:/opt/ros/jazzy/opt/gz_dartsim_vendor:/opt/ros/jazzy/opt/gz_math_vendor:/opt/ros/jazzy/opt/gz_utils_vendor:/opt/ros/jazzy/opt/gz_cmake_vendor:/opt/ros/jazzy /usr/bin/cmake --install /home/notandi/ros2_ws/src/build/mycobot_ros2
[14.422s] Level 1:colcon.colcon_core.environment:checking '/home/notandi/ros2_ws/src/install/mycobot_ros2' for CMake module files
[14.423s] Level 1:colcon.colcon_core.environment:checking '/home/notandi/ros2_ws/src/install/mycobot_ros2' for CMake config files
[14.423s] Level 1:colcon.colcon_core.shell:create_environment_hook('mycobot_ros2', 'cmake_prefix_path')
[14.423s] INFO:colcon.colcon_core.shell:Creating environment hook '/home/notandi/ros2_ws/src/install/mycobot_ros2/share/mycobot_ros2/hook/cmake_prefix_path.ps1'
[14.424s] INFO:colcon.colcon_core.shell:Creating environment descriptor '/home/notandi/ros2_ws/src/install/mycobot_ros2/share/mycobot_ros2/hook/cmake_prefix_path.dsv'
[14.424s] INFO:colcon.colcon_core.shell:Creating environment hook '/home/notandi/ros2_ws/src/install/mycobot_ros2/share/mycobot_ros2/hook/cmake_prefix_path.sh'
[14.424s] Level 1:colcon.colcon_core.environment:checking '/home/notandi/ros2_ws/src/install/mycobot_ros2/bin'
[14.424s] Level 1:colcon.colcon_core.environment:checking '/home/notandi/ros2_ws/src/install/mycobot_ros2/lib/pkgconfig/mycobot_ros2.pc'
[14.425s] Level 1:colcon.colcon_core.environment:checking '/home/notandi/ros2_ws/src/install/mycobot_ros2/lib/python3.12/site-packages'
[14.425s] Level 1:colcon.colcon_core.environment:checking '/home/notandi/ros2_ws/src/install/mycobot_ros2/bin'
[14.425s] INFO:colcon.colcon_core.shell:Creating package script '/home/notandi/ros2_ws/src/install/mycobot_ros2/share/mycobot_ros2/package.ps1'
[14.425s] INFO:colcon.colcon_core.shell:Creating package descriptor '/home/notandi/ros2_ws/src/install/mycobot_ros2/share/mycobot_ros2/package.dsv'
[14.426s] INFO:colcon.colcon_core.shell:Creating package script '/home/notandi/ros2_ws/src/install/mycobot_ros2/share/mycobot_ros2/package.sh'
[14.426s] INFO:colcon.colcon_core.shell:Creating package script '/home/notandi/ros2_ws/src/install/mycobot_ros2/share/mycobot_ros2/package.bash'
[14.426s] INFO:colcon.colcon_core.shell:Creating package script '/home/notandi/ros2_ws/src/install/mycobot_ros2/share/mycobot_ros2/package.zsh'
[14.427s] Level 1:colcon.colcon_core.environment:create_file_with_runtime_dependencies(/home/notandi/ros2_ws/src/install/mycobot_ros2/share/colcon-core/packages/mycobot_ros2)
[14.428s] Level 1:colcon.colcon_core.environment:create_environment_scripts_only(mycobot_ros2)
[14.428s] Level 1:colcon.colcon_core.environment:checking '/home/notandi/ros2_ws/src/install/mycobot_ros2' for CMake module files
[14.428s] Level 1:colcon.colcon_core.environment:checking '/home/notandi/ros2_ws/src/install/mycobot_ros2' for CMake config files
[14.428s] Level 1:colcon.colcon_core.shell:create_environment_hook('mycobot_ros2', 'cmake_prefix_path')
[14.428s] INFO:colcon.colcon_core.shell:Creating environment hook '/home/notandi/ros2_ws/src/install/mycobot_ros2/share/mycobot_ros2/hook/cmake_prefix_path.ps1'
[14.429s] INFO:colcon.colcon_core.shell:Creating environment descriptor '/home/notandi/ros2_ws/src/install/mycobot_ros2/share/mycobot_ros2/hook/cmake_prefix_path.dsv'
[14.429s] INFO:colcon.colcon_core.shell:Creating environment hook '/home/notandi/ros2_ws/src/install/mycobot_ros2/share/mycobot_ros2/hook/cmake_prefix_path.sh'
[14.429s] Level 1:colcon.colcon_core.environment:checking '/home/notandi/ros2_ws/src/install/mycobot_ros2/bin'
[14.429s] Level 1:colcon.colcon_core.environment:checking '/home/notandi/ros2_ws/src/install/mycobot_ros2/lib/pkgconfig/mycobot_ros2.pc'
[14.430s] Level 1:colcon.colcon_core.environment:checking '/home/notandi/ros2_ws/src/install/mycobot_ros2/lib/python3.12/site-packages'
[14.430s] Level 1:colcon.colcon_core.environment:checking '/home/notandi/ros2_ws/src/install/mycobot_ros2/bin'
[14.430s] INFO:colcon.colcon_core.shell:Creating package script '/home/notandi/ros2_ws/src/install/mycobot_ros2/share/mycobot_ros2/package.ps1'
[14.430s] INFO:colcon.colcon_core.shell:Creating package descriptor '/home/notandi/ros2_ws/src/install/mycobot_ros2/share/mycobot_ros2/package.dsv'
[14.431s] INFO:colcon.colcon_core.shell:Creating package script '/home/notandi/ros2_ws/src/install/mycobot_ros2/share/mycobot_ros2/package.sh'
[14.431s] INFO:colcon.colcon_core.shell:Creating package script '/home/notandi/ros2_ws/src/install/mycobot_ros2/share/mycobot_ros2/package.bash'
[14.431s] INFO:colcon.colcon_core.shell:Creating package script '/home/notandi/ros2_ws/src/install/mycobot_ros2/share/mycobot_ros2/package.zsh'
[14.431s] Level 1:colcon.colcon_core.environment:create_file_with_runtime_dependencies(/home/notandi/ros2_ws/src/install/mycobot_ros2/share/colcon-core/packages/mycobot_ros2)
[14.431s] DEBUG:colcon.colcon_parallel_executor.executor.parallel:closing loop
[14.432s] DEBUG:colcon.colcon_parallel_executor.executor.parallel:loop closed
[14.432s] DEBUG:colcon.colcon_parallel_executor.executor.parallel:run_until_complete finished with '0'
[14.432s] DEBUG:colcon.colcon_core.event_reactor:joining thread
[14.501s] INFO:colcon.colcon_core.plugin_system:Skipping extension 'colcon_notification.desktop_notification.notify_send': Could not find 'notify-send'
[14.501s] INFO:colcon.colcon_core.plugin_system:Skipping extension 'colcon_notification.desktop_notification.terminal_notifier': Not used on non-Darwin systems
[14.501s] INFO:colcon.colcon_core.plugin_system:Skipping extension 'colcon_notification.desktop_notification.win32': Not used on non-Windows systems
[14.501s] INFO:colcon.colcon_notification.desktop_notification:Sending desktop notification using 'notify2'
[14.503s] DEBUG:colcon.colcon_notification.desktop_notification.notify2:Failed to initialize notify2: org.freedesktop.DBus.Error.ServiceUnknown: The name org.freedesktop.Notifications was not provided by any .service files
[14.503s] DEBUG:colcon.colcon_core.event_reactor:joined thread
[14.503s] INFO:colcon.colcon_core.shell:Creating prefix script '/home/notandi/ros2_ws/src/install/local_setup.ps1'
[14.504s] INFO:colcon.colcon_core.shell:Creating prefix util module '/home/notandi/ros2_ws/src/install/_local_setup_util_ps1.py'
[14.506s] INFO:colcon.colcon_core.shell:Creating prefix chain script '/home/notandi/ros2_ws/src/install/setup.ps1'
[14.506s] INFO:colcon.colcon_core.shell:Creating prefix script '/home/notandi/ros2_ws/src/install/local_setup.sh'
[14.507s] INFO:colcon.colcon_core.shell:Creating prefix util module '/home/notandi/ros2_ws/src/install/_local_setup_util_sh.py'
[14.507s] INFO:colcon.colcon_core.shell:Creating prefix chain script '/home/notandi/ros2_ws/src/install/setup.sh'
[14.509s] INFO:colcon.colcon_core.shell:Creating prefix script '/home/notandi/ros2_ws/src/install/local_setup.bash'
[14.510s] INFO:colcon.colcon_core.shell:Creating prefix chain script '/home/notandi/ros2_ws/src/install/setup.bash'
[14.511s] INFO:colcon.colcon_core.shell:Creating prefix script '/home/notandi/ros2_ws/src/install/local_setup.zsh'
[14.511s] INFO:colcon.colcon_core.shell:Creating prefix chain script '/home/notandi/ros2_ws/src/install/setup.zsh'
