[0.016s] Invoking command in '/home/notandi/ros2_ws/src/build/mycobot_moveit_config': CMAKE_PREFIX_PATH=${CMAKE_PREFIX_PATH}:/home/notandi/ros2_ws/install/mycobot_moveit_config:/home/notandi/ros2_ws/install/mycobot_bringup:/opt/ros/jazzy /usr/bin/cmake /home/notandi/ros2_ws/src/mycobot_ros2/mycobot_moveit_config -DCMAKE_INSTALL_PREFIX=/home/notandi/ros2_ws/src/install/mycobot_moveit_config
[0.023s] -- Found ament_cmake: 2.5.5 (/opt/ros/jazzy/share/ament_cmake/cmake)
[0.237s] -- Override CMake install command with custom implementation using symlinks instead of copying resources
[0.243s] -- Found ament_lint_auto: 0.17.4 (/opt/ros/jazzy/share/ament_lint_auto/cmake)
[0.326s] -- Added test 'flake8' to check Python code syntax and style conventions
[0.326s] -- Configured 'flake8' exclude dirs and/or files: 
[0.326s] -- Added test 'lint_cmake' to check CMake code style
[0.326s] -- Added test 'pep257' to check Python code against some of the docstring style conventions in PEP 257
[0.327s] -- Added test 'xmllint' to check XML markup files
[0.328s] -- Configuring done (0.3s)
[0.330s] -- Generating done (0.0s)
[0.332s] -- Build files have been written to: /home/notandi/ros2_ws/src/build/mycobot_moveit_config
[0.335s] Invoked command in '/home/notandi/ros2_ws/src/build/mycobot_moveit_config' returned '0': CMAKE_PREFIX_PATH=${CMAKE_PREFIX_PATH}:/home/notandi/ros2_ws/install/mycobot_moveit_config:/home/notandi/ros2_ws/install/mycobot_bringup:/opt/ros/jazzy /usr/bin/cmake /home/notandi/ros2_ws/src/mycobot_ros2/mycobot_moveit_config -DCMAKE_INSTALL_PREFIX=/home/notandi/ros2_ws/src/install/mycobot_moveit_config
[0.337s] Invoking command in '/home/notandi/ros2_ws/src/build/mycobot_moveit_config': CMAKE_PREFIX_PATH=${CMAKE_PREFIX_PATH}:/home/notandi/ros2_ws/install/mycobot_moveit_config:/home/notandi/ros2_ws/install/mycobot_bringup:/opt/ros/jazzy /usr/bin/cmake --build /home/notandi/ros2_ws/src/build/mycobot_moveit_config -- -j12 -l12
[0.370s] Invoked command in '/home/notandi/ros2_ws/src/build/mycobot_moveit_config' returned '0': CMAKE_PREFIX_PATH=${CMAKE_PREFIX_PATH}:/home/notandi/ros2_ws/install/mycobot_moveit_config:/home/notandi/ros2_ws/install/mycobot_bringup:/opt/ros/jazzy /usr/bin/cmake --build /home/notandi/ros2_ws/src/build/mycobot_moveit_config -- -j12 -l12
[0.371s] Invoking command in '/home/notandi/ros2_ws/src/build/mycobot_moveit_config': CMAKE_PREFIX_PATH=${CMAKE_PREFIX_PATH}:/home/notandi/ros2_ws/install/mycobot_moveit_config:/home/notandi/ros2_ws/install/mycobot_bringup:/opt/ros/jazzy /usr/bin/cmake --install /home/notandi/ros2_ws/src/build/mycobot_moveit_config
[0.380s] -- Install configuration: ""
[0.382s] -- Execute custom install script
[0.382s] -- Up-to-date symlink: /home/notandi/ros2_ws/src/install/mycobot_moveit_config/share/mycobot_moveit_config/config/mycobot_280/ros2_controllers.yaml
[0.382s] -- Up-to-date symlink: /home/notandi/ros2_ws/src/install/mycobot_moveit_config/share/mycobot_moveit_config/config/mycobot_280/ros2_controllers_template.yaml
[0.383s] -- Up-to-date symlink: /home/notandi/ros2_ws/src/install/mycobot_moveit_config/share/mycobot_moveit_config/launch/load_ros2_controllers.launch.py
[0.383s] -- Up-to-date symlink: /home/notandi/ros2_ws/src/install/mycobot_moveit_config/share/ament_index/resource_index/package_run_dependencies/mycobot_moveit_config
[0.383s] -- Up-to-date symlink: /home/notandi/ros2_ws/src/install/mycobot_moveit_config/share/ament_index/resource_index/parent_prefix_path/mycobot_moveit_config
[0.383s] -- Up-to-date symlink: /home/notandi/ros2_ws/src/install/mycobot_moveit_config/share/mycobot_moveit_config/environment/ament_prefix_path.sh
[0.383s] -- Up-to-date symlink: /home/notandi/ros2_ws/src/install/mycobot_moveit_config/share/mycobot_moveit_config/environment/ament_prefix_path.dsv
[0.384s] -- Up-to-date symlink: /home/notandi/ros2_ws/src/install/mycobot_moveit_config/share/mycobot_moveit_config/environment/path.sh
[0.384s] -- Up-to-date symlink: /home/notandi/ros2_ws/src/install/mycobot_moveit_config/share/mycobot_moveit_config/environment/path.dsv
[0.384s] -- Up-to-date symlink: /home/notandi/ros2_ws/src/install/mycobot_moveit_config/share/mycobot_moveit_config/local_setup.bash
[0.384s] -- Up-to-date symlink: /home/notandi/ros2_ws/src/install/mycobot_moveit_config/share/mycobot_moveit_config/local_setup.sh
[0.385s] -- Up-to-date symlink: /home/notandi/ros2_ws/src/install/mycobot_moveit_config/share/mycobot_moveit_config/local_setup.zsh
[0.385s] -- Up-to-date symlink: /home/notandi/ros2_ws/src/install/mycobot_moveit_config/share/mycobot_moveit_config/local_setup.dsv
[0.386s] -- Symlinking: /home/notandi/ros2_ws/src/install/mycobot_moveit_config/share/mycobot_moveit_config/package.dsv
[0.393s] -- Up-to-date symlink: /home/notandi/ros2_ws/src/install/mycobot_moveit_config/share/ament_index/resource_index/packages/mycobot_moveit_config
[0.394s] -- Up-to-date symlink: /home/notandi/ros2_ws/src/install/mycobot_moveit_config/share/mycobot_moveit_config/cmake/mycobot_moveit_configConfig.cmake
[0.394s] -- Up-to-date symlink: /home/notandi/ros2_ws/src/install/mycobot_moveit_config/share/mycobot_moveit_config/cmake/mycobot_moveit_configConfig-version.cmake
[0.394s] -- Up-to-date symlink: /home/notandi/ros2_ws/src/install/mycobot_moveit_config/share/mycobot_moveit_config/package.xml
[0.417s] Invoked command in '/home/notandi/ros2_ws/src/build/mycobot_moveit_config' returned '0': CMAKE_PREFIX_PATH=${CMAKE_PREFIX_PATH}:/home/notandi/ros2_ws/install/mycobot_moveit_config:/home/notandi/ros2_ws/install/mycobot_bringup:/opt/ros/jazzy /usr/bin/cmake --install /home/notandi/ros2_ws/src/build/mycobot_moveit_config
