[0.017s] Invoking command in '/home/notandi/ros2_ws/src/build/mycobot_description': CMAKE_PREFIX_PATH=${CMAKE_PREFIX_PATH}:/home/notandi/ros2_ws/install/mycobot_moveit_config:/home/notandi/ros2_ws/install/mycobot_bringup:/opt/ros/jazzy /usr/bin/cmake /home/notandi/ros2_ws/src/mycobot_ros2/mycobot_description -DCMAKE_INSTALL_PREFIX=/home/notandi/ros2_ws/src/install/mycobot_description
[0.028s] -- Found ament_cmake: 2.5.5 (/opt/ros/jazzy/share/ament_cmake/cmake)
[0.238s] -- Override CMake install command with custom implementation using symlinks instead of copying resources
[0.243s] -- Found urdf_tutorial: 1.1.0 (/opt/ros/jazzy/share/urdf_tutorial/cmake)
[0.244s] -- Found ament_lint_auto: 0.17.4 (/opt/ros/jazzy/share/ament_lint_auto/cmake)
[0.333s] -- Added test 'flake8' to check Python code syntax and style conventions
[0.333s] -- Configured 'flake8' exclude dirs and/or files: 
[0.334s] -- Added test 'lint_cmake' to check CMake code style
[0.335s] -- Added test 'pep257' to check Python code against some of the docstring style conventions in PEP 257
[0.337s] -- Added test 'xmllint' to check XML markup files
[0.338s] -- Configuring done (0.3s)
[0.342s] -- Generating done (0.0s)
[0.344s] -- Build files have been written to: /home/notandi/ros2_ws/src/build/mycobot_description
[0.347s] Invoked command in '/home/notandi/ros2_ws/src/build/mycobot_description' returned '0': CMAKE_PREFIX_PATH=${CMAKE_PREFIX_PATH}:/home/notandi/ros2_ws/install/mycobot_moveit_config:/home/notandi/ros2_ws/install/mycobot_bringup:/opt/ros/jazzy /usr/bin/cmake /home/notandi/ros2_ws/src/mycobot_ros2/mycobot_description -DCMAKE_INSTALL_PREFIX=/home/notandi/ros2_ws/src/install/mycobot_description
[0.348s] Invoking command in '/home/notandi/ros2_ws/src/build/mycobot_description': CMAKE_PREFIX_PATH=${CMAKE_PREFIX_PATH}:/home/notandi/ros2_ws/install/mycobot_moveit_config:/home/notandi/ros2_ws/install/mycobot_bringup:/opt/ros/jazzy /usr/bin/cmake --build /home/notandi/ros2_ws/src/build/mycobot_description -- -j12 -l12
[0.389s] Invoked command in '/home/notandi/ros2_ws/src/build/mycobot_description' returned '0': CMAKE_PREFIX_PATH=${CMAKE_PREFIX_PATH}:/home/notandi/ros2_ws/install/mycobot_moveit_config:/home/notandi/ros2_ws/install/mycobot_bringup:/opt/ros/jazzy /usr/bin/cmake --build /home/notandi/ros2_ws/src/build/mycobot_description -- -j12 -l12
[0.392s] Invoking command in '/home/notandi/ros2_ws/src/build/mycobot_description': CMAKE_PREFIX_PATH=${CMAKE_PREFIX_PATH}:/home/notandi/ros2_ws/install/mycobot_moveit_config:/home/notandi/ros2_ws/install/mycobot_bringup:/opt/ros/jazzy /usr/bin/cmake --install /home/notandi/ros2_ws/src/build/mycobot_description
[0.400s] -- Install configuration: ""
[0.401s] -- Execute custom install script
[0.401s] -- Up-to-date symlink: /home/notandi/ros2_ws/src/install/mycobot_description/share/mycobot_description/launch/robot_state_publisher.launch.py
[0.401s] -- Up-to-date symlink: /home/notandi/ros2_ws/src/install/mycobot_description/share/mycobot_description/meshes/adaptive_gripper/visual/gripper_base.dae
[0.401s] -- Up-to-date symlink: /home/notandi/ros2_ws/src/install/mycobot_description/share/mycobot_description/meshes/adaptive_gripper/visual/gripper_left1.dae
[0.402s] -- Up-to-date symlink: /home/notandi/ros2_ws/src/install/mycobot_description/share/mycobot_description/meshes/adaptive_gripper/visual/gripper_left2.dae
[0.402s] -- Up-to-date symlink: /home/notandi/ros2_ws/src/install/mycobot_description/share/mycobot_description/meshes/adaptive_gripper/visual/gripper_left3.dae
[0.403s] -- Up-to-date symlink: /home/notandi/ros2_ws/src/install/mycobot_description/share/mycobot_description/meshes/adaptive_gripper/visual/gripper_right1.dae
[0.403s] -- Up-to-date symlink: /home/notandi/ros2_ws/src/install/mycobot_description/share/mycobot_description/meshes/adaptive_gripper/visual/gripper_right2.dae
[0.403s] -- Up-to-date symlink: /home/notandi/ros2_ws/src/install/mycobot_description/share/mycobot_description/meshes/adaptive_gripper/visual/gripper_right3.dae
[0.403s] -- Up-to-date symlink: /home/notandi/ros2_ws/src/install/mycobot_description/share/mycobot_description/meshes/d435/visual/d435.stl
[0.404s] -- Up-to-date symlink: /home/notandi/ros2_ws/src/install/mycobot_description/share/mycobot_description/meshes/g_shape_base_v2_0/visual/base_link.dae
[0.404s] -- Up-to-date symlink: /home/notandi/ros2_ws/src/install/mycobot_description/share/mycobot_description/meshes/mycobot_280/visual/link1.dae
[0.404s] -- Up-to-date symlink: /home/notandi/ros2_ws/src/install/mycobot_description/share/mycobot_description/meshes/mycobot_280/visual/link1.png
[0.404s] -- Up-to-date symlink: /home/notandi/ros2_ws/src/install/mycobot_description/share/mycobot_description/meshes/mycobot_280/visual/link2.dae
[0.404s] -- Up-to-date symlink: /home/notandi/ros2_ws/src/install/mycobot_description/share/mycobot_description/meshes/mycobot_280/visual/link2.png
[0.404s] -- Up-to-date symlink: /home/notandi/ros2_ws/src/install/mycobot_description/share/mycobot_description/meshes/mycobot_280/visual/link3.dae
[0.404s] -- Up-to-date symlink: /home/notandi/ros2_ws/src/install/mycobot_description/share/mycobot_description/meshes/mycobot_280/visual/link3.png
[0.404s] -- Up-to-date symlink: /home/notandi/ros2_ws/src/install/mycobot_description/share/mycobot_description/meshes/mycobot_280/visual/link4.dae
[0.405s] -- Up-to-date symlink: /home/notandi/ros2_ws/src/install/mycobot_description/share/mycobot_description/meshes/mycobot_280/visual/link4.png
[0.405s] -- Up-to-date symlink: /home/notandi/ros2_ws/src/install/mycobot_description/share/mycobot_description/meshes/mycobot_280/visual/link5.dae
[0.405s] -- Up-to-date symlink: /home/notandi/ros2_ws/src/install/mycobot_description/share/mycobot_description/meshes/mycobot_280/visual/link5.png
[0.405s] -- Up-to-date symlink: /home/notandi/ros2_ws/src/install/mycobot_description/share/mycobot_description/meshes/mycobot_280/visual/link6.dae
[0.405s] -- Up-to-date symlink: /home/notandi/ros2_ws/src/install/mycobot_description/share/mycobot_description/meshes/mycobot_280/visual/link6.png
[0.405s] -- Up-to-date symlink: /home/notandi/ros2_ws/src/install/mycobot_description/share/mycobot_description/meshes/mycobot_280/visual/link7.dae
[0.406s] -- Up-to-date symlink: /home/notandi/ros2_ws/src/install/mycobot_description/share/mycobot_description/meshes/mycobot_280/visual/link7.png
[0.406s] -- Up-to-date symlink: /home/notandi/ros2_ws/src/install/mycobot_description/share/mycobot_description/meshes/mycobot_280/visual/suit_env.dae
[0.406s] -- Up-to-date symlink: /home/notandi/ros2_ws/src/install/mycobot_description/share/mycobot_description/urdf/control/gazebo_sim_ros2_control.urdf.xacro
[0.406s] -- Up-to-date symlink: /home/notandi/ros2_ws/src/install/mycobot_description/share/mycobot_description/urdf/control/mycobot_280_ros2_control.urdf.xacro
[0.406s] -- Up-to-date symlink: /home/notandi/ros2_ws/src/install/mycobot_description/share/mycobot_description/urdf/mech/adaptive_gripper.urdf.xacro
[0.406s] -- Up-to-date symlink: /home/notandi/ros2_ws/src/install/mycobot_description/share/mycobot_description/urdf/mech/g_shape_base_v2_0.urdf.xacro
[0.406s] -- Up-to-date symlink: /home/notandi/ros2_ws/src/install/mycobot_description/share/mycobot_description/urdf/mech/mycobot_280_arm.urdf.xacro
[0.406s] -- Up-to-date symlink: /home/notandi/ros2_ws/src/install/mycobot_description/share/mycobot_description/urdf/mycobot280_rviz.png
[0.407s] -- Up-to-date symlink: /home/notandi/ros2_ws/src/install/mycobot_description/share/mycobot_description/urdf/robots/mycobot_280.urdf.xacro
[0.407s] -- Up-to-date symlink: /home/notandi/ros2_ws/src/install/mycobot_description/share/mycobot_description/urdf/sensors/intel_rgbd_cam_d435.urdf.xacro
[0.407s] -- Up-to-date symlink: /home/notandi/ros2_ws/src/install/mycobot_description/share/mycobot_description/rviz/mycobot_280_description.rviz
[0.407s] -- Up-to-date symlink: /home/notandi/ros2_ws/src/install/mycobot_description/share/ament_index/resource_index/package_run_dependencies/mycobot_description
[0.407s] -- Up-to-date symlink: /home/notandi/ros2_ws/src/install/mycobot_description/share/ament_index/resource_index/parent_prefix_path/mycobot_description
[0.407s] -- Up-to-date symlink: /home/notandi/ros2_ws/src/install/mycobot_description/share/mycobot_description/environment/ament_prefix_path.sh
[0.407s] -- Up-to-date symlink: /home/notandi/ros2_ws/src/install/mycobot_description/share/mycobot_description/environment/ament_prefix_path.dsv
[0.408s] -- Up-to-date symlink: /home/notandi/ros2_ws/src/install/mycobot_description/share/mycobot_description/environment/path.sh
[0.408s] -- Up-to-date symlink: /home/notandi/ros2_ws/src/install/mycobot_description/share/mycobot_description/environment/path.dsv
[0.408s] -- Up-to-date symlink: /home/notandi/ros2_ws/src/install/mycobot_description/share/mycobot_description/local_setup.bash
[0.408s] -- Up-to-date symlink: /home/notandi/ros2_ws/src/install/mycobot_description/share/mycobot_description/local_setup.sh
[0.408s] -- Up-to-date symlink: /home/notandi/ros2_ws/src/install/mycobot_description/share/mycobot_description/local_setup.zsh
[0.408s] -- Up-to-date symlink: /home/notandi/ros2_ws/src/install/mycobot_description/share/mycobot_description/local_setup.dsv
[0.409s] -- Symlinking: /home/notandi/ros2_ws/src/install/mycobot_description/share/mycobot_description/package.dsv
[0.413s] -- Up-to-date symlink: /home/notandi/ros2_ws/src/install/mycobot_description/share/ament_index/resource_index/packages/mycobot_description
[0.413s] -- Up-to-date symlink: /home/notandi/ros2_ws/src/install/mycobot_description/share/mycobot_description/cmake/mycobot_descriptionConfig.cmake
[0.413s] -- Up-to-date symlink: /home/notandi/ros2_ws/src/install/mycobot_description/share/mycobot_description/cmake/mycobot_descriptionConfig-version.cmake
[0.413s] -- Up-to-date symlink: /home/notandi/ros2_ws/src/install/mycobot_description/share/mycobot_description/package.xml
[0.441s] Invoked command in '/home/notandi/ros2_ws/src/build/mycobot_description' returned '0': CMAKE_PREFIX_PATH=${CMAKE_PREFIX_PATH}:/home/notandi/ros2_ws/install/mycobot_moveit_config:/home/notandi/ros2_ws/install/mycobot_bringup:/opt/ros/jazzy /usr/bin/cmake --install /home/notandi/ros2_ws/src/build/mycobot_description
