[0.091s] Invoking command in '/home/notandi/ros2_ws/build/mycobot_bringup': CMAKE_PREFIX_PATH=${CMAKE_PREFIX_PATH}:/opt/ros/jazzy /usr/bin/cmake --build /home/notandi/ros2_ws/build/mycobot_bringup -- -j12 -l12
[0.430s] Invoked command in '/home/notandi/ros2_ws/build/mycobot_bringup' returned '0': CMAKE_PREFIX_PATH=${CMAKE_PREFIX_PATH}:/opt/ros/jazzy /usr/bin/cmake --build /home/notandi/ros2_ws/build/mycobot_bringup -- -j12 -l12
[0.434s] Invoking command in '/home/notandi/ros2_ws/build/mycobot_bringup': CMAKE_PREFIX_PATH=${CMAKE_PREFIX_PATH}:/opt/ros/jazzy /usr/bin/cmake --install /home/notandi/ros2_ws/build/mycobot_bringup
[0.449s] -- Install configuration: ""
[0.450s] -- Execute custom install script
[0.455s] -- Up-to-date symlink: /home/notandi/ros2_ws/install/mycobot_bringup/share/mycobot_bringup/scripts/mycobot_280_gazebo.sh
[0.456s] -- Up-to-date symlink: /home/notandi/ros2_ws/install/mycobot_bringup/share/ament_index/resource_index/package_run_dependencies/mycobot_bringup
[0.456s] -- Up-to-date symlink: /home/notandi/ros2_ws/install/mycobot_bringup/share/ament_index/resource_index/parent_prefix_path/mycobot_bringup
[0.457s] -- Up-to-date symlink: /home/notandi/ros2_ws/install/mycobot_bringup/share/mycobot_bringup/environment/ament_prefix_path.sh
[0.458s] -- Up-to-date symlink: /home/notandi/ros2_ws/install/mycobot_bringup/share/mycobot_bringup/environment/ament_prefix_path.dsv
[0.461s] -- Up-to-date symlink: /home/notandi/ros2_ws/install/mycobot_bringup/share/mycobot_bringup/environment/path.sh
[0.462s] -- Up-to-date symlink: /home/notandi/ros2_ws/install/mycobot_bringup/share/mycobot_bringup/environment/path.dsv
[0.463s] -- Up-to-date symlink: /home/notandi/ros2_ws/install/mycobot_bringup/share/mycobot_bringup/local_setup.bash
[0.463s] -- Up-to-date symlink: /home/notandi/ros2_ws/install/mycobot_bringup/share/mycobot_bringup/local_setup.sh
[0.464s] -- Up-to-date symlink: /home/notandi/ros2_ws/install/mycobot_bringup/share/mycobot_bringup/local_setup.zsh
[0.464s] -- Up-to-date symlink: /home/notandi/ros2_ws/install/mycobot_bringup/share/mycobot_bringup/local_setup.dsv
[0.464s] -- Symlinking: /home/notandi/ros2_ws/install/mycobot_bringup/share/mycobot_bringup/package.dsv
[0.481s] -- Up-to-date symlink: /home/notandi/ros2_ws/install/mycobot_bringup/share/ament_index/resource_index/packages/mycobot_bringup
[0.482s] -- Up-to-date symlink: /home/notandi/ros2_ws/install/mycobot_bringup/share/mycobot_bringup/cmake/mycobot_bringupConfig.cmake
[0.483s] -- Up-to-date symlink: /home/notandi/ros2_ws/install/mycobot_bringup/share/mycobot_bringup/cmake/mycobot_bringupConfig-version.cmake
[0.483s] -- Up-to-date symlink: /home/notandi/ros2_ws/install/mycobot_bringup/share/mycobot_bringup/package.xml
[0.487s] Invoked command in '/home/notandi/ros2_ws/build/mycobot_bringup' returned '0': CMAKE_PREFIX_PATH=${CMAKE_PREFIX_PATH}:/opt/ros/jazzy /usr/bin/cmake --install /home/notandi/ros2_ws/build/mycobot_bringup
