[0.039s] Invoking command in '/home/notandi/ros2_ws/build/mycobot_bringup': CMAKE_PREFIX_PATH=${CMAKE_PREFIX_PATH}:/opt/ros/jazzy /usr/bin/cmake /home/notandi/ros2_ws/src/mycobot_ros2/mycobot_bringup -DCMAKE_INSTALL_PREFIX=/home/notandi/ros2_ws/install/mycobot_bringup
[0.560s] -- The C compiler identification is GNU 13.3.0
[1.913s] -- The CXX compiler identification is GNU 13.3.0
[3.376s] -- Detecting C compiler ABI info
[3.870s] -- Detecting C compiler ABI info - done
[3.893s] -- Check for working C compiler: /usr/bin/cc - skipped
[3.893s] -- Detecting C compile features
[3.894s] -- Detecting C compile features - done
[4.060s] -- Detecting CXX compiler ABI info
[4.587s] -- Detecting CXX compiler ABI info - done
[4.613s] -- Check for working CXX compiler: /usr/bin/c++ - skipped
[4.614s] -- Detecting CXX compile features
[4.615s] -- Detecting CXX compile features - done
[4.647s] -- Found ament_cmake: 2.5.5 (/opt/ros/jazzy/share/ament_cmake/cmake)
[5.022s] -- Found Python3: /usr/bin/python3 (found version "3.12.3") found components: Interpreter 
[5.355s] -- Found ament_lint_auto: 0.17.4 (/opt/ros/jazzy/share/ament_lint_auto/cmake)
[5.680s] -- Added test 'lint_cmake' to check CMake code style
[5.685s] -- Added test 'xmllint' to check XML markup files
[5.692s] -- Configuring done (5.5s)
[5.716s] -- Generating done (0.0s)
[5.723s] -- Build files have been written to: /home/notandi/ros2_ws/build/mycobot_bringup
[5.775s] Invoked command in '/home/notandi/ros2_ws/build/mycobot_bringup' returned '0': CMAKE_PREFIX_PATH=${CMAKE_PREFIX_PATH}:/opt/ros/jazzy /usr/bin/cmake /home/notandi/ros2_ws/src/mycobot_ros2/mycobot_bringup -DCMAKE_INSTALL_PREFIX=/home/notandi/ros2_ws/install/mycobot_bringup
[5.779s] Invoking command in '/home/notandi/ros2_ws/build/mycobot_bringup': CMAKE_PREFIX_PATH=${CMAKE_PREFIX_PATH}:/opt/ros/jazzy /usr/bin/cmake --build /home/notandi/ros2_ws/build/mycobot_bringup -- -j12 -l12
[5.928s] Invoked command in '/home/notandi/ros2_ws/build/mycobot_bringup' returned '0': CMAKE_PREFIX_PATH=${CMAKE_PREFIX_PATH}:/opt/ros/jazzy /usr/bin/cmake --build /home/notandi/ros2_ws/build/mycobot_bringup -- -j12 -l12
[5.934s] Invoking command in '/home/notandi/ros2_ws/build/mycobot_bringup': CMAKE_PREFIX_PATH=${CMAKE_PREFIX_PATH}:/opt/ros/jazzy /usr/bin/cmake --install /home/notandi/ros2_ws/build/mycobot_bringup
[5.957s] -- Install configuration: ""
[5.961s] -- Installing: /home/notandi/ros2_ws/install/mycobot_bringup/share/ament_index/resource_index/package_run_dependencies/mycobot_bringup
[5.965s] -- Installing: /home/notandi/ros2_ws/install/mycobot_bringup/share/ament_index/resource_index/parent_prefix_path/mycobot_bringup
[5.965s] -- Installing: /home/notandi/ros2_ws/install/mycobot_bringup/share/mycobot_bringup/environment/ament_prefix_path.sh
[5.970s] -- Installing: /home/notandi/ros2_ws/install/mycobot_bringup/share/mycobot_bringup/environment/ament_prefix_path.dsv
[5.973s] -- Installing: /home/notandi/ros2_ws/install/mycobot_bringup/share/mycobot_bringup/environment/path.sh
[5.973s] -- Installing: /home/notandi/ros2_ws/install/mycobot_bringup/share/mycobot_bringup/environment/path.dsv
[5.974s] -- Installing: /home/notandi/ros2_ws/install/mycobot_bringup/share/mycobot_bringup/local_setup.bash
[5.974s] -- Installing: /home/notandi/ros2_ws/install/mycobot_bringup/share/mycobot_bringup/local_setup.sh
[5.976s] -- Installing: /home/notandi/ros2_ws/install/mycobot_bringup/share/mycobot_bringup/local_setup.zsh
[5.978s] -- Installing: /home/notandi/ros2_ws/install/mycobot_bringup/share/mycobot_bringup/local_setup.dsv
[5.979s] -- Installing: /home/notandi/ros2_ws/install/mycobot_bringup/share/mycobot_bringup/package.dsv
[5.979s] -- Installing: /home/notandi/ros2_ws/install/mycobot_bringup/share/ament_index/resource_index/packages/mycobot_bringup
[5.980s] -- Installing: /home/notandi/ros2_ws/install/mycobot_bringup/share/mycobot_bringup/cmake/mycobot_bringupConfig.cmake
[5.980s] -- Installing: /home/notandi/ros2_ws/install/mycobot_bringup/share/mycobot_bringup/cmake/mycobot_bringupConfig-version.cmake
[5.981s] -- Installing: /home/notandi/ros2_ws/install/mycobot_bringup/share/mycobot_bringup/package.xml
[6.097s] Invoked command in '/home/notandi/ros2_ws/build/mycobot_bringup' returned '0': CMAKE_PREFIX_PATH=${CMAKE_PREFIX_PATH}:/opt/ros/jazzy /usr/bin/cmake --install /home/notandi/ros2_ws/build/mycobot_bringup
