[0.019s] Invoking command in '/home/notandi/ros2_ws/src/mycobot_ros2/build/mycobot_bringup': CMAKE_PREFIX_PATH=${CMAKE_PREFIX_PATH}:/opt/ros/jazzy /usr/bin/cmake /home/notandi/ros2_ws/src/mycobot_ros2/mycobot_bringup -DCMAKE_INSTALL_PREFIX=/home/notandi/ros2_ws/src/mycobot_ros2/install/mycobot_bringup
[0.280s] -- The C compiler identification is GNU 13.3.0
[0.883s] -- The CXX compiler identification is GNU 13.3.0
[1.396s] -- Detecting C compiler ABI info
[1.583s] -- Detecting C compiler ABI info - done
[1.591s] -- Check for working C compiler: /usr/bin/cc - skipped
[1.591s] -- Detecting C compile features
[1.591s] -- Detecting C compile features - done
[1.698s] -- Detecting CXX compiler ABI info
[1.956s] -- Detecting CXX compiler ABI info - done
[1.962s] -- Check for working CXX compiler: /usr/bin/c++ - skipped
[1.962s] -- Detecting CXX compile features
[1.963s] -- Detecting CXX compile features - done
[1.966s] -- Found ament_cmake: 2.5.5 (/opt/ros/jazzy/share/ament_cmake/cmake)
[2.094s] -- Found Python3: /usr/bin/python3 (found version "3.12.3") found components: Interpreter 
[2.200s] -- Found ament_lint_auto: 0.17.4 (/opt/ros/jazzy/share/ament_lint_auto/cmake)
[2.293s] -- Added test 'lint_cmake' to check CMake code style
[2.294s] -- Added test 'xmllint' to check XML markup files
[2.296s] -- Configuring done (2.3s)
[2.299s] -- Generating done (0.0s)
[2.301s] -- Build files have been written to: /home/notandi/ros2_ws/src/mycobot_ros2/build/mycobot_bringup
[2.306s] Invoked command in '/home/notandi/ros2_ws/src/mycobot_ros2/build/mycobot_bringup' returned '0': CMAKE_PREFIX_PATH=${CMAKE_PREFIX_PATH}:/opt/ros/jazzy /usr/bin/cmake /home/notandi/ros2_ws/src/mycobot_ros2/mycobot_bringup -DCMAKE_INSTALL_PREFIX=/home/notandi/ros2_ws/src/mycobot_ros2/install/mycobot_bringup
[2.307s] Invoking command in '/home/notandi/ros2_ws/src/mycobot_ros2/build/mycobot_bringup': CMAKE_PREFIX_PATH=${CMAKE_PREFIX_PATH}:/opt/ros/jazzy /usr/bin/cmake --build /home/notandi/ros2_ws/src/mycobot_ros2/build/mycobot_bringup -- -j12 -l12
[2.342s] Invoked command in '/home/notandi/ros2_ws/src/mycobot_ros2/build/mycobot_bringup' returned '0': CMAKE_PREFIX_PATH=${CMAKE_PREFIX_PATH}:/opt/ros/jazzy /usr/bin/cmake --build /home/notandi/ros2_ws/src/mycobot_ros2/build/mycobot_bringup -- -j12 -l12
[2.343s] Invoking command in '/home/notandi/ros2_ws/src/mycobot_ros2/build/mycobot_bringup': CMAKE_PREFIX_PATH=${CMAKE_PREFIX_PATH}:/opt/ros/jazzy /usr/bin/cmake --install /home/notandi/ros2_ws/src/mycobot_ros2/build/mycobot_bringup
[2.349s] -- Install configuration: ""
[2.349s] -- Installing: /home/notandi/ros2_ws/src/mycobot_ros2/install/mycobot_bringup/share/mycobot_bringup/scripts
[2.349s] -- Installing: /home/notandi/ros2_ws/src/mycobot_ros2/install/mycobot_bringup/share/mycobot_bringup/scripts/mycobot_280_gazebo.sh
[2.350s] -- Installing: /home/notandi/ros2_ws/src/mycobot_ros2/install/mycobot_bringup/share/ament_index/resource_index/package_run_dependencies/mycobot_bringup
[2.350s] -- Installing: /home/notandi/ros2_ws/src/mycobot_ros2/install/mycobot_bringup/share/ament_index/resource_index/parent_prefix_path/mycobot_bringup
[2.350s] -- Installing: /home/notandi/ros2_ws/src/mycobot_ros2/install/mycobot_bringup/share/mycobot_bringup/environment/ament_prefix_path.sh
[2.351s] -- Installing: /home/notandi/ros2_ws/src/mycobot_ros2/install/mycobot_bringup/share/mycobot_bringup/environment/ament_prefix_path.dsv
[2.351s] -- Installing: /home/notandi/ros2_ws/src/mycobot_ros2/install/mycobot_bringup/share/mycobot_bringup/environment/path.sh
[2.351s] -- Installing: /home/notandi/ros2_ws/src/mycobot_ros2/install/mycobot_bringup/share/mycobot_bringup/environment/path.dsv
[2.351s] -- Installing: /home/notandi/ros2_ws/src/mycobot_ros2/install/mycobot_bringup/share/mycobot_bringup/local_setup.bash
[2.352s] -- Installing: /home/notandi/ros2_ws/src/mycobot_ros2/install/mycobot_bringup/share/mycobot_bringup/local_setup.sh
[2.352s] -- Installing: /home/notandi/ros2_ws/src/mycobot_ros2/install/mycobot_bringup/share/mycobot_bringup/local_setup.zsh
[2.352s] -- Installing: /home/notandi/ros2_ws/src/mycobot_ros2/install/mycobot_bringup/share/mycobot_bringup/local_setup.dsv
[2.352s] -- Installing: /home/notandi/ros2_ws/src/mycobot_ros2/install/mycobot_bringup/share/mycobot_bringup/package.dsv
[2.352s] -- Installing: /home/notandi/ros2_ws/src/mycobot_ros2/install/mycobot_bringup/share/ament_index/resource_index/packages/mycobot_bringup
[2.352s] -- Installing: /home/notandi/ros2_ws/src/mycobot_ros2/install/mycobot_bringup/share/mycobot_bringup/cmake/mycobot_bringupConfig.cmake
[2.352s] -- Installing: /home/notandi/ros2_ws/src/mycobot_ros2/install/mycobot_bringup/share/mycobot_bringup/cmake/mycobot_bringupConfig-version.cmake
[2.352s] -- Installing: /home/notandi/ros2_ws/src/mycobot_ros2/install/mycobot_bringup/share/mycobot_bringup/package.xml
[2.353s] Invoked command in '/home/notandi/ros2_ws/src/mycobot_ros2/build/mycobot_bringup' returned '0': CMAKE_PREFIX_PATH=${CMAKE_PREFIX_PATH}:/opt/ros/jazzy /usr/bin/cmake --install /home/notandi/ros2_ws/src/mycobot_ros2/build/mycobot_bringup
