[1.273s] Invoking command in '/home/notandi/ros2_ws/build/mycobot_ros2': CMAKE_PREFIX_PATH=/home/notandi/ros2_ws/install/mycobot_system_tests:/home/notandi/ros2_ws/install/mycobot_moveit_config:/home/notandi/ros2_ws/install/mycobot_gazebo:/home/notandi/ros2_ws/install/mycobot_description:/home/notandi/ros2_ws/install/mycobot_bringup:/home/notandi/ros2_ws/install/mycobot_ros2:/opt/ros/jazzy/opt/gz_sim_vendor:/opt/ros/jazzy/opt/gz_sensors_vendor:/opt/ros/jazzy/opt/gz_physics_vendor:/opt/ros/jazzy/opt/sdformat_vendor:/opt/ros/jazzy/opt/gz_gui_vendor:/opt/ros/jazzy/opt/gz_transport_vendor:/opt/ros/jazzy/opt/gz_rendering_vendor:/opt/ros/jazzy/opt/gz_plugin_vendor:/opt/ros/jazzy/opt/gz_fuel_tools_vendor:/opt/ros/jazzy/opt/gz_msgs_vendor:/opt/ros/jazzy/opt/gz_common_vendor:/opt/ros/jazzy/opt/gz_math_vendor:/opt/ros/jazzy/opt/gz_utils_vendor:/opt/ros/jazzy/opt/gz_tools_vendor:/opt/ros/jazzy/opt/gz_ogre_next_vendor:/opt/ros/jazzy/opt/gz_dartsim_vendor:/opt/ros/jazzy/opt/gz_cmake_vendor:/opt/ros/jazzy /usr/bin/cmake --build /home/notandi/ros2_ws/build/mycobot_ros2 -- -j12 -l12
[1.411s] Invoked command in '/home/notandi/ros2_ws/build/mycobot_ros2' returned '0': CMAKE_PREFIX_PATH=/home/notandi/ros2_ws/install/mycobot_system_tests:/home/notandi/ros2_ws/install/mycobot_moveit_config:/home/notandi/ros2_ws/install/mycobot_gazebo:/home/notandi/ros2_ws/install/mycobot_description:/home/notandi/ros2_ws/install/mycobot_bringup:/home/notandi/ros2_ws/install/mycobot_ros2:/opt/ros/jazzy/opt/gz_sim_vendor:/opt/ros/jazzy/opt/gz_sensors_vendor:/opt/ros/jazzy/opt/gz_physics_vendor:/opt/ros/jazzy/opt/sdformat_vendor:/opt/ros/jazzy/opt/gz_gui_vendor:/opt/ros/jazzy/opt/gz_transport_vendor:/opt/ros/jazzy/opt/gz_rendering_vendor:/opt/ros/jazzy/opt/gz_plugin_vendor:/opt/ros/jazzy/opt/gz_fuel_tools_vendor:/opt/ros/jazzy/opt/gz_msgs_vendor:/opt/ros/jazzy/opt/gz_common_vendor:/opt/ros/jazzy/opt/gz_math_vendor:/opt/ros/jazzy/opt/gz_utils_vendor:/opt/ros/jazzy/opt/gz_tools_vendor:/opt/ros/jazzy/opt/gz_ogre_next_vendor:/opt/ros/jazzy/opt/gz_dartsim_vendor:/opt/ros/jazzy/opt/gz_cmake_vendor:/opt/ros/jazzy /usr/bin/cmake --build /home/notandi/ros2_ws/build/mycobot_ros2 -- -j12 -l12
[1.413s] Invoking command in '/home/notandi/ros2_ws/build/mycobot_ros2': CMAKE_PREFIX_PATH=/home/notandi/ros2_ws/install/mycobot_system_tests:/home/notandi/ros2_ws/install/mycobot_moveit_config:/home/notandi/ros2_ws/install/mycobot_gazebo:/home/notandi/ros2_ws/install/mycobot_description:/home/notandi/ros2_ws/install/mycobot_bringup:/home/notandi/ros2_ws/install/mycobot_ros2:/opt/ros/jazzy/opt/gz_sim_vendor:/opt/ros/jazzy/opt/gz_sensors_vendor:/opt/ros/jazzy/opt/gz_physics_vendor:/opt/ros/jazzy/opt/sdformat_vendor:/opt/ros/jazzy/opt/gz_gui_vendor:/opt/ros/jazzy/opt/gz_transport_vendor:/opt/ros/jazzy/opt/gz_rendering_vendor:/opt/ros/jazzy/opt/gz_plugin_vendor:/opt/ros/jazzy/opt/gz_fuel_tools_vendor:/opt/ros/jazzy/opt/gz_msgs_vendor:/opt/ros/jazzy/opt/gz_common_vendor:/opt/ros/jazzy/opt/gz_math_vendor:/opt/ros/jazzy/opt/gz_utils_vendor:/opt/ros/jazzy/opt/gz_tools_vendor:/opt/ros/jazzy/opt/gz_ogre_next_vendor:/opt/ros/jazzy/opt/gz_dartsim_vendor:/opt/ros/jazzy/opt/gz_cmake_vendor:/opt/ros/jazzy /usr/bin/cmake --install /home/notandi/ros2_ws/build/mycobot_ros2
[1.440s] -- Install configuration: ""
[1.442s] -- Execute custom install script
[1.443s] -- Up-to-date symlink: /home/notandi/ros2_ws/install/mycobot_ros2/share/ament_index/resource_index/package_run_dependencies/mycobot_ros2
[1.443s] -- Up-to-date symlink: /home/notandi/ros2_ws/install/mycobot_ros2/share/ament_index/resource_index/parent_prefix_path/mycobot_ros2
[1.448s] -- Up-to-date symlink: /home/notandi/ros2_ws/install/mycobot_ros2/share/mycobot_ros2/environment/ament_prefix_path.sh
[1.449s] -- Up-to-date symlink: /home/notandi/ros2_ws/install/mycobot_ros2/share/mycobot_ros2/environment/ament_prefix_path.dsv
[1.450s] -- Up-to-date symlink: /home/notandi/ros2_ws/install/mycobot_ros2/share/mycobot_ros2/environment/path.sh
[1.450s] -- Up-to-date symlink: /home/notandi/ros2_ws/install/mycobot_ros2/share/mycobot_ros2/environment/path.dsv
[1.451s] -- Up-to-date symlink: /home/notandi/ros2_ws/install/mycobot_ros2/share/mycobot_ros2/local_setup.bash
[1.451s] -- Up-to-date symlink: /home/notandi/ros2_ws/install/mycobot_ros2/share/mycobot_ros2/local_setup.sh
[1.451s] -- Up-to-date symlink: /home/notandi/ros2_ws/install/mycobot_ros2/share/mycobot_ros2/local_setup.zsh
[1.451s] -- Up-to-date symlink: /home/notandi/ros2_ws/install/mycobot_ros2/share/mycobot_ros2/local_setup.dsv
[1.451s] -- Symlinking: /home/notandi/ros2_ws/install/mycobot_ros2/share/mycobot_ros2/package.dsv
[1.480s] -- Up-to-date symlink: /home/notandi/ros2_ws/install/mycobot_ros2/share/ament_index/resource_index/packages/mycobot_ros2
[1.482s] -- Up-to-date symlink: /home/notandi/ros2_ws/install/mycobot_ros2/share/mycobot_ros2/cmake/mycobot_ros2Config.cmake
[1.484s] -- Up-to-date symlink: /home/notandi/ros2_ws/install/mycobot_ros2/share/mycobot_ros2/cmake/mycobot_ros2Config-version.cmake
[1.484s] -- Up-to-date symlink: /home/notandi/ros2_ws/install/mycobot_ros2/share/mycobot_ros2/package.xml
[1.497s] Invoked command in '/home/notandi/ros2_ws/build/mycobot_ros2' returned '0': CMAKE_PREFIX_PATH=/home/notandi/ros2_ws/install/mycobot_system_tests:/home/notandi/ros2_ws/install/mycobot_moveit_config:/home/notandi/ros2_ws/install/mycobot_gazebo:/home/notandi/ros2_ws/install/mycobot_description:/home/notandi/ros2_ws/install/mycobot_bringup:/home/notandi/ros2_ws/install/mycobot_ros2:/opt/ros/jazzy/opt/gz_sim_vendor:/opt/ros/jazzy/opt/gz_sensors_vendor:/opt/ros/jazzy/opt/gz_physics_vendor:/opt/ros/jazzy/opt/sdformat_vendor:/opt/ros/jazzy/opt/gz_gui_vendor:/opt/ros/jazzy/opt/gz_transport_vendor:/opt/ros/jazzy/opt/gz_rendering_vendor:/opt/ros/jazzy/opt/gz_plugin_vendor:/opt/ros/jazzy/opt/gz_fuel_tools_vendor:/opt/ros/jazzy/opt/gz_msgs_vendor:/opt/ros/jazzy/opt/gz_common_vendor:/opt/ros/jazzy/opt/gz_math_vendor:/opt/ros/jazzy/opt/gz_utils_vendor:/opt/ros/jazzy/opt/gz_tools_vendor:/opt/ros/jazzy/opt/gz_ogre_next_vendor:/opt/ros/jazzy/opt/gz_dartsim_vendor:/opt/ros/jazzy/opt/gz_cmake_vendor:/opt/ros/jazzy /usr/bin/cmake --install /home/notandi/ros2_ws/build/mycobot_ros2
