-- Found ament_cmake: 2.5.5 (/opt/ros/jazzy/share/ament_cmake/cmake)
-- Override CMake install command with custom implementation using symlinks instead of copying resources
-- Found ament_lint_auto: 0.17.4 (/opt/ros/jazzy/share/ament_lint_auto/cmake)
-- Added test 'flake8' to check Python code syntax and style conventions
-- Configured 'flake8' exclude dirs and/or files: 
-- Added test 'lint_cmake' to check CMake code style
-- Added test 'pep257' to check Python code against some of the docstring style conventions in PEP 257
-- Added test 'xmllint' to check XML markup files
-- Configuring done (0.3s)
-- Generating done (0.0s)
-- Build files have been written to: /home/notandi/ros2_ws/src/build/mycobot_moveit_config
-- Install configuration: ""
-- Execute custom install script
-- Symlinking: /home/notandi/ros2_ws/src/install/mycobot_moveit_config/share/mycobot_moveit_config/config/mycobot_280/ros2_controllers.yaml
-- Symlinking: /home/notandi/ros2_ws/src/install/mycobot_moveit_config/share/mycobot_moveit_config/config/mycobot_280/ros2_controllers_template.yaml
-- Symlinking: /home/notandi/ros2_ws/src/install/mycobot_moveit_config/share/mycobot_moveit_config/launch/load_ros2_controllers.launch.py
-- Symlinking: /home/notandi/ros2_ws/src/install/mycobot_moveit_config/share/ament_index/resource_index/package_run_dependencies/mycobot_moveit_config
-- Symlinking: /home/notandi/ros2_ws/src/install/mycobot_moveit_config/share/ament_index/resource_index/parent_prefix_path/mycobot_moveit_config
-- Symlinking: /home/notandi/ros2_ws/src/install/mycobot_moveit_config/share/mycobot_moveit_config/environment/ament_prefix_path.sh
-- Symlinking: /home/notandi/ros2_ws/src/install/mycobot_moveit_config/share/mycobot_moveit_config/environment/ament_prefix_path.dsv
-- Symlinking: /home/notandi/ros2_ws/src/install/mycobot_moveit_config/share/mycobot_moveit_config/environment/path.sh
-- Symlinking: /home/notandi/ros2_ws/src/install/mycobot_moveit_config/share/mycobot_moveit_config/environment/path.dsv
-- Symlinking: /home/notandi/ros2_ws/src/install/mycobot_moveit_config/share/mycobot_moveit_config/local_setup.bash
-- Symlinking: /home/notandi/ros2_ws/src/install/mycobot_moveit_config/share/mycobot_moveit_config/local_setup.sh
-- Symlinking: /home/notandi/ros2_ws/src/install/mycobot_moveit_config/share/mycobot_moveit_config/local_setup.zsh
-- Symlinking: /home/notandi/ros2_ws/src/install/mycobot_moveit_config/share/mycobot_moveit_config/local_setup.dsv
-- Symlinking: /home/notandi/ros2_ws/src/install/mycobot_moveit_config/share/mycobot_moveit_config/package.dsv
-- Symlinking: /home/notandi/ros2_ws/src/install/mycobot_moveit_config/share/ament_index/resource_index/packages/mycobot_moveit_config
-- Symlinking: /home/notandi/ros2_ws/src/install/mycobot_moveit_config/share/mycobot_moveit_config/cmake/mycobot_moveit_configConfig.cmake
-- Symlinking: /home/notandi/ros2_ws/src/install/mycobot_moveit_config/share/mycobot_moveit_config/cmake/mycobot_moveit_configConfig-version.cmake
-- Symlinking: /home/notandi/ros2_ws/src/install/mycobot_moveit_config/share/mycobot_moveit_config/package.xml
