[0.035s] Invoking command in '/home/notandi/ros2_ws/src/build/mycobot_description': CMAKE_PREFIX_PATH=${CMAKE_PREFIX_PATH}:/opt/ros/jazzy /usr/bin/cmake /home/notandi/ros2_ws/src/mycobot_ros2/mycobot_description -DCMAKE_INSTALL_PREFIX=/home/notandi/ros2_ws/src/install/mycobot_description
[0.316s] -- The C compiler identification is GNU 13.3.0
[0.746s] -- The CXX compiler identification is GNU 13.3.0
[1.117s] -- Detecting C compiler ABI info
[1.340s] -- Detecting C compiler ABI info - done
[1.351s] -- Check for working C compiler: /usr/bin/cc - skipped
[1.351s] -- Detecting C compile features
[1.351s] -- Detecting C compile features - done
[1.432s] -- Detecting CXX compiler ABI info
[1.762s] -- Detecting CXX compiler ABI info - done
[1.770s] -- Check for working CXX compiler: /usr/bin/c++ - skipped
[1.770s] -- Detecting CXX compile features
[1.771s] -- Detecting CXX compile features - done
[1.782s] -- Found ament_cmake: 2.5.5 (/opt/ros/jazzy/share/ament_cmake/cmake)
[1.934s] -- Found Python3: /usr/bin/python3 (found version "3.12.3") found components: Interpreter 
[2.091s] -- Found urdf_tutorial: 1.1.0 (/opt/ros/jazzy/share/urdf_tutorial/cmake)
[2.093s] -- Found ament_lint_auto: 0.17.4 (/opt/ros/jazzy/share/ament_lint_auto/cmake)
[2.231s] -- Added test 'flake8' to check Python code syntax and style conventions
[2.231s] -- Configured 'flake8' exclude dirs and/or files: 
[2.233s] -- Added test 'lint_cmake' to check CMake code style
[2.234s] -- Added test 'pep257' to check Python code against some of the docstring style conventions in PEP 257
[2.239s] -- Added test 'xmllint' to check XML markup files
[2.243s] -- Configuring done (2.1s)
[2.254s] -- Generating done (0.0s)
[2.258s] -- Build files have been written to: /home/notandi/ros2_ws/src/build/mycobot_description
[2.262s] Invoked command in '/home/notandi/ros2_ws/src/build/mycobot_description' returned '0': CMAKE_PREFIX_PATH=${CMAKE_PREFIX_PATH}:/opt/ros/jazzy /usr/bin/cmake /home/notandi/ros2_ws/src/mycobot_ros2/mycobot_description -DCMAKE_INSTALL_PREFIX=/home/notandi/ros2_ws/src/install/mycobot_description
[2.263s] Invoking command in '/home/notandi/ros2_ws/src/build/mycobot_description': CMAKE_PREFIX_PATH=${CMAKE_PREFIX_PATH}:/opt/ros/jazzy /usr/bin/cmake --build /home/notandi/ros2_ws/src/build/mycobot_description -- -j12 -l12
[2.320s] Invoked command in '/home/notandi/ros2_ws/src/build/mycobot_description' returned '0': CMAKE_PREFIX_PATH=${CMAKE_PREFIX_PATH}:/opt/ros/jazzy /usr/bin/cmake --build /home/notandi/ros2_ws/src/build/mycobot_description -- -j12 -l12
[2.321s] Invoking command in '/home/notandi/ros2_ws/src/build/mycobot_description': CMAKE_PREFIX_PATH=${CMAKE_PREFIX_PATH}:/opt/ros/jazzy /usr/bin/cmake --install /home/notandi/ros2_ws/src/build/mycobot_description
[2.330s] -- Install configuration: ""
[2.331s] -- Installing: /home/notandi/ros2_ws/src/install/mycobot_description/share/mycobot_description/launch
[2.332s] -- Installing: /home/notandi/ros2_ws/src/install/mycobot_description/share/mycobot_description/launch/robot_state_publisher.launch.py
[2.332s] -- Installing: /home/notandi/ros2_ws/src/install/mycobot_description/share/mycobot_description/meshes
[2.333s] -- Installing: /home/notandi/ros2_ws/src/install/mycobot_description/share/mycobot_description/meshes/mycobot_280
[2.335s] -- Installing: /home/notandi/ros2_ws/src/install/mycobot_description/share/mycobot_description/meshes/mycobot_280/visual
[2.335s] -- Installing: /home/notandi/ros2_ws/src/install/mycobot_description/share/mycobot_description/meshes/mycobot_280/visual/link6.png
[2.336s] -- Installing: /home/notandi/ros2_ws/src/install/mycobot_description/share/mycobot_description/meshes/mycobot_280/visual/link3.png
[2.337s] -- Installing: /home/notandi/ros2_ws/src/install/mycobot_description/share/mycobot_description/meshes/mycobot_280/visual/link7.dae
[2.341s] -- Installing: /home/notandi/ros2_ws/src/install/mycobot_description/share/mycobot_description/meshes/mycobot_280/visual/link6.dae
[2.346s] -- Installing: /home/notandi/ros2_ws/src/install/mycobot_description/share/mycobot_description/meshes/mycobot_280/visual/link4.dae
[2.350s] -- Installing: /home/notandi/ros2_ws/src/install/mycobot_description/share/mycobot_description/meshes/mycobot_280/visual/link5.png
[2.350s] -- Installing: /home/notandi/ros2_ws/src/install/mycobot_description/share/mycobot_description/meshes/mycobot_280/visual/link2.dae
[2.356s] -- Installing: /home/notandi/ros2_ws/src/install/mycobot_description/share/mycobot_description/meshes/mycobot_280/visual/link1.dae
[2.378s] -- Installing: /home/notandi/ros2_ws/src/install/mycobot_description/share/mycobot_description/meshes/mycobot_280/visual/suit_env.dae
[2.401s] -- Installing: /home/notandi/ros2_ws/src/install/mycobot_description/share/mycobot_description/meshes/mycobot_280/visual/link5.dae
[2.410s] -- Installing: /home/notandi/ros2_ws/src/install/mycobot_description/share/mycobot_description/meshes/mycobot_280/visual/link4.png
[2.411s] -- Installing: /home/notandi/ros2_ws/src/install/mycobot_description/share/mycobot_description/meshes/mycobot_280/visual/link7.png
[2.412s] -- Installing: /home/notandi/ros2_ws/src/install/mycobot_description/share/mycobot_description/meshes/mycobot_280/visual/link2.png
[2.413s] -- Installing: /home/notandi/ros2_ws/src/install/mycobot_description/share/mycobot_description/meshes/mycobot_280/visual/link1.png
[2.414s] -- Installing: /home/notandi/ros2_ws/src/install/mycobot_description/share/mycobot_description/meshes/mycobot_280/visual/link3.dae
[2.424s] -- Installing: /home/notandi/ros2_ws/src/install/mycobot_description/share/mycobot_description/meshes/g_shape_base_v2_0
[2.425s] -- Installing: /home/notandi/ros2_ws/src/install/mycobot_description/share/mycobot_description/meshes/g_shape_base_v2_0/visual
[2.425s] -- Installing: /home/notandi/ros2_ws/src/install/mycobot_description/share/mycobot_description/meshes/g_shape_base_v2_0/visual/base_link.dae
[2.443s] -- Installing: /home/notandi/ros2_ws/src/install/mycobot_description/share/mycobot_description/meshes/adaptive_gripper
[2.443s] -- Installing: /home/notandi/ros2_ws/src/install/mycobot_description/share/mycobot_description/meshes/adaptive_gripper/visual
[2.444s] -- Installing: /home/notandi/ros2_ws/src/install/mycobot_description/share/mycobot_description/meshes/adaptive_gripper/visual/gripper_right3.dae
[2.446s] -- Installing: /home/notandi/ros2_ws/src/install/mycobot_description/share/mycobot_description/meshes/adaptive_gripper/visual/gripper_left1.dae
[2.449s] -- Installing: /home/notandi/ros2_ws/src/install/mycobot_description/share/mycobot_description/meshes/adaptive_gripper/visual/gripper_base.dae
[2.456s] -- Installing: /home/notandi/ros2_ws/src/install/mycobot_description/share/mycobot_description/meshes/adaptive_gripper/visual/gripper_left2.dae
[2.459s] -- Installing: /home/notandi/ros2_ws/src/install/mycobot_description/share/mycobot_description/meshes/adaptive_gripper/visual/gripper_right2.dae
[2.462s] -- Installing: /home/notandi/ros2_ws/src/install/mycobot_description/share/mycobot_description/meshes/adaptive_gripper/visual/gripper_left3.dae
[2.466s] -- Installing: /home/notandi/ros2_ws/src/install/mycobot_description/share/mycobot_description/meshes/adaptive_gripper/visual/gripper_right1.dae
[2.468s] -- Installing: /home/notandi/ros2_ws/src/install/mycobot_description/share/mycobot_description/meshes/d435
[2.468s] -- Installing: /home/notandi/ros2_ws/src/install/mycobot_description/share/mycobot_description/meshes/d435/visual
[2.469s] -- Installing: /home/notandi/ros2_ws/src/install/mycobot_description/share/mycobot_description/meshes/d435/visual/d435.stl
[2.502s] -- Installing: /home/notandi/ros2_ws/src/install/mycobot_description/share/mycobot_description/urdf
[2.503s] -- Installing: /home/notandi/ros2_ws/src/install/mycobot_description/share/mycobot_description/urdf/mycobot280_rviz.png
[2.505s] -- Installing: /home/notandi/ros2_ws/src/install/mycobot_description/share/mycobot_description/urdf/robots
[2.505s] -- Installing: /home/notandi/ros2_ws/src/install/mycobot_description/share/mycobot_description/urdf/robots/mycobot_280.urdf.xacro
[2.506s] -- Installing: /home/notandi/ros2_ws/src/install/mycobot_description/share/mycobot_description/urdf/control
[2.506s] -- Installing: /home/notandi/ros2_ws/src/install/mycobot_description/share/mycobot_description/urdf/control/mycobot_280_ros2_control.urdf.xacro
[2.508s] -- Installing: /home/notandi/ros2_ws/src/install/mycobot_description/share/mycobot_description/urdf/control/gazebo_sim_ros2_control.urdf.xacro
[2.509s] -- Installing: /home/notandi/ros2_ws/src/install/mycobot_description/share/mycobot_description/urdf/mech
[2.509s] -- Installing: /home/notandi/ros2_ws/src/install/mycobot_description/share/mycobot_description/urdf/mech/g_shape_base_v2_0.urdf.xacro
[2.510s] -- Installing: /home/notandi/ros2_ws/src/install/mycobot_description/share/mycobot_description/urdf/mech/adaptive_gripper.urdf.xacro
[2.510s] -- Installing: /home/notandi/ros2_ws/src/install/mycobot_description/share/mycobot_description/urdf/mech/mycobot_280_arm.urdf.xacro
[2.511s] -- Installing: /home/notandi/ros2_ws/src/install/mycobot_description/share/mycobot_description/urdf/sensors
[2.511s] -- Installing: /home/notandi/ros2_ws/src/install/mycobot_description/share/mycobot_description/urdf/sensors/intel_rgbd_cam_d435.urdf.xacro
[2.512s] -- Installing: /home/notandi/ros2_ws/src/install/mycobot_description/share/mycobot_description/rviz
[2.513s] -- Installing: /home/notandi/ros2_ws/src/install/mycobot_description/share/mycobot_description/rviz/mycobot_280_description.rviz
[2.514s] -- Installing: /home/notandi/ros2_ws/src/install/mycobot_description/share/ament_index/resource_index/package_run_dependencies/mycobot_description
[2.514s] -- Installing: /home/notandi/ros2_ws/src/install/mycobot_description/share/ament_index/resource_index/parent_prefix_path/mycobot_description
[2.515s] -- Installing: /home/notandi/ros2_ws/src/install/mycobot_description/share/mycobot_description/environment/ament_prefix_path.sh
[2.515s] -- Installing: /home/notandi/ros2_ws/src/install/mycobot_description/share/mycobot_description/environment/ament_prefix_path.dsv
[2.515s] -- Installing: /home/notandi/ros2_ws/src/install/mycobot_description/share/mycobot_description/environment/path.sh
[2.515s] -- Installing: /home/notandi/ros2_ws/src/install/mycobot_description/share/mycobot_description/environment/path.dsv
[2.516s] -- Installing: /home/notandi/ros2_ws/src/install/mycobot_description/share/mycobot_description/local_setup.bash
[2.516s] -- Installing: /home/notandi/ros2_ws/src/install/mycobot_description/share/mycobot_description/local_setup.sh
[2.516s] -- Installing: /home/notandi/ros2_ws/src/install/mycobot_description/share/mycobot_description/local_setup.zsh
[2.516s] -- Installing: /home/notandi/ros2_ws/src/install/mycobot_description/share/mycobot_description/local_setup.dsv
[2.517s] -- Installing: /home/notandi/ros2_ws/src/install/mycobot_description/share/mycobot_description/package.dsv
[2.517s] -- Installing: /home/notandi/ros2_ws/src/install/mycobot_description/share/ament_index/resource_index/packages/mycobot_description
[2.517s] -- Installing: /home/notandi/ros2_ws/src/install/mycobot_description/share/mycobot_description/cmake/mycobot_descriptionConfig.cmake
[2.518s] -- Installing: /home/notandi/ros2_ws/src/install/mycobot_description/share/mycobot_description/cmake/mycobot_descriptionConfig-version.cmake
[2.518s] -- Installing: /home/notandi/ros2_ws/src/install/mycobot_description/share/mycobot_description/package.xml
[2.520s] Invoked command in '/home/notandi/ros2_ws/src/build/mycobot_description' returned '0': CMAKE_PREFIX_PATH=${CMAKE_PREFIX_PATH}:/opt/ros/jazzy /usr/bin/cmake --install /home/notandi/ros2_ws/src/build/mycobot_description
