[1.155s] DEBUG:colcon:Command line arguments: ['/usr/bin/colcon', 'build', '--symlink-install']
[1.155s] DEBUG:colcon:Parsed command line arguments: Namespace(log_base=None, log_level=None, verb_name='build', build_base='build', install_base='install', merge_install=False, symlink_install=True, test_result_base=None, continue_on_error=False, executor='parallel', parallel_workers=12, event_handlers=None, ignore_user_meta=False, metas=['./colcon.meta'], base_paths=['.'], packages_ignore=None, packages_ignore_regex=None, paths=None, packages_up_to=None, packages_up_to_regex=None, packages_above=None, packages_above_and_dependencies=None, packages_above_depth=None, packages_select_by_dep=None, packages_skip_by_dep=None, packages_skip_up_to=None, packages_select_build_failed=False, packages_skip_build_finished=False, packages_select_test_failures=False, packages_skip_test_passed=False, packages_select=None, packages_skip=None, packages_select_regex=None, packages_skip_regex=None, packages_start=None, packages_end=None, allow_overriding=[], cmake_args=None, cmake_target=None, cmake_target_skip_unavailable=False, cmake_clean_cache=False, cmake_clean_first=False, cmake_force_configure=False, ament_cmake_args=None, catkin_cmake_args=None, catkin_skip_building_tests=False, mixin_files=None, mixin=None, verb_parser=<colcon_mixin.mixin.mixin_argument.MixinArgumentDecorator object at 0x7f33cdb4de50>, verb_extension=<colcon_core.verb.build.BuildVerb object at 0x7f33cdcae510>, main=<bound method BuildVerb.main of <colcon_core.verb.build.BuildVerb object at 0x7f33cdcae510>>, mixin_verb=('build',))
[1.332s] Level 1:colcon.colcon_core.package_discovery:discover_packages(colcon_meta) check parameters
[1.332s] Level 1:colcon.colcon_core.package_discovery:discover_packages(recursive) check parameters
[1.332s] Level 1:colcon.colcon_core.package_discovery:discover_packages(ignore) check parameters
[1.332s] Level 1:colcon.colcon_core.package_discovery:discover_packages(path) check parameters
[1.332s] Level 1:colcon.colcon_core.package_discovery:discover_packages(colcon_meta) discover
[1.332s] Level 1:colcon.colcon_core.package_discovery:discover_packages(recursive) discover
[1.332s] INFO:colcon.colcon_core.package_discovery:Crawling recursively for packages in '/home/notandi/ros2_ws'
[1.333s] Level 1:colcon.colcon_core.package_identification:_identify(.) by extensions ['ignore', 'ignore_ament_install']
[1.333s] Level 1:colcon.colcon_core.package_identification:_identify(.) by extension 'ignore'
[1.333s] Level 1:colcon.colcon_core.package_identification:_identify(.) by extension 'ignore_ament_install'
[1.333s] Level 1:colcon.colcon_core.package_identification:_identify(.) by extensions ['colcon_pkg']
[1.333s] Level 1:colcon.colcon_core.package_identification:_identify(.) by extension 'colcon_pkg'
[1.333s] Level 1:colcon.colcon_core.package_identification:_identify(.) by extensions ['colcon_meta']
[1.333s] Level 1:colcon.colcon_core.package_identification:_identify(.) by extension 'colcon_meta'
[1.334s] Level 1:colcon.colcon_core.package_identification:_identify(.) by extensions ['ros']
[1.334s] Level 1:colcon.colcon_core.package_identification:_identify(.) by extension 'ros'
[1.426s] Level 1:colcon.colcon_core.package_identification:_identify(.) by extensions ['cmake', 'python']
[1.426s] Level 1:colcon.colcon_core.package_identification:_identify(.) by extension 'cmake'
[1.426s] Level 1:colcon.colcon_core.package_identification:_identify(.) by extension 'python'
[1.427s] Level 1:colcon.colcon_core.package_identification:_identify(.) by extensions ['python_setup_py']
[1.427s] Level 1:colcon.colcon_core.package_identification:_identify(.) by extension 'python_setup_py'
[1.428s] Level 1:colcon.colcon_core.package_identification:_identify(build) by extensions ['ignore', 'ignore_ament_install']
[1.429s] Level 1:colcon.colcon_core.package_identification:_identify(build) by extension 'ignore'
[1.429s] Level 1:colcon.colcon_core.package_identification:_identify(build) ignored
[1.430s] Level 1:colcon.colcon_core.package_identification:_identify(install) by extensions ['ignore', 'ignore_ament_install']
[1.430s] Level 1:colcon.colcon_core.package_identification:_identify(install) by extension 'ignore'
[1.431s] Level 1:colcon.colcon_core.package_identification:_identify(install) ignored
[1.431s] Level 1:colcon.colcon_core.package_identification:_identify(log) by extensions ['ignore', 'ignore_ament_install']
[1.431s] Level 1:colcon.colcon_core.package_identification:_identify(log) by extension 'ignore'
[1.431s] Level 1:colcon.colcon_core.package_identification:_identify(log) ignored
[1.433s] Level 1:colcon.colcon_core.package_identification:_identify(src) by extensions ['ignore', 'ignore_ament_install']
[1.433s] Level 1:colcon.colcon_core.package_identification:_identify(src) by extension 'ignore'
[1.433s] Level 1:colcon.colcon_core.package_identification:_identify(src) by extension 'ignore_ament_install'
[1.433s] Level 1:colcon.colcon_core.package_identification:_identify(src) by extensions ['colcon_pkg']
[1.433s] Level 1:colcon.colcon_core.package_identification:_identify(src) by extension 'colcon_pkg'
[1.433s] Level 1:colcon.colcon_core.package_identification:_identify(src) by extensions ['colcon_meta']
[1.433s] Level 1:colcon.colcon_core.package_identification:_identify(src) by extension 'colcon_meta'
[1.433s] Level 1:colcon.colcon_core.package_identification:_identify(src) by extensions ['ros']
[1.434s] Level 1:colcon.colcon_core.package_identification:_identify(src) by extension 'ros'
[1.434s] Level 1:colcon.colcon_core.package_identification:_identify(src) by extensions ['cmake', 'python']
[1.434s] Level 1:colcon.colcon_core.package_identification:_identify(src) by extension 'cmake'
[1.434s] Level 1:colcon.colcon_core.package_identification:_identify(src) by extension 'python'
[1.434s] Level 1:colcon.colcon_core.package_identification:_identify(src) by extensions ['python_setup_py']
[1.434s] Level 1:colcon.colcon_core.package_identification:_identify(src) by extension 'python_setup_py'
[1.435s] Level 1:colcon.colcon_core.package_identification:_identify(src/build) by extensions ['ignore', 'ignore_ament_install']
[1.436s] Level 1:colcon.colcon_core.package_identification:_identify(src/build) by extension 'ignore'
[1.436s] Level 1:colcon.colcon_core.package_identification:_identify(src/build) ignored
[1.437s] Level 1:colcon.colcon_core.package_identification:_identify(src/install) by extensions ['ignore', 'ignore_ament_install']
[1.438s] Level 1:colcon.colcon_core.package_identification:_identify(src/install) by extension 'ignore'
[1.438s] Level 1:colcon.colcon_core.package_identification:_identify(src/install) ignored
[1.439s] Level 1:colcon.colcon_core.package_identification:_identify(src/log) by extensions ['ignore', 'ignore_ament_install']
[1.439s] Level 1:colcon.colcon_core.package_identification:_identify(src/log) by extension 'ignore'
[1.439s] Level 1:colcon.colcon_core.package_identification:_identify(src/log) ignored
[1.441s] Level 1:colcon.colcon_core.package_identification:_identify(src/mycobot_ros2) by extensions ['ignore', 'ignore_ament_install']
[1.441s] Level 1:colcon.colcon_core.package_identification:_identify(src/mycobot_ros2) by extension 'ignore'
[1.441s] Level 1:colcon.colcon_core.package_identification:_identify(src/mycobot_ros2) by extension 'ignore_ament_install'
[1.441s] Level 1:colcon.colcon_core.package_identification:_identify(src/mycobot_ros2) by extensions ['colcon_pkg']
[1.441s] Level 1:colcon.colcon_core.package_identification:_identify(src/mycobot_ros2) by extension 'colcon_pkg'
[1.441s] Level 1:colcon.colcon_core.package_identification:_identify(src/mycobot_ros2) by extensions ['colcon_meta']
[1.441s] Level 1:colcon.colcon_core.package_identification:_identify(src/mycobot_ros2) by extension 'colcon_meta'
[1.441s] Level 1:colcon.colcon_core.package_identification:_identify(src/mycobot_ros2) by extensions ['ros']
[1.441s] Level 1:colcon.colcon_core.package_identification:_identify(src/mycobot_ros2) by extension 'ros'
[1.442s] Level 1:colcon.colcon_core.package_identification:_identify(src/mycobot_ros2) by extensions ['cmake', 'python']
[1.442s] Level 1:colcon.colcon_core.package_identification:_identify(src/mycobot_ros2) by extension 'cmake'
[1.442s] Level 1:colcon.colcon_core.package_identification:_identify(src/mycobot_ros2) by extension 'python'
[1.442s] Level 1:colcon.colcon_core.package_identification:_identify(src/mycobot_ros2) by extensions ['python_setup_py']
[1.442s] Level 1:colcon.colcon_core.package_identification:_identify(src/mycobot_ros2) by extension 'python_setup_py'
[1.443s] Level 1:colcon.colcon_core.package_identification:_identify(src/mycobot_ros2/build) by extensions ['ignore', 'ignore_ament_install']
[1.443s] Level 1:colcon.colcon_core.package_identification:_identify(src/mycobot_ros2/build) by extension 'ignore'
[1.443s] Level 1:colcon.colcon_core.package_identification:_identify(src/mycobot_ros2/build) ignored
[1.445s] Level 1:colcon.colcon_core.package_identification:_identify(src/mycobot_ros2/install) by extensions ['ignore', 'ignore_ament_install']
[1.445s] Level 1:colcon.colcon_core.package_identification:_identify(src/mycobot_ros2/install) by extension 'ignore'
[1.445s] Level 1:colcon.colcon_core.package_identification:_identify(src/mycobot_ros2/install) ignored
[1.446s] Level 1:colcon.colcon_core.package_identification:_identify(src/mycobot_ros2/log) by extensions ['ignore', 'ignore_ament_install']
[1.447s] Level 1:colcon.colcon_core.package_identification:_identify(src/mycobot_ros2/log) by extension 'ignore'
[1.447s] Level 1:colcon.colcon_core.package_identification:_identify(src/mycobot_ros2/log) ignored
[1.448s] Level 1:colcon.colcon_core.package_identification:_identify(src/mycobot_ros2/mycobot_bringup) by extensions ['ignore', 'ignore_ament_install']
[1.448s] Level 1:colcon.colcon_core.package_identification:_identify(src/mycobot_ros2/mycobot_bringup) by extension 'ignore'
[1.448s] Level 1:colcon.colcon_core.package_identification:_identify(src/mycobot_ros2/mycobot_bringup) by extension 'ignore_ament_install'
[1.449s] Level 1:colcon.colcon_core.package_identification:_identify(src/mycobot_ros2/mycobot_bringup) by extensions ['colcon_pkg']
[1.449s] Level 1:colcon.colcon_core.package_identification:_identify(src/mycobot_ros2/mycobot_bringup) by extension 'colcon_pkg'
[1.449s] Level 1:colcon.colcon_core.package_identification:_identify(src/mycobot_ros2/mycobot_bringup) by extensions ['colcon_meta']
[1.449s] Level 1:colcon.colcon_core.package_identification:_identify(src/mycobot_ros2/mycobot_bringup) by extension 'colcon_meta'
[1.449s] Level 1:colcon.colcon_core.package_identification:_identify(src/mycobot_ros2/mycobot_bringup) by extensions ['ros']
[1.449s] Level 1:colcon.colcon_core.package_identification:_identify(src/mycobot_ros2/mycobot_bringup) by extension 'ros'
[1.460s] DEBUG:colcon.colcon_core.package_identification:Package 'src/mycobot_ros2/mycobot_bringup' with type 'ros.ament_cmake' and name 'mycobot_bringup'
[1.461s] Level 1:colcon.colcon_core.package_identification:_identify(src/mycobot_ros2/mycobot_description) by extensions ['ignore', 'ignore_ament_install']
[1.462s] Level 1:colcon.colcon_core.package_identification:_identify(src/mycobot_ros2/mycobot_description) by extension 'ignore'
[1.462s] Level 1:colcon.colcon_core.package_identification:_identify(src/mycobot_ros2/mycobot_description) by extension 'ignore_ament_install'
[1.462s] Level 1:colcon.colcon_core.package_identification:_identify(src/mycobot_ros2/mycobot_description) by extensions ['colcon_pkg']
[1.462s] Level 1:colcon.colcon_core.package_identification:_identify(src/mycobot_ros2/mycobot_description) by extension 'colcon_pkg'
[1.462s] Level 1:colcon.colcon_core.package_identification:_identify(src/mycobot_ros2/mycobot_description) by extensions ['colcon_meta']
[1.462s] Level 1:colcon.colcon_core.package_identification:_identify(src/mycobot_ros2/mycobot_description) by extension 'colcon_meta'
[1.462s] Level 1:colcon.colcon_core.package_identification:_identify(src/mycobot_ros2/mycobot_description) by extensions ['ros']
[1.462s] Level 1:colcon.colcon_core.package_identification:_identify(src/mycobot_ros2/mycobot_description) by extension 'ros'
[1.464s] DEBUG:colcon.colcon_core.package_identification:Package 'src/mycobot_ros2/mycobot_description' with type 'ros.ament_cmake' and name 'mycobot_description'
[1.465s] Level 1:colcon.colcon_core.package_identification:_identify(src/mycobot_ros2/mycobot_gazebo) by extensions ['ignore', 'ignore_ament_install']
[1.466s] Level 1:colcon.colcon_core.package_identification:_identify(src/mycobot_ros2/mycobot_gazebo) by extension 'ignore'
[1.466s] Level 1:colcon.colcon_core.package_identification:_identify(src/mycobot_ros2/mycobot_gazebo) by extension 'ignore_ament_install'
[1.466s] Level 1:colcon.colcon_core.package_identification:_identify(src/mycobot_ros2/mycobot_gazebo) by extensions ['colcon_pkg']
[1.466s] Level 1:colcon.colcon_core.package_identification:_identify(src/mycobot_ros2/mycobot_gazebo) by extension 'colcon_pkg'
[1.466s] Level 1:colcon.colcon_core.package_identification:_identify(src/mycobot_ros2/mycobot_gazebo) by extensions ['colcon_meta']
[1.466s] Level 1:colcon.colcon_core.package_identification:_identify(src/mycobot_ros2/mycobot_gazebo) by extension 'colcon_meta'
[1.466s] Level 1:colcon.colcon_core.package_identification:_identify(src/mycobot_ros2/mycobot_gazebo) by extensions ['ros']
[1.466s] Level 1:colcon.colcon_core.package_identification:_identify(src/mycobot_ros2/mycobot_gazebo) by extension 'ros'
[1.470s] DEBUG:colcon.colcon_core.package_identification:Package 'src/mycobot_ros2/mycobot_gazebo' with type 'ros.ament_cmake' and name 'mycobot_gazebo'
[1.471s] Level 1:colcon.colcon_core.package_identification:_identify(src/mycobot_ros2/mycobot_moveit_config) by extensions ['ignore', 'ignore_ament_install']
[1.472s] Level 1:colcon.colcon_core.package_identification:_identify(src/mycobot_ros2/mycobot_moveit_config) by extension 'ignore'
[1.472s] Level 1:colcon.colcon_core.package_identification:_identify(src/mycobot_ros2/mycobot_moveit_config) by extension 'ignore_ament_install'
[1.472s] Level 1:colcon.colcon_core.package_identification:_identify(src/mycobot_ros2/mycobot_moveit_config) by extensions ['colcon_pkg']
[1.472s] Level 1:colcon.colcon_core.package_identification:_identify(src/mycobot_ros2/mycobot_moveit_config) by extension 'colcon_pkg'
[1.472s] Level 1:colcon.colcon_core.package_identification:_identify(src/mycobot_ros2/mycobot_moveit_config) by extensions ['colcon_meta']
[1.472s] Level 1:colcon.colcon_core.package_identification:_identify(src/mycobot_ros2/mycobot_moveit_config) by extension 'colcon_meta'
[1.473s] Level 1:colcon.colcon_core.package_identification:_identify(src/mycobot_ros2/mycobot_moveit_config) by extensions ['ros']
[1.473s] Level 1:colcon.colcon_core.package_identification:_identify(src/mycobot_ros2/mycobot_moveit_config) by extension 'ros'
[1.474s] DEBUG:colcon.colcon_core.package_identification:Package 'src/mycobot_ros2/mycobot_moveit_config' with type 'ros.ament_cmake' and name 'mycobot_moveit_config'
[1.475s] Level 1:colcon.colcon_core.package_identification:_identify(src/mycobot_ros2/mycobot_ros2) by extensions ['ignore', 'ignore_ament_install']
[1.475s] Level 1:colcon.colcon_core.package_identification:_identify(src/mycobot_ros2/mycobot_ros2) by extension 'ignore'
[1.476s] Level 1:colcon.colcon_core.package_identification:_identify(src/mycobot_ros2/mycobot_ros2) by extension 'ignore_ament_install'
[1.476s] Level 1:colcon.colcon_core.package_identification:_identify(src/mycobot_ros2/mycobot_ros2) by extensions ['colcon_pkg']
[1.476s] Level 1:colcon.colcon_core.package_identification:_identify(src/mycobot_ros2/mycobot_ros2) by extension 'colcon_pkg'
[1.476s] Level 1:colcon.colcon_core.package_identification:_identify(src/mycobot_ros2/mycobot_ros2) by extensions ['colcon_meta']
[1.476s] Level 1:colcon.colcon_core.package_identification:_identify(src/mycobot_ros2/mycobot_ros2) by extension 'colcon_meta'
[1.476s] Level 1:colcon.colcon_core.package_identification:_identify(src/mycobot_ros2/mycobot_ros2) by extensions ['ros']
[1.476s] Level 1:colcon.colcon_core.package_identification:_identify(src/mycobot_ros2/mycobot_ros2) by extension 'ros'
[1.478s] DEBUG:colcon.colcon_core.package_identification:Package 'src/mycobot_ros2/mycobot_ros2' with type 'ros.ament_cmake' and name 'mycobot_ros2'
[1.478s] Level 1:colcon.colcon_core.package_identification:_identify(src/mycobot_ros2/mycobot_system_tests) by extensions ['ignore', 'ignore_ament_install']
[1.479s] Level 1:colcon.colcon_core.package_identification:_identify(src/mycobot_ros2/mycobot_system_tests) by extension 'ignore'
[1.479s] Level 1:colcon.colcon_core.package_identification:_identify(src/mycobot_ros2/mycobot_system_tests) by extension 'ignore_ament_install'
[1.479s] Level 1:colcon.colcon_core.package_identification:_identify(src/mycobot_ros2/mycobot_system_tests) by extensions ['colcon_pkg']
[1.479s] Level 1:colcon.colcon_core.package_identification:_identify(src/mycobot_ros2/mycobot_system_tests) by extension 'colcon_pkg'
[1.479s] Level 1:colcon.colcon_core.package_identification:_identify(src/mycobot_ros2/mycobot_system_tests) by extensions ['colcon_meta']
[1.479s] Level 1:colcon.colcon_core.package_identification:_identify(src/mycobot_ros2/mycobot_system_tests) by extension 'colcon_meta'
[1.479s] Level 1:colcon.colcon_core.package_identification:_identify(src/mycobot_ros2/mycobot_system_tests) by extensions ['ros']
[1.479s] Level 1:colcon.colcon_core.package_identification:_identify(src/mycobot_ros2/mycobot_system_tests) by extension 'ros'
[1.481s] DEBUG:colcon.colcon_core.package_identification:Package 'src/mycobot_ros2/mycobot_system_tests' with type 'ros.ament_cmake' and name 'mycobot_system_tests'
[1.481s] Level 1:colcon.colcon_core.package_discovery:discover_packages(recursive) using defaults
[1.481s] Level 1:colcon.colcon_core.package_discovery:discover_packages(ignore) discover
[1.481s] Level 1:colcon.colcon_core.package_discovery:discover_packages(ignore) using defaults
[1.481s] Level 1:colcon.colcon_core.package_discovery:discover_packages(path) discover
[1.481s] Level 1:colcon.colcon_core.package_discovery:discover_packages(path) using defaults
[1.550s] Level 1:colcon.colcon_core.package_discovery:discover_packages(prefix_path) check parameters
[1.550s] Level 1:colcon.colcon_core.package_discovery:discover_packages(prefix_path) discover
[1.562s] DEBUG:colcon.colcon_installed_package_information.package_discovery:Found 374 installed packages in /opt/ros/jazzy
[1.565s] Level 1:colcon.colcon_core.package_discovery:discover_packages(prefix_path) using defaults
[1.918s] Level 5:colcon.colcon_core.verb:set package 'mycobot_bringup' build argument 'cmake_args' from command line to 'None'
[1.918s] Level 5:colcon.colcon_core.verb:set package 'mycobot_bringup' build argument 'cmake_target' from command line to 'None'
[1.918s] Level 5:colcon.colcon_core.verb:set package 'mycobot_bringup' build argument 'cmake_target_skip_unavailable' from command line to 'False'
[1.918s] Level 5:colcon.colcon_core.verb:set package 'mycobot_bringup' build argument 'cmake_clean_cache' from command line to 'False'
[1.918s] Level 5:colcon.colcon_core.verb:set package 'mycobot_bringup' build argument 'cmake_clean_first' from command line to 'False'
[1.918s] Level 5:colcon.colcon_core.verb:set package 'mycobot_bringup' build argument 'cmake_force_configure' from command line to 'False'
[1.918s] Level 5:colcon.colcon_core.verb:set package 'mycobot_bringup' build argument 'ament_cmake_args' from command line to 'None'
[1.918s] Level 5:colcon.colcon_core.verb:set package 'mycobot_bringup' build argument 'catkin_cmake_args' from command line to 'None'
[1.918s] Level 5:colcon.colcon_core.verb:set package 'mycobot_bringup' build argument 'catkin_skip_building_tests' from command line to 'False'
[1.918s] DEBUG:colcon.colcon_core.verb:Building package 'mycobot_bringup' with the following arguments: {'ament_cmake_args': None, 'build_base': '/home/notandi/ros2_ws/build/mycobot_bringup', 'catkin_cmake_args': None, 'catkin_skip_building_tests': False, 'cmake_args': None, 'cmake_clean_cache': False, 'cmake_clean_first': False, 'cmake_force_configure': False, 'cmake_target': None, 'cmake_target_skip_unavailable': False, 'install_base': '/home/notandi/ros2_ws/install/mycobot_bringup', 'merge_install': False, 'path': '/home/notandi/ros2_ws/src/mycobot_ros2/mycobot_bringup', 'symlink_install': True, 'test_result_base': None}
[1.919s] Level 5:colcon.colcon_core.verb:set package 'mycobot_description' build argument 'cmake_args' from command line to 'None'
[1.919s] Level 5:colcon.colcon_core.verb:set package 'mycobot_description' build argument 'cmake_target' from command line to 'None'
[1.919s] Level 5:colcon.colcon_core.verb:set package 'mycobot_description' build argument 'cmake_target_skip_unavailable' from command line to 'False'
[1.919s] Level 5:colcon.colcon_core.verb:set package 'mycobot_description' build argument 'cmake_clean_cache' from command line to 'False'
[1.919s] Level 5:colcon.colcon_core.verb:set package 'mycobot_description' build argument 'cmake_clean_first' from command line to 'False'
[1.919s] Level 5:colcon.colcon_core.verb:set package 'mycobot_description' build argument 'cmake_force_configure' from command line to 'False'
[1.919s] Level 5:colcon.colcon_core.verb:set package 'mycobot_description' build argument 'ament_cmake_args' from command line to 'None'
[1.919s] Level 5:colcon.colcon_core.verb:set package 'mycobot_description' build argument 'catkin_cmake_args' from command line to 'None'
[1.919s] Level 5:colcon.colcon_core.verb:set package 'mycobot_description' build argument 'catkin_skip_building_tests' from command line to 'False'
[1.919s] DEBUG:colcon.colcon_core.verb:Building package 'mycobot_description' with the following arguments: {'ament_cmake_args': None, 'build_base': '/home/notandi/ros2_ws/build/mycobot_description', 'catkin_cmake_args': None, 'catkin_skip_building_tests': False, 'cmake_args': None, 'cmake_clean_cache': False, 'cmake_clean_first': False, 'cmake_force_configure': False, 'cmake_target': None, 'cmake_target_skip_unavailable': False, 'install_base': '/home/notandi/ros2_ws/install/mycobot_description', 'merge_install': False, 'path': '/home/notandi/ros2_ws/src/mycobot_ros2/mycobot_description', 'symlink_install': True, 'test_result_base': None}
[1.919s] Level 5:colcon.colcon_core.verb:set package 'mycobot_gazebo' build argument 'cmake_args' from command line to 'None'
[1.919s] Level 5:colcon.colcon_core.verb:set package 'mycobot_gazebo' build argument 'cmake_target' from command line to 'None'
[1.919s] Level 5:colcon.colcon_core.verb:set package 'mycobot_gazebo' build argument 'cmake_target_skip_unavailable' from command line to 'False'
[1.919s] Level 5:colcon.colcon_core.verb:set package 'mycobot_gazebo' build argument 'cmake_clean_cache' from command line to 'False'
[1.919s] Level 5:colcon.colcon_core.verb:set package 'mycobot_gazebo' build argument 'cmake_clean_first' from command line to 'False'
[1.919s] Level 5:colcon.colcon_core.verb:set package 'mycobot_gazebo' build argument 'cmake_force_configure' from command line to 'False'
[1.920s] Level 5:colcon.colcon_core.verb:set package 'mycobot_gazebo' build argument 'ament_cmake_args' from command line to 'None'
[1.920s] Level 5:colcon.colcon_core.verb:set package 'mycobot_gazebo' build argument 'catkin_cmake_args' from command line to 'None'
[1.920s] Level 5:colcon.colcon_core.verb:set package 'mycobot_gazebo' build argument 'catkin_skip_building_tests' from command line to 'False'
[1.920s] DEBUG:colcon.colcon_core.verb:Building package 'mycobot_gazebo' with the following arguments: {'ament_cmake_args': None, 'build_base': '/home/notandi/ros2_ws/build/mycobot_gazebo', 'catkin_cmake_args': None, 'catkin_skip_building_tests': False, 'cmake_args': None, 'cmake_clean_cache': False, 'cmake_clean_first': False, 'cmake_force_configure': False, 'cmake_target': None, 'cmake_target_skip_unavailable': False, 'install_base': '/home/notandi/ros2_ws/install/mycobot_gazebo', 'merge_install': False, 'path': '/home/notandi/ros2_ws/src/mycobot_ros2/mycobot_gazebo', 'symlink_install': True, 'test_result_base': None}
[1.920s] Level 5:colcon.colcon_core.verb:set package 'mycobot_moveit_config' build argument 'cmake_args' from command line to 'None'
[1.920s] Level 5:colcon.colcon_core.verb:set package 'mycobot_moveit_config' build argument 'cmake_target' from command line to 'None'
[1.920s] Level 5:colcon.colcon_core.verb:set package 'mycobot_moveit_config' build argument 'cmake_target_skip_unavailable' from command line to 'False'
[1.920s] Level 5:colcon.colcon_core.verb:set package 'mycobot_moveit_config' build argument 'cmake_clean_cache' from command line to 'False'
[1.920s] Level 5:colcon.colcon_core.verb:set package 'mycobot_moveit_config' build argument 'cmake_clean_first' from command line to 'False'
[1.920s] Level 5:colcon.colcon_core.verb:set package 'mycobot_moveit_config' build argument 'cmake_force_configure' from command line to 'False'
[1.920s] Level 5:colcon.colcon_core.verb:set package 'mycobot_moveit_config' build argument 'ament_cmake_args' from command line to 'None'
[1.920s] Level 5:colcon.colcon_core.verb:set package 'mycobot_moveit_config' build argument 'catkin_cmake_args' from command line to 'None'
[1.920s] Level 5:colcon.colcon_core.verb:set package 'mycobot_moveit_config' build argument 'catkin_skip_building_tests' from command line to 'False'
[1.920s] DEBUG:colcon.colcon_core.verb:Building package 'mycobot_moveit_config' with the following arguments: {'ament_cmake_args': None, 'build_base': '/home/notandi/ros2_ws/build/mycobot_moveit_config', 'catkin_cmake_args': None, 'catkin_skip_building_tests': False, 'cmake_args': None, 'cmake_clean_cache': False, 'cmake_clean_first': False, 'cmake_force_configure': False, 'cmake_target': None, 'cmake_target_skip_unavailable': False, 'install_base': '/home/notandi/ros2_ws/install/mycobot_moveit_config', 'merge_install': False, 'path': '/home/notandi/ros2_ws/src/mycobot_ros2/mycobot_moveit_config', 'symlink_install': True, 'test_result_base': None}
[1.921s] Level 5:colcon.colcon_core.verb:set package 'mycobot_system_tests' build argument 'cmake_args' from command line to 'None'
[1.921s] Level 5:colcon.colcon_core.verb:set package 'mycobot_system_tests' build argument 'cmake_target' from command line to 'None'
[1.921s] Level 5:colcon.colcon_core.verb:set package 'mycobot_system_tests' build argument 'cmake_target_skip_unavailable' from command line to 'False'
[1.921s] Level 5:colcon.colcon_core.verb:set package 'mycobot_system_tests' build argument 'cmake_clean_cache' from command line to 'False'
[1.921s] Level 5:colcon.colcon_core.verb:set package 'mycobot_system_tests' build argument 'cmake_clean_first' from command line to 'False'
[1.921s] Level 5:colcon.colcon_core.verb:set package 'mycobot_system_tests' build argument 'cmake_force_configure' from command line to 'False'
[1.921s] Level 5:colcon.colcon_core.verb:set package 'mycobot_system_tests' build argument 'ament_cmake_args' from command line to 'None'
[1.921s] Level 5:colcon.colcon_core.verb:set package 'mycobot_system_tests' build argument 'catkin_cmake_args' from command line to 'None'
[1.921s] Level 5:colcon.colcon_core.verb:set package 'mycobot_system_tests' build argument 'catkin_skip_building_tests' from command line to 'False'
[1.921s] DEBUG:colcon.colcon_core.verb:Building package 'mycobot_system_tests' with the following arguments: {'ament_cmake_args': None, 'build_base': '/home/notandi/ros2_ws/build/mycobot_system_tests', 'catkin_cmake_args': None, 'catkin_skip_building_tests': False, 'cmake_args': None, 'cmake_clean_cache': False, 'cmake_clean_first': False, 'cmake_force_configure': False, 'cmake_target': None, 'cmake_target_skip_unavailable': False, 'install_base': '/home/notandi/ros2_ws/install/mycobot_system_tests', 'merge_install': False, 'path': '/home/notandi/ros2_ws/src/mycobot_ros2/mycobot_system_tests', 'symlink_install': True, 'test_result_base': None}
[1.921s] Level 5:colcon.colcon_core.verb:set package 'mycobot_ros2' build argument 'cmake_args' from command line to 'None'
[1.922s] Level 5:colcon.colcon_core.verb:set package 'mycobot_ros2' build argument 'cmake_target' from command line to 'None'
[1.922s] Level 5:colcon.colcon_core.verb:set package 'mycobot_ros2' build argument 'cmake_target_skip_unavailable' from command line to 'False'
[1.922s] Level 5:colcon.colcon_core.verb:set package 'mycobot_ros2' build argument 'cmake_clean_cache' from command line to 'False'
[1.922s] Level 5:colcon.colcon_core.verb:set package 'mycobot_ros2' build argument 'cmake_clean_first' from command line to 'False'
[1.922s] Level 5:colcon.colcon_core.verb:set package 'mycobot_ros2' build argument 'cmake_force_configure' from command line to 'False'
[1.922s] Level 5:colcon.colcon_core.verb:set package 'mycobot_ros2' build argument 'ament_cmake_args' from command line to 'None'
[1.922s] Level 5:colcon.colcon_core.verb:set package 'mycobot_ros2' build argument 'catkin_cmake_args' from command line to 'None'
[1.922s] Level 5:colcon.colcon_core.verb:set package 'mycobot_ros2' build argument 'catkin_skip_building_tests' from command line to 'False'
[1.922s] DEBUG:colcon.colcon_core.verb:Building package 'mycobot_ros2' with the following arguments: {'ament_cmake_args': None, 'build_base': '/home/notandi/ros2_ws/build/mycobot_ros2', 'catkin_cmake_args': None, 'catkin_skip_building_tests': False, 'cmake_args': None, 'cmake_clean_cache': False, 'cmake_clean_first': False, 'cmake_force_configure': False, 'cmake_target': None, 'cmake_target_skip_unavailable': False, 'install_base': '/home/notandi/ros2_ws/install/mycobot_ros2', 'merge_install': False, 'path': '/home/notandi/ros2_ws/src/mycobot_ros2/mycobot_ros2', 'symlink_install': True, 'test_result_base': None}
[1.922s] INFO:colcon.colcon_core.executor:Executing jobs using 'parallel' executor
[1.924s] DEBUG:colcon.colcon_parallel_executor.executor.parallel:run_until_complete
[1.925s] INFO:colcon.colcon_ros.task.ament_cmake.build:Building ROS package in '/home/notandi/ros2_ws/src/mycobot_ros2/mycobot_bringup' with build type 'ament_cmake'
[1.925s] INFO:colcon.colcon_cmake.task.cmake.build:Building CMake package in '/home/notandi/ros2_ws/src/mycobot_ros2/mycobot_bringup'
[1.943s] INFO:colcon.colcon_core.plugin_system:Skipping extension 'colcon_core.shell.bat': Not used on non-Windows systems
[1.943s] INFO:colcon.colcon_core.shell:Skip shell extension 'powershell' for command environment: Not usable outside of PowerShell
[1.943s] DEBUG:colcon.colcon_core.shell:Skip shell extension 'dsv' for command environment
[1.953s] INFO:colcon.colcon_ros.task.ament_cmake.build:Building ROS package in '/home/notandi/ros2_ws/src/mycobot_ros2/mycobot_description' with build type 'ament_cmake'
[1.954s] INFO:colcon.colcon_cmake.task.cmake.build:Building CMake package in '/home/notandi/ros2_ws/src/mycobot_ros2/mycobot_description'
[1.954s] INFO:colcon.colcon_core.shell:Skip shell extension 'powershell' for command environment: Not usable outside of PowerShell
[1.955s] DEBUG:colcon.colcon_core.shell:Skip shell extension 'dsv' for command environment
[1.964s] INFO:colcon.colcon_ros.task.ament_cmake.build:Building ROS package in '/home/notandi/ros2_ws/src/mycobot_ros2/mycobot_gazebo' with build type 'ament_cmake'
[1.965s] INFO:colcon.colcon_cmake.task.cmake.build:Building CMake package in '/home/notandi/ros2_ws/src/mycobot_ros2/mycobot_gazebo'
[1.965s] INFO:colcon.colcon_core.shell:Skip shell extension 'powershell' for command environment: Not usable outside of PowerShell
[1.965s] DEBUG:colcon.colcon_core.shell:Skip shell extension 'dsv' for command environment
[1.973s] INFO:colcon.colcon_ros.task.ament_cmake.build:Building ROS package in '/home/notandi/ros2_ws/src/mycobot_ros2/mycobot_moveit_config' with build type 'ament_cmake'
[1.974s] INFO:colcon.colcon_cmake.task.cmake.build:Building CMake package in '/home/notandi/ros2_ws/src/mycobot_ros2/mycobot_moveit_config'
[1.974s] INFO:colcon.colcon_core.shell:Skip shell extension 'powershell' for command environment: Not usable outside of PowerShell
[1.974s] DEBUG:colcon.colcon_core.shell:Skip shell extension 'dsv' for command environment
[1.982s] INFO:colcon.colcon_ros.task.ament_cmake.build:Building ROS package in '/home/notandi/ros2_ws/src/mycobot_ros2/mycobot_system_tests' with build type 'ament_cmake'
[1.982s] INFO:colcon.colcon_cmake.task.cmake.build:Building CMake package in '/home/notandi/ros2_ws/src/mycobot_ros2/mycobot_system_tests'
[1.983s] INFO:colcon.colcon_core.shell:Skip shell extension 'powershell' for command environment: Not usable outside of PowerShell
[1.983s] DEBUG:colcon.colcon_core.shell:Skip shell extension 'dsv' for command environment
[2.005s] DEBUG:colcon.colcon_core.event_handler.log_command:Invoking command in '/home/notandi/ros2_ws/build/mycobot_bringup': CMAKE_PREFIX_PATH=${CMAKE_PREFIX_PATH}:/opt/ros/jazzy /usr/bin/cmake --build /home/notandi/ros2_ws/build/mycobot_bringup -- -j12 -l12
[2.020s] DEBUG:colcon.colcon_core.event_handler.log_command:Invoking command in '/home/notandi/ros2_ws/build/mycobot_description': CMAKE_PREFIX_PATH=${CMAKE_PREFIX_PATH}:/opt/ros/jazzy /usr/bin/cmake --build /home/notandi/ros2_ws/build/mycobot_description -- -j12 -l12
[2.028s] DEBUG:colcon.colcon_core.event_handler.log_command:Invoking command in '/home/notandi/ros2_ws/build/mycobot_gazebo': CMAKE_PREFIX_PATH=${CMAKE_PREFIX_PATH}:/opt/ros/jazzy /usr/bin/cmake --build /home/notandi/ros2_ws/build/mycobot_gazebo -- -j12 -l12
[2.035s] DEBUG:colcon.colcon_core.event_handler.log_command:Invoking command in '/home/notandi/ros2_ws/build/mycobot_moveit_config': CMAKE_PREFIX_PATH=${CMAKE_PREFIX_PATH}:/opt/ros/jazzy /usr/bin/cmake --build /home/notandi/ros2_ws/build/mycobot_moveit_config -- -j12 -l12
[2.042s] DEBUG:colcon.colcon_core.event_handler.log_command:Invoking command in '/home/notandi/ros2_ws/build/mycobot_system_tests': CMAKE_PREFIX_PATH=${CMAKE_PREFIX_PATH}:/opt/ros/jazzy /usr/bin/cmake --build /home/notandi/ros2_ws/build/mycobot_system_tests -- -j12 -l12
[2.215s] DEBUG:colcon.colcon_core.event_handler.log_command:Invoked command in '/home/notandi/ros2_ws/build/mycobot_moveit_config' returned '0': CMAKE_PREFIX_PATH=${CMAKE_PREFIX_PATH}:/opt/ros/jazzy /usr/bin/cmake --build /home/notandi/ros2_ws/build/mycobot_moveit_config -- -j12 -l12
[2.234s] DEBUG:colcon.colcon_core.event_handler.log_command:Invoking command in '/home/notandi/ros2_ws/build/mycobot_moveit_config': CMAKE_PREFIX_PATH=${CMAKE_PREFIX_PATH}:/opt/ros/jazzy /usr/bin/cmake --install /home/notandi/ros2_ws/build/mycobot_moveit_config
[2.234s] DEBUG:colcon.colcon_core.event_handler.log_command:Invoked command in '/home/notandi/ros2_ws/build/mycobot_gazebo' returned '0': CMAKE_PREFIX_PATH=${CMAKE_PREFIX_PATH}:/opt/ros/jazzy /usr/bin/cmake --build /home/notandi/ros2_ws/build/mycobot_gazebo -- -j12 -l12
[2.237s] DEBUG:colcon.colcon_core.event_handler.log_command:Invoking command in '/home/notandi/ros2_ws/build/mycobot_gazebo': CMAKE_PREFIX_PATH=${CMAKE_PREFIX_PATH}:/opt/ros/jazzy /usr/bin/cmake --install /home/notandi/ros2_ws/build/mycobot_gazebo
[2.241s] DEBUG:colcon.colcon_core.event_handler.log_command:Invoked command in '/home/notandi/ros2_ws/build/mycobot_description' returned '0': CMAKE_PREFIX_PATH=${CMAKE_PREFIX_PATH}:/opt/ros/jazzy /usr/bin/cmake --build /home/notandi/ros2_ws/build/mycobot_description -- -j12 -l12
[2.244s] DEBUG:colcon.colcon_core.event_handler.log_command:Invoking command in '/home/notandi/ros2_ws/build/mycobot_description': CMAKE_PREFIX_PATH=${CMAKE_PREFIX_PATH}:/opt/ros/jazzy /usr/bin/cmake --install /home/notandi/ros2_ws/build/mycobot_description
[2.245s] DEBUG:colcon.colcon_core.event_handler.log_command:Invoked command in '/home/notandi/ros2_ws/build/mycobot_bringup' returned '0': CMAKE_PREFIX_PATH=${CMAKE_PREFIX_PATH}:/opt/ros/jazzy /usr/bin/cmake --build /home/notandi/ros2_ws/build/mycobot_bringup -- -j12 -l12
[2.249s] DEBUG:colcon.colcon_core.event_handler.log_command:Invoking command in '/home/notandi/ros2_ws/build/mycobot_bringup': CMAKE_PREFIX_PATH=${CMAKE_PREFIX_PATH}:/opt/ros/jazzy /usr/bin/cmake --install /home/notandi/ros2_ws/build/mycobot_bringup
[2.300s] Level 1:colcon.colcon_core.environment:create_environment_scripts_only(mycobot_moveit_config)
[2.302s] DEBUG:colcon.colcon_core.event_handler.log_command:Invoked command in '/home/notandi/ros2_ws/build/mycobot_moveit_config' returned '0': CMAKE_PREFIX_PATH=${CMAKE_PREFIX_PATH}:/opt/ros/jazzy /usr/bin/cmake --install /home/notandi/ros2_ws/build/mycobot_moveit_config
[2.317s] Level 1:colcon.colcon_core.environment:checking '/home/notandi/ros2_ws/install/mycobot_moveit_config' for CMake module files
[2.318s] Level 1:colcon.colcon_core.environment:checking '/home/notandi/ros2_ws/install/mycobot_moveit_config' for CMake config files
[2.323s] Level 1:colcon.colcon_core.shell:create_environment_hook('mycobot_moveit_config', 'cmake_prefix_path')
[2.324s] INFO:colcon.colcon_core.shell:Creating environment hook '/home/notandi/ros2_ws/install/mycobot_moveit_config/share/mycobot_moveit_config/hook/cmake_prefix_path.ps1'
[2.327s] INFO:colcon.colcon_core.shell:Creating environment descriptor '/home/notandi/ros2_ws/install/mycobot_moveit_config/share/mycobot_moveit_config/hook/cmake_prefix_path.dsv'
[2.330s] INFO:colcon.colcon_core.shell:Creating environment hook '/home/notandi/ros2_ws/install/mycobot_moveit_config/share/mycobot_moveit_config/hook/cmake_prefix_path.sh'
[2.332s] Level 1:colcon.colcon_core.environment:checking '/home/notandi/ros2_ws/install/mycobot_moveit_config/bin'
[2.332s] Level 1:colcon.colcon_core.environment:checking '/home/notandi/ros2_ws/install/mycobot_moveit_config/lib/pkgconfig/mycobot_moveit_config.pc'
[2.332s] Level 1:colcon.colcon_core.environment:checking '/home/notandi/ros2_ws/install/mycobot_moveit_config/lib/python3.12/site-packages'
[2.333s] Level 1:colcon.colcon_core.environment:checking '/home/notandi/ros2_ws/install/mycobot_moveit_config/bin'
[2.334s] INFO:colcon.colcon_core.shell:Creating package script '/home/notandi/ros2_ws/install/mycobot_moveit_config/share/mycobot_moveit_config/package.ps1'
[2.335s] INFO:colcon.colcon_core.shell:Creating package descriptor '/home/notandi/ros2_ws/install/mycobot_moveit_config/share/mycobot_moveit_config/package.dsv'
[2.336s] INFO:colcon.colcon_core.shell:Creating package script '/home/notandi/ros2_ws/install/mycobot_moveit_config/share/mycobot_moveit_config/package.sh'
[2.338s] INFO:colcon.colcon_core.shell:Creating package script '/home/notandi/ros2_ws/install/mycobot_moveit_config/share/mycobot_moveit_config/package.bash'
[2.339s] INFO:colcon.colcon_core.shell:Creating package script '/home/notandi/ros2_ws/install/mycobot_moveit_config/share/mycobot_moveit_config/package.zsh'
[2.340s] Level 1:colcon.colcon_core.environment:create_file_with_runtime_dependencies(/home/notandi/ros2_ws/install/mycobot_moveit_config/share/colcon-core/packages/mycobot_moveit_config)
[2.341s] Level 1:colcon.colcon_core.environment:create_environment_scripts_only(mycobot_moveit_config)
[2.341s] Level 1:colcon.colcon_core.environment:checking '/home/notandi/ros2_ws/install/mycobot_moveit_config' for CMake module files
[2.342s] Level 1:colcon.colcon_core.environment:checking '/home/notandi/ros2_ws/install/mycobot_moveit_config' for CMake config files
[2.342s] Level 1:colcon.colcon_core.shell:create_environment_hook('mycobot_moveit_config', 'cmake_prefix_path')
[2.343s] INFO:colcon.colcon_core.shell:Creating environment hook '/home/notandi/ros2_ws/install/mycobot_moveit_config/share/mycobot_moveit_config/hook/cmake_prefix_path.ps1'
[2.343s] INFO:colcon.colcon_core.shell:Creating environment descriptor '/home/notandi/ros2_ws/install/mycobot_moveit_config/share/mycobot_moveit_config/hook/cmake_prefix_path.dsv'
[2.344s] INFO:colcon.colcon_core.shell:Creating environment hook '/home/notandi/ros2_ws/install/mycobot_moveit_config/share/mycobot_moveit_config/hook/cmake_prefix_path.sh'
[2.345s] Level 1:colcon.colcon_core.environment:checking '/home/notandi/ros2_ws/install/mycobot_moveit_config/bin'
[2.345s] Level 1:colcon.colcon_core.environment:checking '/home/notandi/ros2_ws/install/mycobot_moveit_config/lib/pkgconfig/mycobot_moveit_config.pc'
[2.345s] Level 1:colcon.colcon_core.environment:checking '/home/notandi/ros2_ws/install/mycobot_moveit_config/lib/python3.12/site-packages'
[2.346s] Level 1:colcon.colcon_core.environment:checking '/home/notandi/ros2_ws/install/mycobot_moveit_config/bin'
[2.346s] INFO:colcon.colcon_core.shell:Creating package script '/home/notandi/ros2_ws/install/mycobot_moveit_config/share/mycobot_moveit_config/package.ps1'
[2.347s] INFO:colcon.colcon_core.shell:Creating package descriptor '/home/notandi/ros2_ws/install/mycobot_moveit_config/share/mycobot_moveit_config/package.dsv'
[2.347s] INFO:colcon.colcon_core.shell:Creating package script '/home/notandi/ros2_ws/install/mycobot_moveit_config/share/mycobot_moveit_config/package.sh'
[2.348s] INFO:colcon.colcon_core.shell:Creating package script '/home/notandi/ros2_ws/install/mycobot_moveit_config/share/mycobot_moveit_config/package.bash'
[2.348s] INFO:colcon.colcon_core.shell:Creating package script '/home/notandi/ros2_ws/install/mycobot_moveit_config/share/mycobot_moveit_config/package.zsh'
[2.349s] Level 1:colcon.colcon_core.environment:create_file_with_runtime_dependencies(/home/notandi/ros2_ws/install/mycobot_moveit_config/share/colcon-core/packages/mycobot_moveit_config)
[2.352s] Level 1:colcon.colcon_core.environment:create_environment_scripts_only(mycobot_bringup)
[2.352s] Level 1:colcon.colcon_core.environment:checking '/home/notandi/ros2_ws/install/mycobot_bringup' for CMake module files
[2.354s] DEBUG:colcon.colcon_core.event_handler.log_command:Invoked command in '/home/notandi/ros2_ws/build/mycobot_bringup' returned '0': CMAKE_PREFIX_PATH=${CMAKE_PREFIX_PATH}:/opt/ros/jazzy /usr/bin/cmake --install /home/notandi/ros2_ws/build/mycobot_bringup
[2.355s] Level 1:colcon.colcon_core.environment:checking '/home/notandi/ros2_ws/install/mycobot_bringup' for CMake config files
[2.359s] Level 1:colcon.colcon_core.shell:create_environment_hook('mycobot_bringup', 'cmake_prefix_path')
[2.359s] INFO:colcon.colcon_core.shell:Creating environment hook '/home/notandi/ros2_ws/install/mycobot_bringup/share/mycobot_bringup/hook/cmake_prefix_path.ps1'
[2.360s] INFO:colcon.colcon_core.shell:Creating environment descriptor '/home/notandi/ros2_ws/install/mycobot_bringup/share/mycobot_bringup/hook/cmake_prefix_path.dsv'
[2.360s] INFO:colcon.colcon_core.shell:Creating environment hook '/home/notandi/ros2_ws/install/mycobot_bringup/share/mycobot_bringup/hook/cmake_prefix_path.sh'
[2.361s] Level 1:colcon.colcon_core.environment:checking '/home/notandi/ros2_ws/install/mycobot_bringup/bin'
[2.361s] Level 1:colcon.colcon_core.environment:checking '/home/notandi/ros2_ws/install/mycobot_bringup/lib/pkgconfig/mycobot_bringup.pc'
[2.362s] Level 1:colcon.colcon_core.environment:checking '/home/notandi/ros2_ws/install/mycobot_bringup/lib/python3.12/site-packages'
[2.362s] Level 1:colcon.colcon_core.environment:checking '/home/notandi/ros2_ws/install/mycobot_bringup/bin'
[2.363s] INFO:colcon.colcon_core.shell:Creating package script '/home/notandi/ros2_ws/install/mycobot_bringup/share/mycobot_bringup/package.ps1'
[2.363s] INFO:colcon.colcon_core.shell:Creating package descriptor '/home/notandi/ros2_ws/install/mycobot_bringup/share/mycobot_bringup/package.dsv'
[2.364s] INFO:colcon.colcon_core.shell:Creating package script '/home/notandi/ros2_ws/install/mycobot_bringup/share/mycobot_bringup/package.sh'
[2.365s] INFO:colcon.colcon_core.shell:Creating package script '/home/notandi/ros2_ws/install/mycobot_bringup/share/mycobot_bringup/package.bash'
[2.365s] INFO:colcon.colcon_core.shell:Creating package script '/home/notandi/ros2_ws/install/mycobot_bringup/share/mycobot_bringup/package.zsh'
[2.365s] Level 1:colcon.colcon_core.environment:create_file_with_runtime_dependencies(/home/notandi/ros2_ws/install/mycobot_bringup/share/colcon-core/packages/mycobot_bringup)
[2.366s] Level 1:colcon.colcon_core.environment:create_environment_scripts_only(mycobot_bringup)
[2.366s] Level 1:colcon.colcon_core.environment:checking '/home/notandi/ros2_ws/install/mycobot_bringup' for CMake module files
[2.367s] Level 1:colcon.colcon_core.environment:checking '/home/notandi/ros2_ws/install/mycobot_bringup' for CMake config files
[2.367s] Level 1:colcon.colcon_core.shell:create_environment_hook('mycobot_bringup', 'cmake_prefix_path')
[2.367s] INFO:colcon.colcon_core.shell:Creating environment hook '/home/notandi/ros2_ws/install/mycobot_bringup/share/mycobot_bringup/hook/cmake_prefix_path.ps1'
[2.368s] INFO:colcon.colcon_core.shell:Creating environment descriptor '/home/notandi/ros2_ws/install/mycobot_bringup/share/mycobot_bringup/hook/cmake_prefix_path.dsv'
[2.368s] INFO:colcon.colcon_core.shell:Creating environment hook '/home/notandi/ros2_ws/install/mycobot_bringup/share/mycobot_bringup/hook/cmake_prefix_path.sh'
[2.369s] Level 1:colcon.colcon_core.environment:checking '/home/notandi/ros2_ws/install/mycobot_bringup/bin'
[2.369s] Level 1:colcon.colcon_core.environment:checking '/home/notandi/ros2_ws/install/mycobot_bringup/lib/pkgconfig/mycobot_bringup.pc'
[2.369s] Level 1:colcon.colcon_core.environment:checking '/home/notandi/ros2_ws/install/mycobot_bringup/lib/python3.12/site-packages'
[2.370s] Level 1:colcon.colcon_core.environment:checking '/home/notandi/ros2_ws/install/mycobot_bringup/bin'
[2.370s] INFO:colcon.colcon_core.shell:Creating package script '/home/notandi/ros2_ws/install/mycobot_bringup/share/mycobot_bringup/package.ps1'
[2.371s] INFO:colcon.colcon_core.shell:Creating package descriptor '/home/notandi/ros2_ws/install/mycobot_bringup/share/mycobot_bringup/package.dsv'
[2.372s] INFO:colcon.colcon_core.shell:Creating package script '/home/notandi/ros2_ws/install/mycobot_bringup/share/mycobot_bringup/package.sh'
[2.373s] INFO:colcon.colcon_core.shell:Creating package script '/home/notandi/ros2_ws/install/mycobot_bringup/share/mycobot_bringup/package.bash'
[2.374s] INFO:colcon.colcon_core.shell:Creating package script '/home/notandi/ros2_ws/install/mycobot_bringup/share/mycobot_bringup/package.zsh'
[2.374s] Level 1:colcon.colcon_core.environment:create_file_with_runtime_dependencies(/home/notandi/ros2_ws/install/mycobot_bringup/share/colcon-core/packages/mycobot_bringup)
[2.376s] Level 1:colcon.colcon_core.environment:create_environment_scripts_only(mycobot_description)
[2.376s] Level 1:colcon.colcon_core.environment:checking '/home/notandi/ros2_ws/install/mycobot_description' for CMake module files
[2.378s] DEBUG:colcon.colcon_core.event_handler.log_command:Invoked command in '/home/notandi/ros2_ws/build/mycobot_description' returned '0': CMAKE_PREFIX_PATH=${CMAKE_PREFIX_PATH}:/opt/ros/jazzy /usr/bin/cmake --install /home/notandi/ros2_ws/build/mycobot_description
[2.379s] Level 1:colcon.colcon_core.environment:checking '/home/notandi/ros2_ws/install/mycobot_description' for CMake config files
[2.388s] Level 1:colcon.colcon_core.shell:create_environment_hook('mycobot_description', 'cmake_prefix_path')
[2.388s] INFO:colcon.colcon_core.shell:Creating environment hook '/home/notandi/ros2_ws/install/mycobot_description/share/mycobot_description/hook/cmake_prefix_path.ps1'
[2.389s] INFO:colcon.colcon_core.shell:Creating environment descriptor '/home/notandi/ros2_ws/install/mycobot_description/share/mycobot_description/hook/cmake_prefix_path.dsv'
[2.390s] INFO:colcon.colcon_core.shell:Creating environment hook '/home/notandi/ros2_ws/install/mycobot_description/share/mycobot_description/hook/cmake_prefix_path.sh'
[2.391s] Level 1:colcon.colcon_core.environment:checking '/home/notandi/ros2_ws/install/mycobot_description/bin'
[2.391s] Level 1:colcon.colcon_core.environment:checking '/home/notandi/ros2_ws/install/mycobot_description/lib/pkgconfig/mycobot_description.pc'
[2.391s] Level 1:colcon.colcon_core.environment:checking '/home/notandi/ros2_ws/install/mycobot_description/lib/python3.12/site-packages'
[2.392s] Level 1:colcon.colcon_core.environment:checking '/home/notandi/ros2_ws/install/mycobot_description/bin'
[2.392s] INFO:colcon.colcon_core.shell:Creating package script '/home/notandi/ros2_ws/install/mycobot_description/share/mycobot_description/package.ps1'
[2.395s] INFO:colcon.colcon_core.shell:Creating package descriptor '/home/notandi/ros2_ws/install/mycobot_description/share/mycobot_description/package.dsv'
[2.400s] INFO:colcon.colcon_core.shell:Creating package script '/home/notandi/ros2_ws/install/mycobot_description/share/mycobot_description/package.sh'
[2.403s] INFO:colcon.colcon_core.shell:Creating package script '/home/notandi/ros2_ws/install/mycobot_description/share/mycobot_description/package.bash'
[2.406s] INFO:colcon.colcon_core.shell:Creating package script '/home/notandi/ros2_ws/install/mycobot_description/share/mycobot_description/package.zsh'
[2.409s] Level 1:colcon.colcon_core.environment:create_file_with_runtime_dependencies(/home/notandi/ros2_ws/install/mycobot_description/share/colcon-core/packages/mycobot_description)
[2.413s] Level 1:colcon.colcon_core.environment:create_environment_scripts_only(mycobot_description)
[2.414s] Level 1:colcon.colcon_core.environment:checking '/home/notandi/ros2_ws/install/mycobot_description' for CMake module files
[2.421s] Level 1:colcon.colcon_core.environment:checking '/home/notandi/ros2_ws/install/mycobot_description' for CMake config files
[2.430s] Level 1:colcon.colcon_core.shell:create_environment_hook('mycobot_description', 'cmake_prefix_path')
[2.430s] INFO:colcon.colcon_core.shell:Creating environment hook '/home/notandi/ros2_ws/install/mycobot_description/share/mycobot_description/hook/cmake_prefix_path.ps1'
[2.435s] INFO:colcon.colcon_core.shell:Creating environment descriptor '/home/notandi/ros2_ws/install/mycobot_description/share/mycobot_description/hook/cmake_prefix_path.dsv'
[2.437s] INFO:colcon.colcon_core.shell:Creating environment hook '/home/notandi/ros2_ws/install/mycobot_description/share/mycobot_description/hook/cmake_prefix_path.sh'
[2.441s] Level 1:colcon.colcon_core.environment:checking '/home/notandi/ros2_ws/install/mycobot_description/bin'
[2.442s] Level 1:colcon.colcon_core.environment:checking '/home/notandi/ros2_ws/install/mycobot_description/lib/pkgconfig/mycobot_description.pc'
[2.442s] Level 1:colcon.colcon_core.environment:checking '/home/notandi/ros2_ws/install/mycobot_description/lib/python3.12/site-packages'
[2.443s] Level 1:colcon.colcon_core.environment:checking '/home/notandi/ros2_ws/install/mycobot_description/bin'
[2.443s] INFO:colcon.colcon_core.shell:Creating package script '/home/notandi/ros2_ws/install/mycobot_description/share/mycobot_description/package.ps1'
[2.448s] INFO:colcon.colcon_core.shell:Creating package descriptor '/home/notandi/ros2_ws/install/mycobot_description/share/mycobot_description/package.dsv'
[2.452s] INFO:colcon.colcon_core.shell:Creating package script '/home/notandi/ros2_ws/install/mycobot_description/share/mycobot_description/package.sh'
[2.455s] INFO:colcon.colcon_core.shell:Creating package script '/home/notandi/ros2_ws/install/mycobot_description/share/mycobot_description/package.bash'
[2.457s] INFO:colcon.colcon_core.shell:Creating package script '/home/notandi/ros2_ws/install/mycobot_description/share/mycobot_description/package.zsh'
[2.460s] Level 1:colcon.colcon_core.environment:create_file_with_runtime_dependencies(/home/notandi/ros2_ws/install/mycobot_description/share/colcon-core/packages/mycobot_description)
[2.760s] Level 1:colcon.colcon_core.environment:create_environment_scripts_only(mycobot_gazebo)
[2.761s] DEBUG:colcon.colcon_core.event_handler.log_command:Invoked command in '/home/notandi/ros2_ws/build/mycobot_gazebo' returned '0': CMAKE_PREFIX_PATH=${CMAKE_PREFIX_PATH}:/opt/ros/jazzy /usr/bin/cmake --install /home/notandi/ros2_ws/build/mycobot_gazebo
[2.761s] Level 1:colcon.colcon_core.environment:checking '/home/notandi/ros2_ws/install/mycobot_gazebo' for CMake module files
[2.763s] Level 1:colcon.colcon_core.environment:checking '/home/notandi/ros2_ws/install/mycobot_gazebo' for CMake config files
[2.859s] Level 1:colcon.colcon_core.shell:create_environment_hook('mycobot_gazebo', 'cmake_prefix_path')
[2.860s] INFO:colcon.colcon_core.shell:Creating environment hook '/home/notandi/ros2_ws/install/mycobot_gazebo/share/mycobot_gazebo/hook/cmake_prefix_path.ps1'
[2.861s] INFO:colcon.colcon_core.shell:Creating environment descriptor '/home/notandi/ros2_ws/install/mycobot_gazebo/share/mycobot_gazebo/hook/cmake_prefix_path.dsv'
[2.862s] INFO:colcon.colcon_core.shell:Creating environment hook '/home/notandi/ros2_ws/install/mycobot_gazebo/share/mycobot_gazebo/hook/cmake_prefix_path.sh'
[2.862s] Level 1:colcon.colcon_core.environment:checking '/home/notandi/ros2_ws/install/mycobot_gazebo/bin'
[2.863s] Level 1:colcon.colcon_core.environment:checking '/home/notandi/ros2_ws/install/mycobot_gazebo/lib/pkgconfig/mycobot_gazebo.pc'
[2.863s] Level 1:colcon.colcon_core.environment:checking '/home/notandi/ros2_ws/install/mycobot_gazebo/lib/python3.12/site-packages'
[2.863s] Level 1:colcon.colcon_core.environment:checking '/home/notandi/ros2_ws/install/mycobot_gazebo/bin'
[2.864s] INFO:colcon.colcon_core.shell:Creating package script '/home/notandi/ros2_ws/install/mycobot_gazebo/share/mycobot_gazebo/package.ps1'
[2.865s] INFO:colcon.colcon_core.shell:Creating package descriptor '/home/notandi/ros2_ws/install/mycobot_gazebo/share/mycobot_gazebo/package.dsv'
[2.870s] INFO:colcon.colcon_core.shell:Creating package script '/home/notandi/ros2_ws/install/mycobot_gazebo/share/mycobot_gazebo/package.sh'
[2.870s] INFO:colcon.colcon_core.shell:Creating package script '/home/notandi/ros2_ws/install/mycobot_gazebo/share/mycobot_gazebo/package.bash'
[2.871s] INFO:colcon.colcon_core.shell:Creating package script '/home/notandi/ros2_ws/install/mycobot_gazebo/share/mycobot_gazebo/package.zsh'
[2.872s] Level 1:colcon.colcon_core.environment:create_file_with_runtime_dependencies(/home/notandi/ros2_ws/install/mycobot_gazebo/share/colcon-core/packages/mycobot_gazebo)
[2.872s] Level 1:colcon.colcon_core.environment:create_environment_scripts_only(mycobot_gazebo)
[2.873s] Level 1:colcon.colcon_core.environment:checking '/home/notandi/ros2_ws/install/mycobot_gazebo' for CMake module files
[2.873s] Level 1:colcon.colcon_core.environment:checking '/home/notandi/ros2_ws/install/mycobot_gazebo' for CMake config files
[2.885s] Level 1:colcon.colcon_core.shell:create_environment_hook('mycobot_gazebo', 'cmake_prefix_path')
[2.886s] INFO:colcon.colcon_core.shell:Creating environment hook '/home/notandi/ros2_ws/install/mycobot_gazebo/share/mycobot_gazebo/hook/cmake_prefix_path.ps1'
[2.887s] INFO:colcon.colcon_core.shell:Creating environment descriptor '/home/notandi/ros2_ws/install/mycobot_gazebo/share/mycobot_gazebo/hook/cmake_prefix_path.dsv'
[2.888s] INFO:colcon.colcon_core.shell:Creating environment hook '/home/notandi/ros2_ws/install/mycobot_gazebo/share/mycobot_gazebo/hook/cmake_prefix_path.sh'
[2.888s] Level 1:colcon.colcon_core.environment:checking '/home/notandi/ros2_ws/install/mycobot_gazebo/bin'
[2.889s] Level 1:colcon.colcon_core.environment:checking '/home/notandi/ros2_ws/install/mycobot_gazebo/lib/pkgconfig/mycobot_gazebo.pc'
[2.889s] Level 1:colcon.colcon_core.environment:checking '/home/notandi/ros2_ws/install/mycobot_gazebo/lib/python3.12/site-packages'
[2.889s] Level 1:colcon.colcon_core.environment:checking '/home/notandi/ros2_ws/install/mycobot_gazebo/bin'
[2.890s] INFO:colcon.colcon_core.shell:Creating package script '/home/notandi/ros2_ws/install/mycobot_gazebo/share/mycobot_gazebo/package.ps1'
[2.890s] INFO:colcon.colcon_core.shell:Creating package descriptor '/home/notandi/ros2_ws/install/mycobot_gazebo/share/mycobot_gazebo/package.dsv'
[2.891s] INFO:colcon.colcon_core.shell:Creating package script '/home/notandi/ros2_ws/install/mycobot_gazebo/share/mycobot_gazebo/package.sh'
[2.892s] INFO:colcon.colcon_core.shell:Creating package script '/home/notandi/ros2_ws/install/mycobot_gazebo/share/mycobot_gazebo/package.bash'
[2.892s] INFO:colcon.colcon_core.shell:Creating package script '/home/notandi/ros2_ws/install/mycobot_gazebo/share/mycobot_gazebo/package.zsh'
[2.893s] Level 1:colcon.colcon_core.environment:create_file_with_runtime_dependencies(/home/notandi/ros2_ws/install/mycobot_gazebo/share/colcon-core/packages/mycobot_gazebo)
[26.668s] DEBUG:colcon.colcon_core.event_handler.log_command:Invoked command in '/home/notandi/ros2_ws/build/mycobot_system_tests' returned '0': CMAKE_PREFIX_PATH=${CMAKE_PREFIX_PATH}:/opt/ros/jazzy /usr/bin/cmake --build /home/notandi/ros2_ws/build/mycobot_system_tests -- -j12 -l12
[26.671s] DEBUG:colcon.colcon_core.event_handler.log_command:Invoking command in '/home/notandi/ros2_ws/build/mycobot_system_tests': CMAKE_PREFIX_PATH=${CMAKE_PREFIX_PATH}:/opt/ros/jazzy /usr/bin/cmake --install /home/notandi/ros2_ws/build/mycobot_system_tests
[26.791s] Level 1:colcon.colcon_core.environment:create_environment_scripts_only(mycobot_system_tests)
[26.792s] Level 1:colcon.colcon_core.environment:checking '/home/notandi/ros2_ws/install/mycobot_system_tests' for CMake module files
[26.795s] DEBUG:colcon.colcon_core.event_handler.log_command:Invoked command in '/home/notandi/ros2_ws/build/mycobot_system_tests' returned '0': CMAKE_PREFIX_PATH=${CMAKE_PREFIX_PATH}:/opt/ros/jazzy /usr/bin/cmake --install /home/notandi/ros2_ws/build/mycobot_system_tests
[26.797s] Level 1:colcon.colcon_core.environment:checking '/home/notandi/ros2_ws/install/mycobot_system_tests' for CMake config files
[26.806s] Level 1:colcon.colcon_core.shell:create_environment_hook('mycobot_system_tests', 'cmake_prefix_path')
[26.806s] INFO:colcon.colcon_core.shell:Creating environment hook '/home/notandi/ros2_ws/install/mycobot_system_tests/share/mycobot_system_tests/hook/cmake_prefix_path.ps1'
[26.808s] INFO:colcon.colcon_core.shell:Creating environment descriptor '/home/notandi/ros2_ws/install/mycobot_system_tests/share/mycobot_system_tests/hook/cmake_prefix_path.dsv'
[26.808s] INFO:colcon.colcon_core.shell:Creating environment hook '/home/notandi/ros2_ws/install/mycobot_system_tests/share/mycobot_system_tests/hook/cmake_prefix_path.sh'
[26.810s] Level 1:colcon.colcon_core.environment:checking '/home/notandi/ros2_ws/install/mycobot_system_tests/lib'
[26.810s] Level 1:colcon.colcon_core.environment:checking '/home/notandi/ros2_ws/install/mycobot_system_tests/bin'
[26.810s] Level 1:colcon.colcon_core.environment:checking '/home/notandi/ros2_ws/install/mycobot_system_tests/lib/pkgconfig/mycobot_system_tests.pc'
[26.811s] Level 1:colcon.colcon_core.environment:checking '/home/notandi/ros2_ws/install/mycobot_system_tests/lib/python3.12/site-packages'
[26.812s] Level 1:colcon.colcon_core.environment:checking '/home/notandi/ros2_ws/install/mycobot_system_tests/bin'
[26.812s] INFO:colcon.colcon_core.shell:Creating package script '/home/notandi/ros2_ws/install/mycobot_system_tests/share/mycobot_system_tests/package.ps1'
[26.813s] INFO:colcon.colcon_core.shell:Creating package descriptor '/home/notandi/ros2_ws/install/mycobot_system_tests/share/mycobot_system_tests/package.dsv'
[26.814s] INFO:colcon.colcon_core.shell:Creating package script '/home/notandi/ros2_ws/install/mycobot_system_tests/share/mycobot_system_tests/package.sh'
[26.814s] INFO:colcon.colcon_core.shell:Creating package script '/home/notandi/ros2_ws/install/mycobot_system_tests/share/mycobot_system_tests/package.bash'
[26.815s] INFO:colcon.colcon_core.shell:Creating package script '/home/notandi/ros2_ws/install/mycobot_system_tests/share/mycobot_system_tests/package.zsh'
[26.815s] Level 1:colcon.colcon_core.environment:create_file_with_runtime_dependencies(/home/notandi/ros2_ws/install/mycobot_system_tests/share/colcon-core/packages/mycobot_system_tests)
[26.816s] Level 1:colcon.colcon_core.environment:create_environment_scripts_only(mycobot_system_tests)
[26.817s] Level 1:colcon.colcon_core.environment:checking '/home/notandi/ros2_ws/install/mycobot_system_tests' for CMake module files
[26.818s] Level 1:colcon.colcon_core.environment:checking '/home/notandi/ros2_ws/install/mycobot_system_tests' for CMake config files
[26.819s] Level 1:colcon.colcon_core.shell:create_environment_hook('mycobot_system_tests', 'cmake_prefix_path')
[26.819s] INFO:colcon.colcon_core.shell:Creating environment hook '/home/notandi/ros2_ws/install/mycobot_system_tests/share/mycobot_system_tests/hook/cmake_prefix_path.ps1'
[26.820s] INFO:colcon.colcon_core.shell:Creating environment descriptor '/home/notandi/ros2_ws/install/mycobot_system_tests/share/mycobot_system_tests/hook/cmake_prefix_path.dsv'
[26.821s] INFO:colcon.colcon_core.shell:Creating environment hook '/home/notandi/ros2_ws/install/mycobot_system_tests/share/mycobot_system_tests/hook/cmake_prefix_path.sh'
[26.821s] Level 1:colcon.colcon_core.environment:checking '/home/notandi/ros2_ws/install/mycobot_system_tests/lib'
[26.821s] Level 1:colcon.colcon_core.environment:checking '/home/notandi/ros2_ws/install/mycobot_system_tests/bin'
[26.822s] Level 1:colcon.colcon_core.environment:checking '/home/notandi/ros2_ws/install/mycobot_system_tests/lib/pkgconfig/mycobot_system_tests.pc'
[26.822s] Level 1:colcon.colcon_core.environment:checking '/home/notandi/ros2_ws/install/mycobot_system_tests/lib/python3.12/site-packages'
[26.823s] Level 1:colcon.colcon_core.environment:checking '/home/notandi/ros2_ws/install/mycobot_system_tests/bin'
[26.823s] INFO:colcon.colcon_core.shell:Creating package script '/home/notandi/ros2_ws/install/mycobot_system_tests/share/mycobot_system_tests/package.ps1'
[26.824s] INFO:colcon.colcon_core.shell:Creating package descriptor '/home/notandi/ros2_ws/install/mycobot_system_tests/share/mycobot_system_tests/package.dsv'
[26.825s] INFO:colcon.colcon_core.shell:Creating package script '/home/notandi/ros2_ws/install/mycobot_system_tests/share/mycobot_system_tests/package.sh'
[26.826s] INFO:colcon.colcon_core.shell:Creating package script '/home/notandi/ros2_ws/install/mycobot_system_tests/share/mycobot_system_tests/package.bash'
[26.826s] INFO:colcon.colcon_core.shell:Creating package script '/home/notandi/ros2_ws/install/mycobot_system_tests/share/mycobot_system_tests/package.zsh'
[26.827s] Level 1:colcon.colcon_core.environment:create_file_with_runtime_dependencies(/home/notandi/ros2_ws/install/mycobot_system_tests/share/colcon-core/packages/mycobot_system_tests)
[26.828s] INFO:colcon.colcon_ros.task.ament_cmake.build:Building ROS package in '/home/notandi/ros2_ws/src/mycobot_ros2/mycobot_ros2' with build type 'ament_cmake'
[26.828s] INFO:colcon.colcon_cmake.task.cmake.build:Building CMake package in '/home/notandi/ros2_ws/src/mycobot_ros2/mycobot_ros2'
[26.828s] INFO:colcon.colcon_core.shell:Skip shell extension 'powershell' for command environment: Not usable outside of PowerShell
[26.828s] DEBUG:colcon.colcon_core.shell:Skip shell extension 'dsv' for command environment
[27.969s] DEBUG:colcon.colcon_core.event_handler.log_command:Invoking command in '/home/notandi/ros2_ws/build/mycobot_ros2': AMENT_PREFIX_PATH=/home/notandi/ros2_ws/install/mycobot_system_tests:/home/notandi/ros2_ws/install/mycobot_moveit_config:/home/notandi/ros2_ws/install/mycobot_gazebo:/home/notandi/ros2_ws/install/mycobot_description:/home/notandi/ros2_ws/install/mycobot_bringup:${AMENT_PREFIX_PATH} CMAKE_PREFIX_PATH=/home/notandi/ros2_ws/install/mycobot_system_tests:/home/notandi/ros2_ws/install/mycobot_moveit_config:/home/notandi/ros2_ws/install/mycobot_gazebo:/home/notandi/ros2_ws/install/mycobot_description:/home/notandi/ros2_ws/install/mycobot_bringup:/opt/ros/jazzy/opt/gz_sim_vendor:/opt/ros/jazzy/opt/gz_sensors_vendor:/opt/ros/jazzy/opt/gz_physics_vendor:/opt/ros/jazzy/opt/sdformat_vendor:/opt/ros/jazzy/opt/gz_gui_vendor:/opt/ros/jazzy/opt/gz_transport_vendor:/opt/ros/jazzy/opt/gz_rendering_vendor:/opt/ros/jazzy/opt/gz_plugin_vendor:/opt/ros/jazzy/opt/gz_fuel_tools_vendor:/opt/ros/jazzy/opt/gz_msgs_vendor:/opt/ros/jazzy/opt/gz_common_vendor:/opt/ros/jazzy/opt/gz_math_vendor:/opt/ros/jazzy/opt/gz_utils_vendor:/opt/ros/jazzy/opt/gz_tools_vendor:/opt/ros/jazzy/opt/gz_ogre_next_vendor:/opt/ros/jazzy/opt/gz_dartsim_vendor:/opt/ros/jazzy/opt/gz_cmake_vendor:/opt/ros/jazzy /usr/bin/cmake --build /home/notandi/ros2_ws/build/mycobot_ros2 -- -j12 -l12
[28.047s] DEBUG:colcon.colcon_core.event_handler.log_command:Invoked command in '/home/notandi/ros2_ws/build/mycobot_ros2' returned '0': AMENT_PREFIX_PATH=/home/notandi/ros2_ws/install/mycobot_system_tests:/home/notandi/ros2_ws/install/mycobot_moveit_config:/home/notandi/ros2_ws/install/mycobot_gazebo:/home/notandi/ros2_ws/install/mycobot_description:/home/notandi/ros2_ws/install/mycobot_bringup:${AMENT_PREFIX_PATH} CMAKE_PREFIX_PATH=/home/notandi/ros2_ws/install/mycobot_system_tests:/home/notandi/ros2_ws/install/mycobot_moveit_config:/home/notandi/ros2_ws/install/mycobot_gazebo:/home/notandi/ros2_ws/install/mycobot_description:/home/notandi/ros2_ws/install/mycobot_bringup:/opt/ros/jazzy/opt/gz_sim_vendor:/opt/ros/jazzy/opt/gz_sensors_vendor:/opt/ros/jazzy/opt/gz_physics_vendor:/opt/ros/jazzy/opt/sdformat_vendor:/opt/ros/jazzy/opt/gz_gui_vendor:/opt/ros/jazzy/opt/gz_transport_vendor:/opt/ros/jazzy/opt/gz_rendering_vendor:/opt/ros/jazzy/opt/gz_plugin_vendor:/opt/ros/jazzy/opt/gz_fuel_tools_vendor:/opt/ros/jazzy/opt/gz_msgs_vendor:/opt/ros/jazzy/opt/gz_common_vendor:/opt/ros/jazzy/opt/gz_math_vendor:/opt/ros/jazzy/opt/gz_utils_vendor:/opt/ros/jazzy/opt/gz_tools_vendor:/opt/ros/jazzy/opt/gz_ogre_next_vendor:/opt/ros/jazzy/opt/gz_dartsim_vendor:/opt/ros/jazzy/opt/gz_cmake_vendor:/opt/ros/jazzy /usr/bin/cmake --build /home/notandi/ros2_ws/build/mycobot_ros2 -- -j12 -l12
[28.052s] DEBUG:colcon.colcon_core.event_handler.log_command:Invoking command in '/home/notandi/ros2_ws/build/mycobot_ros2': AMENT_PREFIX_PATH=/home/notandi/ros2_ws/install/mycobot_system_tests:/home/notandi/ros2_ws/install/mycobot_moveit_config:/home/notandi/ros2_ws/install/mycobot_gazebo:/home/notandi/ros2_ws/install/mycobot_description:/home/notandi/ros2_ws/install/mycobot_bringup:${AMENT_PREFIX_PATH} CMAKE_PREFIX_PATH=/home/notandi/ros2_ws/install/mycobot_system_tests:/home/notandi/ros2_ws/install/mycobot_moveit_config:/home/notandi/ros2_ws/install/mycobot_gazebo:/home/notandi/ros2_ws/install/mycobot_description:/home/notandi/ros2_ws/install/mycobot_bringup:/opt/ros/jazzy/opt/gz_sim_vendor:/opt/ros/jazzy/opt/gz_sensors_vendor:/opt/ros/jazzy/opt/gz_physics_vendor:/opt/ros/jazzy/opt/sdformat_vendor:/opt/ros/jazzy/opt/gz_gui_vendor:/opt/ros/jazzy/opt/gz_transport_vendor:/opt/ros/jazzy/opt/gz_rendering_vendor:/opt/ros/jazzy/opt/gz_plugin_vendor:/opt/ros/jazzy/opt/gz_fuel_tools_vendor:/opt/ros/jazzy/opt/gz_msgs_vendor:/opt/ros/jazzy/opt/gz_common_vendor:/opt/ros/jazzy/opt/gz_math_vendor:/opt/ros/jazzy/opt/gz_utils_vendor:/opt/ros/jazzy/opt/gz_tools_vendor:/opt/ros/jazzy/opt/gz_ogre_next_vendor:/opt/ros/jazzy/opt/gz_dartsim_vendor:/opt/ros/jazzy/opt/gz_cmake_vendor:/opt/ros/jazzy /usr/bin/cmake --install /home/notandi/ros2_ws/build/mycobot_ros2
[28.114s] Level 1:colcon.colcon_core.environment:create_environment_scripts_only(mycobot_ros2)
[28.115s] Level 1:colcon.colcon_core.environment:checking '/home/notandi/ros2_ws/install/mycobot_ros2' for CMake module files
[28.116s] DEBUG:colcon.colcon_core.event_handler.log_command:Invoked command in '/home/notandi/ros2_ws/build/mycobot_ros2' returned '0': AMENT_PREFIX_PATH=/home/notandi/ros2_ws/install/mycobot_system_tests:/home/notandi/ros2_ws/install/mycobot_moveit_config:/home/notandi/ros2_ws/install/mycobot_gazebo:/home/notandi/ros2_ws/install/mycobot_description:/home/notandi/ros2_ws/install/mycobot_bringup:${AMENT_PREFIX_PATH} CMAKE_PREFIX_PATH=/home/notandi/ros2_ws/install/mycobot_system_tests:/home/notandi/ros2_ws/install/mycobot_moveit_config:/home/notandi/ros2_ws/install/mycobot_gazebo:/home/notandi/ros2_ws/install/mycobot_description:/home/notandi/ros2_ws/install/mycobot_bringup:/opt/ros/jazzy/opt/gz_sim_vendor:/opt/ros/jazzy/opt/gz_sensors_vendor:/opt/ros/jazzy/opt/gz_physics_vendor:/opt/ros/jazzy/opt/sdformat_vendor:/opt/ros/jazzy/opt/gz_gui_vendor:/opt/ros/jazzy/opt/gz_transport_vendor:/opt/ros/jazzy/opt/gz_rendering_vendor:/opt/ros/jazzy/opt/gz_plugin_vendor:/opt/ros/jazzy/opt/gz_fuel_tools_vendor:/opt/ros/jazzy/opt/gz_msgs_vendor:/opt/ros/jazzy/opt/gz_common_vendor:/opt/ros/jazzy/opt/gz_math_vendor:/opt/ros/jazzy/opt/gz_utils_vendor:/opt/ros/jazzy/opt/gz_tools_vendor:/opt/ros/jazzy/opt/gz_ogre_next_vendor:/opt/ros/jazzy/opt/gz_dartsim_vendor:/opt/ros/jazzy/opt/gz_cmake_vendor:/opt/ros/jazzy /usr/bin/cmake --install /home/notandi/ros2_ws/build/mycobot_ros2
[28.117s] Level 1:colcon.colcon_core.environment:checking '/home/notandi/ros2_ws/install/mycobot_ros2' for CMake config files
[28.118s] Level 1:colcon.colcon_core.shell:create_environment_hook('mycobot_ros2', 'cmake_prefix_path')
[28.118s] INFO:colcon.colcon_core.shell:Creating environment hook '/home/notandi/ros2_ws/install/mycobot_ros2/share/mycobot_ros2/hook/cmake_prefix_path.ps1'
[28.119s] INFO:colcon.colcon_core.shell:Creating environment descriptor '/home/notandi/ros2_ws/install/mycobot_ros2/share/mycobot_ros2/hook/cmake_prefix_path.dsv'
[28.119s] INFO:colcon.colcon_core.shell:Creating environment hook '/home/notandi/ros2_ws/install/mycobot_ros2/share/mycobot_ros2/hook/cmake_prefix_path.sh'
[28.120s] Level 1:colcon.colcon_core.environment:checking '/home/notandi/ros2_ws/install/mycobot_ros2/bin'
[28.120s] Level 1:colcon.colcon_core.environment:checking '/home/notandi/ros2_ws/install/mycobot_ros2/lib/pkgconfig/mycobot_ros2.pc'
[28.121s] Level 1:colcon.colcon_core.environment:checking '/home/notandi/ros2_ws/install/mycobot_ros2/lib/python3.12/site-packages'
[28.121s] Level 1:colcon.colcon_core.environment:checking '/home/notandi/ros2_ws/install/mycobot_ros2/bin'
[28.121s] INFO:colcon.colcon_core.shell:Creating package script '/home/notandi/ros2_ws/install/mycobot_ros2/share/mycobot_ros2/package.ps1'
[28.122s] INFO:colcon.colcon_core.shell:Creating package descriptor '/home/notandi/ros2_ws/install/mycobot_ros2/share/mycobot_ros2/package.dsv'
[28.123s] INFO:colcon.colcon_core.shell:Creating package script '/home/notandi/ros2_ws/install/mycobot_ros2/share/mycobot_ros2/package.sh'
[28.123s] INFO:colcon.colcon_core.shell:Creating package script '/home/notandi/ros2_ws/install/mycobot_ros2/share/mycobot_ros2/package.bash'
[28.124s] INFO:colcon.colcon_core.shell:Creating package script '/home/notandi/ros2_ws/install/mycobot_ros2/share/mycobot_ros2/package.zsh'
[28.124s] Level 1:colcon.colcon_core.environment:create_file_with_runtime_dependencies(/home/notandi/ros2_ws/install/mycobot_ros2/share/colcon-core/packages/mycobot_ros2)
[28.126s] Level 1:colcon.colcon_core.environment:create_environment_scripts_only(mycobot_ros2)
[28.126s] Level 1:colcon.colcon_core.environment:checking '/home/notandi/ros2_ws/install/mycobot_ros2' for CMake module files
[28.127s] Level 1:colcon.colcon_core.environment:checking '/home/notandi/ros2_ws/install/mycobot_ros2' for CMake config files
[28.127s] Level 1:colcon.colcon_core.shell:create_environment_hook('mycobot_ros2', 'cmake_prefix_path')
[28.127s] INFO:colcon.colcon_core.shell:Creating environment hook '/home/notandi/ros2_ws/install/mycobot_ros2/share/mycobot_ros2/hook/cmake_prefix_path.ps1'
[28.128s] INFO:colcon.colcon_core.shell:Creating environment descriptor '/home/notandi/ros2_ws/install/mycobot_ros2/share/mycobot_ros2/hook/cmake_prefix_path.dsv'
[28.129s] INFO:colcon.colcon_core.shell:Creating environment hook '/home/notandi/ros2_ws/install/mycobot_ros2/share/mycobot_ros2/hook/cmake_prefix_path.sh'
[28.130s] Level 1:colcon.colcon_core.environment:checking '/home/notandi/ros2_ws/install/mycobot_ros2/bin'
[28.130s] Level 1:colcon.colcon_core.environment:checking '/home/notandi/ros2_ws/install/mycobot_ros2/lib/pkgconfig/mycobot_ros2.pc'
[28.131s] Level 1:colcon.colcon_core.environment:checking '/home/notandi/ros2_ws/install/mycobot_ros2/lib/python3.12/site-packages'
[28.131s] Level 1:colcon.colcon_core.environment:checking '/home/notandi/ros2_ws/install/mycobot_ros2/bin'
[28.131s] INFO:colcon.colcon_core.shell:Creating package script '/home/notandi/ros2_ws/install/mycobot_ros2/share/mycobot_ros2/package.ps1'
[28.132s] INFO:colcon.colcon_core.shell:Creating package descriptor '/home/notandi/ros2_ws/install/mycobot_ros2/share/mycobot_ros2/package.dsv'
[28.133s] INFO:colcon.colcon_core.shell:Creating package script '/home/notandi/ros2_ws/install/mycobot_ros2/share/mycobot_ros2/package.sh'
[28.134s] INFO:colcon.colcon_core.shell:Creating package script '/home/notandi/ros2_ws/install/mycobot_ros2/share/mycobot_ros2/package.bash'
[28.134s] INFO:colcon.colcon_core.shell:Creating package script '/home/notandi/ros2_ws/install/mycobot_ros2/share/mycobot_ros2/package.zsh'
[28.135s] Level 1:colcon.colcon_core.environment:create_file_with_runtime_dependencies(/home/notandi/ros2_ws/install/mycobot_ros2/share/colcon-core/packages/mycobot_ros2)
[28.135s] DEBUG:colcon.colcon_parallel_executor.executor.parallel:closing loop
[28.137s] DEBUG:colcon.colcon_parallel_executor.executor.parallel:loop closed
[28.137s] DEBUG:colcon.colcon_parallel_executor.executor.parallel:run_until_complete finished with '0'
[28.138s] DEBUG:colcon.colcon_core.event_reactor:joining thread
[28.319s] INFO:colcon.colcon_core.plugin_system:Skipping extension 'colcon_notification.desktop_notification.notify_send': Could not find 'notify-send'
[28.320s] INFO:colcon.colcon_core.plugin_system:Skipping extension 'colcon_notification.desktop_notification.terminal_notifier': Not used on non-Darwin systems
[28.320s] INFO:colcon.colcon_core.plugin_system:Skipping extension 'colcon_notification.desktop_notification.win32': Not used on non-Windows systems
[28.320s] INFO:colcon.colcon_notification.desktop_notification:Sending desktop notification using 'notify2'
[28.326s] DEBUG:colcon.colcon_notification.desktop_notification.notify2:Failed to initialize notify2: org.freedesktop.DBus.Error.ServiceUnknown: The name org.freedesktop.Notifications was not provided by any .service files
[28.326s] DEBUG:colcon.colcon_core.event_reactor:joined thread
[28.327s] INFO:colcon.colcon_core.shell:Creating prefix script '/home/notandi/ros2_ws/install/local_setup.ps1'
[28.330s] INFO:colcon.colcon_core.shell:Creating prefix util module '/home/notandi/ros2_ws/install/_local_setup_util_ps1.py'
[28.334s] INFO:colcon.colcon_core.shell:Creating prefix chain script '/home/notandi/ros2_ws/install/setup.ps1'
[28.337s] INFO:colcon.colcon_core.shell:Creating prefix script '/home/notandi/ros2_ws/install/local_setup.sh'
[28.339s] INFO:colcon.colcon_core.shell:Creating prefix util module '/home/notandi/ros2_ws/install/_local_setup_util_sh.py'
[28.342s] INFO:colcon.colcon_core.shell:Creating prefix chain script '/home/notandi/ros2_ws/install/setup.sh'
[28.346s] INFO:colcon.colcon_core.shell:Creating prefix script '/home/notandi/ros2_ws/install/local_setup.bash'
[28.348s] INFO:colcon.colcon_core.shell:Creating prefix chain script '/home/notandi/ros2_ws/install/setup.bash'
[28.353s] INFO:colcon.colcon_core.shell:Creating prefix script '/home/notandi/ros2_ws/install/local_setup.zsh'
[28.355s] INFO:colcon.colcon_core.shell:Creating prefix chain script '/home/notandi/ros2_ws/install/setup.zsh'
