[0.644s] DEBUG:colcon:Command line arguments: ['/usr/bin/colcon', 'build', '--symlink-install']
[0.644s] DEBUG:colcon:Parsed command line arguments: Namespace(log_base=None, log_level=None, verb_name='build', build_base='build', install_base='install', merge_install=False, symlink_install=True, test_result_base=None, continue_on_error=False, executor='parallel', parallel_workers=12, event_handlers=None, ignore_user_meta=False, metas=['./colcon.meta'], base_paths=['.'], packages_ignore=None, packages_ignore_regex=None, paths=None, packages_up_to=None, packages_up_to_regex=None, packages_above=None, packages_above_and_dependencies=None, packages_above_depth=None, packages_select_by_dep=None, packages_skip_by_dep=None, packages_skip_up_to=None, packages_select_build_failed=False, packages_skip_build_finished=False, packages_select_test_failures=False, packages_skip_test_passed=False, packages_select=None, packages_skip=None, packages_select_regex=None, packages_skip_regex=None, packages_start=None, packages_end=None, allow_overriding=[], cmake_args=None, cmake_target=None, cmake_target_skip_unavailable=False, cmake_clean_cache=False, cmake_clean_first=False, cmake_force_configure=False, ament_cmake_args=None, catkin_cmake_args=None, catkin_skip_building_tests=False, mixin_files=None, mixin=None, verb_parser=<colcon_mixin.mixin.mixin_argument.MixinArgumentDecorator object at 0x75956878e1e0>, verb_extension=<colcon_core.verb.build.BuildVerb object at 0x75956878de80>, main=<bound method BuildVerb.main of <colcon_core.verb.build.BuildVerb object at 0x75956878de80>>, mixin_verb=('build',))
[0.721s] Level 1:colcon.colcon_core.package_discovery:discover_packages(colcon_meta) check parameters
[0.721s] Level 1:colcon.colcon_core.package_discovery:discover_packages(recursive) check parameters
[0.721s] Level 1:colcon.colcon_core.package_discovery:discover_packages(ignore) check parameters
[0.721s] Level 1:colcon.colcon_core.package_discovery:discover_packages(path) check parameters
[0.721s] Level 1:colcon.colcon_core.package_discovery:discover_packages(colcon_meta) discover
[0.722s] Level 1:colcon.colcon_core.package_discovery:discover_packages(recursive) discover
[0.722s] INFO:colcon.colcon_core.package_discovery:Crawling recursively for packages in '/home/notandi/ros2_ws'
[0.722s] Level 1:colcon.colcon_core.package_identification:_identify(.) by extensions ['ignore', 'ignore_ament_install']
[0.722s] Level 1:colcon.colcon_core.package_identification:_identify(.) by extension 'ignore'
[0.722s] Level 1:colcon.colcon_core.package_identification:_identify(.) by extension 'ignore_ament_install'
[0.722s] Level 1:colcon.colcon_core.package_identification:_identify(.) by extensions ['colcon_pkg']
[0.722s] Level 1:colcon.colcon_core.package_identification:_identify(.) by extension 'colcon_pkg'
[0.722s] Level 1:colcon.colcon_core.package_identification:_identify(.) by extensions ['colcon_meta']
[0.722s] Level 1:colcon.colcon_core.package_identification:_identify(.) by extension 'colcon_meta'
[0.722s] Level 1:colcon.colcon_core.package_identification:_identify(.) by extensions ['ros']
[0.723s] Level 1:colcon.colcon_core.package_identification:_identify(.) by extension 'ros'
[0.772s] Level 1:colcon.colcon_core.package_identification:_identify(.) by extensions ['cmake', 'python']
[0.772s] Level 1:colcon.colcon_core.package_identification:_identify(.) by extension 'cmake'
[0.772s] Level 1:colcon.colcon_core.package_identification:_identify(.) by extension 'python'
[0.772s] Level 1:colcon.colcon_core.package_identification:_identify(.) by extensions ['python_setup_py']
[0.772s] Level 1:colcon.colcon_core.package_identification:_identify(.) by extension 'python_setup_py'
[0.773s] Level 1:colcon.colcon_core.package_identification:_identify(build) by extensions ['ignore', 'ignore_ament_install']
[0.773s] Level 1:colcon.colcon_core.package_identification:_identify(build) by extension 'ignore'
[0.773s] Level 1:colcon.colcon_core.package_identification:_identify(build) ignored
[0.773s] Level 1:colcon.colcon_core.package_identification:_identify(install) by extensions ['ignore', 'ignore_ament_install']
[0.773s] Level 1:colcon.colcon_core.package_identification:_identify(install) by extension 'ignore'
[0.773s] Level 1:colcon.colcon_core.package_identification:_identify(install) ignored
[0.774s] Level 1:colcon.colcon_core.package_identification:_identify(log) by extensions ['ignore', 'ignore_ament_install']
[0.774s] Level 1:colcon.colcon_core.package_identification:_identify(log) by extension 'ignore'
[0.774s] Level 1:colcon.colcon_core.package_identification:_identify(log) ignored
[0.774s] Level 1:colcon.colcon_core.package_identification:_identify(src) by extensions ['ignore', 'ignore_ament_install']
[0.774s] Level 1:colcon.colcon_core.package_identification:_identify(src) by extension 'ignore'
[0.774s] Level 1:colcon.colcon_core.package_identification:_identify(src) by extension 'ignore_ament_install'
[0.774s] Level 1:colcon.colcon_core.package_identification:_identify(src) by extensions ['colcon_pkg']
[0.774s] Level 1:colcon.colcon_core.package_identification:_identify(src) by extension 'colcon_pkg'
[0.774s] Level 1:colcon.colcon_core.package_identification:_identify(src) by extensions ['colcon_meta']
[0.774s] Level 1:colcon.colcon_core.package_identification:_identify(src) by extension 'colcon_meta'
[0.774s] Level 1:colcon.colcon_core.package_identification:_identify(src) by extensions ['ros']
[0.774s] Level 1:colcon.colcon_core.package_identification:_identify(src) by extension 'ros'
[0.775s] Level 1:colcon.colcon_core.package_identification:_identify(src) by extensions ['cmake', 'python']
[0.775s] Level 1:colcon.colcon_core.package_identification:_identify(src) by extension 'cmake'
[0.775s] Level 1:colcon.colcon_core.package_identification:_identify(src) by extension 'python'
[0.775s] Level 1:colcon.colcon_core.package_identification:_identify(src) by extensions ['python_setup_py']
[0.775s] Level 1:colcon.colcon_core.package_identification:_identify(src) by extension 'python_setup_py'
[0.775s] Level 1:colcon.colcon_core.package_identification:_identify(src/build) by extensions ['ignore', 'ignore_ament_install']
[0.775s] Level 1:colcon.colcon_core.package_identification:_identify(src/build) by extension 'ignore'
[0.775s] Level 1:colcon.colcon_core.package_identification:_identify(src/build) ignored
[0.775s] Level 1:colcon.colcon_core.package_identification:_identify(src/install) by extensions ['ignore', 'ignore_ament_install']
[0.775s] Level 1:colcon.colcon_core.package_identification:_identify(src/install) by extension 'ignore'
[0.775s] Level 1:colcon.colcon_core.package_identification:_identify(src/install) ignored
[0.775s] Level 1:colcon.colcon_core.package_identification:_identify(src/log) by extensions ['ignore', 'ignore_ament_install']
[0.776s] Level 1:colcon.colcon_core.package_identification:_identify(src/log) by extension 'ignore'
[0.776s] Level 1:colcon.colcon_core.package_identification:_identify(src/log) ignored
[0.776s] Level 1:colcon.colcon_core.package_identification:_identify(src/mycobot_ros2) by extensions ['ignore', 'ignore_ament_install']
[0.776s] Level 1:colcon.colcon_core.package_identification:_identify(src/mycobot_ros2) by extension 'ignore'
[0.776s] Level 1:colcon.colcon_core.package_identification:_identify(src/mycobot_ros2) by extension 'ignore_ament_install'
[0.776s] Level 1:colcon.colcon_core.package_identification:_identify(src/mycobot_ros2) by extensions ['colcon_pkg']
[0.776s] Level 1:colcon.colcon_core.package_identification:_identify(src/mycobot_ros2) by extension 'colcon_pkg'
[0.776s] Level 1:colcon.colcon_core.package_identification:_identify(src/mycobot_ros2) by extensions ['colcon_meta']
[0.777s] Level 1:colcon.colcon_core.package_identification:_identify(src/mycobot_ros2) by extension 'colcon_meta'
[0.777s] Level 1:colcon.colcon_core.package_identification:_identify(src/mycobot_ros2) by extensions ['ros']
[0.777s] Level 1:colcon.colcon_core.package_identification:_identify(src/mycobot_ros2) by extension 'ros'
[0.777s] Level 1:colcon.colcon_core.package_identification:_identify(src/mycobot_ros2) by extensions ['cmake', 'python']
[0.777s] Level 1:colcon.colcon_core.package_identification:_identify(src/mycobot_ros2) by extension 'cmake'
[0.777s] Level 1:colcon.colcon_core.package_identification:_identify(src/mycobot_ros2) by extension 'python'
[0.777s] Level 1:colcon.colcon_core.package_identification:_identify(src/mycobot_ros2) by extensions ['python_setup_py']
[0.777s] Level 1:colcon.colcon_core.package_identification:_identify(src/mycobot_ros2) by extension 'python_setup_py'
[0.777s] Level 1:colcon.colcon_core.package_identification:_identify(src/mycobot_ros2/build) by extensions ['ignore', 'ignore_ament_install']
[0.777s] Level 1:colcon.colcon_core.package_identification:_identify(src/mycobot_ros2/build) by extension 'ignore'
[0.778s] Level 1:colcon.colcon_core.package_identification:_identify(src/mycobot_ros2/build) ignored
[0.778s] Level 1:colcon.colcon_core.package_identification:_identify(src/mycobot_ros2/install) by extensions ['ignore', 'ignore_ament_install']
[0.778s] Level 1:colcon.colcon_core.package_identification:_identify(src/mycobot_ros2/install) by extension 'ignore'
[0.778s] Level 1:colcon.colcon_core.package_identification:_identify(src/mycobot_ros2/install) ignored
[0.778s] Level 1:colcon.colcon_core.package_identification:_identify(src/mycobot_ros2/log) by extensions ['ignore', 'ignore_ament_install']
[0.778s] Level 1:colcon.colcon_core.package_identification:_identify(src/mycobot_ros2/log) by extension 'ignore'
[0.778s] Level 1:colcon.colcon_core.package_identification:_identify(src/mycobot_ros2/log) ignored
[0.778s] Level 1:colcon.colcon_core.package_identification:_identify(src/mycobot_ros2/mycobot_bringup) by extensions ['ignore', 'ignore_ament_install']
[0.778s] Level 1:colcon.colcon_core.package_identification:_identify(src/mycobot_ros2/mycobot_bringup) by extension 'ignore'
[0.778s] Level 1:colcon.colcon_core.package_identification:_identify(src/mycobot_ros2/mycobot_bringup) by extension 'ignore_ament_install'
[0.778s] Level 1:colcon.colcon_core.package_identification:_identify(src/mycobot_ros2/mycobot_bringup) by extensions ['colcon_pkg']
[0.778s] Level 1:colcon.colcon_core.package_identification:_identify(src/mycobot_ros2/mycobot_bringup) by extension 'colcon_pkg'
[0.779s] Level 1:colcon.colcon_core.package_identification:_identify(src/mycobot_ros2/mycobot_bringup) by extensions ['colcon_meta']
[0.779s] Level 1:colcon.colcon_core.package_identification:_identify(src/mycobot_ros2/mycobot_bringup) by extension 'colcon_meta'
[0.779s] Level 1:colcon.colcon_core.package_identification:_identify(src/mycobot_ros2/mycobot_bringup) by extensions ['ros']
[0.779s] Level 1:colcon.colcon_core.package_identification:_identify(src/mycobot_ros2/mycobot_bringup) by extension 'ros'
[0.783s] DEBUG:colcon.colcon_core.package_identification:Package 'src/mycobot_ros2/mycobot_bringup' with type 'ros.ament_cmake' and name 'mycobot_bringup'
[0.783s] Level 1:colcon.colcon_core.package_identification:_identify(src/mycobot_ros2/mycobot_description) by extensions ['ignore', 'ignore_ament_install']
[0.784s] Level 1:colcon.colcon_core.package_identification:_identify(src/mycobot_ros2/mycobot_description) by extension 'ignore'
[0.784s] Level 1:colcon.colcon_core.package_identification:_identify(src/mycobot_ros2/mycobot_description) by extension 'ignore_ament_install'
[0.784s] Level 1:colcon.colcon_core.package_identification:_identify(src/mycobot_ros2/mycobot_description) by extensions ['colcon_pkg']
[0.784s] Level 1:colcon.colcon_core.package_identification:_identify(src/mycobot_ros2/mycobot_description) by extension 'colcon_pkg'
[0.784s] Level 1:colcon.colcon_core.package_identification:_identify(src/mycobot_ros2/mycobot_description) by extensions ['colcon_meta']
[0.784s] Level 1:colcon.colcon_core.package_identification:_identify(src/mycobot_ros2/mycobot_description) by extension 'colcon_meta'
[0.784s] Level 1:colcon.colcon_core.package_identification:_identify(src/mycobot_ros2/mycobot_description) by extensions ['ros']
[0.784s] Level 1:colcon.colcon_core.package_identification:_identify(src/mycobot_ros2/mycobot_description) by extension 'ros'
[0.785s] DEBUG:colcon.colcon_core.package_identification:Package 'src/mycobot_ros2/mycobot_description' with type 'ros.ament_cmake' and name 'mycobot_description'
[0.785s] Level 1:colcon.colcon_core.package_identification:_identify(src/mycobot_ros2/mycobot_gazebo) by extensions ['ignore', 'ignore_ament_install']
[0.785s] Level 1:colcon.colcon_core.package_identification:_identify(src/mycobot_ros2/mycobot_gazebo) by extension 'ignore'
[0.785s] Level 1:colcon.colcon_core.package_identification:_identify(src/mycobot_ros2/mycobot_gazebo) by extension 'ignore_ament_install'
[0.785s] Level 1:colcon.colcon_core.package_identification:_identify(src/mycobot_ros2/mycobot_gazebo) by extensions ['colcon_pkg']
[0.786s] Level 1:colcon.colcon_core.package_identification:_identify(src/mycobot_ros2/mycobot_gazebo) by extension 'colcon_pkg'
[0.786s] Level 1:colcon.colcon_core.package_identification:_identify(src/mycobot_ros2/mycobot_gazebo) by extensions ['colcon_meta']
[0.786s] Level 1:colcon.colcon_core.package_identification:_identify(src/mycobot_ros2/mycobot_gazebo) by extension 'colcon_meta'
[0.786s] Level 1:colcon.colcon_core.package_identification:_identify(src/mycobot_ros2/mycobot_gazebo) by extensions ['ros']
[0.786s] Level 1:colcon.colcon_core.package_identification:_identify(src/mycobot_ros2/mycobot_gazebo) by extension 'ros'
[0.787s] DEBUG:colcon.colcon_core.package_identification:Package 'src/mycobot_ros2/mycobot_gazebo' with type 'ros.ament_cmake' and name 'mycobot_gazebo'
[0.788s] Level 1:colcon.colcon_core.package_identification:_identify(src/mycobot_ros2/mycobot_moveit_config) by extensions ['ignore', 'ignore_ament_install']
[0.788s] Level 1:colcon.colcon_core.package_identification:_identify(src/mycobot_ros2/mycobot_moveit_config) by extension 'ignore'
[0.788s] Level 1:colcon.colcon_core.package_identification:_identify(src/mycobot_ros2/mycobot_moveit_config) by extension 'ignore_ament_install'
[0.788s] Level 1:colcon.colcon_core.package_identification:_identify(src/mycobot_ros2/mycobot_moveit_config) by extensions ['colcon_pkg']
[0.788s] Level 1:colcon.colcon_core.package_identification:_identify(src/mycobot_ros2/mycobot_moveit_config) by extension 'colcon_pkg'
[0.788s] Level 1:colcon.colcon_core.package_identification:_identify(src/mycobot_ros2/mycobot_moveit_config) by extensions ['colcon_meta']
[0.788s] Level 1:colcon.colcon_core.package_identification:_identify(src/mycobot_ros2/mycobot_moveit_config) by extension 'colcon_meta'
[0.788s] Level 1:colcon.colcon_core.package_identification:_identify(src/mycobot_ros2/mycobot_moveit_config) by extensions ['ros']
[0.788s] Level 1:colcon.colcon_core.package_identification:_identify(src/mycobot_ros2/mycobot_moveit_config) by extension 'ros'
[0.789s] DEBUG:colcon.colcon_core.package_identification:Package 'src/mycobot_ros2/mycobot_moveit_config' with type 'ros.ament_cmake' and name 'mycobot_moveit_config'
[0.789s] Level 1:colcon.colcon_core.package_identification:_identify(src/mycobot_ros2/mycobot_ros2) by extensions ['ignore', 'ignore_ament_install']
[0.789s] Level 1:colcon.colcon_core.package_identification:_identify(src/mycobot_ros2/mycobot_ros2) by extension 'ignore'
[0.789s] Level 1:colcon.colcon_core.package_identification:_identify(src/mycobot_ros2/mycobot_ros2) by extension 'ignore_ament_install'
[0.789s] Level 1:colcon.colcon_core.package_identification:_identify(src/mycobot_ros2/mycobot_ros2) by extensions ['colcon_pkg']
[0.789s] Level 1:colcon.colcon_core.package_identification:_identify(src/mycobot_ros2/mycobot_ros2) by extension 'colcon_pkg'
[0.790s] Level 1:colcon.colcon_core.package_identification:_identify(src/mycobot_ros2/mycobot_ros2) by extensions ['colcon_meta']
[0.790s] Level 1:colcon.colcon_core.package_identification:_identify(src/mycobot_ros2/mycobot_ros2) by extension 'colcon_meta'
[0.790s] Level 1:colcon.colcon_core.package_identification:_identify(src/mycobot_ros2/mycobot_ros2) by extensions ['ros']
[0.790s] Level 1:colcon.colcon_core.package_identification:_identify(src/mycobot_ros2/mycobot_ros2) by extension 'ros'
[0.790s] DEBUG:colcon.colcon_core.package_identification:Package 'src/mycobot_ros2/mycobot_ros2' with type 'ros.ament_cmake' and name 'mycobot_ros2'
[0.790s] Level 1:colcon.colcon_core.package_identification:_identify(src/mycobot_ros2/mycobot_system_tests) by extensions ['ignore', 'ignore_ament_install']
[0.791s] Level 1:colcon.colcon_core.package_identification:_identify(src/mycobot_ros2/mycobot_system_tests) by extension 'ignore'
[0.791s] Level 1:colcon.colcon_core.package_identification:_identify(src/mycobot_ros2/mycobot_system_tests) by extension 'ignore_ament_install'
[0.791s] Level 1:colcon.colcon_core.package_identification:_identify(src/mycobot_ros2/mycobot_system_tests) by extensions ['colcon_pkg']
[0.791s] Level 1:colcon.colcon_core.package_identification:_identify(src/mycobot_ros2/mycobot_system_tests) by extension 'colcon_pkg'
[0.791s] Level 1:colcon.colcon_core.package_identification:_identify(src/mycobot_ros2/mycobot_system_tests) by extensions ['colcon_meta']
[0.791s] Level 1:colcon.colcon_core.package_identification:_identify(src/mycobot_ros2/mycobot_system_tests) by extension 'colcon_meta'
[0.791s] Level 1:colcon.colcon_core.package_identification:_identify(src/mycobot_ros2/mycobot_system_tests) by extensions ['ros']
[0.791s] Level 1:colcon.colcon_core.package_identification:_identify(src/mycobot_ros2/mycobot_system_tests) by extension 'ros'
[0.791s] DEBUG:colcon.colcon_core.package_identification:Package 'src/mycobot_ros2/mycobot_system_tests' with type 'ros.ament_cmake' and name 'mycobot_system_tests'
[0.792s] Level 1:colcon.colcon_core.package_discovery:discover_packages(recursive) using defaults
[0.792s] Level 1:colcon.colcon_core.package_discovery:discover_packages(ignore) discover
[0.792s] Level 1:colcon.colcon_core.package_discovery:discover_packages(ignore) using defaults
[0.792s] Level 1:colcon.colcon_core.package_discovery:discover_packages(path) discover
[0.792s] Level 1:colcon.colcon_core.package_discovery:discover_packages(path) using defaults
[0.825s] Level 1:colcon.colcon_core.package_discovery:discover_packages(prefix_path) check parameters
[0.825s] Level 1:colcon.colcon_core.package_discovery:discover_packages(prefix_path) discover
[0.830s] DEBUG:colcon.colcon_installed_package_information.package_discovery:Found 374 installed packages in /opt/ros/jazzy
[0.833s] Level 1:colcon.colcon_core.package_discovery:discover_packages(prefix_path) using defaults
[0.911s] Level 5:colcon.colcon_core.verb:set package 'mycobot_bringup' build argument 'cmake_args' from command line to 'None'
[0.911s] Level 5:colcon.colcon_core.verb:set package 'mycobot_bringup' build argument 'cmake_target' from command line to 'None'
[0.911s] Level 5:colcon.colcon_core.verb:set package 'mycobot_bringup' build argument 'cmake_target_skip_unavailable' from command line to 'False'
[0.911s] Level 5:colcon.colcon_core.verb:set package 'mycobot_bringup' build argument 'cmake_clean_cache' from command line to 'False'
[0.911s] Level 5:colcon.colcon_core.verb:set package 'mycobot_bringup' build argument 'cmake_clean_first' from command line to 'False'
[0.911s] Level 5:colcon.colcon_core.verb:set package 'mycobot_bringup' build argument 'cmake_force_configure' from command line to 'False'
[0.911s] Level 5:colcon.colcon_core.verb:set package 'mycobot_bringup' build argument 'ament_cmake_args' from command line to 'None'
[0.912s] Level 5:colcon.colcon_core.verb:set package 'mycobot_bringup' build argument 'catkin_cmake_args' from command line to 'None'
[0.912s] Level 5:colcon.colcon_core.verb:set package 'mycobot_bringup' build argument 'catkin_skip_building_tests' from command line to 'False'
[0.912s] DEBUG:colcon.colcon_core.verb:Building package 'mycobot_bringup' with the following arguments: {'ament_cmake_args': None, 'build_base': '/home/notandi/ros2_ws/build/mycobot_bringup', 'catkin_cmake_args': None, 'catkin_skip_building_tests': False, 'cmake_args': None, 'cmake_clean_cache': False, 'cmake_clean_first': False, 'cmake_force_configure': False, 'cmake_target': None, 'cmake_target_skip_unavailable': False, 'install_base': '/home/notandi/ros2_ws/install/mycobot_bringup', 'merge_install': False, 'path': '/home/notandi/ros2_ws/src/mycobot_ros2/mycobot_bringup', 'symlink_install': True, 'test_result_base': None}
[0.912s] Level 5:colcon.colcon_core.verb:set package 'mycobot_description' build argument 'cmake_args' from command line to 'None'
[0.912s] Level 5:colcon.colcon_core.verb:set package 'mycobot_description' build argument 'cmake_target' from command line to 'None'
[0.912s] Level 5:colcon.colcon_core.verb:set package 'mycobot_description' build argument 'cmake_target_skip_unavailable' from command line to 'False'
[0.912s] Level 5:colcon.colcon_core.verb:set package 'mycobot_description' build argument 'cmake_clean_cache' from command line to 'False'
[0.912s] Level 5:colcon.colcon_core.verb:set package 'mycobot_description' build argument 'cmake_clean_first' from command line to 'False'
[0.912s] Level 5:colcon.colcon_core.verb:set package 'mycobot_description' build argument 'cmake_force_configure' from command line to 'False'
[0.912s] Level 5:colcon.colcon_core.verb:set package 'mycobot_description' build argument 'ament_cmake_args' from command line to 'None'
[0.912s] Level 5:colcon.colcon_core.verb:set package 'mycobot_description' build argument 'catkin_cmake_args' from command line to 'None'
[0.912s] Level 5:colcon.colcon_core.verb:set package 'mycobot_description' build argument 'catkin_skip_building_tests' from command line to 'False'
[0.912s] DEBUG:colcon.colcon_core.verb:Building package 'mycobot_description' with the following arguments: {'ament_cmake_args': None, 'build_base': '/home/notandi/ros2_ws/build/mycobot_description', 'catkin_cmake_args': None, 'catkin_skip_building_tests': False, 'cmake_args': None, 'cmake_clean_cache': False, 'cmake_clean_first': False, 'cmake_force_configure': False, 'cmake_target': None, 'cmake_target_skip_unavailable': False, 'install_base': '/home/notandi/ros2_ws/install/mycobot_description', 'merge_install': False, 'path': '/home/notandi/ros2_ws/src/mycobot_ros2/mycobot_description', 'symlink_install': True, 'test_result_base': None}
[0.913s] Level 5:colcon.colcon_core.verb:set package 'mycobot_gazebo' build argument 'cmake_args' from command line to 'None'
[0.913s] Level 5:colcon.colcon_core.verb:set package 'mycobot_gazebo' build argument 'cmake_target' from command line to 'None'
[0.913s] Level 5:colcon.colcon_core.verb:set package 'mycobot_gazebo' build argument 'cmake_target_skip_unavailable' from command line to 'False'
[0.913s] Level 5:colcon.colcon_core.verb:set package 'mycobot_gazebo' build argument 'cmake_clean_cache' from command line to 'False'
[0.913s] Level 5:colcon.colcon_core.verb:set package 'mycobot_gazebo' build argument 'cmake_clean_first' from command line to 'False'
[0.913s] Level 5:colcon.colcon_core.verb:set package 'mycobot_gazebo' build argument 'cmake_force_configure' from command line to 'False'
[0.913s] Level 5:colcon.colcon_core.verb:set package 'mycobot_gazebo' build argument 'ament_cmake_args' from command line to 'None'
[0.913s] Level 5:colcon.colcon_core.verb:set package 'mycobot_gazebo' build argument 'catkin_cmake_args' from command line to 'None'
[0.913s] Level 5:colcon.colcon_core.verb:set package 'mycobot_gazebo' build argument 'catkin_skip_building_tests' from command line to 'False'
[0.913s] DEBUG:colcon.colcon_core.verb:Building package 'mycobot_gazebo' with the following arguments: {'ament_cmake_args': None, 'build_base': '/home/notandi/ros2_ws/build/mycobot_gazebo', 'catkin_cmake_args': None, 'catkin_skip_building_tests': False, 'cmake_args': None, 'cmake_clean_cache': False, 'cmake_clean_first': False, 'cmake_force_configure': False, 'cmake_target': None, 'cmake_target_skip_unavailable': False, 'install_base': '/home/notandi/ros2_ws/install/mycobot_gazebo', 'merge_install': False, 'path': '/home/notandi/ros2_ws/src/mycobot_ros2/mycobot_gazebo', 'symlink_install': True, 'test_result_base': None}
[0.913s] Level 5:colcon.colcon_core.verb:set package 'mycobot_moveit_config' build argument 'cmake_args' from command line to 'None'
[0.913s] Level 5:colcon.colcon_core.verb:set package 'mycobot_moveit_config' build argument 'cmake_target' from command line to 'None'
[0.913s] Level 5:colcon.colcon_core.verb:set package 'mycobot_moveit_config' build argument 'cmake_target_skip_unavailable' from command line to 'False'
[0.913s] Level 5:colcon.colcon_core.verb:set package 'mycobot_moveit_config' build argument 'cmake_clean_cache' from command line to 'False'
[0.913s] Level 5:colcon.colcon_core.verb:set package 'mycobot_moveit_config' build argument 'cmake_clean_first' from command line to 'False'
[0.913s] Level 5:colcon.colcon_core.verb:set package 'mycobot_moveit_config' build argument 'cmake_force_configure' from command line to 'False'
[0.913s] Level 5:colcon.colcon_core.verb:set package 'mycobot_moveit_config' build argument 'ament_cmake_args' from command line to 'None'
[0.913s] Level 5:colcon.colcon_core.verb:set package 'mycobot_moveit_config' build argument 'catkin_cmake_args' from command line to 'None'
[0.913s] Level 5:colcon.colcon_core.verb:set package 'mycobot_moveit_config' build argument 'catkin_skip_building_tests' from command line to 'False'
[0.913s] DEBUG:colcon.colcon_core.verb:Building package 'mycobot_moveit_config' with the following arguments: {'ament_cmake_args': None, 'build_base': '/home/notandi/ros2_ws/build/mycobot_moveit_config', 'catkin_cmake_args': None, 'catkin_skip_building_tests': False, 'cmake_args': None, 'cmake_clean_cache': False, 'cmake_clean_first': False, 'cmake_force_configure': False, 'cmake_target': None, 'cmake_target_skip_unavailable': False, 'install_base': '/home/notandi/ros2_ws/install/mycobot_moveit_config', 'merge_install': False, 'path': '/home/notandi/ros2_ws/src/mycobot_ros2/mycobot_moveit_config', 'symlink_install': True, 'test_result_base': None}
[0.914s] Level 5:colcon.colcon_core.verb:set package 'mycobot_system_tests' build argument 'cmake_args' from command line to 'None'
[0.914s] Level 5:colcon.colcon_core.verb:set package 'mycobot_system_tests' build argument 'cmake_target' from command line to 'None'
[0.914s] Level 5:colcon.colcon_core.verb:set package 'mycobot_system_tests' build argument 'cmake_target_skip_unavailable' from command line to 'False'
[0.914s] Level 5:colcon.colcon_core.verb:set package 'mycobot_system_tests' build argument 'cmake_clean_cache' from command line to 'False'
[0.914s] Level 5:colcon.colcon_core.verb:set package 'mycobot_system_tests' build argument 'cmake_clean_first' from command line to 'False'
[0.914s] Level 5:colcon.colcon_core.verb:set package 'mycobot_system_tests' build argument 'cmake_force_configure' from command line to 'False'
[0.914s] Level 5:colcon.colcon_core.verb:set package 'mycobot_system_tests' build argument 'ament_cmake_args' from command line to 'None'
[0.914s] Level 5:colcon.colcon_core.verb:set package 'mycobot_system_tests' build argument 'catkin_cmake_args' from command line to 'None'
[0.914s] Level 5:colcon.colcon_core.verb:set package 'mycobot_system_tests' build argument 'catkin_skip_building_tests' from command line to 'False'
[0.914s] DEBUG:colcon.colcon_core.verb:Building package 'mycobot_system_tests' with the following arguments: {'ament_cmake_args': None, 'build_base': '/home/notandi/ros2_ws/build/mycobot_system_tests', 'catkin_cmake_args': None, 'catkin_skip_building_tests': False, 'cmake_args': None, 'cmake_clean_cache': False, 'cmake_clean_first': False, 'cmake_force_configure': False, 'cmake_target': None, 'cmake_target_skip_unavailable': False, 'install_base': '/home/notandi/ros2_ws/install/mycobot_system_tests', 'merge_install': False, 'path': '/home/notandi/ros2_ws/src/mycobot_ros2/mycobot_system_tests', 'symlink_install': True, 'test_result_base': None}
[0.914s] Level 5:colcon.colcon_core.verb:set package 'mycobot_ros2' build argument 'cmake_args' from command line to 'None'
[0.914s] Level 5:colcon.colcon_core.verb:set package 'mycobot_ros2' build argument 'cmake_target' from command line to 'None'
[0.914s] Level 5:colcon.colcon_core.verb:set package 'mycobot_ros2' build argument 'cmake_target_skip_unavailable' from command line to 'False'
[0.914s] Level 5:colcon.colcon_core.verb:set package 'mycobot_ros2' build argument 'cmake_clean_cache' from command line to 'False'
[0.914s] Level 5:colcon.colcon_core.verb:set package 'mycobot_ros2' build argument 'cmake_clean_first' from command line to 'False'
[0.914s] Level 5:colcon.colcon_core.verb:set package 'mycobot_ros2' build argument 'cmake_force_configure' from command line to 'False'
[0.914s] Level 5:colcon.colcon_core.verb:set package 'mycobot_ros2' build argument 'ament_cmake_args' from command line to 'None'
[0.914s] Level 5:colcon.colcon_core.verb:set package 'mycobot_ros2' build argument 'catkin_cmake_args' from command line to 'None'
[0.914s] Level 5:colcon.colcon_core.verb:set package 'mycobot_ros2' build argument 'catkin_skip_building_tests' from command line to 'False'
[0.914s] DEBUG:colcon.colcon_core.verb:Building package 'mycobot_ros2' with the following arguments: {'ament_cmake_args': None, 'build_base': '/home/notandi/ros2_ws/build/mycobot_ros2', 'catkin_cmake_args': None, 'catkin_skip_building_tests': False, 'cmake_args': None, 'cmake_clean_cache': False, 'cmake_clean_first': False, 'cmake_force_configure': False, 'cmake_target': None, 'cmake_target_skip_unavailable': False, 'install_base': '/home/notandi/ros2_ws/install/mycobot_ros2', 'merge_install': False, 'path': '/home/notandi/ros2_ws/src/mycobot_ros2/mycobot_ros2', 'symlink_install': True, 'test_result_base': None}
[0.914s] INFO:colcon.colcon_core.executor:Executing jobs using 'parallel' executor
[0.916s] DEBUG:colcon.colcon_parallel_executor.executor.parallel:run_until_complete
[0.917s] INFO:colcon.colcon_ros.task.ament_cmake.build:Building ROS package in '/home/notandi/ros2_ws/src/mycobot_ros2/mycobot_bringup' with build type 'ament_cmake'
[0.917s] INFO:colcon.colcon_cmake.task.cmake.build:Building CMake package in '/home/notandi/ros2_ws/src/mycobot_ros2/mycobot_bringup'
[0.921s] INFO:colcon.colcon_core.plugin_system:Skipping extension 'colcon_core.shell.bat': Not used on non-Windows systems
[0.922s] INFO:colcon.colcon_core.shell:Skip shell extension 'powershell' for command environment: Not usable outside of PowerShell
[0.922s] DEBUG:colcon.colcon_core.shell:Skip shell extension 'dsv' for command environment
[0.927s] INFO:colcon.colcon_ros.task.ament_cmake.build:Building ROS package in '/home/notandi/ros2_ws/src/mycobot_ros2/mycobot_description' with build type 'ament_cmake'
[0.927s] INFO:colcon.colcon_cmake.task.cmake.build:Building CMake package in '/home/notandi/ros2_ws/src/mycobot_ros2/mycobot_description'
[0.927s] INFO:colcon.colcon_core.shell:Skip shell extension 'powershell' for command environment: Not usable outside of PowerShell
[0.927s] DEBUG:colcon.colcon_core.shell:Skip shell extension 'dsv' for command environment
[0.931s] INFO:colcon.colcon_ros.task.ament_cmake.build:Building ROS package in '/home/notandi/ros2_ws/src/mycobot_ros2/mycobot_gazebo' with build type 'ament_cmake'
[0.931s] INFO:colcon.colcon_cmake.task.cmake.build:Building CMake package in '/home/notandi/ros2_ws/src/mycobot_ros2/mycobot_gazebo'
[0.932s] INFO:colcon.colcon_core.shell:Skip shell extension 'powershell' for command environment: Not usable outside of PowerShell
[0.932s] DEBUG:colcon.colcon_core.shell:Skip shell extension 'dsv' for command environment
[0.938s] INFO:colcon.colcon_ros.task.ament_cmake.build:Building ROS package in '/home/notandi/ros2_ws/src/mycobot_ros2/mycobot_moveit_config' with build type 'ament_cmake'
[0.938s] INFO:colcon.colcon_cmake.task.cmake.build:Building CMake package in '/home/notandi/ros2_ws/src/mycobot_ros2/mycobot_moveit_config'
[0.939s] INFO:colcon.colcon_core.shell:Skip shell extension 'powershell' for command environment: Not usable outside of PowerShell
[0.939s] DEBUG:colcon.colcon_core.shell:Skip shell extension 'dsv' for command environment
[0.943s] INFO:colcon.colcon_ros.task.ament_cmake.build:Building ROS package in '/home/notandi/ros2_ws/src/mycobot_ros2/mycobot_system_tests' with build type 'ament_cmake'
[0.943s] INFO:colcon.colcon_cmake.task.cmake.build:Building CMake package in '/home/notandi/ros2_ws/src/mycobot_ros2/mycobot_system_tests'
[0.943s] INFO:colcon.colcon_core.shell:Skip shell extension 'powershell' for command environment: Not usable outside of PowerShell
[0.943s] DEBUG:colcon.colcon_core.shell:Skip shell extension 'dsv' for command environment
[0.957s] DEBUG:colcon.colcon_core.event_handler.log_command:Invoking command in '/home/notandi/ros2_ws/build/mycobot_bringup': CMAKE_PREFIX_PATH=${CMAKE_PREFIX_PATH}:/opt/ros/jazzy /usr/bin/cmake --build /home/notandi/ros2_ws/build/mycobot_bringup -- -j12 -l12
[0.961s] DEBUG:colcon.colcon_core.event_handler.log_command:Invoking command in '/home/notandi/ros2_ws/build/mycobot_description': CMAKE_PREFIX_PATH=${CMAKE_PREFIX_PATH}:/opt/ros/jazzy /usr/bin/cmake --build /home/notandi/ros2_ws/build/mycobot_description -- -j12 -l12
[0.964s] DEBUG:colcon.colcon_core.event_handler.log_command:Invoking command in '/home/notandi/ros2_ws/build/mycobot_gazebo': CMAKE_PREFIX_PATH=${CMAKE_PREFIX_PATH}:/opt/ros/jazzy /usr/bin/cmake --build /home/notandi/ros2_ws/build/mycobot_gazebo -- -j12 -l12
[0.974s] DEBUG:colcon.colcon_core.event_handler.log_command:Invoking command in '/home/notandi/ros2_ws/build/mycobot_moveit_config': CMAKE_PREFIX_PATH=${CMAKE_PREFIX_PATH}:/opt/ros/jazzy /usr/bin/cmake --build /home/notandi/ros2_ws/build/mycobot_moveit_config -- -j12 -l12
[0.980s] DEBUG:colcon.colcon_core.event_handler.log_command:Invoking command in '/home/notandi/ros2_ws/build/mycobot_system_tests': CMAKE_PREFIX_PATH=${CMAKE_PREFIX_PATH}:/opt/ros/jazzy /usr/bin/cmake --build /home/notandi/ros2_ws/build/mycobot_system_tests -- -j12 -l12
[1.028s] DEBUG:colcon.colcon_core.event_handler.log_command:Invoked command in '/home/notandi/ros2_ws/build/mycobot_bringup' returned '0': CMAKE_PREFIX_PATH=${CMAKE_PREFIX_PATH}:/opt/ros/jazzy /usr/bin/cmake --build /home/notandi/ros2_ws/build/mycobot_bringup -- -j12 -l12
[1.044s] DEBUG:colcon.colcon_core.event_handler.log_command:Invoking command in '/home/notandi/ros2_ws/build/mycobot_bringup': CMAKE_PREFIX_PATH=${CMAKE_PREFIX_PATH}:/opt/ros/jazzy /usr/bin/cmake --install /home/notandi/ros2_ws/build/mycobot_bringup
[1.044s] DEBUG:colcon.colcon_core.event_handler.log_command:Invoked command in '/home/notandi/ros2_ws/build/mycobot_description' returned '0': CMAKE_PREFIX_PATH=${CMAKE_PREFIX_PATH}:/opt/ros/jazzy /usr/bin/cmake --build /home/notandi/ros2_ws/build/mycobot_description -- -j12 -l12
[1.046s] DEBUG:colcon.colcon_core.event_handler.log_command:Invoking command in '/home/notandi/ros2_ws/build/mycobot_description': CMAKE_PREFIX_PATH=${CMAKE_PREFIX_PATH}:/opt/ros/jazzy /usr/bin/cmake --install /home/notandi/ros2_ws/build/mycobot_description
[1.050s] DEBUG:colcon.colcon_core.event_handler.log_command:Invoked command in '/home/notandi/ros2_ws/build/mycobot_moveit_config' returned '0': CMAKE_PREFIX_PATH=${CMAKE_PREFIX_PATH}:/opt/ros/jazzy /usr/bin/cmake --build /home/notandi/ros2_ws/build/mycobot_moveit_config -- -j12 -l12
[1.052s] DEBUG:colcon.colcon_core.event_handler.log_command:Invoking command in '/home/notandi/ros2_ws/build/mycobot_moveit_config': CMAKE_PREFIX_PATH=${CMAKE_PREFIX_PATH}:/opt/ros/jazzy /usr/bin/cmake --install /home/notandi/ros2_ws/build/mycobot_moveit_config
[1.054s] DEBUG:colcon.colcon_core.event_handler.log_command:Invoked command in '/home/notandi/ros2_ws/build/mycobot_gazebo' returned '0': CMAKE_PREFIX_PATH=${CMAKE_PREFIX_PATH}:/opt/ros/jazzy /usr/bin/cmake --build /home/notandi/ros2_ws/build/mycobot_gazebo -- -j12 -l12
[1.056s] DEBUG:colcon.colcon_core.event_handler.log_command:Invoking command in '/home/notandi/ros2_ws/build/mycobot_gazebo': CMAKE_PREFIX_PATH=${CMAKE_PREFIX_PATH}:/opt/ros/jazzy /usr/bin/cmake --install /home/notandi/ros2_ws/build/mycobot_gazebo
[1.104s] Level 1:colcon.colcon_core.environment:create_environment_scripts_only(mycobot_bringup)
[1.110s] DEBUG:colcon.colcon_core.event_handler.log_command:Invoked command in '/home/notandi/ros2_ws/build/mycobot_bringup' returned '0': CMAKE_PREFIX_PATH=${CMAKE_PREFIX_PATH}:/opt/ros/jazzy /usr/bin/cmake --install /home/notandi/ros2_ws/build/mycobot_bringup
[1.148s] Level 1:colcon.colcon_core.environment:checking '/home/notandi/ros2_ws/install/mycobot_bringup' for CMake module files
[1.164s] Level 1:colcon.colcon_core.environment:checking '/home/notandi/ros2_ws/install/mycobot_bringup' for CMake config files
[1.213s] Level 1:colcon.colcon_core.shell:create_environment_hook('mycobot_bringup', 'cmake_prefix_path')
[1.213s] INFO:colcon.colcon_core.shell:Creating environment hook '/home/notandi/ros2_ws/install/mycobot_bringup/share/mycobot_bringup/hook/cmake_prefix_path.ps1'
[1.214s] INFO:colcon.colcon_core.shell:Creating environment descriptor '/home/notandi/ros2_ws/install/mycobot_bringup/share/mycobot_bringup/hook/cmake_prefix_path.dsv'
[1.215s] INFO:colcon.colcon_core.shell:Creating environment hook '/home/notandi/ros2_ws/install/mycobot_bringup/share/mycobot_bringup/hook/cmake_prefix_path.sh'
[1.216s] Level 1:colcon.colcon_core.environment:checking '/home/notandi/ros2_ws/install/mycobot_bringup/bin'
[1.216s] Level 1:colcon.colcon_core.environment:checking '/home/notandi/ros2_ws/install/mycobot_bringup/lib/pkgconfig/mycobot_bringup.pc'
[1.216s] Level 1:colcon.colcon_core.environment:checking '/home/notandi/ros2_ws/install/mycobot_bringup/lib/python3.12/site-packages'
[1.217s] Level 1:colcon.colcon_core.environment:checking '/home/notandi/ros2_ws/install/mycobot_bringup/bin'
[1.217s] INFO:colcon.colcon_core.shell:Creating package script '/home/notandi/ros2_ws/install/mycobot_bringup/share/mycobot_bringup/package.ps1'
[1.218s] INFO:colcon.colcon_core.shell:Creating package descriptor '/home/notandi/ros2_ws/install/mycobot_bringup/share/mycobot_bringup/package.dsv'
[1.219s] INFO:colcon.colcon_core.shell:Creating package script '/home/notandi/ros2_ws/install/mycobot_bringup/share/mycobot_bringup/package.sh'
[1.220s] INFO:colcon.colcon_core.shell:Creating package script '/home/notandi/ros2_ws/install/mycobot_bringup/share/mycobot_bringup/package.bash'
[1.220s] INFO:colcon.colcon_core.shell:Creating package script '/home/notandi/ros2_ws/install/mycobot_bringup/share/mycobot_bringup/package.zsh'
[1.221s] Level 1:colcon.colcon_core.environment:create_file_with_runtime_dependencies(/home/notandi/ros2_ws/install/mycobot_bringup/share/colcon-core/packages/mycobot_bringup)
[1.221s] Level 1:colcon.colcon_core.environment:create_environment_scripts_only(mycobot_bringup)
[1.222s] Level 1:colcon.colcon_core.environment:checking '/home/notandi/ros2_ws/install/mycobot_bringup' for CMake module files
[1.222s] Level 1:colcon.colcon_core.environment:checking '/home/notandi/ros2_ws/install/mycobot_bringup' for CMake config files
[1.223s] Level 1:colcon.colcon_core.shell:create_environment_hook('mycobot_bringup', 'cmake_prefix_path')
[1.223s] INFO:colcon.colcon_core.shell:Creating environment hook '/home/notandi/ros2_ws/install/mycobot_bringup/share/mycobot_bringup/hook/cmake_prefix_path.ps1'
[1.233s] INFO:colcon.colcon_core.shell:Creating environment descriptor '/home/notandi/ros2_ws/install/mycobot_bringup/share/mycobot_bringup/hook/cmake_prefix_path.dsv'
[1.234s] INFO:colcon.colcon_core.shell:Creating environment hook '/home/notandi/ros2_ws/install/mycobot_bringup/share/mycobot_bringup/hook/cmake_prefix_path.sh'
[1.235s] Level 1:colcon.colcon_core.environment:checking '/home/notandi/ros2_ws/install/mycobot_bringup/bin'
[1.235s] Level 1:colcon.colcon_core.environment:checking '/home/notandi/ros2_ws/install/mycobot_bringup/lib/pkgconfig/mycobot_bringup.pc'
[1.236s] Level 1:colcon.colcon_core.environment:checking '/home/notandi/ros2_ws/install/mycobot_bringup/lib/python3.12/site-packages'
[1.236s] Level 1:colcon.colcon_core.environment:checking '/home/notandi/ros2_ws/install/mycobot_bringup/bin'
[1.236s] INFO:colcon.colcon_core.shell:Creating package script '/home/notandi/ros2_ws/install/mycobot_bringup/share/mycobot_bringup/package.ps1'
[1.237s] INFO:colcon.colcon_core.shell:Creating package descriptor '/home/notandi/ros2_ws/install/mycobot_bringup/share/mycobot_bringup/package.dsv'
[1.238s] INFO:colcon.colcon_core.shell:Creating package script '/home/notandi/ros2_ws/install/mycobot_bringup/share/mycobot_bringup/package.sh'
[1.238s] INFO:colcon.colcon_core.shell:Creating package script '/home/notandi/ros2_ws/install/mycobot_bringup/share/mycobot_bringup/package.bash'
[1.238s] INFO:colcon.colcon_core.shell:Creating package script '/home/notandi/ros2_ws/install/mycobot_bringup/share/mycobot_bringup/package.zsh'
[1.239s] Level 1:colcon.colcon_core.environment:create_file_with_runtime_dependencies(/home/notandi/ros2_ws/install/mycobot_bringup/share/colcon-core/packages/mycobot_bringup)
[1.242s] Level 1:colcon.colcon_core.environment:create_environment_scripts_only(mycobot_description)
[1.242s] DEBUG:colcon.colcon_core.event_handler.log_command:Invoked command in '/home/notandi/ros2_ws/build/mycobot_description' returned '0': CMAKE_PREFIX_PATH=${CMAKE_PREFIX_PATH}:/opt/ros/jazzy /usr/bin/cmake --install /home/notandi/ros2_ws/build/mycobot_description
[1.243s] Level 1:colcon.colcon_core.environment:checking '/home/notandi/ros2_ws/install/mycobot_description' for CMake module files
[1.244s] Level 1:colcon.colcon_core.environment:checking '/home/notandi/ros2_ws/install/mycobot_description' for CMake config files
[1.245s] Level 1:colcon.colcon_core.shell:create_environment_hook('mycobot_description', 'cmake_prefix_path')
[1.245s] INFO:colcon.colcon_core.shell:Creating environment hook '/home/notandi/ros2_ws/install/mycobot_description/share/mycobot_description/hook/cmake_prefix_path.ps1'
[1.246s] INFO:colcon.colcon_core.shell:Creating environment descriptor '/home/notandi/ros2_ws/install/mycobot_description/share/mycobot_description/hook/cmake_prefix_path.dsv'
[1.246s] INFO:colcon.colcon_core.shell:Creating environment hook '/home/notandi/ros2_ws/install/mycobot_description/share/mycobot_description/hook/cmake_prefix_path.sh'
[1.247s] Level 1:colcon.colcon_core.environment:checking '/home/notandi/ros2_ws/install/mycobot_description/bin'
[1.247s] Level 1:colcon.colcon_core.environment:checking '/home/notandi/ros2_ws/install/mycobot_description/lib/pkgconfig/mycobot_description.pc'
[1.248s] Level 1:colcon.colcon_core.environment:checking '/home/notandi/ros2_ws/install/mycobot_description/lib/python3.12/site-packages'
[1.248s] Level 1:colcon.colcon_core.environment:checking '/home/notandi/ros2_ws/install/mycobot_description/bin'
[1.248s] INFO:colcon.colcon_core.shell:Creating package script '/home/notandi/ros2_ws/install/mycobot_description/share/mycobot_description/package.ps1'
[1.249s] INFO:colcon.colcon_core.shell:Creating package descriptor '/home/notandi/ros2_ws/install/mycobot_description/share/mycobot_description/package.dsv'
[1.249s] INFO:colcon.colcon_core.shell:Creating package script '/home/notandi/ros2_ws/install/mycobot_description/share/mycobot_description/package.sh'
[1.250s] INFO:colcon.colcon_core.shell:Creating package script '/home/notandi/ros2_ws/install/mycobot_description/share/mycobot_description/package.bash'
[1.251s] INFO:colcon.colcon_core.shell:Creating package script '/home/notandi/ros2_ws/install/mycobot_description/share/mycobot_description/package.zsh'
[1.251s] Level 1:colcon.colcon_core.environment:create_file_with_runtime_dependencies(/home/notandi/ros2_ws/install/mycobot_description/share/colcon-core/packages/mycobot_description)
[1.252s] Level 1:colcon.colcon_core.environment:create_environment_scripts_only(mycobot_description)
[1.252s] Level 1:colcon.colcon_core.environment:checking '/home/notandi/ros2_ws/install/mycobot_description' for CMake module files
[1.253s] Level 1:colcon.colcon_core.environment:checking '/home/notandi/ros2_ws/install/mycobot_description' for CMake config files
[1.254s] Level 1:colcon.colcon_core.shell:create_environment_hook('mycobot_description', 'cmake_prefix_path')
[1.254s] INFO:colcon.colcon_core.shell:Creating environment hook '/home/notandi/ros2_ws/install/mycobot_description/share/mycobot_description/hook/cmake_prefix_path.ps1'
[1.254s] INFO:colcon.colcon_core.shell:Creating environment descriptor '/home/notandi/ros2_ws/install/mycobot_description/share/mycobot_description/hook/cmake_prefix_path.dsv'
[1.255s] INFO:colcon.colcon_core.shell:Creating environment hook '/home/notandi/ros2_ws/install/mycobot_description/share/mycobot_description/hook/cmake_prefix_path.sh'
[1.255s] Level 1:colcon.colcon_core.environment:checking '/home/notandi/ros2_ws/install/mycobot_description/bin'
[1.255s] Level 1:colcon.colcon_core.environment:checking '/home/notandi/ros2_ws/install/mycobot_description/lib/pkgconfig/mycobot_description.pc'
[1.256s] Level 1:colcon.colcon_core.environment:checking '/home/notandi/ros2_ws/install/mycobot_description/lib/python3.12/site-packages'
[1.256s] Level 1:colcon.colcon_core.environment:checking '/home/notandi/ros2_ws/install/mycobot_description/bin'
[1.256s] INFO:colcon.colcon_core.shell:Creating package script '/home/notandi/ros2_ws/install/mycobot_description/share/mycobot_description/package.ps1'
[1.257s] INFO:colcon.colcon_core.shell:Creating package descriptor '/home/notandi/ros2_ws/install/mycobot_description/share/mycobot_description/package.dsv'
[1.257s] INFO:colcon.colcon_core.shell:Creating package script '/home/notandi/ros2_ws/install/mycobot_description/share/mycobot_description/package.sh'
[1.258s] INFO:colcon.colcon_core.shell:Creating package script '/home/notandi/ros2_ws/install/mycobot_description/share/mycobot_description/package.bash'
[1.258s] INFO:colcon.colcon_core.shell:Creating package script '/home/notandi/ros2_ws/install/mycobot_description/share/mycobot_description/package.zsh'
[1.259s] Level 1:colcon.colcon_core.environment:create_file_with_runtime_dependencies(/home/notandi/ros2_ws/install/mycobot_description/share/colcon-core/packages/mycobot_description)
[1.260s] Level 1:colcon.colcon_core.environment:create_environment_scripts_only(mycobot_moveit_config)
[1.260s] Level 1:colcon.colcon_core.environment:checking '/home/notandi/ros2_ws/install/mycobot_moveit_config' for CMake module files
[1.262s] DEBUG:colcon.colcon_core.event_handler.log_command:Invoked command in '/home/notandi/ros2_ws/build/mycobot_moveit_config' returned '0': CMAKE_PREFIX_PATH=${CMAKE_PREFIX_PATH}:/opt/ros/jazzy /usr/bin/cmake --install /home/notandi/ros2_ws/build/mycobot_moveit_config
[1.263s] Level 1:colcon.colcon_core.environment:checking '/home/notandi/ros2_ws/install/mycobot_moveit_config' for CMake config files
[1.263s] Level 1:colcon.colcon_core.shell:create_environment_hook('mycobot_moveit_config', 'cmake_prefix_path')
[1.264s] INFO:colcon.colcon_core.shell:Creating environment hook '/home/notandi/ros2_ws/install/mycobot_moveit_config/share/mycobot_moveit_config/hook/cmake_prefix_path.ps1'
[1.265s] INFO:colcon.colcon_core.shell:Creating environment descriptor '/home/notandi/ros2_ws/install/mycobot_moveit_config/share/mycobot_moveit_config/hook/cmake_prefix_path.dsv'
[1.265s] INFO:colcon.colcon_core.shell:Creating environment hook '/home/notandi/ros2_ws/install/mycobot_moveit_config/share/mycobot_moveit_config/hook/cmake_prefix_path.sh'
[1.266s] Level 1:colcon.colcon_core.environment:checking '/home/notandi/ros2_ws/install/mycobot_moveit_config/bin'
[1.266s] Level 1:colcon.colcon_core.environment:checking '/home/notandi/ros2_ws/install/mycobot_moveit_config/lib/pkgconfig/mycobot_moveit_config.pc'
[1.266s] Level 1:colcon.colcon_core.environment:checking '/home/notandi/ros2_ws/install/mycobot_moveit_config/lib/python3.12/site-packages'
[1.267s] Level 1:colcon.colcon_core.environment:checking '/home/notandi/ros2_ws/install/mycobot_moveit_config/bin'
[1.267s] INFO:colcon.colcon_core.shell:Creating package script '/home/notandi/ros2_ws/install/mycobot_moveit_config/share/mycobot_moveit_config/package.ps1'
[1.268s] INFO:colcon.colcon_core.shell:Creating package descriptor '/home/notandi/ros2_ws/install/mycobot_moveit_config/share/mycobot_moveit_config/package.dsv'
[1.269s] INFO:colcon.colcon_core.shell:Creating package script '/home/notandi/ros2_ws/install/mycobot_moveit_config/share/mycobot_moveit_config/package.sh'
[1.270s] INFO:colcon.colcon_core.shell:Creating package script '/home/notandi/ros2_ws/install/mycobot_moveit_config/share/mycobot_moveit_config/package.bash'
[1.270s] INFO:colcon.colcon_core.shell:Creating package script '/home/notandi/ros2_ws/install/mycobot_moveit_config/share/mycobot_moveit_config/package.zsh'
[1.271s] Level 1:colcon.colcon_core.environment:create_file_with_runtime_dependencies(/home/notandi/ros2_ws/install/mycobot_moveit_config/share/colcon-core/packages/mycobot_moveit_config)
[1.271s] Level 1:colcon.colcon_core.environment:create_environment_scripts_only(mycobot_moveit_config)
[1.272s] Level 1:colcon.colcon_core.environment:checking '/home/notandi/ros2_ws/install/mycobot_moveit_config' for CMake module files
[1.272s] Level 1:colcon.colcon_core.environment:checking '/home/notandi/ros2_ws/install/mycobot_moveit_config' for CMake config files
[1.273s] Level 1:colcon.colcon_core.shell:create_environment_hook('mycobot_moveit_config', 'cmake_prefix_path')
[1.273s] INFO:colcon.colcon_core.shell:Creating environment hook '/home/notandi/ros2_ws/install/mycobot_moveit_config/share/mycobot_moveit_config/hook/cmake_prefix_path.ps1'
[1.274s] INFO:colcon.colcon_core.shell:Creating environment descriptor '/home/notandi/ros2_ws/install/mycobot_moveit_config/share/mycobot_moveit_config/hook/cmake_prefix_path.dsv'
[1.274s] INFO:colcon.colcon_core.shell:Creating environment hook '/home/notandi/ros2_ws/install/mycobot_moveit_config/share/mycobot_moveit_config/hook/cmake_prefix_path.sh'
[1.275s] Level 1:colcon.colcon_core.environment:checking '/home/notandi/ros2_ws/install/mycobot_moveit_config/bin'
[1.275s] Level 1:colcon.colcon_core.environment:checking '/home/notandi/ros2_ws/install/mycobot_moveit_config/lib/pkgconfig/mycobot_moveit_config.pc'
[1.275s] Level 1:colcon.colcon_core.environment:checking '/home/notandi/ros2_ws/install/mycobot_moveit_config/lib/python3.12/site-packages'
[1.275s] Level 1:colcon.colcon_core.environment:checking '/home/notandi/ros2_ws/install/mycobot_moveit_config/bin'
[1.276s] INFO:colcon.colcon_core.shell:Creating package script '/home/notandi/ros2_ws/install/mycobot_moveit_config/share/mycobot_moveit_config/package.ps1'
[1.276s] INFO:colcon.colcon_core.shell:Creating package descriptor '/home/notandi/ros2_ws/install/mycobot_moveit_config/share/mycobot_moveit_config/package.dsv'
[1.277s] INFO:colcon.colcon_core.shell:Creating package script '/home/notandi/ros2_ws/install/mycobot_moveit_config/share/mycobot_moveit_config/package.sh'
[1.277s] INFO:colcon.colcon_core.shell:Creating package script '/home/notandi/ros2_ws/install/mycobot_moveit_config/share/mycobot_moveit_config/package.bash'
[1.278s] INFO:colcon.colcon_core.shell:Creating package script '/home/notandi/ros2_ws/install/mycobot_moveit_config/share/mycobot_moveit_config/package.zsh'
[1.279s] Level 1:colcon.colcon_core.environment:create_file_with_runtime_dependencies(/home/notandi/ros2_ws/install/mycobot_moveit_config/share/colcon-core/packages/mycobot_moveit_config)
[1.279s] Level 1:colcon.colcon_core.environment:create_environment_scripts_only(mycobot_gazebo)
[1.280s] Level 1:colcon.colcon_core.environment:checking '/home/notandi/ros2_ws/install/mycobot_gazebo' for CMake module files
[1.281s] DEBUG:colcon.colcon_core.event_handler.log_command:Invoked command in '/home/notandi/ros2_ws/build/mycobot_gazebo' returned '0': CMAKE_PREFIX_PATH=${CMAKE_PREFIX_PATH}:/opt/ros/jazzy /usr/bin/cmake --install /home/notandi/ros2_ws/build/mycobot_gazebo
[1.282s] Level 1:colcon.colcon_core.environment:checking '/home/notandi/ros2_ws/install/mycobot_gazebo' for CMake config files
[1.293s] Level 1:colcon.colcon_core.shell:create_environment_hook('mycobot_gazebo', 'cmake_prefix_path')
[1.293s] INFO:colcon.colcon_core.shell:Creating environment hook '/home/notandi/ros2_ws/install/mycobot_gazebo/share/mycobot_gazebo/hook/cmake_prefix_path.ps1'
[1.294s] INFO:colcon.colcon_core.shell:Creating environment descriptor '/home/notandi/ros2_ws/install/mycobot_gazebo/share/mycobot_gazebo/hook/cmake_prefix_path.dsv'
[1.294s] INFO:colcon.colcon_core.shell:Creating environment hook '/home/notandi/ros2_ws/install/mycobot_gazebo/share/mycobot_gazebo/hook/cmake_prefix_path.sh'
[1.295s] Level 1:colcon.colcon_core.environment:checking '/home/notandi/ros2_ws/install/mycobot_gazebo/bin'
[1.295s] Level 1:colcon.colcon_core.environment:checking '/home/notandi/ros2_ws/install/mycobot_gazebo/lib/pkgconfig/mycobot_gazebo.pc'
[1.295s] Level 1:colcon.colcon_core.environment:checking '/home/notandi/ros2_ws/install/mycobot_gazebo/lib/python3.12/site-packages'
[1.295s] Level 1:colcon.colcon_core.environment:checking '/home/notandi/ros2_ws/install/mycobot_gazebo/bin'
[1.296s] INFO:colcon.colcon_core.shell:Creating package script '/home/notandi/ros2_ws/install/mycobot_gazebo/share/mycobot_gazebo/package.ps1'
[1.296s] INFO:colcon.colcon_core.shell:Creating package descriptor '/home/notandi/ros2_ws/install/mycobot_gazebo/share/mycobot_gazebo/package.dsv'
[1.297s] INFO:colcon.colcon_core.shell:Creating package script '/home/notandi/ros2_ws/install/mycobot_gazebo/share/mycobot_gazebo/package.sh'
[1.297s] INFO:colcon.colcon_core.shell:Creating package script '/home/notandi/ros2_ws/install/mycobot_gazebo/share/mycobot_gazebo/package.bash'
[1.298s] INFO:colcon.colcon_core.shell:Creating package script '/home/notandi/ros2_ws/install/mycobot_gazebo/share/mycobot_gazebo/package.zsh'
[1.298s] Level 1:colcon.colcon_core.environment:create_file_with_runtime_dependencies(/home/notandi/ros2_ws/install/mycobot_gazebo/share/colcon-core/packages/mycobot_gazebo)
[1.298s] Level 1:colcon.colcon_core.environment:create_environment_scripts_only(mycobot_gazebo)
[1.299s] Level 1:colcon.colcon_core.environment:checking '/home/notandi/ros2_ws/install/mycobot_gazebo' for CMake module files
[1.299s] Level 1:colcon.colcon_core.environment:checking '/home/notandi/ros2_ws/install/mycobot_gazebo' for CMake config files
[1.307s] Level 1:colcon.colcon_core.shell:create_environment_hook('mycobot_gazebo', 'cmake_prefix_path')
[1.307s] INFO:colcon.colcon_core.shell:Creating environment hook '/home/notandi/ros2_ws/install/mycobot_gazebo/share/mycobot_gazebo/hook/cmake_prefix_path.ps1'
[1.309s] INFO:colcon.colcon_core.shell:Creating environment descriptor '/home/notandi/ros2_ws/install/mycobot_gazebo/share/mycobot_gazebo/hook/cmake_prefix_path.dsv'
[1.309s] INFO:colcon.colcon_core.shell:Creating environment hook '/home/notandi/ros2_ws/install/mycobot_gazebo/share/mycobot_gazebo/hook/cmake_prefix_path.sh'
[1.310s] Level 1:colcon.colcon_core.environment:checking '/home/notandi/ros2_ws/install/mycobot_gazebo/bin'
[1.310s] Level 1:colcon.colcon_core.environment:checking '/home/notandi/ros2_ws/install/mycobot_gazebo/lib/pkgconfig/mycobot_gazebo.pc'
[1.311s] Level 1:colcon.colcon_core.environment:checking '/home/notandi/ros2_ws/install/mycobot_gazebo/lib/python3.12/site-packages'
[1.311s] Level 1:colcon.colcon_core.environment:checking '/home/notandi/ros2_ws/install/mycobot_gazebo/bin'
[1.311s] INFO:colcon.colcon_core.shell:Creating package script '/home/notandi/ros2_ws/install/mycobot_gazebo/share/mycobot_gazebo/package.ps1'
[1.312s] INFO:colcon.colcon_core.shell:Creating package descriptor '/home/notandi/ros2_ws/install/mycobot_gazebo/share/mycobot_gazebo/package.dsv'
[1.312s] INFO:colcon.colcon_core.shell:Creating package script '/home/notandi/ros2_ws/install/mycobot_gazebo/share/mycobot_gazebo/package.sh'
[1.313s] INFO:colcon.colcon_core.shell:Creating package script '/home/notandi/ros2_ws/install/mycobot_gazebo/share/mycobot_gazebo/package.bash'
[1.314s] INFO:colcon.colcon_core.shell:Creating package script '/home/notandi/ros2_ws/install/mycobot_gazebo/share/mycobot_gazebo/package.zsh'
[1.314s] Level 1:colcon.colcon_core.environment:create_file_with_runtime_dependencies(/home/notandi/ros2_ws/install/mycobot_gazebo/share/colcon-core/packages/mycobot_gazebo)
[4.488s] DEBUG:colcon.colcon_core.event_handler.log_command:Invoked command in '/home/notandi/ros2_ws/build/mycobot_system_tests' returned '2': CMAKE_PREFIX_PATH=${CMAKE_PREFIX_PATH}:/opt/ros/jazzy /usr/bin/cmake --build /home/notandi/ros2_ws/build/mycobot_system_tests -- -j12 -l12
[4.489s] Level 1:colcon.colcon_core.environment:create_environment_scripts_only(mycobot_system_tests)
[4.489s] Level 1:colcon.colcon_core.environment:checking '/home/notandi/ros2_ws/install/mycobot_system_tests' for CMake module files
[4.490s] Level 1:colcon.colcon_core.environment:checking '/home/notandi/ros2_ws/install/mycobot_system_tests' for CMake config files
[4.490s] Level 1:colcon.colcon_core.shell:create_environment_hook('mycobot_system_tests', 'cmake_prefix_path')
[4.490s] INFO:colcon.colcon_core.shell:Creating environment hook '/home/notandi/ros2_ws/install/mycobot_system_tests/share/mycobot_system_tests/hook/cmake_prefix_path.ps1'
[4.491s] INFO:colcon.colcon_core.shell:Creating environment descriptor '/home/notandi/ros2_ws/install/mycobot_system_tests/share/mycobot_system_tests/hook/cmake_prefix_path.dsv'
[4.491s] INFO:colcon.colcon_core.shell:Creating environment hook '/home/notandi/ros2_ws/install/mycobot_system_tests/share/mycobot_system_tests/hook/cmake_prefix_path.sh'
[4.492s] Level 1:colcon.colcon_core.environment:checking '/home/notandi/ros2_ws/install/mycobot_system_tests/lib'
[4.492s] Level 1:colcon.colcon_core.environment:checking '/home/notandi/ros2_ws/install/mycobot_system_tests/bin'
[4.492s] Level 1:colcon.colcon_core.environment:checking '/home/notandi/ros2_ws/install/mycobot_system_tests/lib/pkgconfig/mycobot_system_tests.pc'
[4.492s] Level 1:colcon.colcon_core.environment:checking '/home/notandi/ros2_ws/install/mycobot_system_tests/lib/python3.12/site-packages'
[4.493s] Level 1:colcon.colcon_core.environment:checking '/home/notandi/ros2_ws/install/mycobot_system_tests/bin'
[4.493s] INFO:colcon.colcon_core.shell:Creating package script '/home/notandi/ros2_ws/install/mycobot_system_tests/share/mycobot_system_tests/package.ps1'
[4.493s] INFO:colcon.colcon_core.shell:Creating package descriptor '/home/notandi/ros2_ws/install/mycobot_system_tests/share/mycobot_system_tests/package.dsv'
[4.494s] INFO:colcon.colcon_core.shell:Creating package script '/home/notandi/ros2_ws/install/mycobot_system_tests/share/mycobot_system_tests/package.sh'
[4.494s] INFO:colcon.colcon_core.shell:Creating package script '/home/notandi/ros2_ws/install/mycobot_system_tests/share/mycobot_system_tests/package.bash'
[4.495s] INFO:colcon.colcon_core.shell:Creating package script '/home/notandi/ros2_ws/install/mycobot_system_tests/share/mycobot_system_tests/package.zsh'
[4.495s] Level 1:colcon.colcon_core.environment:create_file_with_runtime_dependencies(/home/notandi/ros2_ws/install/mycobot_system_tests/share/colcon-core/packages/mycobot_system_tests)
[4.506s] DEBUG:colcon.colcon_parallel_executor.executor.parallel:closing loop
[4.506s] DEBUG:colcon.colcon_parallel_executor.executor.parallel:loop closed
[4.506s] DEBUG:colcon.colcon_parallel_executor.executor.parallel:run_until_complete finished with '2'
[4.506s] DEBUG:colcon.colcon_core.event_reactor:joining thread
[4.740s] INFO:colcon.colcon_core.plugin_system:Skipping extension 'colcon_notification.desktop_notification.notify_send': Could not find 'notify-send'
[4.741s] INFO:colcon.colcon_core.plugin_system:Skipping extension 'colcon_notification.desktop_notification.terminal_notifier': Not used on non-Darwin systems
[4.741s] INFO:colcon.colcon_core.plugin_system:Skipping extension 'colcon_notification.desktop_notification.win32': Not used on non-Windows systems
[4.741s] INFO:colcon.colcon_notification.desktop_notification:Sending desktop notification using 'notify2'
[4.744s] DEBUG:colcon.colcon_notification.desktop_notification.notify2:Failed to initialize notify2: org.freedesktop.DBus.Error.ServiceUnknown: The name org.freedesktop.Notifications was not provided by any .service files
[4.744s] DEBUG:colcon.colcon_core.event_reactor:joined thread
[4.744s] INFO:colcon.colcon_core.shell:Creating prefix script '/home/notandi/ros2_ws/install/local_setup.ps1'
[4.746s] INFO:colcon.colcon_core.shell:Creating prefix util module '/home/notandi/ros2_ws/install/_local_setup_util_ps1.py'
[4.747s] INFO:colcon.colcon_core.shell:Creating prefix chain script '/home/notandi/ros2_ws/install/setup.ps1'
[4.748s] INFO:colcon.colcon_core.shell:Creating prefix script '/home/notandi/ros2_ws/install/local_setup.sh'
[4.749s] INFO:colcon.colcon_core.shell:Creating prefix util module '/home/notandi/ros2_ws/install/_local_setup_util_sh.py'
[4.750s] INFO:colcon.colcon_core.shell:Creating prefix chain script '/home/notandi/ros2_ws/install/setup.sh'
[4.752s] INFO:colcon.colcon_core.shell:Creating prefix script '/home/notandi/ros2_ws/install/local_setup.bash'
[4.752s] INFO:colcon.colcon_core.shell:Creating prefix chain script '/home/notandi/ros2_ws/install/setup.bash'
[4.754s] INFO:colcon.colcon_core.shell:Creating prefix script '/home/notandi/ros2_ws/install/local_setup.zsh'
[4.754s] INFO:colcon.colcon_core.shell:Creating prefix chain script '/home/notandi/ros2_ws/install/setup.zsh'
