[0.029s] Invoking command in '/home/notandi/ros2_ws/build/mycobot_moveit_config': CMAKE_PREFIX_PATH=${CMAKE_PREFIX_PATH}:/opt/ros/jazzy /usr/bin/cmake --build /home/notandi/ros2_ws/build/mycobot_moveit_config -- -j12 -l12
[0.122s] -- Found ament_cmake: 2.5.5 (/opt/ros/jazzy/share/ament_cmake/cmake)
[0.369s] -- Found ament_lint_auto: 0.17.4 (/opt/ros/jazzy/share/ament_lint_auto/cmake)
[0.474s] -- Added test 'flake8' to check Python code syntax and style conventions
[0.474s] -- Configured 'flake8' exclude dirs and/or files: 
[0.475s] -- Added test 'lint_cmake' to check CMake code style
[0.476s] -- Added test 'pep257' to check Python code against some of the docstring style conventions in PEP 257
[0.479s] -- Added test 'xmllint' to check XML markup files
[0.481s] -- Configuring done (0.4s)
[0.491s] -- Generating done (0.0s)
[0.494s] -- Build files have been written to: /home/notandi/ros2_ws/build/mycobot_moveit_config
[0.519s] Invoked command in '/home/notandi/ros2_ws/build/mycobot_moveit_config' returned '0': CMAKE_PREFIX_PATH=${CMAKE_PREFIX_PATH}:/opt/ros/jazzy /usr/bin/cmake --build /home/notandi/ros2_ws/build/mycobot_moveit_config -- -j12 -l12
[0.520s] Invoking command in '/home/notandi/ros2_ws/build/mycobot_moveit_config': CMAKE_PREFIX_PATH=${CMAKE_PREFIX_PATH}:/opt/ros/jazzy /usr/bin/cmake --install /home/notandi/ros2_ws/build/mycobot_moveit_config
[0.529s] -- Install configuration: ""
[0.529s] -- Installing: /home/notandi/ros2_ws/install/mycobot_moveit_config/share/mycobot_moveit_config/config
[0.529s] -- Installing: /home/notandi/ros2_ws/install/mycobot_moveit_config/share/mycobot_moveit_config/config/mycobot_280
[0.530s] -- Installing: /home/notandi/ros2_ws/install/mycobot_moveit_config/share/mycobot_moveit_config/config/mycobot_280/ros2_controllers_template.yaml
[0.530s] -- Installing: /home/notandi/ros2_ws/install/mycobot_moveit_config/share/mycobot_moveit_config/config/mycobot_280/ros2_controllers.yaml
[0.531s] -- Installing: /home/notandi/ros2_ws/install/mycobot_moveit_config/share/mycobot_moveit_config/launch
[0.531s] -- Installing: /home/notandi/ros2_ws/install/mycobot_moveit_config/share/mycobot_moveit_config/launch/load_ros2_controllers.launch.py
[0.531s] -- Up-to-date: /home/notandi/ros2_ws/install/mycobot_moveit_config/share/ament_index/resource_index/package_run_dependencies/mycobot_moveit_config
[0.531s] -- Installing: /home/notandi/ros2_ws/install/mycobot_moveit_config/share/ament_index/resource_index/parent_prefix_path/mycobot_moveit_config
[0.532s] -- Up-to-date: /home/notandi/ros2_ws/install/mycobot_moveit_config/share/mycobot_moveit_config/environment/ament_prefix_path.sh
[0.532s] -- Up-to-date: /home/notandi/ros2_ws/install/mycobot_moveit_config/share/mycobot_moveit_config/environment/ament_prefix_path.dsv
[0.532s] -- Up-to-date: /home/notandi/ros2_ws/install/mycobot_moveit_config/share/mycobot_moveit_config/environment/path.sh
[0.532s] -- Up-to-date: /home/notandi/ros2_ws/install/mycobot_moveit_config/share/mycobot_moveit_config/environment/path.dsv
[0.532s] -- Up-to-date: /home/notandi/ros2_ws/install/mycobot_moveit_config/share/mycobot_moveit_config/local_setup.bash
[0.532s] -- Up-to-date: /home/notandi/ros2_ws/install/mycobot_moveit_config/share/mycobot_moveit_config/local_setup.sh
[0.533s] -- Up-to-date: /home/notandi/ros2_ws/install/mycobot_moveit_config/share/mycobot_moveit_config/local_setup.zsh
[0.533s] -- Up-to-date: /home/notandi/ros2_ws/install/mycobot_moveit_config/share/mycobot_moveit_config/local_setup.dsv
[0.534s] -- Installing: /home/notandi/ros2_ws/install/mycobot_moveit_config/share/mycobot_moveit_config/package.dsv
[0.534s] -- Up-to-date: /home/notandi/ros2_ws/install/mycobot_moveit_config/share/ament_index/resource_index/packages/mycobot_moveit_config
[0.534s] -- Up-to-date: /home/notandi/ros2_ws/install/mycobot_moveit_config/share/mycobot_moveit_config/cmake/mycobot_moveit_configConfig.cmake
[0.534s] -- Up-to-date: /home/notandi/ros2_ws/install/mycobot_moveit_config/share/mycobot_moveit_config/cmake/mycobot_moveit_configConfig-version.cmake
[0.534s] -- Up-to-date: /home/notandi/ros2_ws/install/mycobot_moveit_config/share/mycobot_moveit_config/package.xml
[0.547s] Invoked command in '/home/notandi/ros2_ws/build/mycobot_moveit_config' returned '0': CMAKE_PREFIX_PATH=${CMAKE_PREFIX_PATH}:/opt/ros/jazzy /usr/bin/cmake --install /home/notandi/ros2_ws/build/mycobot_moveit_config
