[0.037s] Invoking command in '/home/notandi/ros2_ws/build/mycobot_gazebo': CMAKE_PREFIX_PATH=${CMAKE_PREFIX_PATH}:/opt/ros/jazzy /usr/bin/cmake /home/notandi/ros2_ws/src/mycobot_ros2/mycobot_gazebo -DCMAKE_INSTALL_PREFIX=/home/notandi/ros2_ws/install/mycobot_gazebo
[0.545s] -- The C compiler identification is GNU 13.3.0
[2.218s] -- The CXX compiler identification is GNU 13.3.0
[3.785s] -- Detecting C compiler ABI info
[4.452s] -- Detecting C compiler ABI info - done
[4.473s] -- Check for working C compiler: /usr/bin/cc - skipped
[4.473s] -- Detecting C compile features
[4.474s] -- Detecting C compile features - done
[4.767s] -- Detecting CXX compiler ABI info
[5.645s] -- Detecting CXX compiler ABI info - done
[5.671s] -- Check for working CXX compiler: /usr/bin/c++ - skipped
[5.673s] -- Detecting CXX compile features
[5.673s] -- Detecting CXX compile features - done
[5.679s] -- Found ament_cmake: 2.5.5 (/opt/ros/jazzy/share/ament_cmake/cmake)
[6.148s] -- Found Python3: /usr/bin/python3 (found version "3.12.3") found components: Interpreter 
[6.372s] -- Found ament_lint_auto: 0.17.4 (/opt/ros/jazzy/share/ament_lint_auto/cmake)
[6.603s] -- Added test 'lint_cmake' to check CMake code style
[6.606s] -- Added test 'xmllint' to check XML markup files
[6.610s] -- Configuring done (6.5s)
[6.618s] -- Generating done (0.0s)
[6.621s] -- Build files have been written to: /home/notandi/ros2_ws/build/mycobot_gazebo
[6.630s] Invoked command in '/home/notandi/ros2_ws/build/mycobot_gazebo' returned '0': CMAKE_PREFIX_PATH=${CMAKE_PREFIX_PATH}:/opt/ros/jazzy /usr/bin/cmake /home/notandi/ros2_ws/src/mycobot_ros2/mycobot_gazebo -DCMAKE_INSTALL_PREFIX=/home/notandi/ros2_ws/install/mycobot_gazebo
[6.633s] Invoking command in '/home/notandi/ros2_ws/build/mycobot_gazebo': CMAKE_PREFIX_PATH=${CMAKE_PREFIX_PATH}:/opt/ros/jazzy /usr/bin/cmake --build /home/notandi/ros2_ws/build/mycobot_gazebo -- -j12 -l12
[6.702s] Invoked command in '/home/notandi/ros2_ws/build/mycobot_gazebo' returned '0': CMAKE_PREFIX_PATH=${CMAKE_PREFIX_PATH}:/opt/ros/jazzy /usr/bin/cmake --build /home/notandi/ros2_ws/build/mycobot_gazebo -- -j12 -l12
[6.704s] Invoking command in '/home/notandi/ros2_ws/build/mycobot_gazebo': CMAKE_PREFIX_PATH=${CMAKE_PREFIX_PATH}:/opt/ros/jazzy /usr/bin/cmake --install /home/notandi/ros2_ws/build/mycobot_gazebo
[6.719s] -- Install configuration: ""
[6.721s] -- Installing: /home/notandi/ros2_ws/install/mycobot_gazebo/share/ament_index/resource_index/package_run_dependencies/mycobot_gazebo
[6.722s] -- Installing: /home/notandi/ros2_ws/install/mycobot_gazebo/share/ament_index/resource_index/parent_prefix_path/mycobot_gazebo
[6.723s] -- Installing: /home/notandi/ros2_ws/install/mycobot_gazebo/share/mycobot_gazebo/environment/ament_prefix_path.sh
[6.723s] -- Installing: /home/notandi/ros2_ws/install/mycobot_gazebo/share/mycobot_gazebo/environment/ament_prefix_path.dsv
[6.724s] -- Installing: /home/notandi/ros2_ws/install/mycobot_gazebo/share/mycobot_gazebo/environment/path.sh
[6.724s] -- Installing: /home/notandi/ros2_ws/install/mycobot_gazebo/share/mycobot_gazebo/environment/path.dsv
[6.724s] -- Installing: /home/notandi/ros2_ws/install/mycobot_gazebo/share/mycobot_gazebo/local_setup.bash
[6.725s] -- Installing: /home/notandi/ros2_ws/install/mycobot_gazebo/share/mycobot_gazebo/local_setup.sh
[6.725s] -- Installing: /home/notandi/ros2_ws/install/mycobot_gazebo/share/mycobot_gazebo/local_setup.zsh
[6.725s] -- Installing: /home/notandi/ros2_ws/install/mycobot_gazebo/share/mycobot_gazebo/local_setup.dsv
[6.726s] -- Installing: /home/notandi/ros2_ws/install/mycobot_gazebo/share/mycobot_gazebo/package.dsv
[6.727s] -- Installing: /home/notandi/ros2_ws/install/mycobot_gazebo/share/ament_index/resource_index/packages/mycobot_gazebo
[6.727s] -- Installing: /home/notandi/ros2_ws/install/mycobot_gazebo/share/mycobot_gazebo/cmake/mycobot_gazeboConfig.cmake
[6.727s] -- Installing: /home/notandi/ros2_ws/install/mycobot_gazebo/share/mycobot_gazebo/cmake/mycobot_gazeboConfig-version.cmake
[6.727s] -- Installing: /home/notandi/ros2_ws/install/mycobot_gazebo/share/mycobot_gazebo/package.xml
[6.732s] Invoked command in '/home/notandi/ros2_ws/build/mycobot_gazebo' returned '0': CMAKE_PREFIX_PATH=${CMAKE_PREFIX_PATH}:/opt/ros/jazzy /usr/bin/cmake --install /home/notandi/ros2_ws/build/mycobot_gazebo
