[0.017s] Invoking command in '/home/notandi/ros2_ws/src/mycobot_ros2/build/mycobot_moveit_config': CMAKE_PREFIX_PATH=${CMAKE_PREFIX_PATH}:/opt/ros/jazzy /usr/bin/cmake /home/notandi/ros2_ws/src/mycobot_ros2/mycobot_moveit_config -DCMAKE_INSTALL_PREFIX=/home/notandi/ros2_ws/src/mycobot_ros2/install/mycobot_moveit_config
[0.269s] -- The C compiler identification is GNU 13.3.0
[0.833s] -- The CXX compiler identification is GNU 13.3.0
[1.342s] -- Detecting C compiler ABI info
[1.534s] -- Detecting C compiler ABI info - done
[1.540s] -- Check for working C compiler: /usr/bin/cc - skipped
[1.540s] -- Detecting C compile features
[1.541s] -- Detecting C compile features - done
[1.618s] -- Detecting CXX compiler ABI info
[1.826s] -- Detecting CXX compiler ABI info - done
[1.833s] -- Check for working CXX compiler: /usr/bin/c++ - skipped
[1.833s] -- Detecting CXX compile features
[1.833s] -- Detecting CXX compile features - done
[1.841s] -- Found ament_cmake: 2.5.5 (/opt/ros/jazzy/share/ament_cmake/cmake)
[1.963s] -- Found Python3: /usr/bin/python3 (found version "3.12.3") found components: Interpreter 
[2.059s] -- Found ament_lint_auto: 0.17.4 (/opt/ros/jazzy/share/ament_lint_auto/cmake)
[2.158s] -- Added test 'flake8' to check Python code syntax and style conventions
[2.158s] -- Configured 'flake8' exclude dirs and/or files: 
[2.159s] -- Added test 'lint_cmake' to check CMake code style
[2.160s] -- Added test 'pep257' to check Python code against some of the docstring style conventions in PEP 257
[2.161s] -- Added test 'xmllint' to check XML markup files
[2.163s] -- Configuring done (2.1s)
[2.168s] -- Generating done (0.0s)
[2.169s] -- Build files have been written to: /home/notandi/ros2_ws/src/mycobot_ros2/build/mycobot_moveit_config
[2.174s] Invoked command in '/home/notandi/ros2_ws/src/mycobot_ros2/build/mycobot_moveit_config' returned '0': CMAKE_PREFIX_PATH=${CMAKE_PREFIX_PATH}:/opt/ros/jazzy /usr/bin/cmake /home/notandi/ros2_ws/src/mycobot_ros2/mycobot_moveit_config -DCMAKE_INSTALL_PREFIX=/home/notandi/ros2_ws/src/mycobot_ros2/install/mycobot_moveit_config
[2.175s] Invoking command in '/home/notandi/ros2_ws/src/mycobot_ros2/build/mycobot_moveit_config': CMAKE_PREFIX_PATH=${CMAKE_PREFIX_PATH}:/opt/ros/jazzy /usr/bin/cmake --build /home/notandi/ros2_ws/src/mycobot_ros2/build/mycobot_moveit_config -- -j12 -l12
[2.209s] Invoked command in '/home/notandi/ros2_ws/src/mycobot_ros2/build/mycobot_moveit_config' returned '0': CMAKE_PREFIX_PATH=${CMAKE_PREFIX_PATH}:/opt/ros/jazzy /usr/bin/cmake --build /home/notandi/ros2_ws/src/mycobot_ros2/build/mycobot_moveit_config -- -j12 -l12
[2.218s] Invoking command in '/home/notandi/ros2_ws/src/mycobot_ros2/build/mycobot_moveit_config': CMAKE_PREFIX_PATH=${CMAKE_PREFIX_PATH}:/opt/ros/jazzy /usr/bin/cmake --install /home/notandi/ros2_ws/src/mycobot_ros2/build/mycobot_moveit_config
[2.225s] -- Install configuration: ""
[2.225s] -- Installing: /home/notandi/ros2_ws/src/mycobot_ros2/install/mycobot_moveit_config/share/mycobot_moveit_config/config
[2.226s] -- Installing: /home/notandi/ros2_ws/src/mycobot_ros2/install/mycobot_moveit_config/share/mycobot_moveit_config/config/mycobot_280
[2.226s] -- Installing: /home/notandi/ros2_ws/src/mycobot_ros2/install/mycobot_moveit_config/share/mycobot_moveit_config/config/mycobot_280/ros2_controllers_template.yaml
[2.226s] -- Installing: /home/notandi/ros2_ws/src/mycobot_ros2/install/mycobot_moveit_config/share/mycobot_moveit_config/config/mycobot_280/ros2_controllers.yaml
[2.227s] -- Installing: /home/notandi/ros2_ws/src/mycobot_ros2/install/mycobot_moveit_config/share/mycobot_moveit_config/launch
[2.227s] -- Installing: /home/notandi/ros2_ws/src/mycobot_ros2/install/mycobot_moveit_config/share/mycobot_moveit_config/launch/load_ros2_controllers.launch.py
[2.228s] -- Installing: /home/notandi/ros2_ws/src/mycobot_ros2/install/mycobot_moveit_config/share/ament_index/resource_index/package_run_dependencies/mycobot_moveit_config
[2.229s] -- Installing: /home/notandi/ros2_ws/src/mycobot_ros2/install/mycobot_moveit_config/share/ament_index/resource_index/parent_prefix_path/mycobot_moveit_config
[2.229s] -- Installing: /home/notandi/ros2_ws/src/mycobot_ros2/install/mycobot_moveit_config/share/mycobot_moveit_config/environment/ament_prefix_path.sh
[2.229s] -- Installing: /home/notandi/ros2_ws/src/mycobot_ros2/install/mycobot_moveit_config/share/mycobot_moveit_config/environment/ament_prefix_path.dsv
[2.229s] -- Installing: /home/notandi/ros2_ws/src/mycobot_ros2/install/mycobot_moveit_config/share/mycobot_moveit_config/environment/path.sh
[2.229s] -- Installing: /home/notandi/ros2_ws/src/mycobot_ros2/install/mycobot_moveit_config/share/mycobot_moveit_config/environment/path.dsv
[2.229s] -- Installing: /home/notandi/ros2_ws/src/mycobot_ros2/install/mycobot_moveit_config/share/mycobot_moveit_config/local_setup.bash
[2.229s] -- Installing: /home/notandi/ros2_ws/src/mycobot_ros2/install/mycobot_moveit_config/share/mycobot_moveit_config/local_setup.sh
[2.230s] -- Installing: /home/notandi/ros2_ws/src/mycobot_ros2/install/mycobot_moveit_config/share/mycobot_moveit_config/local_setup.zsh
[2.230s] -- Installing: /home/notandi/ros2_ws/src/mycobot_ros2/install/mycobot_moveit_config/share/mycobot_moveit_config/local_setup.dsv
[2.230s] -- Installing: /home/notandi/ros2_ws/src/mycobot_ros2/install/mycobot_moveit_config/share/mycobot_moveit_config/package.dsv
[2.230s] -- Installing: /home/notandi/ros2_ws/src/mycobot_ros2/install/mycobot_moveit_config/share/ament_index/resource_index/packages/mycobot_moveit_config
[2.231s] -- Installing: /home/notandi/ros2_ws/src/mycobot_ros2/install/mycobot_moveit_config/share/mycobot_moveit_config/cmake/mycobot_moveit_configConfig.cmake
[2.231s] -- Installing: /home/notandi/ros2_ws/src/mycobot_ros2/install/mycobot_moveit_config/share/mycobot_moveit_config/cmake/mycobot_moveit_configConfig-version.cmake
[2.231s] -- Installing: /home/notandi/ros2_ws/src/mycobot_ros2/install/mycobot_moveit_config/share/mycobot_moveit_config/package.xml
[2.233s] Invoked command in '/home/notandi/ros2_ws/src/mycobot_ros2/build/mycobot_moveit_config' returned '0': CMAKE_PREFIX_PATH=${CMAKE_PREFIX_PATH}:/opt/ros/jazzy /usr/bin/cmake --install /home/notandi/ros2_ws/src/mycobot_ros2/build/mycobot_moveit_config
