[0.044s] Invoking command in '/home/notandi/ros2_ws/build/mycobot_description': CMAKE_PREFIX_PATH=${CMAKE_PREFIX_PATH}:/opt/ros/jazzy /usr/bin/cmake --build /home/notandi/ros2_ws/build/mycobot_description -- -j12 -l12
[0.191s] Invoked command in '/home/notandi/ros2_ws/build/mycobot_description' returned '0': CMAKE_PREFIX_PATH=${CMAKE_PREFIX_PATH}:/opt/ros/jazzy /usr/bin/cmake --build /home/notandi/ros2_ws/build/mycobot_description -- -j12 -l12
[0.195s] Invoking command in '/home/notandi/ros2_ws/build/mycobot_description': CMAKE_PREFIX_PATH=${CMAKE_PREFIX_PATH}:/opt/ros/jazzy /usr/bin/cmake --install /home/notandi/ros2_ws/build/mycobot_description
[0.213s] -- Install configuration: ""
[0.215s] -- Execute custom install script
[0.218s] -- Up-to-date symlink: /home/notandi/ros2_ws/install/mycobot_description/share/mycobot_description/launch/robot_state_publisher.launch.py
[0.225s] -- Up-to-date symlink: /home/notandi/ros2_ws/install/mycobot_description/share/mycobot_description/meshes/adaptive_gripper/visual/gripper_base.dae
[0.227s] -- Up-to-date symlink: /home/notandi/ros2_ws/install/mycobot_description/share/mycobot_description/meshes/adaptive_gripper/visual/gripper_left1.dae
[0.227s] -- Up-to-date symlink: /home/notandi/ros2_ws/install/mycobot_description/share/mycobot_description/meshes/adaptive_gripper/visual/gripper_left2.dae
[0.227s] -- Up-to-date symlink: /home/notandi/ros2_ws/install/mycobot_description/share/mycobot_description/meshes/adaptive_gripper/visual/gripper_left3.dae
[0.228s] -- Up-to-date symlink: /home/notandi/ros2_ws/install/mycobot_description/share/mycobot_description/meshes/adaptive_gripper/visual/gripper_right1.dae
[0.228s] -- Up-to-date symlink: /home/notandi/ros2_ws/install/mycobot_description/share/mycobot_description/meshes/adaptive_gripper/visual/gripper_right2.dae
[0.229s] -- Up-to-date symlink: /home/notandi/ros2_ws/install/mycobot_description/share/mycobot_description/meshes/adaptive_gripper/visual/gripper_right3.dae
[0.229s] -- Up-to-date symlink: /home/notandi/ros2_ws/install/mycobot_description/share/mycobot_description/meshes/d435/visual/d435.stl
[0.231s] -- Up-to-date symlink: /home/notandi/ros2_ws/install/mycobot_description/share/mycobot_description/meshes/g_shape_base_v2_0/visual/base_link.dae
[0.232s] -- Up-to-date symlink: /home/notandi/ros2_ws/install/mycobot_description/share/mycobot_description/meshes/mycobot_280/visual/link1.dae
[0.234s] -- Up-to-date symlink: /home/notandi/ros2_ws/install/mycobot_description/share/mycobot_description/meshes/mycobot_280/visual/link1.png
[0.235s] -- Up-to-date symlink: /home/notandi/ros2_ws/install/mycobot_description/share/mycobot_description/meshes/mycobot_280/visual/link2.dae
[0.235s] -- Up-to-date symlink: /home/notandi/ros2_ws/install/mycobot_description/share/mycobot_description/meshes/mycobot_280/visual/link2.png
[0.236s] -- Up-to-date symlink: /home/notandi/ros2_ws/install/mycobot_description/share/mycobot_description/meshes/mycobot_280/visual/link3.dae
[0.240s] -- Up-to-date symlink: /home/notandi/ros2_ws/install/mycobot_description/share/mycobot_description/meshes/mycobot_280/visual/link3.png
[0.240s] -- Up-to-date symlink: /home/notandi/ros2_ws/install/mycobot_description/share/mycobot_description/meshes/mycobot_280/visual/link4.dae
[0.241s] -- Up-to-date symlink: /home/notandi/ros2_ws/install/mycobot_description/share/mycobot_description/meshes/mycobot_280/visual/link4.png
[0.241s] -- Up-to-date symlink: /home/notandi/ros2_ws/install/mycobot_description/share/mycobot_description/meshes/mycobot_280/visual/link5.dae
[0.241s] -- Up-to-date symlink: /home/notandi/ros2_ws/install/mycobot_description/share/mycobot_description/meshes/mycobot_280/visual/link5.png
[0.242s] -- Up-to-date symlink: /home/notandi/ros2_ws/install/mycobot_description/share/mycobot_description/meshes/mycobot_280/visual/link6.dae
[0.242s] -- Up-to-date symlink: /home/notandi/ros2_ws/install/mycobot_description/share/mycobot_description/meshes/mycobot_280/visual/link6.png
[0.243s] -- Up-to-date symlink: /home/notandi/ros2_ws/install/mycobot_description/share/mycobot_description/meshes/mycobot_280/visual/link7.dae
[0.243s] -- Up-to-date symlink: /home/notandi/ros2_ws/install/mycobot_description/share/mycobot_description/meshes/mycobot_280/visual/link7.png
[0.243s] -- Up-to-date symlink: /home/notandi/ros2_ws/install/mycobot_description/share/mycobot_description/meshes/mycobot_280/visual/suit_env.dae
[0.245s] -- Up-to-date symlink: /home/notandi/ros2_ws/install/mycobot_description/share/mycobot_description/urdf/control/gazebo_sim_ros2_control.urdf.xacro
[0.246s] -- Up-to-date symlink: /home/notandi/ros2_ws/install/mycobot_description/share/mycobot_description/urdf/control/mycobot_280_ros2_control.urdf.xacro
[0.247s] -- Up-to-date symlink: /home/notandi/ros2_ws/install/mycobot_description/share/mycobot_description/urdf/mech/adaptive_gripper.urdf.xacro
[0.247s] -- Up-to-date symlink: /home/notandi/ros2_ws/install/mycobot_description/share/mycobot_description/urdf/mech/g_shape_base_v2_0.urdf.xacro
[0.250s] -- Up-to-date symlink: /home/notandi/ros2_ws/install/mycobot_description/share/mycobot_description/urdf/mech/mycobot_280_arm.urdf.xacro
[0.251s] -- Up-to-date symlink: /home/notandi/ros2_ws/install/mycobot_description/share/mycobot_description/urdf/mycobot280_rviz.png
[0.251s] -- Up-to-date symlink: /home/notandi/ros2_ws/install/mycobot_description/share/mycobot_description/urdf/robots/mycobot_280.urdf.xacro
[0.253s] -- Up-to-date symlink: /home/notandi/ros2_ws/install/mycobot_description/share/mycobot_description/urdf/sensors/intel_rgbd_cam_d435.urdf.xacro
[0.253s] -- Up-to-date symlink: /home/notandi/ros2_ws/install/mycobot_description/share/mycobot_description/rviz/mycobot_280_description.rviz
[0.253s] -- Up-to-date symlink: /home/notandi/ros2_ws/install/mycobot_description/share/ament_index/resource_index/package_run_dependencies/mycobot_description
[0.254s] -- Up-to-date symlink: /home/notandi/ros2_ws/install/mycobot_description/share/ament_index/resource_index/parent_prefix_path/mycobot_description
[0.255s] -- Up-to-date symlink: /home/notandi/ros2_ws/install/mycobot_description/share/mycobot_description/environment/ament_prefix_path.sh
[0.255s] -- Up-to-date symlink: /home/notandi/ros2_ws/install/mycobot_description/share/mycobot_description/environment/ament_prefix_path.dsv
[0.256s] -- Up-to-date symlink: /home/notandi/ros2_ws/install/mycobot_description/share/mycobot_description/environment/path.sh
[0.256s] -- Up-to-date symlink: /home/notandi/ros2_ws/install/mycobot_description/share/mycobot_description/environment/path.dsv
[0.257s] -- Up-to-date symlink: /home/notandi/ros2_ws/install/mycobot_description/share/mycobot_description/local_setup.bash
[0.257s] -- Up-to-date symlink: /home/notandi/ros2_ws/install/mycobot_description/share/mycobot_description/local_setup.sh
[0.257s] -- Up-to-date symlink: /home/notandi/ros2_ws/install/mycobot_description/share/mycobot_description/local_setup.zsh
[0.258s] -- Up-to-date symlink: /home/notandi/ros2_ws/install/mycobot_description/share/mycobot_description/local_setup.dsv
[0.258s] -- Symlinking: /home/notandi/ros2_ws/install/mycobot_description/share/mycobot_description/package.dsv
[0.274s] -- Up-to-date symlink: /home/notandi/ros2_ws/install/mycobot_description/share/ament_index/resource_index/packages/mycobot_description
[0.275s] -- Up-to-date symlink: /home/notandi/ros2_ws/install/mycobot_description/share/mycobot_description/cmake/mycobot_descriptionConfig.cmake
[0.275s] -- Up-to-date symlink: /home/notandi/ros2_ws/install/mycobot_description/share/mycobot_description/cmake/mycobot_descriptionConfig-version.cmake
[0.277s] -- Up-to-date symlink: /home/notandi/ros2_ws/install/mycobot_description/share/mycobot_description/package.xml
[0.328s] Invoked command in '/home/notandi/ros2_ws/build/mycobot_description' returned '0': CMAKE_PREFIX_PATH=${CMAKE_PREFIX_PATH}:/opt/ros/jazzy /usr/bin/cmake --install /home/notandi/ros2_ws/build/mycobot_description
