[0.032s] Invoking command in '/home/notandi/ros2_ws/build/mycobot_bringup': CMAKE_PREFIX_PATH=${CMAKE_PREFIX_PATH}:/opt/ros/jazzy /usr/bin/cmake /home/notandi/ros2_ws/src/mycobot_ros2/mycobot_bringup -DAMENT_CMAKE_SYMLINK_INSTALL=1 -DCMAKE_INSTALL_PREFIX=/home/notandi/ros2_ws/install/mycobot_bringup
[0.112s] -- Found ament_cmake: 2.5.5 (/opt/ros/jazzy/share/ament_cmake/cmake)
[0.333s] -- Override CMake install command with custom implementation using symlinks instead of copying resources
[0.371s] -- Found ament_lint_auto: 0.17.4 (/opt/ros/jazzy/share/ament_lint_auto/cmake)
[0.477s] -- Added test 'lint_cmake' to check CMake code style
[0.478s] -- Added test 'xmllint' to check XML markup files
[0.482s] -- Configuring done (0.4s)
[0.494s] -- Generating done (0.0s)
[0.496s] -- Build files have been written to: /home/notandi/ros2_ws/build/mycobot_bringup
[0.512s] Invoked command in '/home/notandi/ros2_ws/build/mycobot_bringup' returned '0': CMAKE_PREFIX_PATH=${CMAKE_PREFIX_PATH}:/opt/ros/jazzy /usr/bin/cmake /home/notandi/ros2_ws/src/mycobot_ros2/mycobot_bringup -DAMENT_CMAKE_SYMLINK_INSTALL=1 -DCMAKE_INSTALL_PREFIX=/home/notandi/ros2_ws/install/mycobot_bringup
[0.514s] Invoking command in '/home/notandi/ros2_ws/build/mycobot_bringup': CMAKE_PREFIX_PATH=${CMAKE_PREFIX_PATH}:/opt/ros/jazzy /usr/bin/cmake --build /home/notandi/ros2_ws/build/mycobot_bringup -- -j12 -l12
[0.567s] Invoked command in '/home/notandi/ros2_ws/build/mycobot_bringup' returned '0': CMAKE_PREFIX_PATH=${CMAKE_PREFIX_PATH}:/opt/ros/jazzy /usr/bin/cmake --build /home/notandi/ros2_ws/build/mycobot_bringup -- -j12 -l12
[0.570s] Invoking command in '/home/notandi/ros2_ws/build/mycobot_bringup': CMAKE_PREFIX_PATH=${CMAKE_PREFIX_PATH}:/opt/ros/jazzy /usr/bin/cmake --install /home/notandi/ros2_ws/build/mycobot_bringup
[0.580s] -- Install configuration: ""
[0.581s] -- Execute custom install script
[0.583s] -- Up-to-date symlink: /home/notandi/ros2_ws/install/mycobot_bringup/share/mycobot_bringup/scripts/mycobot_280_gazebo.sh
[0.584s] -- Up-to-date symlink: /home/notandi/ros2_ws/install/mycobot_bringup/share/ament_index/resource_index/package_run_dependencies/mycobot_bringup
[0.585s] -- Up-to-date symlink: /home/notandi/ros2_ws/install/mycobot_bringup/share/ament_index/resource_index/parent_prefix_path/mycobot_bringup
[0.585s] -- Up-to-date symlink: /home/notandi/ros2_ws/install/mycobot_bringup/share/mycobot_bringup/environment/ament_prefix_path.sh
[0.585s] -- Up-to-date symlink: /home/notandi/ros2_ws/install/mycobot_bringup/share/mycobot_bringup/environment/ament_prefix_path.dsv
[0.585s] -- Up-to-date symlink: /home/notandi/ros2_ws/install/mycobot_bringup/share/mycobot_bringup/environment/path.sh
[0.586s] -- Up-to-date symlink: /home/notandi/ros2_ws/install/mycobot_bringup/share/mycobot_bringup/environment/path.dsv
[0.586s] -- Up-to-date symlink: /home/notandi/ros2_ws/install/mycobot_bringup/share/mycobot_bringup/local_setup.bash
[0.587s] -- Up-to-date symlink: /home/notandi/ros2_ws/install/mycobot_bringup/share/mycobot_bringup/local_setup.sh
[0.587s] -- Up-to-date symlink: /home/notandi/ros2_ws/install/mycobot_bringup/share/mycobot_bringup/local_setup.zsh
[0.588s] -- Up-to-date symlink: /home/notandi/ros2_ws/install/mycobot_bringup/share/mycobot_bringup/local_setup.dsv
[0.588s] -- Symlinking: /home/notandi/ros2_ws/install/mycobot_bringup/share/mycobot_bringup/package.dsv
[0.596s] -- Up-to-date symlink: /home/notandi/ros2_ws/install/mycobot_bringup/share/ament_index/resource_index/packages/mycobot_bringup
[0.596s] -- Up-to-date symlink: /home/notandi/ros2_ws/install/mycobot_bringup/share/mycobot_bringup/cmake/mycobot_bringupConfig.cmake
[0.597s] -- Up-to-date symlink: /home/notandi/ros2_ws/install/mycobot_bringup/share/mycobot_bringup/cmake/mycobot_bringupConfig-version.cmake
[0.597s] -- Up-to-date symlink: /home/notandi/ros2_ws/install/mycobot_bringup/share/mycobot_bringup/package.xml
[0.645s] Invoked command in '/home/notandi/ros2_ws/build/mycobot_bringup' returned '0': CMAKE_PREFIX_PATH=${CMAKE_PREFIX_PATH}:/opt/ros/jazzy /usr/bin/cmake --install /home/notandi/ros2_ws/build/mycobot_bringup
