[0.031s] Invoking command in '/home/notandi/ros2_ws/build/mycobot_description': CMAKE_PREFIX_PATH=${CMAKE_PREFIX_PATH}:/opt/ros/jazzy /usr/bin/cmake --build /home/notandi/ros2_ws/build/mycobot_description -- -j12 -l12
[0.131s] -- Found ament_cmake: 2.5.5 (/opt/ros/jazzy/share/ament_cmake/cmake)
[0.395s] -- Found urdf_tutorial: 1.1.0 (/opt/ros/jazzy/share/urdf_tutorial/cmake)
[0.396s] -- Found ament_lint_auto: 0.17.4 (/opt/ros/jazzy/share/ament_lint_auto/cmake)
[0.509s] -- Added test 'flake8' to check Python code syntax and style conventions
[0.509s] -- Configured 'flake8' exclude dirs and/or files: 
[0.511s] -- Added test 'lint_cmake' to check CMake code style
[0.511s] -- Added test 'pep257' to check Python code against some of the docstring style conventions in PEP 257
[0.515s] -- Added test 'xmllint' to check XML markup files
[0.518s] -- Configuring done (0.4s)
[0.527s] -- Generating done (0.0s)
[0.529s] -- Build files have been written to: /home/notandi/ros2_ws/build/mycobot_description
[0.567s] Invoked command in '/home/notandi/ros2_ws/build/mycobot_description' returned '0': CMAKE_PREFIX_PATH=${CMAKE_PREFIX_PATH}:/opt/ros/jazzy /usr/bin/cmake --build /home/notandi/ros2_ws/build/mycobot_description -- -j12 -l12
[0.568s] Invoking command in '/home/notandi/ros2_ws/build/mycobot_description': CMAKE_PREFIX_PATH=${CMAKE_PREFIX_PATH}:/opt/ros/jazzy /usr/bin/cmake --install /home/notandi/ros2_ws/build/mycobot_description
[0.575s] -- Install configuration: ""
[0.576s] -- Installing: /home/notandi/ros2_ws/install/mycobot_description/share/mycobot_description/launch
[0.576s] -- Installing: /home/notandi/ros2_ws/install/mycobot_description/share/mycobot_description/launch/robot_state_publisher.launch.py
[0.576s] -- Installing: /home/notandi/ros2_ws/install/mycobot_description/share/mycobot_description/meshes
[0.577s] -- Installing: /home/notandi/ros2_ws/install/mycobot_description/share/mycobot_description/meshes/mycobot_280
[0.577s] -- Installing: /home/notandi/ros2_ws/install/mycobot_description/share/mycobot_description/meshes/mycobot_280/visual
[0.577s] -- Installing: /home/notandi/ros2_ws/install/mycobot_description/share/mycobot_description/meshes/mycobot_280/visual/link6.png
[0.578s] -- Installing: /home/notandi/ros2_ws/install/mycobot_description/share/mycobot_description/meshes/mycobot_280/visual/link3.png
[0.578s] -- Installing: /home/notandi/ros2_ws/install/mycobot_description/share/mycobot_description/meshes/mycobot_280/visual/link7.dae
[0.581s] -- Installing: /home/notandi/ros2_ws/install/mycobot_description/share/mycobot_description/meshes/mycobot_280/visual/link6.dae
[0.583s] -- Installing: /home/notandi/ros2_ws/install/mycobot_description/share/mycobot_description/meshes/mycobot_280/visual/link4.dae
[0.585s] -- Installing: /home/notandi/ros2_ws/install/mycobot_description/share/mycobot_description/meshes/mycobot_280/visual/link5.png
[0.585s] -- Installing: /home/notandi/ros2_ws/install/mycobot_description/share/mycobot_description/meshes/mycobot_280/visual/link2.dae
[0.589s] -- Installing: /home/notandi/ros2_ws/install/mycobot_description/share/mycobot_description/meshes/mycobot_280/visual/link1.dae
[0.601s] -- Installing: /home/notandi/ros2_ws/install/mycobot_description/share/mycobot_description/meshes/mycobot_280/visual/suit_env.dae
[0.615s] -- Installing: /home/notandi/ros2_ws/install/mycobot_description/share/mycobot_description/meshes/mycobot_280/visual/link5.dae
[0.620s] -- Installing: /home/notandi/ros2_ws/install/mycobot_description/share/mycobot_description/meshes/mycobot_280/visual/link4.png
[0.620s] -- Installing: /home/notandi/ros2_ws/install/mycobot_description/share/mycobot_description/meshes/mycobot_280/visual/link7.png
[0.621s] -- Installing: /home/notandi/ros2_ws/install/mycobot_description/share/mycobot_description/meshes/mycobot_280/visual/link2.png
[0.621s] -- Installing: /home/notandi/ros2_ws/install/mycobot_description/share/mycobot_description/meshes/mycobot_280/visual/link1.png
[0.622s] -- Installing: /home/notandi/ros2_ws/install/mycobot_description/share/mycobot_description/meshes/mycobot_280/visual/link3.dae
[0.628s] -- Installing: /home/notandi/ros2_ws/install/mycobot_description/share/mycobot_description/meshes/g_shape_base_v2_0
[0.628s] -- Installing: /home/notandi/ros2_ws/install/mycobot_description/share/mycobot_description/meshes/g_shape_base_v2_0/visual
[0.628s] -- Installing: /home/notandi/ros2_ws/install/mycobot_description/share/mycobot_description/meshes/g_shape_base_v2_0/visual/base_link.dae
[0.638s] -- Installing: /home/notandi/ros2_ws/install/mycobot_description/share/mycobot_description/meshes/adaptive_gripper
[0.638s] -- Installing: /home/notandi/ros2_ws/install/mycobot_description/share/mycobot_description/meshes/adaptive_gripper/visual
[0.638s] -- Installing: /home/notandi/ros2_ws/install/mycobot_description/share/mycobot_description/meshes/adaptive_gripper/visual/gripper_right3.dae
[0.640s] -- Installing: /home/notandi/ros2_ws/install/mycobot_description/share/mycobot_description/meshes/adaptive_gripper/visual/gripper_left1.dae
[0.641s] -- Installing: /home/notandi/ros2_ws/install/mycobot_description/share/mycobot_description/meshes/adaptive_gripper/visual/gripper_base.dae
[0.644s] -- Installing: /home/notandi/ros2_ws/install/mycobot_description/share/mycobot_description/meshes/adaptive_gripper/visual/gripper_left2.dae
[0.646s] -- Installing: /home/notandi/ros2_ws/install/mycobot_description/share/mycobot_description/meshes/adaptive_gripper/visual/gripper_right2.dae
[0.647s] -- Installing: /home/notandi/ros2_ws/install/mycobot_description/share/mycobot_description/meshes/adaptive_gripper/visual/gripper_left3.dae
[0.648s] -- Installing: /home/notandi/ros2_ws/install/mycobot_description/share/mycobot_description/meshes/adaptive_gripper/visual/gripper_right1.dae
[0.649s] -- Installing: /home/notandi/ros2_ws/install/mycobot_description/share/mycobot_description/meshes/d435
[0.650s] -- Installing: /home/notandi/ros2_ws/install/mycobot_description/share/mycobot_description/meshes/d435/visual
[0.650s] -- Installing: /home/notandi/ros2_ws/install/mycobot_description/share/mycobot_description/meshes/d435/visual/d435.stl
[0.666s] -- Installing: /home/notandi/ros2_ws/install/mycobot_description/share/mycobot_description/urdf
[0.666s] -- Installing: /home/notandi/ros2_ws/install/mycobot_description/share/mycobot_description/urdf/mycobot280_rviz.png
[0.668s] -- Installing: /home/notandi/ros2_ws/install/mycobot_description/share/mycobot_description/urdf/robots
[0.668s] -- Installing: /home/notandi/ros2_ws/install/mycobot_description/share/mycobot_description/urdf/robots/mycobot_280.urdf.xacro
[0.668s] -- Installing: /home/notandi/ros2_ws/install/mycobot_description/share/mycobot_description/urdf/control
[0.668s] -- Installing: /home/notandi/ros2_ws/install/mycobot_description/share/mycobot_description/urdf/control/mycobot_280_ros2_control.urdf.xacro
[0.668s] -- Installing: /home/notandi/ros2_ws/install/mycobot_description/share/mycobot_description/urdf/control/gazebo_sim_ros2_control.urdf.xacro
[0.669s] -- Installing: /home/notandi/ros2_ws/install/mycobot_description/share/mycobot_description/urdf/mech
[0.669s] -- Installing: /home/notandi/ros2_ws/install/mycobot_description/share/mycobot_description/urdf/mech/g_shape_base_v2_0.urdf.xacro
[0.669s] -- Installing: /home/notandi/ros2_ws/install/mycobot_description/share/mycobot_description/urdf/mech/adaptive_gripper.urdf.xacro
[0.670s] -- Installing: /home/notandi/ros2_ws/install/mycobot_description/share/mycobot_description/urdf/mech/mycobot_280_arm.urdf.xacro
[0.670s] -- Installing: /home/notandi/ros2_ws/install/mycobot_description/share/mycobot_description/urdf/sensors
[0.670s] -- Installing: /home/notandi/ros2_ws/install/mycobot_description/share/mycobot_description/urdf/sensors/intel_rgbd_cam_d435.urdf.xacro
[0.671s] -- Installing: /home/notandi/ros2_ws/install/mycobot_description/share/mycobot_description/rviz
[0.671s] -- Installing: /home/notandi/ros2_ws/install/mycobot_description/share/mycobot_description/rviz/mycobot_280_description.rviz
[0.672s] -- Up-to-date: /home/notandi/ros2_ws/install/mycobot_description/share/ament_index/resource_index/package_run_dependencies/mycobot_description
[0.672s] -- Installing: /home/notandi/ros2_ws/install/mycobot_description/share/ament_index/resource_index/parent_prefix_path/mycobot_description
[0.672s] -- Up-to-date: /home/notandi/ros2_ws/install/mycobot_description/share/mycobot_description/environment/ament_prefix_path.sh
[0.673s] -- Up-to-date: /home/notandi/ros2_ws/install/mycobot_description/share/mycobot_description/environment/ament_prefix_path.dsv
[0.673s] -- Up-to-date: /home/notandi/ros2_ws/install/mycobot_description/share/mycobot_description/environment/path.sh
[0.673s] -- Up-to-date: /home/notandi/ros2_ws/install/mycobot_description/share/mycobot_description/environment/path.dsv
[0.673s] -- Up-to-date: /home/notandi/ros2_ws/install/mycobot_description/share/mycobot_description/local_setup.bash
[0.673s] -- Up-to-date: /home/notandi/ros2_ws/install/mycobot_description/share/mycobot_description/local_setup.sh
[0.673s] -- Up-to-date: /home/notandi/ros2_ws/install/mycobot_description/share/mycobot_description/local_setup.zsh
[0.673s] -- Up-to-date: /home/notandi/ros2_ws/install/mycobot_description/share/mycobot_description/local_setup.dsv
[0.673s] -- Up-to-date: /home/notandi/ros2_ws/install/mycobot_description/share/mycobot_description/package.dsv
[0.673s] -- Up-to-date: /home/notandi/ros2_ws/install/mycobot_description/share/ament_index/resource_index/packages/mycobot_description
[0.673s] -- Up-to-date: /home/notandi/ros2_ws/install/mycobot_description/share/mycobot_description/cmake/mycobot_descriptionConfig.cmake
[0.673s] -- Up-to-date: /home/notandi/ros2_ws/install/mycobot_description/share/mycobot_description/cmake/mycobot_descriptionConfig-version.cmake
[0.673s] -- Installing: /home/notandi/ros2_ws/install/mycobot_description/share/mycobot_description/package.xml
[0.675s] Invoked command in '/home/notandi/ros2_ws/build/mycobot_description' returned '0': CMAKE_PREFIX_PATH=${CMAKE_PREFIX_PATH}:/opt/ros/jazzy /usr/bin/cmake --install /home/notandi/ros2_ws/build/mycobot_description
