[0.139s] DEBUG:colcon:Command line arguments: ['/usr/bin/colcon', 'build']
[0.139s] DEBUG:colcon:Parsed command line arguments: Namespace(log_base=None, log_level=None, verb_name='build', build_base='build', install_base='install', merge_install=False, symlink_install=False, test_result_base=None, continue_on_error=False, executor='parallel', parallel_workers=12, event_handlers=None, ignore_user_meta=False, metas=['./colcon.meta'], base_paths=['.'], packages_ignore=None, packages_ignore_regex=None, paths=None, packages_up_to=None, packages_up_to_regex=None, packages_above=None, packages_above_and_dependencies=None, packages_above_depth=None, packages_select_by_dep=None, packages_skip_by_dep=None, packages_skip_up_to=None, packages_select_build_failed=False, packages_skip_build_finished=False, packages_select_test_failures=False, packages_skip_test_passed=False, packages_select=None, packages_skip=None, packages_select_regex=None, packages_skip_regex=None, packages_start=None, packages_end=None, allow_overriding=[], cmake_args=None, cmake_target=None, cmake_target_skip_unavailable=False, cmake_clean_cache=False, cmake_clean_first=False, cmake_force_configure=False, ament_cmake_args=None, catkin_cmake_args=None, catkin_skip_building_tests=False, mixin_files=None, mixin=None, verb_parser=<colcon_mixin.mixin.mixin_argument.MixinArgumentDecorator object at 0x74a8c868e0f0>, verb_extension=<colcon_core.verb.build.BuildVerb object at 0x74a8c868d970>, main=<bound method BuildVerb.main of <colcon_core.verb.build.BuildVerb object at 0x74a8c868d970>>, mixin_verb=('build',))
[0.166s] Level 1:colcon.colcon_core.package_discovery:discover_packages(colcon_meta) check parameters
[0.166s] Level 1:colcon.colcon_core.package_discovery:discover_packages(recursive) check parameters
[0.166s] Level 1:colcon.colcon_core.package_discovery:discover_packages(ignore) check parameters
[0.166s] Level 1:colcon.colcon_core.package_discovery:discover_packages(path) check parameters
[0.166s] Level 1:colcon.colcon_core.package_discovery:discover_packages(colcon_meta) discover
[0.166s] Level 1:colcon.colcon_core.package_discovery:discover_packages(recursive) discover
[0.166s] INFO:colcon.colcon_core.package_discovery:Crawling recursively for packages in '/home/notandi/ros2_ws/src'
[0.166s] Level 1:colcon.colcon_core.package_identification:_identify(.) by extensions ['ignore', 'ignore_ament_install']
[0.166s] Level 1:colcon.colcon_core.package_identification:_identify(.) by extension 'ignore'
[0.166s] Level 1:colcon.colcon_core.package_identification:_identify(.) by extension 'ignore_ament_install'
[0.166s] Level 1:colcon.colcon_core.package_identification:_identify(.) by extensions ['colcon_pkg']
[0.166s] Level 1:colcon.colcon_core.package_identification:_identify(.) by extension 'colcon_pkg'
[0.166s] Level 1:colcon.colcon_core.package_identification:_identify(.) by extensions ['colcon_meta']
[0.166s] Level 1:colcon.colcon_core.package_identification:_identify(.) by extension 'colcon_meta'
[0.166s] Level 1:colcon.colcon_core.package_identification:_identify(.) by extensions ['ros']
[0.166s] Level 1:colcon.colcon_core.package_identification:_identify(.) by extension 'ros'
[0.186s] Level 1:colcon.colcon_core.package_identification:_identify(.) by extensions ['cmake', 'python']
[0.186s] Level 1:colcon.colcon_core.package_identification:_identify(.) by extension 'cmake'
[0.186s] Level 1:colcon.colcon_core.package_identification:_identify(.) by extension 'python'
[0.186s] Level 1:colcon.colcon_core.package_identification:_identify(.) by extensions ['python_setup_py']
[0.186s] Level 1:colcon.colcon_core.package_identification:_identify(.) by extension 'python_setup_py'
[0.187s] Level 1:colcon.colcon_core.package_identification:_identify(build) by extensions ['ignore', 'ignore_ament_install']
[0.187s] Level 1:colcon.colcon_core.package_identification:_identify(build) by extension 'ignore'
[0.187s] Level 1:colcon.colcon_core.package_identification:_identify(build) ignored
[0.187s] Level 1:colcon.colcon_core.package_identification:_identify(install) by extensions ['ignore', 'ignore_ament_install']
[0.187s] Level 1:colcon.colcon_core.package_identification:_identify(install) by extension 'ignore'
[0.187s] Level 1:colcon.colcon_core.package_identification:_identify(install) ignored
[0.187s] Level 1:colcon.colcon_core.package_identification:_identify(log) by extensions ['ignore', 'ignore_ament_install']
[0.187s] Level 1:colcon.colcon_core.package_identification:_identify(log) by extension 'ignore'
[0.187s] Level 1:colcon.colcon_core.package_identification:_identify(log) ignored
[0.187s] Level 1:colcon.colcon_core.package_identification:_identify(mycobot_ros2) by extensions ['ignore', 'ignore_ament_install']
[0.187s] Level 1:colcon.colcon_core.package_identification:_identify(mycobot_ros2) by extension 'ignore'
[0.187s] Level 1:colcon.colcon_core.package_identification:_identify(mycobot_ros2) by extension 'ignore_ament_install'
[0.187s] Level 1:colcon.colcon_core.package_identification:_identify(mycobot_ros2) by extensions ['colcon_pkg']
[0.187s] Level 1:colcon.colcon_core.package_identification:_identify(mycobot_ros2) by extension 'colcon_pkg'
[0.187s] Level 1:colcon.colcon_core.package_identification:_identify(mycobot_ros2) by extensions ['colcon_meta']
[0.187s] Level 1:colcon.colcon_core.package_identification:_identify(mycobot_ros2) by extension 'colcon_meta'
[0.187s] Level 1:colcon.colcon_core.package_identification:_identify(mycobot_ros2) by extensions ['ros']
[0.187s] Level 1:colcon.colcon_core.package_identification:_identify(mycobot_ros2) by extension 'ros'
[0.187s] Level 1:colcon.colcon_core.package_identification:_identify(mycobot_ros2) by extensions ['cmake', 'python']
[0.187s] Level 1:colcon.colcon_core.package_identification:_identify(mycobot_ros2) by extension 'cmake'
[0.187s] Level 1:colcon.colcon_core.package_identification:_identify(mycobot_ros2) by extension 'python'
[0.187s] Level 1:colcon.colcon_core.package_identification:_identify(mycobot_ros2) by extensions ['python_setup_py']
[0.187s] Level 1:colcon.colcon_core.package_identification:_identify(mycobot_ros2) by extension 'python_setup_py'
[0.187s] Level 1:colcon.colcon_core.package_identification:_identify(mycobot_ros2/build) by extensions ['ignore', 'ignore_ament_install']
[0.187s] Level 1:colcon.colcon_core.package_identification:_identify(mycobot_ros2/build) by extension 'ignore'
[0.187s] Level 1:colcon.colcon_core.package_identification:_identify(mycobot_ros2/build) ignored
[0.187s] Level 1:colcon.colcon_core.package_identification:_identify(mycobot_ros2/install) by extensions ['ignore', 'ignore_ament_install']
[0.187s] Level 1:colcon.colcon_core.package_identification:_identify(mycobot_ros2/install) by extension 'ignore'
[0.187s] Level 1:colcon.colcon_core.package_identification:_identify(mycobot_ros2/install) ignored
[0.187s] Level 1:colcon.colcon_core.package_identification:_identify(mycobot_ros2/log) by extensions ['ignore', 'ignore_ament_install']
[0.188s] Level 1:colcon.colcon_core.package_identification:_identify(mycobot_ros2/log) by extension 'ignore'
[0.188s] Level 1:colcon.colcon_core.package_identification:_identify(mycobot_ros2/log) ignored
[0.188s] Level 1:colcon.colcon_core.package_identification:_identify(mycobot_ros2/mycobot_bringup) by extensions ['ignore', 'ignore_ament_install']
[0.188s] Level 1:colcon.colcon_core.package_identification:_identify(mycobot_ros2/mycobot_bringup) by extension 'ignore'
[0.188s] Level 1:colcon.colcon_core.package_identification:_identify(mycobot_ros2/mycobot_bringup) by extension 'ignore_ament_install'
[0.188s] Level 1:colcon.colcon_core.package_identification:_identify(mycobot_ros2/mycobot_bringup) by extensions ['colcon_pkg']
[0.188s] Level 1:colcon.colcon_core.package_identification:_identify(mycobot_ros2/mycobot_bringup) by extension 'colcon_pkg'
[0.188s] Level 1:colcon.colcon_core.package_identification:_identify(mycobot_ros2/mycobot_bringup) by extensions ['colcon_meta']
[0.188s] Level 1:colcon.colcon_core.package_identification:_identify(mycobot_ros2/mycobot_bringup) by extension 'colcon_meta'
[0.188s] Level 1:colcon.colcon_core.package_identification:_identify(mycobot_ros2/mycobot_bringup) by extensions ['ros']
[0.188s] Level 1:colcon.colcon_core.package_identification:_identify(mycobot_ros2/mycobot_bringup) by extension 'ros'
[0.189s] DEBUG:colcon.colcon_core.package_identification:Package 'mycobot_ros2/mycobot_bringup' with type 'ros.ament_cmake' and name 'mycobot_bringup'
[0.190s] Level 1:colcon.colcon_core.package_identification:_identify(mycobot_ros2/mycobot_description) by extensions ['ignore', 'ignore_ament_install']
[0.190s] Level 1:colcon.colcon_core.package_identification:_identify(mycobot_ros2/mycobot_description) by extension 'ignore'
[0.190s] Level 1:colcon.colcon_core.package_identification:_identify(mycobot_ros2/mycobot_description) by extension 'ignore_ament_install'
[0.190s] Level 1:colcon.colcon_core.package_identification:_identify(mycobot_ros2/mycobot_description) by extensions ['colcon_pkg']
[0.190s] Level 1:colcon.colcon_core.package_identification:_identify(mycobot_ros2/mycobot_description) by extension 'colcon_pkg'
[0.190s] Level 1:colcon.colcon_core.package_identification:_identify(mycobot_ros2/mycobot_description) by extensions ['colcon_meta']
[0.190s] Level 1:colcon.colcon_core.package_identification:_identify(mycobot_ros2/mycobot_description) by extension 'colcon_meta'
[0.190s] Level 1:colcon.colcon_core.package_identification:_identify(mycobot_ros2/mycobot_description) by extensions ['ros']
[0.190s] Level 1:colcon.colcon_core.package_identification:_identify(mycobot_ros2/mycobot_description) by extension 'ros'
[0.190s] DEBUG:colcon.colcon_core.package_identification:Package 'mycobot_ros2/mycobot_description' with type 'ros.ament_cmake' and name 'mycobot_description'
[0.190s] Level 1:colcon.colcon_core.package_identification:_identify(mycobot_ros2/mycobot_gazebo) by extensions ['ignore', 'ignore_ament_install']
[0.190s] Level 1:colcon.colcon_core.package_identification:_identify(mycobot_ros2/mycobot_gazebo) by extension 'ignore'
[0.190s] Level 1:colcon.colcon_core.package_identification:_identify(mycobot_ros2/mycobot_gazebo) by extension 'ignore_ament_install'
[0.191s] Level 1:colcon.colcon_core.package_identification:_identify(mycobot_ros2/mycobot_gazebo) by extensions ['colcon_pkg']
[0.191s] Level 1:colcon.colcon_core.package_identification:_identify(mycobot_ros2/mycobot_gazebo) by extension 'colcon_pkg'
[0.191s] Level 1:colcon.colcon_core.package_identification:_identify(mycobot_ros2/mycobot_gazebo) by extensions ['colcon_meta']
[0.191s] Level 1:colcon.colcon_core.package_identification:_identify(mycobot_ros2/mycobot_gazebo) by extension 'colcon_meta'
[0.191s] Level 1:colcon.colcon_core.package_identification:_identify(mycobot_ros2/mycobot_gazebo) by extensions ['ros']
[0.191s] Level 1:colcon.colcon_core.package_identification:_identify(mycobot_ros2/mycobot_gazebo) by extension 'ros'
[0.191s] DEBUG:colcon.colcon_core.package_identification:Package 'mycobot_ros2/mycobot_gazebo' with type 'ros.ament_cmake' and name 'mycobot_gazebo'
[0.191s] Level 1:colcon.colcon_core.package_identification:_identify(mycobot_ros2/mycobot_moveit_config) by extensions ['ignore', 'ignore_ament_install']
[0.191s] Level 1:colcon.colcon_core.package_identification:_identify(mycobot_ros2/mycobot_moveit_config) by extension 'ignore'
[0.191s] Level 1:colcon.colcon_core.package_identification:_identify(mycobot_ros2/mycobot_moveit_config) by extension 'ignore_ament_install'
[0.191s] Level 1:colcon.colcon_core.package_identification:_identify(mycobot_ros2/mycobot_moveit_config) by extensions ['colcon_pkg']
[0.191s] Level 1:colcon.colcon_core.package_identification:_identify(mycobot_ros2/mycobot_moveit_config) by extension 'colcon_pkg'
[0.191s] Level 1:colcon.colcon_core.package_identification:_identify(mycobot_ros2/mycobot_moveit_config) by extensions ['colcon_meta']
[0.191s] Level 1:colcon.colcon_core.package_identification:_identify(mycobot_ros2/mycobot_moveit_config) by extension 'colcon_meta'
[0.191s] Level 1:colcon.colcon_core.package_identification:_identify(mycobot_ros2/mycobot_moveit_config) by extensions ['ros']
[0.191s] Level 1:colcon.colcon_core.package_identification:_identify(mycobot_ros2/mycobot_moveit_config) by extension 'ros'
[0.192s] DEBUG:colcon.colcon_core.package_identification:Package 'mycobot_ros2/mycobot_moveit_config' with type 'ros.ament_cmake' and name 'mycobot_moveit_config'
[0.192s] Level 1:colcon.colcon_core.package_identification:_identify(mycobot_ros2/mycobot_ros2) by extensions ['ignore', 'ignore_ament_install']
[0.192s] Level 1:colcon.colcon_core.package_identification:_identify(mycobot_ros2/mycobot_ros2) by extension 'ignore'
[0.192s] Level 1:colcon.colcon_core.package_identification:_identify(mycobot_ros2/mycobot_ros2) by extension 'ignore_ament_install'
[0.192s] Level 1:colcon.colcon_core.package_identification:_identify(mycobot_ros2/mycobot_ros2) by extensions ['colcon_pkg']
[0.192s] Level 1:colcon.colcon_core.package_identification:_identify(mycobot_ros2/mycobot_ros2) by extension 'colcon_pkg'
[0.192s] Level 1:colcon.colcon_core.package_identification:_identify(mycobot_ros2/mycobot_ros2) by extensions ['colcon_meta']
[0.192s] Level 1:colcon.colcon_core.package_identification:_identify(mycobot_ros2/mycobot_ros2) by extension 'colcon_meta'
[0.192s] Level 1:colcon.colcon_core.package_identification:_identify(mycobot_ros2/mycobot_ros2) by extensions ['ros']
[0.192s] Level 1:colcon.colcon_core.package_identification:_identify(mycobot_ros2/mycobot_ros2) by extension 'ros'
[0.192s] DEBUG:colcon.colcon_core.package_identification:Package 'mycobot_ros2/mycobot_ros2' with type 'ros.ament_cmake' and name 'mycobot_ros2'
[0.192s] Level 1:colcon.colcon_core.package_identification:_identify(mycobot_ros2/mycobot_system_tests) by extensions ['ignore', 'ignore_ament_install']
[0.192s] Level 1:colcon.colcon_core.package_identification:_identify(mycobot_ros2/mycobot_system_tests) by extension 'ignore'
[0.192s] Level 1:colcon.colcon_core.package_identification:_identify(mycobot_ros2/mycobot_system_tests) by extension 'ignore_ament_install'
[0.192s] Level 1:colcon.colcon_core.package_identification:_identify(mycobot_ros2/mycobot_system_tests) by extensions ['colcon_pkg']
[0.192s] Level 1:colcon.colcon_core.package_identification:_identify(mycobot_ros2/mycobot_system_tests) by extension 'colcon_pkg'
[0.192s] Level 1:colcon.colcon_core.package_identification:_identify(mycobot_ros2/mycobot_system_tests) by extensions ['colcon_meta']
[0.192s] Level 1:colcon.colcon_core.package_identification:_identify(mycobot_ros2/mycobot_system_tests) by extension 'colcon_meta'
[0.192s] Level 1:colcon.colcon_core.package_identification:_identify(mycobot_ros2/mycobot_system_tests) by extensions ['ros']
[0.192s] Level 1:colcon.colcon_core.package_identification:_identify(mycobot_ros2/mycobot_system_tests) by extension 'ros'
[0.193s] DEBUG:colcon.colcon_core.package_identification:Package 'mycobot_ros2/mycobot_system_tests' with type 'ros.ament_cmake' and name 'mycobot_system_tests'
[0.193s] Level 1:colcon.colcon_core.package_discovery:discover_packages(recursive) using defaults
[0.193s] Level 1:colcon.colcon_core.package_discovery:discover_packages(ignore) discover
[0.193s] Level 1:colcon.colcon_core.package_discovery:discover_packages(ignore) using defaults
[0.193s] Level 1:colcon.colcon_core.package_discovery:discover_packages(path) discover
[0.193s] Level 1:colcon.colcon_core.package_discovery:discover_packages(path) using defaults
[0.206s] Level 1:colcon.colcon_core.package_discovery:discover_packages(prefix_path) check parameters
[0.206s] Level 1:colcon.colcon_core.package_discovery:discover_packages(prefix_path) discover
[0.207s] DEBUG:colcon.colcon_installed_package_information.package_discovery:Found 6 installed packages in /home/notandi/ros2_ws/install
[0.208s] DEBUG:colcon.colcon_installed_package_information.package_discovery:Found 374 installed packages in /opt/ros/jazzy
[0.209s] Level 1:colcon.colcon_core.package_discovery:discover_packages(prefix_path) using defaults
[0.243s] Level 5:colcon.colcon_core.verb:set package 'mycobot_bringup' build argument 'cmake_args' from command line to 'None'
[0.243s] Level 5:colcon.colcon_core.verb:set package 'mycobot_bringup' build argument 'cmake_target' from command line to 'None'
[0.243s] Level 5:colcon.colcon_core.verb:set package 'mycobot_bringup' build argument 'cmake_target_skip_unavailable' from command line to 'False'
[0.243s] Level 5:colcon.colcon_core.verb:set package 'mycobot_bringup' build argument 'cmake_clean_cache' from command line to 'False'
[0.243s] Level 5:colcon.colcon_core.verb:set package 'mycobot_bringup' build argument 'cmake_clean_first' from command line to 'False'
[0.243s] Level 5:colcon.colcon_core.verb:set package 'mycobot_bringup' build argument 'cmake_force_configure' from command line to 'False'
[0.243s] Level 5:colcon.colcon_core.verb:set package 'mycobot_bringup' build argument 'ament_cmake_args' from command line to 'None'
[0.243s] Level 5:colcon.colcon_core.verb:set package 'mycobot_bringup' build argument 'catkin_cmake_args' from command line to 'None'
[0.243s] Level 5:colcon.colcon_core.verb:set package 'mycobot_bringup' build argument 'catkin_skip_building_tests' from command line to 'False'
[0.243s] DEBUG:colcon.colcon_core.verb:Building package 'mycobot_bringup' with the following arguments: {'ament_cmake_args': None, 'build_base': '/home/notandi/ros2_ws/src/build/mycobot_bringup', 'catkin_cmake_args': None, 'catkin_skip_building_tests': False, 'cmake_args': None, 'cmake_clean_cache': False, 'cmake_clean_first': False, 'cmake_force_configure': False, 'cmake_target': None, 'cmake_target_skip_unavailable': False, 'install_base': '/home/notandi/ros2_ws/src/install/mycobot_bringup', 'merge_install': False, 'path': '/home/notandi/ros2_ws/src/mycobot_ros2/mycobot_bringup', 'symlink_install': False, 'test_result_base': None}
[0.244s] Level 5:colcon.colcon_core.verb:set package 'mycobot_description' build argument 'cmake_args' from command line to 'None'
[0.244s] Level 5:colcon.colcon_core.verb:set package 'mycobot_description' build argument 'cmake_target' from command line to 'None'
[0.244s] Level 5:colcon.colcon_core.verb:set package 'mycobot_description' build argument 'cmake_target_skip_unavailable' from command line to 'False'
[0.244s] Level 5:colcon.colcon_core.verb:set package 'mycobot_description' build argument 'cmake_clean_cache' from command line to 'False'
[0.244s] Level 5:colcon.colcon_core.verb:set package 'mycobot_description' build argument 'cmake_clean_first' from command line to 'False'
[0.244s] Level 5:colcon.colcon_core.verb:set package 'mycobot_description' build argument 'cmake_force_configure' from command line to 'False'
[0.244s] Level 5:colcon.colcon_core.verb:set package 'mycobot_description' build argument 'ament_cmake_args' from command line to 'None'
[0.244s] Level 5:colcon.colcon_core.verb:set package 'mycobot_description' build argument 'catkin_cmake_args' from command line to 'None'
[0.244s] Level 5:colcon.colcon_core.verb:set package 'mycobot_description' build argument 'catkin_skip_building_tests' from command line to 'False'
[0.244s] DEBUG:colcon.colcon_core.verb:Building package 'mycobot_description' with the following arguments: {'ament_cmake_args': None, 'build_base': '/home/notandi/ros2_ws/src/build/mycobot_description', 'catkin_cmake_args': None, 'catkin_skip_building_tests': False, 'cmake_args': None, 'cmake_clean_cache': False, 'cmake_clean_first': False, 'cmake_force_configure': False, 'cmake_target': None, 'cmake_target_skip_unavailable': False, 'install_base': '/home/notandi/ros2_ws/src/install/mycobot_description', 'merge_install': False, 'path': '/home/notandi/ros2_ws/src/mycobot_ros2/mycobot_description', 'symlink_install': False, 'test_result_base': None}
[0.244s] Level 5:colcon.colcon_core.verb:set package 'mycobot_gazebo' build argument 'cmake_args' from command line to 'None'
[0.244s] Level 5:colcon.colcon_core.verb:set package 'mycobot_gazebo' build argument 'cmake_target' from command line to 'None'
[0.244s] Level 5:colcon.colcon_core.verb:set package 'mycobot_gazebo' build argument 'cmake_target_skip_unavailable' from command line to 'False'
[0.244s] Level 5:colcon.colcon_core.verb:set package 'mycobot_gazebo' build argument 'cmake_clean_cache' from command line to 'False'
[0.244s] Level 5:colcon.colcon_core.verb:set package 'mycobot_gazebo' build argument 'cmake_clean_first' from command line to 'False'
[0.244s] Level 5:colcon.colcon_core.verb:set package 'mycobot_gazebo' build argument 'cmake_force_configure' from command line to 'False'
[0.244s] Level 5:colcon.colcon_core.verb:set package 'mycobot_gazebo' build argument 'ament_cmake_args' from command line to 'None'
[0.244s] Level 5:colcon.colcon_core.verb:set package 'mycobot_gazebo' build argument 'catkin_cmake_args' from command line to 'None'
[0.244s] Level 5:colcon.colcon_core.verb:set package 'mycobot_gazebo' build argument 'catkin_skip_building_tests' from command line to 'False'
[0.244s] DEBUG:colcon.colcon_core.verb:Building package 'mycobot_gazebo' with the following arguments: {'ament_cmake_args': None, 'build_base': '/home/notandi/ros2_ws/src/build/mycobot_gazebo', 'catkin_cmake_args': None, 'catkin_skip_building_tests': False, 'cmake_args': None, 'cmake_clean_cache': False, 'cmake_clean_first': False, 'cmake_force_configure': False, 'cmake_target': None, 'cmake_target_skip_unavailable': False, 'install_base': '/home/notandi/ros2_ws/src/install/mycobot_gazebo', 'merge_install': False, 'path': '/home/notandi/ros2_ws/src/mycobot_ros2/mycobot_gazebo', 'symlink_install': False, 'test_result_base': None}
[0.244s] Level 5:colcon.colcon_core.verb:set package 'mycobot_moveit_config' build argument 'cmake_args' from command line to 'None'
[0.244s] Level 5:colcon.colcon_core.verb:set package 'mycobot_moveit_config' build argument 'cmake_target' from command line to 'None'
[0.244s] Level 5:colcon.colcon_core.verb:set package 'mycobot_moveit_config' build argument 'cmake_target_skip_unavailable' from command line to 'False'
[0.244s] Level 5:colcon.colcon_core.verb:set package 'mycobot_moveit_config' build argument 'cmake_clean_cache' from command line to 'False'
[0.244s] Level 5:colcon.colcon_core.verb:set package 'mycobot_moveit_config' build argument 'cmake_clean_first' from command line to 'False'
[0.244s] Level 5:colcon.colcon_core.verb:set package 'mycobot_moveit_config' build argument 'cmake_force_configure' from command line to 'False'
[0.244s] Level 5:colcon.colcon_core.verb:set package 'mycobot_moveit_config' build argument 'ament_cmake_args' from command line to 'None'
[0.244s] Level 5:colcon.colcon_core.verb:set package 'mycobot_moveit_config' build argument 'catkin_cmake_args' from command line to 'None'
[0.244s] Level 5:colcon.colcon_core.verb:set package 'mycobot_moveit_config' build argument 'catkin_skip_building_tests' from command line to 'False'
[0.244s] DEBUG:colcon.colcon_core.verb:Building package 'mycobot_moveit_config' with the following arguments: {'ament_cmake_args': None, 'build_base': '/home/notandi/ros2_ws/src/build/mycobot_moveit_config', 'catkin_cmake_args': None, 'catkin_skip_building_tests': False, 'cmake_args': None, 'cmake_clean_cache': False, 'cmake_clean_first': False, 'cmake_force_configure': False, 'cmake_target': None, 'cmake_target_skip_unavailable': False, 'install_base': '/home/notandi/ros2_ws/src/install/mycobot_moveit_config', 'merge_install': False, 'path': '/home/notandi/ros2_ws/src/mycobot_ros2/mycobot_moveit_config', 'symlink_install': False, 'test_result_base': None}
[0.244s] Level 5:colcon.colcon_core.verb:set package 'mycobot_system_tests' build argument 'cmake_args' from command line to 'None'
[0.244s] Level 5:colcon.colcon_core.verb:set package 'mycobot_system_tests' build argument 'cmake_target' from command line to 'None'
[0.244s] Level 5:colcon.colcon_core.verb:set package 'mycobot_system_tests' build argument 'cmake_target_skip_unavailable' from command line to 'False'
[0.244s] Level 5:colcon.colcon_core.verb:set package 'mycobot_system_tests' build argument 'cmake_clean_cache' from command line to 'False'
[0.244s] Level 5:colcon.colcon_core.verb:set package 'mycobot_system_tests' build argument 'cmake_clean_first' from command line to 'False'
[0.244s] Level 5:colcon.colcon_core.verb:set package 'mycobot_system_tests' build argument 'cmake_force_configure' from command line to 'False'
[0.244s] Level 5:colcon.colcon_core.verb:set package 'mycobot_system_tests' build argument 'ament_cmake_args' from command line to 'None'
[0.244s] Level 5:colcon.colcon_core.verb:set package 'mycobot_system_tests' build argument 'catkin_cmake_args' from command line to 'None'
[0.244s] Level 5:colcon.colcon_core.verb:set package 'mycobot_system_tests' build argument 'catkin_skip_building_tests' from command line to 'False'
[0.244s] DEBUG:colcon.colcon_core.verb:Building package 'mycobot_system_tests' with the following arguments: {'ament_cmake_args': None, 'build_base': '/home/notandi/ros2_ws/src/build/mycobot_system_tests', 'catkin_cmake_args': None, 'catkin_skip_building_tests': False, 'cmake_args': None, 'cmake_clean_cache': False, 'cmake_clean_first': False, 'cmake_force_configure': False, 'cmake_target': None, 'cmake_target_skip_unavailable': False, 'install_base': '/home/notandi/ros2_ws/src/install/mycobot_system_tests', 'merge_install': False, 'path': '/home/notandi/ros2_ws/src/mycobot_ros2/mycobot_system_tests', 'symlink_install': False, 'test_result_base': None}
[0.245s] Level 5:colcon.colcon_core.verb:set package 'mycobot_ros2' build argument 'cmake_args' from command line to 'None'
[0.245s] Level 5:colcon.colcon_core.verb:set package 'mycobot_ros2' build argument 'cmake_target' from command line to 'None'
[0.245s] Level 5:colcon.colcon_core.verb:set package 'mycobot_ros2' build argument 'cmake_target_skip_unavailable' from command line to 'False'
[0.245s] Level 5:colcon.colcon_core.verb:set package 'mycobot_ros2' build argument 'cmake_clean_cache' from command line to 'False'
[0.245s] Level 5:colcon.colcon_core.verb:set package 'mycobot_ros2' build argument 'cmake_clean_first' from command line to 'False'
[0.245s] Level 5:colcon.colcon_core.verb:set package 'mycobot_ros2' build argument 'cmake_force_configure' from command line to 'False'
[0.245s] Level 5:colcon.colcon_core.verb:set package 'mycobot_ros2' build argument 'ament_cmake_args' from command line to 'None'
[0.245s] Level 5:colcon.colcon_core.verb:set package 'mycobot_ros2' build argument 'catkin_cmake_args' from command line to 'None'
[0.245s] Level 5:colcon.colcon_core.verb:set package 'mycobot_ros2' build argument 'catkin_skip_building_tests' from command line to 'False'
[0.245s] DEBUG:colcon.colcon_core.verb:Building package 'mycobot_ros2' with the following arguments: {'ament_cmake_args': None, 'build_base': '/home/notandi/ros2_ws/src/build/mycobot_ros2', 'catkin_cmake_args': None, 'catkin_skip_building_tests': False, 'cmake_args': None, 'cmake_clean_cache': False, 'cmake_clean_first': False, 'cmake_force_configure': False, 'cmake_target': None, 'cmake_target_skip_unavailable': False, 'install_base': '/home/notandi/ros2_ws/src/install/mycobot_ros2', 'merge_install': False, 'path': '/home/notandi/ros2_ws/src/mycobot_ros2/mycobot_ros2', 'symlink_install': False, 'test_result_base': None}
[0.245s] INFO:colcon.colcon_core.executor:Executing jobs using 'parallel' executor
[0.246s] DEBUG:colcon.colcon_parallel_executor.executor.parallel:run_until_complete
[0.246s] INFO:colcon.colcon_ros.task.ament_cmake.build:Building ROS package in '/home/notandi/ros2_ws/src/mycobot_ros2/mycobot_bringup' with build type 'ament_cmake'
[0.246s] INFO:colcon.colcon_cmake.task.cmake.build:Building CMake package in '/home/notandi/ros2_ws/src/mycobot_ros2/mycobot_bringup'
[0.248s] INFO:colcon.colcon_core.plugin_system:Skipping extension 'colcon_core.shell.bat': Not used on non-Windows systems
[0.248s] INFO:colcon.colcon_core.shell:Skip shell extension 'powershell' for command environment: Not usable outside of PowerShell
[0.248s] DEBUG:colcon.colcon_core.shell:Skip shell extension 'dsv' for command environment
[0.250s] INFO:colcon.colcon_ros.task.ament_cmake.build:Building ROS package in '/home/notandi/ros2_ws/src/mycobot_ros2/mycobot_description' with build type 'ament_cmake'
[0.251s] INFO:colcon.colcon_cmake.task.cmake.build:Building CMake package in '/home/notandi/ros2_ws/src/mycobot_ros2/mycobot_description'
[0.251s] INFO:colcon.colcon_core.shell:Skip shell extension 'powershell' for command environment: Not usable outside of PowerShell
[0.251s] DEBUG:colcon.colcon_core.shell:Skip shell extension 'dsv' for command environment
[0.254s] INFO:colcon.colcon_ros.task.ament_cmake.build:Building ROS package in '/home/notandi/ros2_ws/src/mycobot_ros2/mycobot_gazebo' with build type 'ament_cmake'
[0.254s] INFO:colcon.colcon_cmake.task.cmake.build:Building CMake package in '/home/notandi/ros2_ws/src/mycobot_ros2/mycobot_gazebo'
[0.255s] INFO:colcon.colcon_core.shell:Skip shell extension 'powershell' for command environment: Not usable outside of PowerShell
[0.255s] DEBUG:colcon.colcon_core.shell:Skip shell extension 'dsv' for command environment
[0.257s] INFO:colcon.colcon_ros.task.ament_cmake.build:Building ROS package in '/home/notandi/ros2_ws/src/mycobot_ros2/mycobot_moveit_config' with build type 'ament_cmake'
[0.257s] INFO:colcon.colcon_cmake.task.cmake.build:Building CMake package in '/home/notandi/ros2_ws/src/mycobot_ros2/mycobot_moveit_config'
[0.257s] INFO:colcon.colcon_core.shell:Skip shell extension 'powershell' for command environment: Not usable outside of PowerShell
[0.257s] DEBUG:colcon.colcon_core.shell:Skip shell extension 'dsv' for command environment
[0.260s] INFO:colcon.colcon_ros.task.ament_cmake.build:Building ROS package in '/home/notandi/ros2_ws/src/mycobot_ros2/mycobot_system_tests' with build type 'ament_cmake'
[0.260s] INFO:colcon.colcon_cmake.task.cmake.build:Building CMake package in '/home/notandi/ros2_ws/src/mycobot_ros2/mycobot_system_tests'
[0.260s] INFO:colcon.colcon_core.shell:Skip shell extension 'powershell' for command environment: Not usable outside of PowerShell
[0.260s] DEBUG:colcon.colcon_core.shell:Skip shell extension 'dsv' for command environment
[0.266s] DEBUG:colcon.colcon_core.event_handler.log_command:Invoking command in '/home/notandi/ros2_ws/src/build/mycobot_bringup': CMAKE_PREFIX_PATH=${CMAKE_PREFIX_PATH}:/home/notandi/ros2_ws/install/mycobot_moveit_config:/home/notandi/ros2_ws/install/mycobot_bringup:/opt/ros/jazzy /usr/bin/cmake /home/notandi/ros2_ws/src/mycobot_ros2/mycobot_bringup -DCMAKE_INSTALL_PREFIX=/home/notandi/ros2_ws/src/install/mycobot_bringup
[0.268s] DEBUG:colcon.colcon_core.event_handler.log_command:Invoking command in '/home/notandi/ros2_ws/src/build/mycobot_description': CMAKE_PREFIX_PATH=${CMAKE_PREFIX_PATH}:/home/notandi/ros2_ws/install/mycobot_moveit_config:/home/notandi/ros2_ws/install/mycobot_bringup:/opt/ros/jazzy /usr/bin/cmake /home/notandi/ros2_ws/src/mycobot_ros2/mycobot_description -DCMAKE_INSTALL_PREFIX=/home/notandi/ros2_ws/src/install/mycobot_description
[0.270s] DEBUG:colcon.colcon_core.event_handler.log_command:Invoking command in '/home/notandi/ros2_ws/src/build/mycobot_gazebo': CMAKE_PREFIX_PATH=${CMAKE_PREFIX_PATH}:/home/notandi/ros2_ws/install/mycobot_moveit_config:/home/notandi/ros2_ws/install/mycobot_bringup:/opt/ros/jazzy /usr/bin/cmake /home/notandi/ros2_ws/src/mycobot_ros2/mycobot_gazebo -DCMAKE_INSTALL_PREFIX=/home/notandi/ros2_ws/src/install/mycobot_gazebo
[0.274s] DEBUG:colcon.colcon_core.event_handler.log_command:Invoking command in '/home/notandi/ros2_ws/src/build/mycobot_moveit_config': CMAKE_PREFIX_PATH=${CMAKE_PREFIX_PATH}:/home/notandi/ros2_ws/install/mycobot_moveit_config:/home/notandi/ros2_ws/install/mycobot_bringup:/opt/ros/jazzy /usr/bin/cmake /home/notandi/ros2_ws/src/mycobot_ros2/mycobot_moveit_config -DCMAKE_INSTALL_PREFIX=/home/notandi/ros2_ws/src/install/mycobot_moveit_config
[0.277s] DEBUG:colcon.colcon_core.event_handler.log_command:Invoking command in '/home/notandi/ros2_ws/src/build/mycobot_system_tests': CMAKE_PREFIX_PATH=${CMAKE_PREFIX_PATH}:/home/notandi/ros2_ws/install/mycobot_moveit_config:/home/notandi/ros2_ws/install/mycobot_bringup:/opt/ros/jazzy /usr/bin/cmake /home/notandi/ros2_ws/src/mycobot_ros2/mycobot_system_tests -DCMAKE_INSTALL_PREFIX=/home/notandi/ros2_ws/src/install/mycobot_system_tests
[0.579s] DEBUG:colcon.colcon_core.event_handler.log_command:Invoked command in '/home/notandi/ros2_ws/src/build/mycobot_system_tests' returned '0': CMAKE_PREFIX_PATH=${CMAKE_PREFIX_PATH}:/home/notandi/ros2_ws/install/mycobot_moveit_config:/home/notandi/ros2_ws/install/mycobot_bringup:/opt/ros/jazzy /usr/bin/cmake /home/notandi/ros2_ws/src/mycobot_ros2/mycobot_system_tests -DCMAKE_INSTALL_PREFIX=/home/notandi/ros2_ws/src/install/mycobot_system_tests
[0.580s] DEBUG:colcon.colcon_core.event_handler.log_command:Invoking command in '/home/notandi/ros2_ws/src/build/mycobot_system_tests': CMAKE_PREFIX_PATH=${CMAKE_PREFIX_PATH}:/home/notandi/ros2_ws/install/mycobot_moveit_config:/home/notandi/ros2_ws/install/mycobot_bringup:/opt/ros/jazzy /usr/bin/cmake --build /home/notandi/ros2_ws/src/build/mycobot_system_tests -- -j12 -l12
[0.592s] DEBUG:colcon.colcon_core.event_handler.log_command:Invoked command in '/home/notandi/ros2_ws/src/build/mycobot_moveit_config' returned '0': CMAKE_PREFIX_PATH=${CMAKE_PREFIX_PATH}:/home/notandi/ros2_ws/install/mycobot_moveit_config:/home/notandi/ros2_ws/install/mycobot_bringup:/opt/ros/jazzy /usr/bin/cmake /home/notandi/ros2_ws/src/mycobot_ros2/mycobot_moveit_config -DCMAKE_INSTALL_PREFIX=/home/notandi/ros2_ws/src/install/mycobot_moveit_config
[0.594s] DEBUG:colcon.colcon_core.event_handler.log_command:Invoking command in '/home/notandi/ros2_ws/src/build/mycobot_moveit_config': CMAKE_PREFIX_PATH=${CMAKE_PREFIX_PATH}:/home/notandi/ros2_ws/install/mycobot_moveit_config:/home/notandi/ros2_ws/install/mycobot_bringup:/opt/ros/jazzy /usr/bin/cmake --build /home/notandi/ros2_ws/src/build/mycobot_moveit_config -- -j12 -l12
[0.598s] DEBUG:colcon.colcon_core.event_handler.log_command:Invoked command in '/home/notandi/ros2_ws/src/build/mycobot_description' returned '0': CMAKE_PREFIX_PATH=${CMAKE_PREFIX_PATH}:/home/notandi/ros2_ws/install/mycobot_moveit_config:/home/notandi/ros2_ws/install/mycobot_bringup:/opt/ros/jazzy /usr/bin/cmake /home/notandi/ros2_ws/src/mycobot_ros2/mycobot_description -DCMAKE_INSTALL_PREFIX=/home/notandi/ros2_ws/src/install/mycobot_description
[0.599s] DEBUG:colcon.colcon_core.event_handler.log_command:Invoking command in '/home/notandi/ros2_ws/src/build/mycobot_description': CMAKE_PREFIX_PATH=${CMAKE_PREFIX_PATH}:/home/notandi/ros2_ws/install/mycobot_moveit_config:/home/notandi/ros2_ws/install/mycobot_bringup:/opt/ros/jazzy /usr/bin/cmake --build /home/notandi/ros2_ws/src/build/mycobot_description -- -j12 -l12
[0.601s] DEBUG:colcon.colcon_core.event_handler.log_command:Invoked command in '/home/notandi/ros2_ws/src/build/mycobot_bringup' returned '0': CMAKE_PREFIX_PATH=${CMAKE_PREFIX_PATH}:/home/notandi/ros2_ws/install/mycobot_moveit_config:/home/notandi/ros2_ws/install/mycobot_bringup:/opt/ros/jazzy /usr/bin/cmake /home/notandi/ros2_ws/src/mycobot_ros2/mycobot_bringup -DCMAKE_INSTALL_PREFIX=/home/notandi/ros2_ws/src/install/mycobot_bringup
[0.602s] DEBUG:colcon.colcon_core.event_handler.log_command:Invoking command in '/home/notandi/ros2_ws/src/build/mycobot_bringup': CMAKE_PREFIX_PATH=${CMAKE_PREFIX_PATH}:/home/notandi/ros2_ws/install/mycobot_moveit_config:/home/notandi/ros2_ws/install/mycobot_bringup:/opt/ros/jazzy /usr/bin/cmake --build /home/notandi/ros2_ws/src/build/mycobot_bringup -- -j12 -l12
[0.617s] DEBUG:colcon.colcon_core.event_handler.log_command:Invoked command in '/home/notandi/ros2_ws/src/build/mycobot_system_tests' returned '0': CMAKE_PREFIX_PATH=${CMAKE_PREFIX_PATH}:/home/notandi/ros2_ws/install/mycobot_moveit_config:/home/notandi/ros2_ws/install/mycobot_bringup:/opt/ros/jazzy /usr/bin/cmake --build /home/notandi/ros2_ws/src/build/mycobot_system_tests -- -j12 -l12
[0.625s] DEBUG:colcon.colcon_core.event_handler.log_command:Invoking command in '/home/notandi/ros2_ws/src/build/mycobot_system_tests': CMAKE_PREFIX_PATH=${CMAKE_PREFIX_PATH}:/home/notandi/ros2_ws/install/mycobot_moveit_config:/home/notandi/ros2_ws/install/mycobot_bringup:/opt/ros/jazzy /usr/bin/cmake --install /home/notandi/ros2_ws/src/build/mycobot_system_tests
[0.628s] DEBUG:colcon.colcon_core.event_handler.log_command:Invoked command in '/home/notandi/ros2_ws/src/build/mycobot_moveit_config' returned '0': CMAKE_PREFIX_PATH=${CMAKE_PREFIX_PATH}:/home/notandi/ros2_ws/install/mycobot_moveit_config:/home/notandi/ros2_ws/install/mycobot_bringup:/opt/ros/jazzy /usr/bin/cmake --build /home/notandi/ros2_ws/src/build/mycobot_moveit_config -- -j12 -l12
[0.628s] DEBUG:colcon.colcon_core.event_handler.log_command:Invoking command in '/home/notandi/ros2_ws/src/build/mycobot_moveit_config': CMAKE_PREFIX_PATH=${CMAKE_PREFIX_PATH}:/home/notandi/ros2_ws/install/mycobot_moveit_config:/home/notandi/ros2_ws/install/mycobot_bringup:/opt/ros/jazzy /usr/bin/cmake --install /home/notandi/ros2_ws/src/build/mycobot_moveit_config
[0.636s] DEBUG:colcon.colcon_core.event_handler.log_command:Invoked command in '/home/notandi/ros2_ws/src/build/mycobot_bringup' returned '0': CMAKE_PREFIX_PATH=${CMAKE_PREFIX_PATH}:/home/notandi/ros2_ws/install/mycobot_moveit_config:/home/notandi/ros2_ws/install/mycobot_bringup:/opt/ros/jazzy /usr/bin/cmake --build /home/notandi/ros2_ws/src/build/mycobot_bringup -- -j12 -l12
[0.637s] DEBUG:colcon.colcon_core.event_handler.log_command:Invoking command in '/home/notandi/ros2_ws/src/build/mycobot_bringup': CMAKE_PREFIX_PATH=${CMAKE_PREFIX_PATH}:/home/notandi/ros2_ws/install/mycobot_moveit_config:/home/notandi/ros2_ws/install/mycobot_bringup:/opt/ros/jazzy /usr/bin/cmake --install /home/notandi/ros2_ws/src/build/mycobot_bringup
[0.640s] DEBUG:colcon.colcon_core.event_handler.log_command:Invoked command in '/home/notandi/ros2_ws/src/build/mycobot_description' returned '0': CMAKE_PREFIX_PATH=${CMAKE_PREFIX_PATH}:/home/notandi/ros2_ws/install/mycobot_moveit_config:/home/notandi/ros2_ws/install/mycobot_bringup:/opt/ros/jazzy /usr/bin/cmake --build /home/notandi/ros2_ws/src/build/mycobot_description -- -j12 -l12
[0.643s] DEBUG:colcon.colcon_core.event_handler.log_command:Invoking command in '/home/notandi/ros2_ws/src/build/mycobot_description': CMAKE_PREFIX_PATH=${CMAKE_PREFIX_PATH}:/home/notandi/ros2_ws/install/mycobot_moveit_config:/home/notandi/ros2_ws/install/mycobot_bringup:/opt/ros/jazzy /usr/bin/cmake --install /home/notandi/ros2_ws/src/build/mycobot_description
[0.646s] Level 1:colcon.colcon_core.environment:create_environment_scripts_only(mycobot_system_tests)
[0.650s] DEBUG:colcon.colcon_core.event_handler.log_command:Invoked command in '/home/notandi/ros2_ws/src/build/mycobot_system_tests' returned '0': CMAKE_PREFIX_PATH=${CMAKE_PREFIX_PATH}:/home/notandi/ros2_ws/install/mycobot_moveit_config:/home/notandi/ros2_ws/install/mycobot_bringup:/opt/ros/jazzy /usr/bin/cmake --install /home/notandi/ros2_ws/src/build/mycobot_system_tests
[0.661s] Level 1:colcon.colcon_core.environment:checking '/home/notandi/ros2_ws/src/install/mycobot_system_tests' for CMake module files
[0.662s] Level 1:colcon.colcon_core.environment:checking '/home/notandi/ros2_ws/src/install/mycobot_system_tests' for CMake config files
[0.662s] Level 1:colcon.colcon_core.shell:create_environment_hook('mycobot_system_tests', 'cmake_prefix_path')
[0.662s] INFO:colcon.colcon_core.shell:Creating environment hook '/home/notandi/ros2_ws/src/install/mycobot_system_tests/share/mycobot_system_tests/hook/cmake_prefix_path.ps1'
[0.663s] INFO:colcon.colcon_core.shell:Creating environment descriptor '/home/notandi/ros2_ws/src/install/mycobot_system_tests/share/mycobot_system_tests/hook/cmake_prefix_path.dsv'
[0.664s] INFO:colcon.colcon_core.shell:Creating environment hook '/home/notandi/ros2_ws/src/install/mycobot_system_tests/share/mycobot_system_tests/hook/cmake_prefix_path.sh'
[0.665s] Level 1:colcon.colcon_core.environment:checking '/home/notandi/ros2_ws/src/install/mycobot_system_tests/bin'
[0.665s] Level 1:colcon.colcon_core.environment:checking '/home/notandi/ros2_ws/src/install/mycobot_system_tests/lib/pkgconfig/mycobot_system_tests.pc'
[0.665s] Level 1:colcon.colcon_core.environment:checking '/home/notandi/ros2_ws/src/install/mycobot_system_tests/lib/python3.12/site-packages'
[0.665s] Level 1:colcon.colcon_core.environment:checking '/home/notandi/ros2_ws/src/install/mycobot_system_tests/bin'
[0.665s] INFO:colcon.colcon_core.shell:Creating package script '/home/notandi/ros2_ws/src/install/mycobot_system_tests/share/mycobot_system_tests/package.ps1'
[0.666s] INFO:colcon.colcon_core.shell:Creating package descriptor '/home/notandi/ros2_ws/src/install/mycobot_system_tests/share/mycobot_system_tests/package.dsv'
[0.666s] INFO:colcon.colcon_core.shell:Creating package script '/home/notandi/ros2_ws/src/install/mycobot_system_tests/share/mycobot_system_tests/package.sh'
[0.666s] INFO:colcon.colcon_core.shell:Creating package script '/home/notandi/ros2_ws/src/install/mycobot_system_tests/share/mycobot_system_tests/package.bash'
[0.667s] INFO:colcon.colcon_core.shell:Creating package script '/home/notandi/ros2_ws/src/install/mycobot_system_tests/share/mycobot_system_tests/package.zsh'
[0.667s] Level 1:colcon.colcon_core.environment:create_file_with_runtime_dependencies(/home/notandi/ros2_ws/src/install/mycobot_system_tests/share/colcon-core/packages/mycobot_system_tests)
[0.667s] Level 1:colcon.colcon_core.environment:create_environment_scripts_only(mycobot_system_tests)
[0.667s] Level 1:colcon.colcon_core.environment:checking '/home/notandi/ros2_ws/src/install/mycobot_system_tests' for CMake module files
[0.668s] Level 1:colcon.colcon_core.environment:checking '/home/notandi/ros2_ws/src/install/mycobot_system_tests' for CMake config files
[0.668s] Level 1:colcon.colcon_core.shell:create_environment_hook('mycobot_system_tests', 'cmake_prefix_path')
[0.668s] INFO:colcon.colcon_core.shell:Creating environment hook '/home/notandi/ros2_ws/src/install/mycobot_system_tests/share/mycobot_system_tests/hook/cmake_prefix_path.ps1'
[0.668s] INFO:colcon.colcon_core.shell:Creating environment descriptor '/home/notandi/ros2_ws/src/install/mycobot_system_tests/share/mycobot_system_tests/hook/cmake_prefix_path.dsv'
[0.668s] INFO:colcon.colcon_core.shell:Creating environment hook '/home/notandi/ros2_ws/src/install/mycobot_system_tests/share/mycobot_system_tests/hook/cmake_prefix_path.sh'
[0.669s] Level 1:colcon.colcon_core.environment:checking '/home/notandi/ros2_ws/src/install/mycobot_system_tests/bin'
[0.669s] Level 1:colcon.colcon_core.environment:checking '/home/notandi/ros2_ws/src/install/mycobot_system_tests/lib/pkgconfig/mycobot_system_tests.pc'
[0.669s] Level 1:colcon.colcon_core.environment:checking '/home/notandi/ros2_ws/src/install/mycobot_system_tests/lib/python3.12/site-packages'
[0.669s] Level 1:colcon.colcon_core.environment:checking '/home/notandi/ros2_ws/src/install/mycobot_system_tests/bin'
[0.669s] INFO:colcon.colcon_core.shell:Creating package script '/home/notandi/ros2_ws/src/install/mycobot_system_tests/share/mycobot_system_tests/package.ps1'
[0.670s] INFO:colcon.colcon_core.shell:Creating package descriptor '/home/notandi/ros2_ws/src/install/mycobot_system_tests/share/mycobot_system_tests/package.dsv'
[0.670s] INFO:colcon.colcon_core.shell:Creating package script '/home/notandi/ros2_ws/src/install/mycobot_system_tests/share/mycobot_system_tests/package.sh'
[0.670s] INFO:colcon.colcon_core.shell:Creating package script '/home/notandi/ros2_ws/src/install/mycobot_system_tests/share/mycobot_system_tests/package.bash'
[0.671s] INFO:colcon.colcon_core.shell:Creating package script '/home/notandi/ros2_ws/src/install/mycobot_system_tests/share/mycobot_system_tests/package.zsh'
[0.671s] Level 1:colcon.colcon_core.environment:create_file_with_runtime_dependencies(/home/notandi/ros2_ws/src/install/mycobot_system_tests/share/colcon-core/packages/mycobot_system_tests)
[0.673s] Level 1:colcon.colcon_core.environment:create_environment_scripts_only(mycobot_moveit_config)
[0.673s] Level 1:colcon.colcon_core.environment:checking '/home/notandi/ros2_ws/src/install/mycobot_moveit_config' for CMake module files
[0.674s] DEBUG:colcon.colcon_core.event_handler.log_command:Invoked command in '/home/notandi/ros2_ws/src/build/mycobot_moveit_config' returned '0': CMAKE_PREFIX_PATH=${CMAKE_PREFIX_PATH}:/home/notandi/ros2_ws/install/mycobot_moveit_config:/home/notandi/ros2_ws/install/mycobot_bringup:/opt/ros/jazzy /usr/bin/cmake --install /home/notandi/ros2_ws/src/build/mycobot_moveit_config
[0.674s] Level 1:colcon.colcon_core.environment:checking '/home/notandi/ros2_ws/src/install/mycobot_moveit_config' for CMake config files
[0.674s] Level 1:colcon.colcon_core.shell:create_environment_hook('mycobot_moveit_config', 'cmake_prefix_path')
[0.675s] INFO:colcon.colcon_core.shell:Creating environment hook '/home/notandi/ros2_ws/src/install/mycobot_moveit_config/share/mycobot_moveit_config/hook/cmake_prefix_path.ps1'
[0.675s] INFO:colcon.colcon_core.shell:Creating environment descriptor '/home/notandi/ros2_ws/src/install/mycobot_moveit_config/share/mycobot_moveit_config/hook/cmake_prefix_path.dsv'
[0.675s] INFO:colcon.colcon_core.shell:Creating environment hook '/home/notandi/ros2_ws/src/install/mycobot_moveit_config/share/mycobot_moveit_config/hook/cmake_prefix_path.sh'
[0.675s] Level 1:colcon.colcon_core.environment:checking '/home/notandi/ros2_ws/src/install/mycobot_moveit_config/bin'
[0.675s] Level 1:colcon.colcon_core.environment:checking '/home/notandi/ros2_ws/src/install/mycobot_moveit_config/lib/pkgconfig/mycobot_moveit_config.pc'
[0.676s] Level 1:colcon.colcon_core.environment:checking '/home/notandi/ros2_ws/src/install/mycobot_moveit_config/lib/python3.12/site-packages'
[0.676s] Level 1:colcon.colcon_core.environment:checking '/home/notandi/ros2_ws/src/install/mycobot_moveit_config/bin'
[0.676s] INFO:colcon.colcon_core.shell:Creating package script '/home/notandi/ros2_ws/src/install/mycobot_moveit_config/share/mycobot_moveit_config/package.ps1'
[0.677s] INFO:colcon.colcon_core.shell:Creating package descriptor '/home/notandi/ros2_ws/src/install/mycobot_moveit_config/share/mycobot_moveit_config/package.dsv'
[0.677s] INFO:colcon.colcon_core.shell:Creating package script '/home/notandi/ros2_ws/src/install/mycobot_moveit_config/share/mycobot_moveit_config/package.sh'
[0.677s] INFO:colcon.colcon_core.shell:Creating package script '/home/notandi/ros2_ws/src/install/mycobot_moveit_config/share/mycobot_moveit_config/package.bash'
[0.678s] INFO:colcon.colcon_core.shell:Creating package script '/home/notandi/ros2_ws/src/install/mycobot_moveit_config/share/mycobot_moveit_config/package.zsh'
[0.678s] Level 1:colcon.colcon_core.environment:create_file_with_runtime_dependencies(/home/notandi/ros2_ws/src/install/mycobot_moveit_config/share/colcon-core/packages/mycobot_moveit_config)
[0.678s] Level 1:colcon.colcon_core.environment:create_environment_scripts_only(mycobot_moveit_config)
[0.678s] Level 1:colcon.colcon_core.environment:checking '/home/notandi/ros2_ws/src/install/mycobot_moveit_config' for CMake module files
[0.678s] Level 1:colcon.colcon_core.environment:checking '/home/notandi/ros2_ws/src/install/mycobot_moveit_config' for CMake config files
[0.679s] Level 1:colcon.colcon_core.shell:create_environment_hook('mycobot_moveit_config', 'cmake_prefix_path')
[0.679s] INFO:colcon.colcon_core.shell:Creating environment hook '/home/notandi/ros2_ws/src/install/mycobot_moveit_config/share/mycobot_moveit_config/hook/cmake_prefix_path.ps1'
[0.679s] INFO:colcon.colcon_core.shell:Creating environment descriptor '/home/notandi/ros2_ws/src/install/mycobot_moveit_config/share/mycobot_moveit_config/hook/cmake_prefix_path.dsv'
[0.679s] INFO:colcon.colcon_core.shell:Creating environment hook '/home/notandi/ros2_ws/src/install/mycobot_moveit_config/share/mycobot_moveit_config/hook/cmake_prefix_path.sh'
[0.680s] Level 1:colcon.colcon_core.environment:checking '/home/notandi/ros2_ws/src/install/mycobot_moveit_config/bin'
[0.680s] Level 1:colcon.colcon_core.environment:checking '/home/notandi/ros2_ws/src/install/mycobot_moveit_config/lib/pkgconfig/mycobot_moveit_config.pc'
[0.680s] Level 1:colcon.colcon_core.environment:checking '/home/notandi/ros2_ws/src/install/mycobot_moveit_config/lib/python3.12/site-packages'
[0.680s] Level 1:colcon.colcon_core.environment:checking '/home/notandi/ros2_ws/src/install/mycobot_moveit_config/bin'
[0.680s] INFO:colcon.colcon_core.shell:Creating package script '/home/notandi/ros2_ws/src/install/mycobot_moveit_config/share/mycobot_moveit_config/package.ps1'
[0.680s] INFO:colcon.colcon_core.shell:Creating package descriptor '/home/notandi/ros2_ws/src/install/mycobot_moveit_config/share/mycobot_moveit_config/package.dsv'
[0.681s] INFO:colcon.colcon_core.shell:Creating package script '/home/notandi/ros2_ws/src/install/mycobot_moveit_config/share/mycobot_moveit_config/package.sh'
[0.681s] INFO:colcon.colcon_core.shell:Creating package script '/home/notandi/ros2_ws/src/install/mycobot_moveit_config/share/mycobot_moveit_config/package.bash'
[0.681s] INFO:colcon.colcon_core.shell:Creating package script '/home/notandi/ros2_ws/src/install/mycobot_moveit_config/share/mycobot_moveit_config/package.zsh'
[0.682s] Level 1:colcon.colcon_core.environment:create_file_with_runtime_dependencies(/home/notandi/ros2_ws/src/install/mycobot_moveit_config/share/colcon-core/packages/mycobot_moveit_config)
[0.682s] Level 1:colcon.colcon_core.environment:create_environment_scripts_only(mycobot_bringup)
[0.682s] Level 1:colcon.colcon_core.environment:checking '/home/notandi/ros2_ws/src/install/mycobot_bringup' for CMake module files
[0.683s] Level 1:colcon.colcon_core.environment:checking '/home/notandi/ros2_ws/src/install/mycobot_bringup' for CMake config files
[0.683s] DEBUG:colcon.colcon_core.event_handler.log_command:Invoked command in '/home/notandi/ros2_ws/src/build/mycobot_bringup' returned '0': CMAKE_PREFIX_PATH=${CMAKE_PREFIX_PATH}:/home/notandi/ros2_ws/install/mycobot_moveit_config:/home/notandi/ros2_ws/install/mycobot_bringup:/opt/ros/jazzy /usr/bin/cmake --install /home/notandi/ros2_ws/src/build/mycobot_bringup
[0.684s] Level 1:colcon.colcon_core.shell:create_environment_hook('mycobot_bringup', 'cmake_prefix_path')
[0.684s] INFO:colcon.colcon_core.shell:Creating environment hook '/home/notandi/ros2_ws/src/install/mycobot_bringup/share/mycobot_bringup/hook/cmake_prefix_path.ps1'
[0.684s] INFO:colcon.colcon_core.shell:Creating environment descriptor '/home/notandi/ros2_ws/src/install/mycobot_bringup/share/mycobot_bringup/hook/cmake_prefix_path.dsv'
[0.684s] INFO:colcon.colcon_core.shell:Creating environment hook '/home/notandi/ros2_ws/src/install/mycobot_bringup/share/mycobot_bringup/hook/cmake_prefix_path.sh'
[0.685s] Level 1:colcon.colcon_core.environment:checking '/home/notandi/ros2_ws/src/install/mycobot_bringup/bin'
[0.685s] Level 1:colcon.colcon_core.environment:checking '/home/notandi/ros2_ws/src/install/mycobot_bringup/lib/pkgconfig/mycobot_bringup.pc'
[0.685s] Level 1:colcon.colcon_core.environment:checking '/home/notandi/ros2_ws/src/install/mycobot_bringup/lib/python3.12/site-packages'
[0.685s] Level 1:colcon.colcon_core.environment:checking '/home/notandi/ros2_ws/src/install/mycobot_bringup/bin'
[0.685s] INFO:colcon.colcon_core.shell:Creating package script '/home/notandi/ros2_ws/src/install/mycobot_bringup/share/mycobot_bringup/package.ps1'
[0.686s] INFO:colcon.colcon_core.shell:Creating package descriptor '/home/notandi/ros2_ws/src/install/mycobot_bringup/share/mycobot_bringup/package.dsv'
[0.686s] INFO:colcon.colcon_core.shell:Creating package script '/home/notandi/ros2_ws/src/install/mycobot_bringup/share/mycobot_bringup/package.sh'
[0.686s] INFO:colcon.colcon_core.shell:Creating package script '/home/notandi/ros2_ws/src/install/mycobot_bringup/share/mycobot_bringup/package.bash'
[0.686s] INFO:colcon.colcon_core.shell:Creating package script '/home/notandi/ros2_ws/src/install/mycobot_bringup/share/mycobot_bringup/package.zsh'
[0.687s] Level 1:colcon.colcon_core.environment:create_file_with_runtime_dependencies(/home/notandi/ros2_ws/src/install/mycobot_bringup/share/colcon-core/packages/mycobot_bringup)
[0.687s] Level 1:colcon.colcon_core.environment:create_environment_scripts_only(mycobot_bringup)
[0.687s] Level 1:colcon.colcon_core.environment:checking '/home/notandi/ros2_ws/src/install/mycobot_bringup' for CMake module files
[0.687s] Level 1:colcon.colcon_core.environment:checking '/home/notandi/ros2_ws/src/install/mycobot_bringup' for CMake config files
[0.687s] Level 1:colcon.colcon_core.shell:create_environment_hook('mycobot_bringup', 'cmake_prefix_path')
[0.687s] INFO:colcon.colcon_core.shell:Creating environment hook '/home/notandi/ros2_ws/src/install/mycobot_bringup/share/mycobot_bringup/hook/cmake_prefix_path.ps1'
[0.688s] INFO:colcon.colcon_core.shell:Creating environment descriptor '/home/notandi/ros2_ws/src/install/mycobot_bringup/share/mycobot_bringup/hook/cmake_prefix_path.dsv'
[0.688s] INFO:colcon.colcon_core.shell:Creating environment hook '/home/notandi/ros2_ws/src/install/mycobot_bringup/share/mycobot_bringup/hook/cmake_prefix_path.sh'
[0.688s] Level 1:colcon.colcon_core.environment:checking '/home/notandi/ros2_ws/src/install/mycobot_bringup/bin'
[0.688s] Level 1:colcon.colcon_core.environment:checking '/home/notandi/ros2_ws/src/install/mycobot_bringup/lib/pkgconfig/mycobot_bringup.pc'
[0.688s] Level 1:colcon.colcon_core.environment:checking '/home/notandi/ros2_ws/src/install/mycobot_bringup/lib/python3.12/site-packages'
[0.689s] Level 1:colcon.colcon_core.environment:checking '/home/notandi/ros2_ws/src/install/mycobot_bringup/bin'
[0.689s] INFO:colcon.colcon_core.shell:Creating package script '/home/notandi/ros2_ws/src/install/mycobot_bringup/share/mycobot_bringup/package.ps1'
[0.689s] INFO:colcon.colcon_core.shell:Creating package descriptor '/home/notandi/ros2_ws/src/install/mycobot_bringup/share/mycobot_bringup/package.dsv'
[0.689s] INFO:colcon.colcon_core.shell:Creating package script '/home/notandi/ros2_ws/src/install/mycobot_bringup/share/mycobot_bringup/package.sh'
[0.690s] INFO:colcon.colcon_core.shell:Creating package script '/home/notandi/ros2_ws/src/install/mycobot_bringup/share/mycobot_bringup/package.bash'
[0.690s] INFO:colcon.colcon_core.shell:Creating package script '/home/notandi/ros2_ws/src/install/mycobot_bringup/share/mycobot_bringup/package.zsh'
[0.690s] Level 1:colcon.colcon_core.environment:create_file_with_runtime_dependencies(/home/notandi/ros2_ws/src/install/mycobot_bringup/share/colcon-core/packages/mycobot_bringup)
[0.691s] Level 1:colcon.colcon_core.environment:create_environment_scripts_only(mycobot_description)
[0.691s] Level 1:colcon.colcon_core.environment:checking '/home/notandi/ros2_ws/src/install/mycobot_description' for CMake module files
[0.692s] DEBUG:colcon.colcon_core.event_handler.log_command:Invoked command in '/home/notandi/ros2_ws/src/build/mycobot_description' returned '0': CMAKE_PREFIX_PATH=${CMAKE_PREFIX_PATH}:/home/notandi/ros2_ws/install/mycobot_moveit_config:/home/notandi/ros2_ws/install/mycobot_bringup:/opt/ros/jazzy /usr/bin/cmake --install /home/notandi/ros2_ws/src/build/mycobot_description
[0.692s] Level 1:colcon.colcon_core.environment:checking '/home/notandi/ros2_ws/src/install/mycobot_description' for CMake config files
[0.692s] Level 1:colcon.colcon_core.shell:create_environment_hook('mycobot_description', 'cmake_prefix_path')
[0.693s] INFO:colcon.colcon_core.shell:Creating environment hook '/home/notandi/ros2_ws/src/install/mycobot_description/share/mycobot_description/hook/cmake_prefix_path.ps1'
[0.693s] INFO:colcon.colcon_core.shell:Creating environment descriptor '/home/notandi/ros2_ws/src/install/mycobot_description/share/mycobot_description/hook/cmake_prefix_path.dsv'
[0.693s] INFO:colcon.colcon_core.shell:Creating environment hook '/home/notandi/ros2_ws/src/install/mycobot_description/share/mycobot_description/hook/cmake_prefix_path.sh'
[0.694s] Level 1:colcon.colcon_core.environment:checking '/home/notandi/ros2_ws/src/install/mycobot_description/bin'
[0.694s] Level 1:colcon.colcon_core.environment:checking '/home/notandi/ros2_ws/src/install/mycobot_description/lib/pkgconfig/mycobot_description.pc'
[0.694s] Level 1:colcon.colcon_core.environment:checking '/home/notandi/ros2_ws/src/install/mycobot_description/lib/python3.12/site-packages'
[0.694s] Level 1:colcon.colcon_core.environment:checking '/home/notandi/ros2_ws/src/install/mycobot_description/bin'
[0.694s] INFO:colcon.colcon_core.shell:Creating package script '/home/notandi/ros2_ws/src/install/mycobot_description/share/mycobot_description/package.ps1'
[0.694s] INFO:colcon.colcon_core.shell:Creating package descriptor '/home/notandi/ros2_ws/src/install/mycobot_description/share/mycobot_description/package.dsv'
[0.695s] INFO:colcon.colcon_core.shell:Creating package script '/home/notandi/ros2_ws/src/install/mycobot_description/share/mycobot_description/package.sh'
[0.695s] INFO:colcon.colcon_core.shell:Creating package script '/home/notandi/ros2_ws/src/install/mycobot_description/share/mycobot_description/package.bash'
[0.695s] INFO:colcon.colcon_core.shell:Creating package script '/home/notandi/ros2_ws/src/install/mycobot_description/share/mycobot_description/package.zsh'
[0.695s] Level 1:colcon.colcon_core.environment:create_file_with_runtime_dependencies(/home/notandi/ros2_ws/src/install/mycobot_description/share/colcon-core/packages/mycobot_description)
[0.696s] Level 1:colcon.colcon_core.environment:create_environment_scripts_only(mycobot_description)
[0.696s] Level 1:colcon.colcon_core.environment:checking '/home/notandi/ros2_ws/src/install/mycobot_description' for CMake module files
[0.697s] Level 1:colcon.colcon_core.environment:checking '/home/notandi/ros2_ws/src/install/mycobot_description' for CMake config files
[0.697s] Level 1:colcon.colcon_core.shell:create_environment_hook('mycobot_description', 'cmake_prefix_path')
[0.697s] INFO:colcon.colcon_core.shell:Creating environment hook '/home/notandi/ros2_ws/src/install/mycobot_description/share/mycobot_description/hook/cmake_prefix_path.ps1'
[0.697s] INFO:colcon.colcon_core.shell:Creating environment descriptor '/home/notandi/ros2_ws/src/install/mycobot_description/share/mycobot_description/hook/cmake_prefix_path.dsv'
[0.698s] INFO:colcon.colcon_core.shell:Creating environment hook '/home/notandi/ros2_ws/src/install/mycobot_description/share/mycobot_description/hook/cmake_prefix_path.sh'
[0.698s] Level 1:colcon.colcon_core.environment:checking '/home/notandi/ros2_ws/src/install/mycobot_description/bin'
[0.698s] Level 1:colcon.colcon_core.environment:checking '/home/notandi/ros2_ws/src/install/mycobot_description/lib/pkgconfig/mycobot_description.pc'
[0.698s] Level 1:colcon.colcon_core.environment:checking '/home/notandi/ros2_ws/src/install/mycobot_description/lib/python3.12/site-packages'
[0.698s] Level 1:colcon.colcon_core.environment:checking '/home/notandi/ros2_ws/src/install/mycobot_description/bin'
[0.699s] INFO:colcon.colcon_core.shell:Creating package script '/home/notandi/ros2_ws/src/install/mycobot_description/share/mycobot_description/package.ps1'
[0.699s] INFO:colcon.colcon_core.shell:Creating package descriptor '/home/notandi/ros2_ws/src/install/mycobot_description/share/mycobot_description/package.dsv'
[0.699s] INFO:colcon.colcon_core.shell:Creating package script '/home/notandi/ros2_ws/src/install/mycobot_description/share/mycobot_description/package.sh'
[0.699s] INFO:colcon.colcon_core.shell:Creating package script '/home/notandi/ros2_ws/src/install/mycobot_description/share/mycobot_description/package.bash'
[0.700s] INFO:colcon.colcon_core.shell:Creating package script '/home/notandi/ros2_ws/src/install/mycobot_description/share/mycobot_description/package.zsh'
[0.700s] Level 1:colcon.colcon_core.environment:create_file_with_runtime_dependencies(/home/notandi/ros2_ws/src/install/mycobot_description/share/colcon-core/packages/mycobot_description)
[1.478s] DEBUG:colcon.colcon_core.event_handler.log_command:Invoked command in '/home/notandi/ros2_ws/src/build/mycobot_gazebo' returned '0': CMAKE_PREFIX_PATH=${CMAKE_PREFIX_PATH}:/home/notandi/ros2_ws/install/mycobot_moveit_config:/home/notandi/ros2_ws/install/mycobot_bringup:/opt/ros/jazzy /usr/bin/cmake /home/notandi/ros2_ws/src/mycobot_ros2/mycobot_gazebo -DCMAKE_INSTALL_PREFIX=/home/notandi/ros2_ws/src/install/mycobot_gazebo
[1.479s] DEBUG:colcon.colcon_core.event_handler.log_command:Invoking command in '/home/notandi/ros2_ws/src/build/mycobot_gazebo': CMAKE_PREFIX_PATH=${CMAKE_PREFIX_PATH}:/home/notandi/ros2_ws/install/mycobot_moveit_config:/home/notandi/ros2_ws/install/mycobot_bringup:/opt/ros/jazzy /usr/bin/cmake --build /home/notandi/ros2_ws/src/build/mycobot_gazebo -- -j12 -l12
[1.510s] DEBUG:colcon.colcon_core.event_handler.log_command:Invoked command in '/home/notandi/ros2_ws/src/build/mycobot_gazebo' returned '0': CMAKE_PREFIX_PATH=${CMAKE_PREFIX_PATH}:/home/notandi/ros2_ws/install/mycobot_moveit_config:/home/notandi/ros2_ws/install/mycobot_bringup:/opt/ros/jazzy /usr/bin/cmake --build /home/notandi/ros2_ws/src/build/mycobot_gazebo -- -j12 -l12
[1.511s] DEBUG:colcon.colcon_core.event_handler.log_command:Invoking command in '/home/notandi/ros2_ws/src/build/mycobot_gazebo': CMAKE_PREFIX_PATH=${CMAKE_PREFIX_PATH}:/home/notandi/ros2_ws/install/mycobot_moveit_config:/home/notandi/ros2_ws/install/mycobot_bringup:/opt/ros/jazzy /usr/bin/cmake --install /home/notandi/ros2_ws/src/build/mycobot_gazebo
[1.568s] Level 1:colcon.colcon_core.environment:create_environment_scripts_only(mycobot_gazebo)
[1.569s] Level 1:colcon.colcon_core.environment:checking '/home/notandi/ros2_ws/src/install/mycobot_gazebo' for CMake module files
[1.569s] DEBUG:colcon.colcon_core.event_handler.log_command:Invoked command in '/home/notandi/ros2_ws/src/build/mycobot_gazebo' returned '0': CMAKE_PREFIX_PATH=${CMAKE_PREFIX_PATH}:/home/notandi/ros2_ws/install/mycobot_moveit_config:/home/notandi/ros2_ws/install/mycobot_bringup:/opt/ros/jazzy /usr/bin/cmake --install /home/notandi/ros2_ws/src/build/mycobot_gazebo
[1.569s] Level 1:colcon.colcon_core.environment:checking '/home/notandi/ros2_ws/src/install/mycobot_gazebo' for CMake config files
[1.574s] Level 1:colcon.colcon_core.shell:create_environment_hook('mycobot_gazebo', 'cmake_prefix_path')
[1.574s] INFO:colcon.colcon_core.shell:Creating environment hook '/home/notandi/ros2_ws/src/install/mycobot_gazebo/share/mycobot_gazebo/hook/cmake_prefix_path.ps1'
[1.574s] INFO:colcon.colcon_core.shell:Creating environment descriptor '/home/notandi/ros2_ws/src/install/mycobot_gazebo/share/mycobot_gazebo/hook/cmake_prefix_path.dsv'
[1.574s] INFO:colcon.colcon_core.shell:Creating environment hook '/home/notandi/ros2_ws/src/install/mycobot_gazebo/share/mycobot_gazebo/hook/cmake_prefix_path.sh'
[1.575s] Level 1:colcon.colcon_core.environment:checking '/home/notandi/ros2_ws/src/install/mycobot_gazebo/bin'
[1.575s] Level 1:colcon.colcon_core.environment:checking '/home/notandi/ros2_ws/src/install/mycobot_gazebo/lib/pkgconfig/mycobot_gazebo.pc'
[1.575s] Level 1:colcon.colcon_core.environment:checking '/home/notandi/ros2_ws/src/install/mycobot_gazebo/lib/python3.12/site-packages'
[1.575s] Level 1:colcon.colcon_core.environment:checking '/home/notandi/ros2_ws/src/install/mycobot_gazebo/bin'
[1.575s] INFO:colcon.colcon_core.shell:Creating package script '/home/notandi/ros2_ws/src/install/mycobot_gazebo/share/mycobot_gazebo/package.ps1'
[1.576s] INFO:colcon.colcon_core.shell:Creating package descriptor '/home/notandi/ros2_ws/src/install/mycobot_gazebo/share/mycobot_gazebo/package.dsv'
[1.576s] INFO:colcon.colcon_core.shell:Creating package script '/home/notandi/ros2_ws/src/install/mycobot_gazebo/share/mycobot_gazebo/package.sh'
[1.576s] INFO:colcon.colcon_core.shell:Creating package script '/home/notandi/ros2_ws/src/install/mycobot_gazebo/share/mycobot_gazebo/package.bash'
[1.576s] INFO:colcon.colcon_core.shell:Creating package script '/home/notandi/ros2_ws/src/install/mycobot_gazebo/share/mycobot_gazebo/package.zsh'
[1.576s] Level 1:colcon.colcon_core.environment:create_file_with_runtime_dependencies(/home/notandi/ros2_ws/src/install/mycobot_gazebo/share/colcon-core/packages/mycobot_gazebo)
[1.577s] Level 1:colcon.colcon_core.environment:create_environment_scripts_only(mycobot_gazebo)
[1.577s] Level 1:colcon.colcon_core.environment:checking '/home/notandi/ros2_ws/src/install/mycobot_gazebo' for CMake module files
[1.577s] Level 1:colcon.colcon_core.environment:checking '/home/notandi/ros2_ws/src/install/mycobot_gazebo' for CMake config files
[1.581s] Level 1:colcon.colcon_core.shell:create_environment_hook('mycobot_gazebo', 'cmake_prefix_path')
[1.582s] INFO:colcon.colcon_core.shell:Creating environment hook '/home/notandi/ros2_ws/src/install/mycobot_gazebo/share/mycobot_gazebo/hook/cmake_prefix_path.ps1'
[1.582s] INFO:colcon.colcon_core.shell:Creating environment descriptor '/home/notandi/ros2_ws/src/install/mycobot_gazebo/share/mycobot_gazebo/hook/cmake_prefix_path.dsv'
[1.582s] INFO:colcon.colcon_core.shell:Creating environment hook '/home/notandi/ros2_ws/src/install/mycobot_gazebo/share/mycobot_gazebo/hook/cmake_prefix_path.sh'
[1.582s] Level 1:colcon.colcon_core.environment:checking '/home/notandi/ros2_ws/src/install/mycobot_gazebo/bin'
[1.582s] Level 1:colcon.colcon_core.environment:checking '/home/notandi/ros2_ws/src/install/mycobot_gazebo/lib/pkgconfig/mycobot_gazebo.pc'
[1.583s] Level 1:colcon.colcon_core.environment:checking '/home/notandi/ros2_ws/src/install/mycobot_gazebo/lib/python3.12/site-packages'
[1.583s] Level 1:colcon.colcon_core.environment:checking '/home/notandi/ros2_ws/src/install/mycobot_gazebo/bin'
[1.583s] INFO:colcon.colcon_core.shell:Creating package script '/home/notandi/ros2_ws/src/install/mycobot_gazebo/share/mycobot_gazebo/package.ps1'
[1.583s] INFO:colcon.colcon_core.shell:Creating package descriptor '/home/notandi/ros2_ws/src/install/mycobot_gazebo/share/mycobot_gazebo/package.dsv'
[1.583s] INFO:colcon.colcon_core.shell:Creating package script '/home/notandi/ros2_ws/src/install/mycobot_gazebo/share/mycobot_gazebo/package.sh'
[1.584s] INFO:colcon.colcon_core.shell:Creating package script '/home/notandi/ros2_ws/src/install/mycobot_gazebo/share/mycobot_gazebo/package.bash'
[1.584s] INFO:colcon.colcon_core.shell:Creating package script '/home/notandi/ros2_ws/src/install/mycobot_gazebo/share/mycobot_gazebo/package.zsh'
[1.584s] Level 1:colcon.colcon_core.environment:create_file_with_runtime_dependencies(/home/notandi/ros2_ws/src/install/mycobot_gazebo/share/colcon-core/packages/mycobot_gazebo)
[1.584s] INFO:colcon.colcon_ros.task.ament_cmake.build:Building ROS package in '/home/notandi/ros2_ws/src/mycobot_ros2/mycobot_ros2' with build type 'ament_cmake'
[1.584s] INFO:colcon.colcon_cmake.task.cmake.build:Building CMake package in '/home/notandi/ros2_ws/src/mycobot_ros2/mycobot_ros2'
[1.584s] INFO:colcon.colcon_core.shell:Skip shell extension 'powershell' for command environment: Not usable outside of PowerShell
[1.584s] DEBUG:colcon.colcon_core.shell:Skip shell extension 'dsv' for command environment
[1.730s] DEBUG:colcon.colcon_core.event_handler.log_command:Invoking command in '/home/notandi/ros2_ws/src/build/mycobot_ros2': AMENT_PREFIX_PATH=/home/notandi/ros2_ws/src/install/mycobot_system_tests:/home/notandi/ros2_ws/src/install/mycobot_moveit_config:/home/notandi/ros2_ws/src/install/mycobot_gazebo:/home/notandi/ros2_ws/src/install/mycobot_description:/home/notandi/ros2_ws/src/install/mycobot_bringup:${AMENT_PREFIX_PATH} CMAKE_PREFIX_PATH=/home/notandi/ros2_ws/src/install/mycobot_system_tests:/home/notandi/ros2_ws/src/install/mycobot_moveit_config:/home/notandi/ros2_ws/src/install/mycobot_gazebo:/home/notandi/ros2_ws/src/install/mycobot_description:/home/notandi/ros2_ws/src/install/mycobot_bringup:/home/notandi/ros2_ws/install/mycobot_ros2:/home/notandi/ros2_ws/install/mycobot_system_tests:/home/notandi/ros2_ws/install/mycobot_gazebo:/home/notandi/ros2_ws/install/mycobot_description:/opt/ros/jazzy/opt/gz_sim_vendor:/opt/ros/jazzy/opt/gz_sensors_vendor:/opt/ros/jazzy/opt/gz_physics_vendor:/opt/ros/jazzy/opt/sdformat_vendor:/opt/ros/jazzy/opt/gz_gui_vendor:/opt/ros/jazzy/opt/gz_transport_vendor:/opt/ros/jazzy/opt/gz_rendering_vendor:/opt/ros/jazzy/opt/gz_plugin_vendor:/opt/ros/jazzy/opt/gz_fuel_tools_vendor:/opt/ros/jazzy/opt/gz_msgs_vendor:/opt/ros/jazzy/opt/gz_common_vendor:/opt/ros/jazzy/opt/gz_math_vendor:/opt/ros/jazzy/opt/gz_utils_vendor:/opt/ros/jazzy/opt/gz_tools_vendor:/opt/ros/jazzy/opt/gz_ogre_next_vendor:/opt/ros/jazzy/opt/gz_dartsim_vendor:/opt/ros/jazzy/opt/gz_cmake_vendor:/home/notandi/ros2_ws/install/mycobot_moveit_config:/home/notandi/ros2_ws/install/mycobot_bringup:/opt/ros/jazzy /usr/bin/cmake /home/notandi/ros2_ws/src/mycobot_ros2/mycobot_ros2 -DCMAKE_INSTALL_PREFIX=/home/notandi/ros2_ws/src/install/mycobot_ros2
[1.975s] DEBUG:colcon.colcon_core.event_handler.log_command:Invoked command in '/home/notandi/ros2_ws/src/build/mycobot_ros2' returned '0': AMENT_PREFIX_PATH=/home/notandi/ros2_ws/src/install/mycobot_system_tests:/home/notandi/ros2_ws/src/install/mycobot_moveit_config:/home/notandi/ros2_ws/src/install/mycobot_gazebo:/home/notandi/ros2_ws/src/install/mycobot_description:/home/notandi/ros2_ws/src/install/mycobot_bringup:${AMENT_PREFIX_PATH} CMAKE_PREFIX_PATH=/home/notandi/ros2_ws/src/install/mycobot_system_tests:/home/notandi/ros2_ws/src/install/mycobot_moveit_config:/home/notandi/ros2_ws/src/install/mycobot_gazebo:/home/notandi/ros2_ws/src/install/mycobot_description:/home/notandi/ros2_ws/src/install/mycobot_bringup:/home/notandi/ros2_ws/install/mycobot_ros2:/home/notandi/ros2_ws/install/mycobot_system_tests:/home/notandi/ros2_ws/install/mycobot_gazebo:/home/notandi/ros2_ws/install/mycobot_description:/opt/ros/jazzy/opt/gz_sim_vendor:/opt/ros/jazzy/opt/gz_sensors_vendor:/opt/ros/jazzy/opt/gz_physics_vendor:/opt/ros/jazzy/opt/sdformat_vendor:/opt/ros/jazzy/opt/gz_gui_vendor:/opt/ros/jazzy/opt/gz_transport_vendor:/opt/ros/jazzy/opt/gz_rendering_vendor:/opt/ros/jazzy/opt/gz_plugin_vendor:/opt/ros/jazzy/opt/gz_fuel_tools_vendor:/opt/ros/jazzy/opt/gz_msgs_vendor:/opt/ros/jazzy/opt/gz_common_vendor:/opt/ros/jazzy/opt/gz_math_vendor:/opt/ros/jazzy/opt/gz_utils_vendor:/opt/ros/jazzy/opt/gz_tools_vendor:/opt/ros/jazzy/opt/gz_ogre_next_vendor:/opt/ros/jazzy/opt/gz_dartsim_vendor:/opt/ros/jazzy/opt/gz_cmake_vendor:/home/notandi/ros2_ws/install/mycobot_moveit_config:/home/notandi/ros2_ws/install/mycobot_bringup:/opt/ros/jazzy /usr/bin/cmake /home/notandi/ros2_ws/src/mycobot_ros2/mycobot_ros2 -DCMAKE_INSTALL_PREFIX=/home/notandi/ros2_ws/src/install/mycobot_ros2
[1.975s] DEBUG:colcon.colcon_core.event_handler.log_command:Invoking command in '/home/notandi/ros2_ws/src/build/mycobot_ros2': AMENT_PREFIX_PATH=/home/notandi/ros2_ws/src/install/mycobot_system_tests:/home/notandi/ros2_ws/src/install/mycobot_moveit_config:/home/notandi/ros2_ws/src/install/mycobot_gazebo:/home/notandi/ros2_ws/src/install/mycobot_description:/home/notandi/ros2_ws/src/install/mycobot_bringup:${AMENT_PREFIX_PATH} CMAKE_PREFIX_PATH=/home/notandi/ros2_ws/src/install/mycobot_system_tests:/home/notandi/ros2_ws/src/install/mycobot_moveit_config:/home/notandi/ros2_ws/src/install/mycobot_gazebo:/home/notandi/ros2_ws/src/install/mycobot_description:/home/notandi/ros2_ws/src/install/mycobot_bringup:/home/notandi/ros2_ws/install/mycobot_ros2:/home/notandi/ros2_ws/install/mycobot_system_tests:/home/notandi/ros2_ws/install/mycobot_gazebo:/home/notandi/ros2_ws/install/mycobot_description:/opt/ros/jazzy/opt/gz_sim_vendor:/opt/ros/jazzy/opt/gz_sensors_vendor:/opt/ros/jazzy/opt/gz_physics_vendor:/opt/ros/jazzy/opt/sdformat_vendor:/opt/ros/jazzy/opt/gz_gui_vendor:/opt/ros/jazzy/opt/gz_transport_vendor:/opt/ros/jazzy/opt/gz_rendering_vendor:/opt/ros/jazzy/opt/gz_plugin_vendor:/opt/ros/jazzy/opt/gz_fuel_tools_vendor:/opt/ros/jazzy/opt/gz_msgs_vendor:/opt/ros/jazzy/opt/gz_common_vendor:/opt/ros/jazzy/opt/gz_math_vendor:/opt/ros/jazzy/opt/gz_utils_vendor:/opt/ros/jazzy/opt/gz_tools_vendor:/opt/ros/jazzy/opt/gz_ogre_next_vendor:/opt/ros/jazzy/opt/gz_dartsim_vendor:/opt/ros/jazzy/opt/gz_cmake_vendor:/home/notandi/ros2_ws/install/mycobot_moveit_config:/home/notandi/ros2_ws/install/mycobot_bringup:/opt/ros/jazzy /usr/bin/cmake --build /home/notandi/ros2_ws/src/build/mycobot_ros2 -- -j12 -l12
[2.004s] DEBUG:colcon.colcon_core.event_handler.log_command:Invoked command in '/home/notandi/ros2_ws/src/build/mycobot_ros2' returned '0': AMENT_PREFIX_PATH=/home/notandi/ros2_ws/src/install/mycobot_system_tests:/home/notandi/ros2_ws/src/install/mycobot_moveit_config:/home/notandi/ros2_ws/src/install/mycobot_gazebo:/home/notandi/ros2_ws/src/install/mycobot_description:/home/notandi/ros2_ws/src/install/mycobot_bringup:${AMENT_PREFIX_PATH} CMAKE_PREFIX_PATH=/home/notandi/ros2_ws/src/install/mycobot_system_tests:/home/notandi/ros2_ws/src/install/mycobot_moveit_config:/home/notandi/ros2_ws/src/install/mycobot_gazebo:/home/notandi/ros2_ws/src/install/mycobot_description:/home/notandi/ros2_ws/src/install/mycobot_bringup:/home/notandi/ros2_ws/install/mycobot_ros2:/home/notandi/ros2_ws/install/mycobot_system_tests:/home/notandi/ros2_ws/install/mycobot_gazebo:/home/notandi/ros2_ws/install/mycobot_description:/opt/ros/jazzy/opt/gz_sim_vendor:/opt/ros/jazzy/opt/gz_sensors_vendor:/opt/ros/jazzy/opt/gz_physics_vendor:/opt/ros/jazzy/opt/sdformat_vendor:/opt/ros/jazzy/opt/gz_gui_vendor:/opt/ros/jazzy/opt/gz_transport_vendor:/opt/ros/jazzy/opt/gz_rendering_vendor:/opt/ros/jazzy/opt/gz_plugin_vendor:/opt/ros/jazzy/opt/gz_fuel_tools_vendor:/opt/ros/jazzy/opt/gz_msgs_vendor:/opt/ros/jazzy/opt/gz_common_vendor:/opt/ros/jazzy/opt/gz_math_vendor:/opt/ros/jazzy/opt/gz_utils_vendor:/opt/ros/jazzy/opt/gz_tools_vendor:/opt/ros/jazzy/opt/gz_ogre_next_vendor:/opt/ros/jazzy/opt/gz_dartsim_vendor:/opt/ros/jazzy/opt/gz_cmake_vendor:/home/notandi/ros2_ws/install/mycobot_moveit_config:/home/notandi/ros2_ws/install/mycobot_bringup:/opt/ros/jazzy /usr/bin/cmake --build /home/notandi/ros2_ws/src/build/mycobot_ros2 -- -j12 -l12
[2.004s] DEBUG:colcon.colcon_core.event_handler.log_command:Invoking command in '/home/notandi/ros2_ws/src/build/mycobot_ros2': AMENT_PREFIX_PATH=/home/notandi/ros2_ws/src/install/mycobot_system_tests:/home/notandi/ros2_ws/src/install/mycobot_moveit_config:/home/notandi/ros2_ws/src/install/mycobot_gazebo:/home/notandi/ros2_ws/src/install/mycobot_description:/home/notandi/ros2_ws/src/install/mycobot_bringup:${AMENT_PREFIX_PATH} CMAKE_PREFIX_PATH=/home/notandi/ros2_ws/src/install/mycobot_system_tests:/home/notandi/ros2_ws/src/install/mycobot_moveit_config:/home/notandi/ros2_ws/src/install/mycobot_gazebo:/home/notandi/ros2_ws/src/install/mycobot_description:/home/notandi/ros2_ws/src/install/mycobot_bringup:/home/notandi/ros2_ws/install/mycobot_ros2:/home/notandi/ros2_ws/install/mycobot_system_tests:/home/notandi/ros2_ws/install/mycobot_gazebo:/home/notandi/ros2_ws/install/mycobot_description:/opt/ros/jazzy/opt/gz_sim_vendor:/opt/ros/jazzy/opt/gz_sensors_vendor:/opt/ros/jazzy/opt/gz_physics_vendor:/opt/ros/jazzy/opt/sdformat_vendor:/opt/ros/jazzy/opt/gz_gui_vendor:/opt/ros/jazzy/opt/gz_transport_vendor:/opt/ros/jazzy/opt/gz_rendering_vendor:/opt/ros/jazzy/opt/gz_plugin_vendor:/opt/ros/jazzy/opt/gz_fuel_tools_vendor:/opt/ros/jazzy/opt/gz_msgs_vendor:/opt/ros/jazzy/opt/gz_common_vendor:/opt/ros/jazzy/opt/gz_math_vendor:/opt/ros/jazzy/opt/gz_utils_vendor:/opt/ros/jazzy/opt/gz_tools_vendor:/opt/ros/jazzy/opt/gz_ogre_next_vendor:/opt/ros/jazzy/opt/gz_dartsim_vendor:/opt/ros/jazzy/opt/gz_cmake_vendor:/home/notandi/ros2_ws/install/mycobot_moveit_config:/home/notandi/ros2_ws/install/mycobot_bringup:/opt/ros/jazzy /usr/bin/cmake --install /home/notandi/ros2_ws/src/build/mycobot_ros2
[2.020s] Level 1:colcon.colcon_core.environment:create_environment_scripts_only(mycobot_ros2)
[2.020s] DEBUG:colcon.colcon_core.event_handler.log_command:Invoked command in '/home/notandi/ros2_ws/src/build/mycobot_ros2' returned '0': AMENT_PREFIX_PATH=/home/notandi/ros2_ws/src/install/mycobot_system_tests:/home/notandi/ros2_ws/src/install/mycobot_moveit_config:/home/notandi/ros2_ws/src/install/mycobot_gazebo:/home/notandi/ros2_ws/src/install/mycobot_description:/home/notandi/ros2_ws/src/install/mycobot_bringup:${AMENT_PREFIX_PATH} CMAKE_PREFIX_PATH=/home/notandi/ros2_ws/src/install/mycobot_system_tests:/home/notandi/ros2_ws/src/install/mycobot_moveit_config:/home/notandi/ros2_ws/src/install/mycobot_gazebo:/home/notandi/ros2_ws/src/install/mycobot_description:/home/notandi/ros2_ws/src/install/mycobot_bringup:/home/notandi/ros2_ws/install/mycobot_ros2:/home/notandi/ros2_ws/install/mycobot_system_tests:/home/notandi/ros2_ws/install/mycobot_gazebo:/home/notandi/ros2_ws/install/mycobot_description:/opt/ros/jazzy/opt/gz_sim_vendor:/opt/ros/jazzy/opt/gz_sensors_vendor:/opt/ros/jazzy/opt/gz_physics_vendor:/opt/ros/jazzy/opt/sdformat_vendor:/opt/ros/jazzy/opt/gz_gui_vendor:/opt/ros/jazzy/opt/gz_transport_vendor:/opt/ros/jazzy/opt/gz_rendering_vendor:/opt/ros/jazzy/opt/gz_plugin_vendor:/opt/ros/jazzy/opt/gz_fuel_tools_vendor:/opt/ros/jazzy/opt/gz_msgs_vendor:/opt/ros/jazzy/opt/gz_common_vendor:/opt/ros/jazzy/opt/gz_math_vendor:/opt/ros/jazzy/opt/gz_utils_vendor:/opt/ros/jazzy/opt/gz_tools_vendor:/opt/ros/jazzy/opt/gz_ogre_next_vendor:/opt/ros/jazzy/opt/gz_dartsim_vendor:/opt/ros/jazzy/opt/gz_cmake_vendor:/home/notandi/ros2_ws/install/mycobot_moveit_config:/home/notandi/ros2_ws/install/mycobot_bringup:/opt/ros/jazzy /usr/bin/cmake --install /home/notandi/ros2_ws/src/build/mycobot_ros2
[2.021s] Level 1:colcon.colcon_core.environment:checking '/home/notandi/ros2_ws/src/install/mycobot_ros2' for CMake module files
[2.021s] Level 1:colcon.colcon_core.environment:checking '/home/notandi/ros2_ws/src/install/mycobot_ros2' for CMake config files
[2.021s] Level 1:colcon.colcon_core.shell:create_environment_hook('mycobot_ros2', 'cmake_prefix_path')
[2.021s] INFO:colcon.colcon_core.shell:Creating environment hook '/home/notandi/ros2_ws/src/install/mycobot_ros2/share/mycobot_ros2/hook/cmake_prefix_path.ps1'
[2.022s] INFO:colcon.colcon_core.shell:Creating environment descriptor '/home/notandi/ros2_ws/src/install/mycobot_ros2/share/mycobot_ros2/hook/cmake_prefix_path.dsv'
[2.022s] INFO:colcon.colcon_core.shell:Creating environment hook '/home/notandi/ros2_ws/src/install/mycobot_ros2/share/mycobot_ros2/hook/cmake_prefix_path.sh'
[2.022s] Level 1:colcon.colcon_core.environment:checking '/home/notandi/ros2_ws/src/install/mycobot_ros2/bin'
[2.022s] Level 1:colcon.colcon_core.environment:checking '/home/notandi/ros2_ws/src/install/mycobot_ros2/lib/pkgconfig/mycobot_ros2.pc'
[2.022s] Level 1:colcon.colcon_core.environment:checking '/home/notandi/ros2_ws/src/install/mycobot_ros2/lib/python3.12/site-packages'
[2.023s] Level 1:colcon.colcon_core.environment:checking '/home/notandi/ros2_ws/src/install/mycobot_ros2/bin'
[2.023s] INFO:colcon.colcon_core.shell:Creating package script '/home/notandi/ros2_ws/src/install/mycobot_ros2/share/mycobot_ros2/package.ps1'
[2.023s] INFO:colcon.colcon_core.shell:Creating package descriptor '/home/notandi/ros2_ws/src/install/mycobot_ros2/share/mycobot_ros2/package.dsv'
[2.023s] INFO:colcon.colcon_core.shell:Creating package script '/home/notandi/ros2_ws/src/install/mycobot_ros2/share/mycobot_ros2/package.sh'
[2.023s] INFO:colcon.colcon_core.shell:Creating package script '/home/notandi/ros2_ws/src/install/mycobot_ros2/share/mycobot_ros2/package.bash'
[2.024s] INFO:colcon.colcon_core.shell:Creating package script '/home/notandi/ros2_ws/src/install/mycobot_ros2/share/mycobot_ros2/package.zsh'
[2.024s] Level 1:colcon.colcon_core.environment:create_file_with_runtime_dependencies(/home/notandi/ros2_ws/src/install/mycobot_ros2/share/colcon-core/packages/mycobot_ros2)
[2.024s] Level 1:colcon.colcon_core.environment:create_environment_scripts_only(mycobot_ros2)
[2.024s] Level 1:colcon.colcon_core.environment:checking '/home/notandi/ros2_ws/src/install/mycobot_ros2' for CMake module files
[2.024s] Level 1:colcon.colcon_core.environment:checking '/home/notandi/ros2_ws/src/install/mycobot_ros2' for CMake config files
[2.024s] Level 1:colcon.colcon_core.shell:create_environment_hook('mycobot_ros2', 'cmake_prefix_path')
[2.025s] INFO:colcon.colcon_core.shell:Creating environment hook '/home/notandi/ros2_ws/src/install/mycobot_ros2/share/mycobot_ros2/hook/cmake_prefix_path.ps1'
[2.025s] INFO:colcon.colcon_core.shell:Creating environment descriptor '/home/notandi/ros2_ws/src/install/mycobot_ros2/share/mycobot_ros2/hook/cmake_prefix_path.dsv'
[2.025s] INFO:colcon.colcon_core.shell:Creating environment hook '/home/notandi/ros2_ws/src/install/mycobot_ros2/share/mycobot_ros2/hook/cmake_prefix_path.sh'
[2.025s] Level 1:colcon.colcon_core.environment:checking '/home/notandi/ros2_ws/src/install/mycobot_ros2/bin'
[2.025s] Level 1:colcon.colcon_core.environment:checking '/home/notandi/ros2_ws/src/install/mycobot_ros2/lib/pkgconfig/mycobot_ros2.pc'
[2.026s] Level 1:colcon.colcon_core.environment:checking '/home/notandi/ros2_ws/src/install/mycobot_ros2/lib/python3.12/site-packages'
[2.026s] Level 1:colcon.colcon_core.environment:checking '/home/notandi/ros2_ws/src/install/mycobot_ros2/bin'
[2.026s] INFO:colcon.colcon_core.shell:Creating package script '/home/notandi/ros2_ws/src/install/mycobot_ros2/share/mycobot_ros2/package.ps1'
[2.026s] INFO:colcon.colcon_core.shell:Creating package descriptor '/home/notandi/ros2_ws/src/install/mycobot_ros2/share/mycobot_ros2/package.dsv'
[2.026s] INFO:colcon.colcon_core.shell:Creating package script '/home/notandi/ros2_ws/src/install/mycobot_ros2/share/mycobot_ros2/package.sh'
[2.027s] INFO:colcon.colcon_core.shell:Creating package script '/home/notandi/ros2_ws/src/install/mycobot_ros2/share/mycobot_ros2/package.bash'
[2.027s] INFO:colcon.colcon_core.shell:Creating package script '/home/notandi/ros2_ws/src/install/mycobot_ros2/share/mycobot_ros2/package.zsh'
[2.027s] Level 1:colcon.colcon_core.environment:create_file_with_runtime_dependencies(/home/notandi/ros2_ws/src/install/mycobot_ros2/share/colcon-core/packages/mycobot_ros2)
[2.027s] DEBUG:colcon.colcon_parallel_executor.executor.parallel:closing loop
[2.028s] DEBUG:colcon.colcon_parallel_executor.executor.parallel:loop closed
[2.028s] DEBUG:colcon.colcon_parallel_executor.executor.parallel:run_until_complete finished with '0'
[2.028s] DEBUG:colcon.colcon_core.event_reactor:joining thread
[2.062s] INFO:colcon.colcon_core.plugin_system:Skipping extension 'colcon_notification.desktop_notification.notify_send': Could not find 'notify-send'
[2.063s] INFO:colcon.colcon_core.plugin_system:Skipping extension 'colcon_notification.desktop_notification.terminal_notifier': Not used on non-Darwin systems
[2.063s] INFO:colcon.colcon_core.plugin_system:Skipping extension 'colcon_notification.desktop_notification.win32': Not used on non-Windows systems
[2.063s] INFO:colcon.colcon_notification.desktop_notification:Sending desktop notification using 'notify2'
[2.064s] DEBUG:colcon.colcon_notification.desktop_notification.notify2:Failed to initialize notify2: org.freedesktop.DBus.Error.ServiceUnknown: The name org.freedesktop.Notifications was not provided by any .service files
[2.064s] DEBUG:colcon.colcon_core.event_reactor:joined thread
[2.064s] INFO:colcon.colcon_core.shell:Creating prefix script '/home/notandi/ros2_ws/src/install/local_setup.ps1'
[2.064s] INFO:colcon.colcon_core.shell:Creating prefix util module '/home/notandi/ros2_ws/src/install/_local_setup_util_ps1.py'
[2.065s] INFO:colcon.colcon_core.shell:Creating prefix chain script '/home/notandi/ros2_ws/src/install/setup.ps1'
[2.066s] INFO:colcon.colcon_core.shell:Creating prefix script '/home/notandi/ros2_ws/src/install/local_setup.sh'
[2.066s] INFO:colcon.colcon_core.shell:Creating prefix util module '/home/notandi/ros2_ws/src/install/_local_setup_util_sh.py'
[2.066s] INFO:colcon.colcon_core.shell:Creating prefix chain script '/home/notandi/ros2_ws/src/install/setup.sh'
[2.067s] INFO:colcon.colcon_core.shell:Creating prefix script '/home/notandi/ros2_ws/src/install/local_setup.bash'
[2.067s] INFO:colcon.colcon_core.shell:Creating prefix chain script '/home/notandi/ros2_ws/src/install/setup.bash'
[2.068s] INFO:colcon.colcon_core.shell:Creating prefix script '/home/notandi/ros2_ws/src/install/local_setup.zsh'
[2.068s] INFO:colcon.colcon_core.shell:Creating prefix chain script '/home/notandi/ros2_ws/src/install/setup.zsh'
