[0.027s] Invoking command in '/home/notandi/ros2_ws/src/build/mycobot_gazebo': CMAKE_PREFIX_PATH=${CMAKE_PREFIX_PATH}:/opt/ros/jazzy /usr/bin/cmake /home/notandi/ros2_ws/src/mycobot_ros2/mycobot_gazebo -DAMENT_CMAKE_SYMLINK_INSTALL=1 -DCMAKE_INSTALL_PREFIX=/home/notandi/ros2_ws/src/install/mycobot_gazebo
[0.047s] -- Found ament_cmake: 2.5.5 (/opt/ros/jazzy/share/ament_cmake/cmake)
[0.257s] -- Override CMake install command with custom implementation using symlinks instead of copying resources
[0.263s] -- Found controller_manager: 4.42.2 (/opt/ros/jazzy/share/controller_manager/cmake)
[0.492s] -- Found rosidl_generator_c: 4.6.7 (/opt/ros/jazzy/share/rosidl_generator_c/cmake)
[0.500s] -- Found rosidl_generator_cpp: 4.6.7 (/opt/ros/jazzy/share/rosidl_generator_cpp/cmake)
[0.513s] -- Using all available rosidl_typesupport_c: rosidl_typesupport_fastrtps_c;rosidl_typesupport_introspection_c
[0.524s] -- Using all available rosidl_typesupport_cpp: rosidl_typesupport_fastrtps_cpp;rosidl_typesupport_introspection_cpp
[0.578s] -- Found rmw_implementation_cmake: 7.3.3 (/opt/ros/jazzy/share/rmw_implementation_cmake/cmake)
[0.580s] -- Found rmw_fastrtps_cpp: 8.4.3 (/opt/ros/jazzy/share/rmw_fastrtps_cpp/cmake)
[0.775s] -- Using RMW implementation 'rmw_fastrtps_cpp' as default
[1.134s] -- Found gripper_controllers: 4.36.0 (/opt/ros/jazzy/share/gripper_controllers/cmake)
[1.156s] -- Found eigen3_cmake_module: 0.3.0 (/opt/ros/jazzy/share/eigen3_cmake_module/cmake)
[1.157s] -- Ensuring Eigen3 include directory is part of orocos-kdl CMake target
[1.218s] -- Found ros2_control: 4.42.2 (/opt/ros/jazzy/share/ros2_control/cmake)
[1.218s] -- Found ros2_controllers: 4.36.0 (/opt/ros/jazzy/share/ros2_controllers/cmake)
[1.218s] -- Found xacro: 2.1.1 (/opt/ros/jazzy/share/xacro/cmake)
[1.218s] -- Found ament_lint_auto: 0.17.4 (/opt/ros/jazzy/share/ament_lint_auto/cmake)
[1.331s] -- Added test 'flake8' to check Python code syntax and style conventions
[1.332s] -- Configured 'flake8' exclude dirs and/or files: 
[1.336s] -- Added test 'lint_cmake' to check CMake code style
[1.339s] -- Added test 'pep257' to check Python code against some of the docstring style conventions in PEP 257
[1.361s] -- Added test 'xmllint' to check XML markup files
[1.364s] -- Configuring done (1.3s)
[1.375s] -- Generating done (0.0s)
[1.378s] -- Build files have been written to: /home/notandi/ros2_ws/src/build/mycobot_gazebo
[1.386s] Invoked command in '/home/notandi/ros2_ws/src/build/mycobot_gazebo' returned '0': CMAKE_PREFIX_PATH=${CMAKE_PREFIX_PATH}:/opt/ros/jazzy /usr/bin/cmake /home/notandi/ros2_ws/src/mycobot_ros2/mycobot_gazebo -DAMENT_CMAKE_SYMLINK_INSTALL=1 -DCMAKE_INSTALL_PREFIX=/home/notandi/ros2_ws/src/install/mycobot_gazebo
[1.387s] Invoking command in '/home/notandi/ros2_ws/src/build/mycobot_gazebo': CMAKE_PREFIX_PATH=${CMAKE_PREFIX_PATH}:/opt/ros/jazzy /usr/bin/cmake --build /home/notandi/ros2_ws/src/build/mycobot_gazebo -- -j12 -l12
[1.419s] Invoked command in '/home/notandi/ros2_ws/src/build/mycobot_gazebo' returned '0': CMAKE_PREFIX_PATH=${CMAKE_PREFIX_PATH}:/opt/ros/jazzy /usr/bin/cmake --build /home/notandi/ros2_ws/src/build/mycobot_gazebo -- -j12 -l12
[1.420s] Invoking command in '/home/notandi/ros2_ws/src/build/mycobot_gazebo': CMAKE_PREFIX_PATH=${CMAKE_PREFIX_PATH}:/opt/ros/jazzy /usr/bin/cmake --install /home/notandi/ros2_ws/src/build/mycobot_gazebo
[1.425s] -- Install configuration: ""
[1.426s] -- Execute custom install script
[1.427s] -- Symlinking: /home/notandi/ros2_ws/src/install/mycobot_gazebo/share/mycobot_gazebo/config/ros_gz_bridge.yaml
[1.434s] -- Symlinking: /home/notandi/ros2_ws/src/install/mycobot_gazebo/share/mycobot_gazebo/launch/mycobot.gazebo.launch.py
[1.448s] -- Symlinking: /home/notandi/ros2_ws/src/install/mycobot_gazebo/share/mycobot_gazebo/models/aws_robomaker_residential_AirconditionerA_01/materials/textures/aws_AirconditionerA_01.png
[1.455s] -- Symlinking: /home/notandi/ros2_ws/src/install/mycobot_gazebo/share/mycobot_gazebo/models/aws_robomaker_residential_AirconditionerA_01/meshes/aws_AirconditionerA_01_collision.DAE
[1.462s] -- Symlinking: /home/notandi/ros2_ws/src/install/mycobot_gazebo/share/mycobot_gazebo/models/aws_robomaker_residential_AirconditionerA_01/meshes/aws_AirconditionerA_01_visual.DAE
[1.469s] -- Symlinking: /home/notandi/ros2_ws/src/install/mycobot_gazebo/share/mycobot_gazebo/models/aws_robomaker_residential_AirconditionerA_01/model.config
[1.475s] -- Symlinking: /home/notandi/ros2_ws/src/install/mycobot_gazebo/share/mycobot_gazebo/models/aws_robomaker_residential_AirconditionerA_01/model.sdf
[1.483s] -- Symlinking: /home/notandi/ros2_ws/src/install/mycobot_gazebo/share/mycobot_gazebo/models/aws_robomaker_residential_AirconditionerB_01/materials/textures/aws_AirconditionerB_01.png
[1.490s] -- Symlinking: /home/notandi/ros2_ws/src/install/mycobot_gazebo/share/mycobot_gazebo/models/aws_robomaker_residential_AirconditionerB_01/meshes/aws_AirconditionerB_01_collision.DAE
[1.497s] -- Symlinking: /home/notandi/ros2_ws/src/install/mycobot_gazebo/share/mycobot_gazebo/models/aws_robomaker_residential_AirconditionerB_01/meshes/aws_AirconditionerB_01_visual.DAE
[1.504s] -- Symlinking: /home/notandi/ros2_ws/src/install/mycobot_gazebo/share/mycobot_gazebo/models/aws_robomaker_residential_AirconditionerB_01/model.config
[1.512s] -- Symlinking: /home/notandi/ros2_ws/src/install/mycobot_gazebo/share/mycobot_gazebo/models/aws_robomaker_residential_AirconditionerB_01/model.sdf
[1.519s] -- Symlinking: /home/notandi/ros2_ws/src/install/mycobot_gazebo/share/mycobot_gazebo/models/aws_robomaker_residential_BalconyTable_01/materials/textures/aws_BalconyTable_01.png
[1.527s] -- Symlinking: /home/notandi/ros2_ws/src/install/mycobot_gazebo/share/mycobot_gazebo/models/aws_robomaker_residential_BalconyTable_01/meshes/aws_BalconyTable_01_collision.DAE
[1.534s] -- Symlinking: /home/notandi/ros2_ws/src/install/mycobot_gazebo/share/mycobot_gazebo/models/aws_robomaker_residential_BalconyTable_01/meshes/aws_BalconyTable_01_visual.DAE
[1.541s] -- Symlinking: /home/notandi/ros2_ws/src/install/mycobot_gazebo/share/mycobot_gazebo/models/aws_robomaker_residential_BalconyTable_01/model.config
[1.547s] -- Symlinking: /home/notandi/ros2_ws/src/install/mycobot_gazebo/share/mycobot_gazebo/models/aws_robomaker_residential_BalconyTable_01/model.sdf
[1.556s] -- Symlinking: /home/notandi/ros2_ws/src/install/mycobot_gazebo/share/mycobot_gazebo/models/aws_robomaker_residential_Ball_01/materials/textures/aws_Ball_01.png
[1.563s] -- Symlinking: /home/notandi/ros2_ws/src/install/mycobot_gazebo/share/mycobot_gazebo/models/aws_robomaker_residential_Ball_01/meshes/aws_Ball_01_collision.DAE
[1.570s] -- Symlinking: /home/notandi/ros2_ws/src/install/mycobot_gazebo/share/mycobot_gazebo/models/aws_robomaker_residential_Ball_01/meshes/aws_Ball_01_visual.DAE
[1.577s] -- Symlinking: /home/notandi/ros2_ws/src/install/mycobot_gazebo/share/mycobot_gazebo/models/aws_robomaker_residential_Ball_01/model.config
[1.583s] -- Symlinking: /home/notandi/ros2_ws/src/install/mycobot_gazebo/share/mycobot_gazebo/models/aws_robomaker_residential_Ball_01/model.sdf
[1.591s] -- Symlinking: /home/notandi/ros2_ws/src/install/mycobot_gazebo/share/mycobot_gazebo/models/aws_robomaker_residential_Bed_01/materials/textures/aws_BedA_01.png
[1.598s] -- Symlinking: /home/notandi/ros2_ws/src/install/mycobot_gazebo/share/mycobot_gazebo/models/aws_robomaker_residential_Bed_01/materials/textures/aws_BedB_01.png
[1.605s] -- Symlinking: /home/notandi/ros2_ws/src/install/mycobot_gazebo/share/mycobot_gazebo/models/aws_robomaker_residential_Bed_01/materials/textures/aws_BedC_01.png
[1.612s] -- Symlinking: /home/notandi/ros2_ws/src/install/mycobot_gazebo/share/mycobot_gazebo/models/aws_robomaker_residential_Bed_01/materials/textures/aws_Bed_01.png
[1.619s] -- Symlinking: /home/notandi/ros2_ws/src/install/mycobot_gazebo/share/mycobot_gazebo/models/aws_robomaker_residential_Bed_01/meshes/aws_Bed_01_collision.DAE
[1.627s] -- Symlinking: /home/notandi/ros2_ws/src/install/mycobot_gazebo/share/mycobot_gazebo/models/aws_robomaker_residential_Bed_01/meshes/aws_Bed_01_visual.DAE
[1.634s] -- Symlinking: /home/notandi/ros2_ws/src/install/mycobot_gazebo/share/mycobot_gazebo/models/aws_robomaker_residential_Bed_01/model.config
[1.640s] -- Symlinking: /home/notandi/ros2_ws/src/install/mycobot_gazebo/share/mycobot_gazebo/models/aws_robomaker_residential_Bed_01/model.sdf
[1.649s] -- Symlinking: /home/notandi/ros2_ws/src/install/mycobot_gazebo/share/mycobot_gazebo/models/aws_robomaker_residential_Board_01/materials/textures/aws_Board_01.png
[1.656s] -- Symlinking: /home/notandi/ros2_ws/src/install/mycobot_gazebo/share/mycobot_gazebo/models/aws_robomaker_residential_Board_01/meshes/aws_Board_01_collision.DAE
[1.663s] -- Symlinking: /home/notandi/ros2_ws/src/install/mycobot_gazebo/share/mycobot_gazebo/models/aws_robomaker_residential_Board_01/meshes/aws_Board_01_visual.DAE
[1.670s] -- Symlinking: /home/notandi/ros2_ws/src/install/mycobot_gazebo/share/mycobot_gazebo/models/aws_robomaker_residential_Board_01/model.config
[1.677s] -- Symlinking: /home/notandi/ros2_ws/src/install/mycobot_gazebo/share/mycobot_gazebo/models/aws_robomaker_residential_Board_01/model.sdf
[1.687s] -- Symlinking: /home/notandi/ros2_ws/src/install/mycobot_gazebo/share/mycobot_gazebo/models/aws_robomaker_residential_Carpet_01/materials/textures/aws_Carpet_01.png
[1.696s] -- Symlinking: /home/notandi/ros2_ws/src/install/mycobot_gazebo/share/mycobot_gazebo/models/aws_robomaker_residential_Carpet_01/meshes/aws_Carpet_01_collision.DAE
[1.703s] -- Symlinking: /home/notandi/ros2_ws/src/install/mycobot_gazebo/share/mycobot_gazebo/models/aws_robomaker_residential_Carpet_01/meshes/aws_Carpet_01_visual.DAE
[1.710s] -- Symlinking: /home/notandi/ros2_ws/src/install/mycobot_gazebo/share/mycobot_gazebo/models/aws_robomaker_residential_Carpet_01/model.config
[1.717s] -- Symlinking: /home/notandi/ros2_ws/src/install/mycobot_gazebo/share/mycobot_gazebo/models/aws_robomaker_residential_Carpet_01/model.sdf
[1.725s] -- Symlinking: /home/notandi/ros2_ws/src/install/mycobot_gazebo/share/mycobot_gazebo/models/aws_robomaker_residential_ChairA_01/materials/textures/aws_ChairA_01.png
[1.733s] -- Symlinking: /home/notandi/ros2_ws/src/install/mycobot_gazebo/share/mycobot_gazebo/models/aws_robomaker_residential_ChairA_01/meshes/aws_ChairA_01_collision.DAE
[1.740s] -- Symlinking: /home/notandi/ros2_ws/src/install/mycobot_gazebo/share/mycobot_gazebo/models/aws_robomaker_residential_ChairA_01/meshes/aws_ChairA_01_visual.DAE
[1.747s] -- Symlinking: /home/notandi/ros2_ws/src/install/mycobot_gazebo/share/mycobot_gazebo/models/aws_robomaker_residential_ChairA_01/model.config
[1.755s] -- Symlinking: /home/notandi/ros2_ws/src/install/mycobot_gazebo/share/mycobot_gazebo/models/aws_robomaker_residential_ChairA_01/model.sdf
[1.765s] -- Symlinking: /home/notandi/ros2_ws/src/install/mycobot_gazebo/share/mycobot_gazebo/models/aws_robomaker_residential_ChairD_01/materials/textures/aws_ChairD_01.png
[1.773s] -- Symlinking: /home/notandi/ros2_ws/src/install/mycobot_gazebo/share/mycobot_gazebo/models/aws_robomaker_residential_ChairD_01/meshes/aws_ChairD_01_collision.DAE
[1.779s] -- Symlinking: /home/notandi/ros2_ws/src/install/mycobot_gazebo/share/mycobot_gazebo/models/aws_robomaker_residential_ChairD_01/meshes/aws_ChairD_01_visual.DAE
[1.786s] -- Symlinking: /home/notandi/ros2_ws/src/install/mycobot_gazebo/share/mycobot_gazebo/models/aws_robomaker_residential_ChairD_01/model.config
[1.793s] -- Symlinking: /home/notandi/ros2_ws/src/install/mycobot_gazebo/share/mycobot_gazebo/models/aws_robomaker_residential_ChairD_01/model.sdf
[1.802s] -- Symlinking: /home/notandi/ros2_ws/src/install/mycobot_gazebo/share/mycobot_gazebo/models/aws_robomaker_residential_Chandelier_01/materials/textures/aws_Chandelier_01.png
[1.809s] -- Symlinking: /home/notandi/ros2_ws/src/install/mycobot_gazebo/share/mycobot_gazebo/models/aws_robomaker_residential_Chandelier_01/meshes/aws_Chandelier_01.DAE
[1.816s] -- Symlinking: /home/notandi/ros2_ws/src/install/mycobot_gazebo/share/mycobot_gazebo/models/aws_robomaker_residential_Chandelier_01/meshes/aws_Chandelier_01_collision.DAE
[1.823s] -- Symlinking: /home/notandi/ros2_ws/src/install/mycobot_gazebo/share/mycobot_gazebo/models/aws_robomaker_residential_Chandelier_01/meshes/aws_Chandelier_01_visual.DAE
[1.830s] -- Symlinking: /home/notandi/ros2_ws/src/install/mycobot_gazebo/share/mycobot_gazebo/models/aws_robomaker_residential_Chandelier_01/model.config
[1.836s] -- Symlinking: /home/notandi/ros2_ws/src/install/mycobot_gazebo/share/mycobot_gazebo/models/aws_robomaker_residential_Chandelier_01/model.sdf
[1.845s] -- Symlinking: /home/notandi/ros2_ws/src/install/mycobot_gazebo/share/mycobot_gazebo/models/aws_robomaker_residential_CoffeeTable_01/materials/textures/aws_CoffeeTable_01.png
[1.853s] -- Symlinking: /home/notandi/ros2_ws/src/install/mycobot_gazebo/share/mycobot_gazebo/models/aws_robomaker_residential_CoffeeTable_01/meshes/aws_CoffeeTable_01_collision.DAE
[1.860s] -- Symlinking: /home/notandi/ros2_ws/src/install/mycobot_gazebo/share/mycobot_gazebo/models/aws_robomaker_residential_CoffeeTable_01/meshes/aws_CoffeeTable_01_visual.DAE
[1.867s] -- Symlinking: /home/notandi/ros2_ws/src/install/mycobot_gazebo/share/mycobot_gazebo/models/aws_robomaker_residential_CoffeeTable_01/model.config
[1.873s] -- Symlinking: /home/notandi/ros2_ws/src/install/mycobot_gazebo/share/mycobot_gazebo/models/aws_robomaker_residential_CoffeeTable_01/model.sdf
[1.882s] -- Symlinking: /home/notandi/ros2_ws/src/install/mycobot_gazebo/share/mycobot_gazebo/models/aws_robomaker_residential_CookingBench_01/materials/textures/aws_CookingBench_01.png
[1.890s] -- Symlinking: /home/notandi/ros2_ws/src/install/mycobot_gazebo/share/mycobot_gazebo/models/aws_robomaker_residential_CookingBench_01/meshes/aws_CookingBench_01.DAE
[1.897s] -- Symlinking: /home/notandi/ros2_ws/src/install/mycobot_gazebo/share/mycobot_gazebo/models/aws_robomaker_residential_CookingBench_01/meshes/aws_CookingBench_01_collision.DAE
[1.904s] -- Symlinking: /home/notandi/ros2_ws/src/install/mycobot_gazebo/share/mycobot_gazebo/models/aws_robomaker_residential_CookingBench_01/meshes/aws_CookingBench_01_visual.DAE
[1.911s] -- Symlinking: /home/notandi/ros2_ws/src/install/mycobot_gazebo/share/mycobot_gazebo/models/aws_robomaker_residential_CookingBench_01/model.config
[1.918s] -- Symlinking: /home/notandi/ros2_ws/src/install/mycobot_gazebo/share/mycobot_gazebo/models/aws_robomaker_residential_CookingBench_01/model.sdf
[1.927s] -- Symlinking: /home/notandi/ros2_ws/src/install/mycobot_gazebo/share/mycobot_gazebo/models/aws_robomaker_residential_Curtain_01/materials/textures/aws_Curtain_01.png
[1.934s] -- Symlinking: /home/notandi/ros2_ws/src/install/mycobot_gazebo/share/mycobot_gazebo/models/aws_robomaker_residential_Curtain_01/meshes/aws_Curtain_01_collision.DAE
[1.942s] -- Symlinking: /home/notandi/ros2_ws/src/install/mycobot_gazebo/share/mycobot_gazebo/models/aws_robomaker_residential_Curtain_01/meshes/aws_Curtain_01_visual.DAE
[1.948s] -- Symlinking: /home/notandi/ros2_ws/src/install/mycobot_gazebo/share/mycobot_gazebo/models/aws_robomaker_residential_Curtain_01/model.config
[1.955s] -- Symlinking: /home/notandi/ros2_ws/src/install/mycobot_gazebo/share/mycobot_gazebo/models/aws_robomaker_residential_Curtain_01/model.sdf
[1.963s] -- Symlinking: /home/notandi/ros2_ws/src/install/mycobot_gazebo/share/mycobot_gazebo/models/aws_robomaker_residential_DeskPortraitA_01/materials/textures/DeskPortraitA_01.jpg
[1.971s] -- Symlinking: /home/notandi/ros2_ws/src/install/mycobot_gazebo/share/mycobot_gazebo/models/aws_robomaker_residential_DeskPortraitA_01/materials/textures/aws_DeskPortraitA_01.png
[1.978s] -- Symlinking: /home/notandi/ros2_ws/src/install/mycobot_gazebo/share/mycobot_gazebo/models/aws_robomaker_residential_DeskPortraitA_01/materials/textures/aws_DeskPortraitA_02.png
[1.985s] -- Symlinking: /home/notandi/ros2_ws/src/install/mycobot_gazebo/share/mycobot_gazebo/models/aws_robomaker_residential_DeskPortraitA_01/meshes/aws_DeskPortraitA_01_collision.DAE
[1.993s] -- Symlinking: /home/notandi/ros2_ws/src/install/mycobot_gazebo/share/mycobot_gazebo/models/aws_robomaker_residential_DeskPortraitA_01/meshes/aws_DeskPortraitA_01_visual.DAE
[2.000s] -- Symlinking: /home/notandi/ros2_ws/src/install/mycobot_gazebo/share/mycobot_gazebo/models/aws_robomaker_residential_DeskPortraitA_01/model.config
[2.007s] -- Symlinking: /home/notandi/ros2_ws/src/install/mycobot_gazebo/share/mycobot_gazebo/models/aws_robomaker_residential_DeskPortraitA_01/model.sdf
[2.015s] -- Symlinking: /home/notandi/ros2_ws/src/install/mycobot_gazebo/share/mycobot_gazebo/models/aws_robomaker_residential_DeskPortraitA_02/materials/textures/DeskPortraitA_02.jpg
[2.022s] -- Symlinking: /home/notandi/ros2_ws/src/install/mycobot_gazebo/share/mycobot_gazebo/models/aws_robomaker_residential_DeskPortraitA_02/materials/textures/aws_DeskPortraitA_01.png
[2.029s] -- Symlinking: /home/notandi/ros2_ws/src/install/mycobot_gazebo/share/mycobot_gazebo/models/aws_robomaker_residential_DeskPortraitA_02/materials/textures/aws_DeskPortraitA_02.png
[2.037s] -- Symlinking: /home/notandi/ros2_ws/src/install/mycobot_gazebo/share/mycobot_gazebo/models/aws_robomaker_residential_DeskPortraitA_02/meshes/aws_DeskPortraitA_01_collision.DAE
[2.044s] -- Symlinking: /home/notandi/ros2_ws/src/install/mycobot_gazebo/share/mycobot_gazebo/models/aws_robomaker_residential_DeskPortraitA_02/meshes/aws_DeskPortraitA_01_visual.DAE
[2.051s] -- Symlinking: /home/notandi/ros2_ws/src/install/mycobot_gazebo/share/mycobot_gazebo/models/aws_robomaker_residential_DeskPortraitA_02/model.config
[2.058s] -- Symlinking: /home/notandi/ros2_ws/src/install/mycobot_gazebo/share/mycobot_gazebo/models/aws_robomaker_residential_DeskPortraitA_02/model.sdf
[2.066s] -- Symlinking: /home/notandi/ros2_ws/src/install/mycobot_gazebo/share/mycobot_gazebo/models/aws_robomaker_residential_DeskPortraitB_01/materials/textures/DeskPortraitB_01.jpg
[2.075s] -- Symlinking: /home/notandi/ros2_ws/src/install/mycobot_gazebo/share/mycobot_gazebo/models/aws_robomaker_residential_DeskPortraitB_01/materials/textures/aws_DeskPortraitB_01.png
[2.081s] -- Symlinking: /home/notandi/ros2_ws/src/install/mycobot_gazebo/share/mycobot_gazebo/models/aws_robomaker_residential_DeskPortraitB_01/materials/textures/aws_DeskPortraitB_02.png
[2.088s] -- Symlinking: /home/notandi/ros2_ws/src/install/mycobot_gazebo/share/mycobot_gazebo/models/aws_robomaker_residential_DeskPortraitB_01/meshes/aws_DeskPortraitB_01_collision.DAE
[2.096s] -- Symlinking: /home/notandi/ros2_ws/src/install/mycobot_gazebo/share/mycobot_gazebo/models/aws_robomaker_residential_DeskPortraitB_01/meshes/aws_DeskPortraitB_01_visual.DAE
[2.103s] -- Symlinking: /home/notandi/ros2_ws/src/install/mycobot_gazebo/share/mycobot_gazebo/models/aws_robomaker_residential_DeskPortraitB_01/model.config
[2.110s] -- Symlinking: /home/notandi/ros2_ws/src/install/mycobot_gazebo/share/mycobot_gazebo/models/aws_robomaker_residential_DeskPortraitB_01/model.sdf
[2.118s] -- Symlinking: /home/notandi/ros2_ws/src/install/mycobot_gazebo/share/mycobot_gazebo/models/aws_robomaker_residential_DeskPortraitB_02/materials/textures/DeskPortraitB_02.jpg
[2.125s] -- Symlinking: /home/notandi/ros2_ws/src/install/mycobot_gazebo/share/mycobot_gazebo/models/aws_robomaker_residential_DeskPortraitB_02/materials/textures/aws_DeskPortraitB_01.png
[2.132s] -- Symlinking: /home/notandi/ros2_ws/src/install/mycobot_gazebo/share/mycobot_gazebo/models/aws_robomaker_residential_DeskPortraitB_02/materials/textures/aws_DeskPortraitB_02.png
[2.139s] -- Symlinking: /home/notandi/ros2_ws/src/install/mycobot_gazebo/share/mycobot_gazebo/models/aws_robomaker_residential_DeskPortraitB_02/meshes/aws_DeskPortraitB_01_collision.DAE
[2.146s] -- Symlinking: /home/notandi/ros2_ws/src/install/mycobot_gazebo/share/mycobot_gazebo/models/aws_robomaker_residential_DeskPortraitB_02/meshes/aws_DeskPortraitB_01_visual.DAE
[2.153s] -- Symlinking: /home/notandi/ros2_ws/src/install/mycobot_gazebo/share/mycobot_gazebo/models/aws_robomaker_residential_DeskPortraitB_02/model.config
[2.159s] -- Symlinking: /home/notandi/ros2_ws/src/install/mycobot_gazebo/share/mycobot_gazebo/models/aws_robomaker_residential_DeskPortraitB_02/model.sdf
[2.167s] -- Symlinking: /home/notandi/ros2_ws/src/install/mycobot_gazebo/share/mycobot_gazebo/models/aws_robomaker_residential_DeskPortraitC_01/materials/textures/DeskPortraitC_01.jpg
[2.174s] -- Symlinking: /home/notandi/ros2_ws/src/install/mycobot_gazebo/share/mycobot_gazebo/models/aws_robomaker_residential_DeskPortraitC_01/materials/textures/aws_DeskPortraitC_01.png
[2.181s] -- Symlinking: /home/notandi/ros2_ws/src/install/mycobot_gazebo/share/mycobot_gazebo/models/aws_robomaker_residential_DeskPortraitC_01/materials/textures/aws_DeskPortraitC_02.png
[2.188s] -- Symlinking: /home/notandi/ros2_ws/src/install/mycobot_gazebo/share/mycobot_gazebo/models/aws_robomaker_residential_DeskPortraitC_01/meshes/aws_DeskPortraitC_01_collision.DAE
[2.196s] -- Symlinking: /home/notandi/ros2_ws/src/install/mycobot_gazebo/share/mycobot_gazebo/models/aws_robomaker_residential_DeskPortraitC_01/meshes/aws_DeskPortraitC_01_visual.DAE
[2.204s] -- Symlinking: /home/notandi/ros2_ws/src/install/mycobot_gazebo/share/mycobot_gazebo/models/aws_robomaker_residential_DeskPortraitC_01/model.config
[2.211s] -- Symlinking: /home/notandi/ros2_ws/src/install/mycobot_gazebo/share/mycobot_gazebo/models/aws_robomaker_residential_DeskPortraitC_01/model.sdf
[2.219s] -- Symlinking: /home/notandi/ros2_ws/src/install/mycobot_gazebo/share/mycobot_gazebo/models/aws_robomaker_residential_DeskPortraitC_02/materials/textures/DeskPortraitC_02.jpg
[2.226s] -- Symlinking: /home/notandi/ros2_ws/src/install/mycobot_gazebo/share/mycobot_gazebo/models/aws_robomaker_residential_DeskPortraitC_02/materials/textures/aws_DeskPortraitC_01.png
[2.233s] -- Symlinking: /home/notandi/ros2_ws/src/install/mycobot_gazebo/share/mycobot_gazebo/models/aws_robomaker_residential_DeskPortraitC_02/materials/textures/aws_DeskPortraitC_02.png
[2.240s] -- Symlinking: /home/notandi/ros2_ws/src/install/mycobot_gazebo/share/mycobot_gazebo/models/aws_robomaker_residential_DeskPortraitC_02/meshes/aws_DeskPortraitC_01_collision.DAE
[2.248s] -- Symlinking: /home/notandi/ros2_ws/src/install/mycobot_gazebo/share/mycobot_gazebo/models/aws_robomaker_residential_DeskPortraitC_02/meshes/aws_DeskPortraitC_01_visual.DAE
[2.256s] -- Symlinking: /home/notandi/ros2_ws/src/install/mycobot_gazebo/share/mycobot_gazebo/models/aws_robomaker_residential_DeskPortraitC_02/model.config
[2.262s] -- Symlinking: /home/notandi/ros2_ws/src/install/mycobot_gazebo/share/mycobot_gazebo/models/aws_robomaker_residential_DeskPortraitC_02/model.sdf
[2.271s] -- Symlinking: /home/notandi/ros2_ws/src/install/mycobot_gazebo/share/mycobot_gazebo/models/aws_robomaker_residential_DeskPortraitD_01/materials/textures/DeskPortraitD_01.jpg
[2.278s] -- Symlinking: /home/notandi/ros2_ws/src/install/mycobot_gazebo/share/mycobot_gazebo/models/aws_robomaker_residential_DeskPortraitD_01/materials/textures/aws_DeskPortraitD_01.png
[2.286s] -- Symlinking: /home/notandi/ros2_ws/src/install/mycobot_gazebo/share/mycobot_gazebo/models/aws_robomaker_residential_DeskPortraitD_01/materials/textures/aws_DeskPortraitD_02.png
[2.293s] -- Symlinking: /home/notandi/ros2_ws/src/install/mycobot_gazebo/share/mycobot_gazebo/models/aws_robomaker_residential_DeskPortraitD_01/meshes/aws_DeskPortraitD_01_collision.DAE
[2.300s] -- Symlinking: /home/notandi/ros2_ws/src/install/mycobot_gazebo/share/mycobot_gazebo/models/aws_robomaker_residential_DeskPortraitD_01/meshes/aws_DeskPortraitD_01_visual.DAE
[2.307s] -- Symlinking: /home/notandi/ros2_ws/src/install/mycobot_gazebo/share/mycobot_gazebo/models/aws_robomaker_residential_DeskPortraitD_01/model.config
[2.314s] -- Symlinking: /home/notandi/ros2_ws/src/install/mycobot_gazebo/share/mycobot_gazebo/models/aws_robomaker_residential_DeskPortraitD_01/model.sdf
[2.323s] -- Symlinking: /home/notandi/ros2_ws/src/install/mycobot_gazebo/share/mycobot_gazebo/models/aws_robomaker_residential_DeskPortraitD_02/materials/textures/DeskPortraitD_02.jpg
[2.330s] -- Symlinking: /home/notandi/ros2_ws/src/install/mycobot_gazebo/share/mycobot_gazebo/models/aws_robomaker_residential_DeskPortraitD_02/materials/textures/aws_DeskPortraitD_01.png
[2.337s] -- Symlinking: /home/notandi/ros2_ws/src/install/mycobot_gazebo/share/mycobot_gazebo/models/aws_robomaker_residential_DeskPortraitD_02/materials/textures/aws_DeskPortraitD_02.png
[2.344s] -- Symlinking: /home/notandi/ros2_ws/src/install/mycobot_gazebo/share/mycobot_gazebo/models/aws_robomaker_residential_DeskPortraitD_02/meshes/aws_DeskPortraitD_01_collision.DAE
[2.351s] -- Symlinking: /home/notandi/ros2_ws/src/install/mycobot_gazebo/share/mycobot_gazebo/models/aws_robomaker_residential_DeskPortraitD_02/meshes/aws_DeskPortraitD_01_visual.DAE
[2.357s] -- Symlinking: /home/notandi/ros2_ws/src/install/mycobot_gazebo/share/mycobot_gazebo/models/aws_robomaker_residential_DeskPortraitD_02/model.config
[2.365s] -- Symlinking: /home/notandi/ros2_ws/src/install/mycobot_gazebo/share/mycobot_gazebo/models/aws_robomaker_residential_DeskPortraitD_02/model.sdf
[2.373s] -- Symlinking: /home/notandi/ros2_ws/src/install/mycobot_gazebo/share/mycobot_gazebo/models/aws_robomaker_residential_DeskPortraitD_03/materials/textures/DeskPortraitD_03.jpg
[2.380s] -- Symlinking: /home/notandi/ros2_ws/src/install/mycobot_gazebo/share/mycobot_gazebo/models/aws_robomaker_residential_DeskPortraitD_03/materials/textures/aws_DeskPortraitD_01.png
[2.387s] -- Symlinking: /home/notandi/ros2_ws/src/install/mycobot_gazebo/share/mycobot_gazebo/models/aws_robomaker_residential_DeskPortraitD_03/materials/textures/aws_DeskPortraitD_02.png
[2.395s] -- Symlinking: /home/notandi/ros2_ws/src/install/mycobot_gazebo/share/mycobot_gazebo/models/aws_robomaker_residential_DeskPortraitD_03/meshes/aws_DeskPortraitD_01_collision.DAE
[2.401s] -- Symlinking: /home/notandi/ros2_ws/src/install/mycobot_gazebo/share/mycobot_gazebo/models/aws_robomaker_residential_DeskPortraitD_03/meshes/aws_DeskPortraitD_01_visual.DAE
[2.408s] -- Symlinking: /home/notandi/ros2_ws/src/install/mycobot_gazebo/share/mycobot_gazebo/models/aws_robomaker_residential_DeskPortraitD_03/model.config
[2.416s] -- Symlinking: /home/notandi/ros2_ws/src/install/mycobot_gazebo/share/mycobot_gazebo/models/aws_robomaker_residential_DeskPortraitD_03/model.sdf
[2.423s] -- Symlinking: /home/notandi/ros2_ws/src/install/mycobot_gazebo/share/mycobot_gazebo/models/aws_robomaker_residential_DeskPortraitD_04/materials/textures/DeskPortraitD_04.jpg
[2.431s] -- Symlinking: /home/notandi/ros2_ws/src/install/mycobot_gazebo/share/mycobot_gazebo/models/aws_robomaker_residential_DeskPortraitD_04/materials/textures/aws_DeskPortraitD_01.png
[2.438s] -- Symlinking: /home/notandi/ros2_ws/src/install/mycobot_gazebo/share/mycobot_gazebo/models/aws_robomaker_residential_DeskPortraitD_04/materials/textures/aws_DeskPortraitD_02.png
[2.446s] -- Symlinking: /home/notandi/ros2_ws/src/install/mycobot_gazebo/share/mycobot_gazebo/models/aws_robomaker_residential_DeskPortraitD_04/meshes/aws_DeskPortraitD_01_collision.DAE
[2.453s] -- Symlinking: /home/notandi/ros2_ws/src/install/mycobot_gazebo/share/mycobot_gazebo/models/aws_robomaker_residential_DeskPortraitD_04/meshes/aws_DeskPortraitD_01_visual.DAE
[2.460s] -- Symlinking: /home/notandi/ros2_ws/src/install/mycobot_gazebo/share/mycobot_gazebo/models/aws_robomaker_residential_DeskPortraitD_04/model.config
[2.467s] -- Symlinking: /home/notandi/ros2_ws/src/install/mycobot_gazebo/share/mycobot_gazebo/models/aws_robomaker_residential_DeskPortraitD_04/model.sdf
[2.475s] -- Symlinking: /home/notandi/ros2_ws/src/install/mycobot_gazebo/share/mycobot_gazebo/models/aws_robomaker_residential_Door_01/materials/textures/aws_Door_01.png
[2.483s] -- Symlinking: /home/notandi/ros2_ws/src/install/mycobot_gazebo/share/mycobot_gazebo/models/aws_robomaker_residential_Door_01/meshes/aws_Door_01_collision.DAE
[2.490s] -- Symlinking: /home/notandi/ros2_ws/src/install/mycobot_gazebo/share/mycobot_gazebo/models/aws_robomaker_residential_Door_01/meshes/aws_Door_01_visual.DAE
[2.497s] -- Symlinking: /home/notandi/ros2_ws/src/install/mycobot_gazebo/share/mycobot_gazebo/models/aws_robomaker_residential_Door_01/model.config
[2.504s] -- Symlinking: /home/notandi/ros2_ws/src/install/mycobot_gazebo/share/mycobot_gazebo/models/aws_robomaker_residential_Door_01/model.sdf
[2.513s] -- Symlinking: /home/notandi/ros2_ws/src/install/mycobot_gazebo/share/mycobot_gazebo/models/aws_robomaker_residential_Dumbbell_01/materials/textures/aws_Dumbbell_01.png
[2.521s] -- Symlinking: /home/notandi/ros2_ws/src/install/mycobot_gazebo/share/mycobot_gazebo/models/aws_robomaker_residential_Dumbbell_01/meshes/aws_Dumbbell_01_collision.DAE
[2.528s] -- Symlinking: /home/notandi/ros2_ws/src/install/mycobot_gazebo/share/mycobot_gazebo/models/aws_robomaker_residential_Dumbbell_01/meshes/aws_Dumbbell_01_visual.DAE
[2.535s] -- Symlinking: /home/notandi/ros2_ws/src/install/mycobot_gazebo/share/mycobot_gazebo/models/aws_robomaker_residential_Dumbbell_01/model.config
[2.542s] -- Symlinking: /home/notandi/ros2_ws/src/install/mycobot_gazebo/share/mycobot_gazebo/models/aws_robomaker_residential_Dumbbell_01/model.sdf
[2.551s] -- Symlinking: /home/notandi/ros2_ws/src/install/mycobot_gazebo/share/mycobot_gazebo/models/aws_robomaker_residential_FitnessEquipment_01/materials/textures/aws_FitnessEquipment_01.png
[2.558s] -- Symlinking: /home/notandi/ros2_ws/src/install/mycobot_gazebo/share/mycobot_gazebo/models/aws_robomaker_residential_FitnessEquipment_01/meshes/aws_FitnessEquipment_01_collision.DAE
[2.565s] -- Symlinking: /home/notandi/ros2_ws/src/install/mycobot_gazebo/share/mycobot_gazebo/models/aws_robomaker_residential_FitnessEquipment_01/meshes/aws_FitnessEquipment_01_visual.DAE
[2.572s] -- Symlinking: /home/notandi/ros2_ws/src/install/mycobot_gazebo/share/mycobot_gazebo/models/aws_robomaker_residential_FitnessEquipment_01/model.config
[2.579s] -- Symlinking: /home/notandi/ros2_ws/src/install/mycobot_gazebo/share/mycobot_gazebo/models/aws_robomaker_residential_FitnessEquipment_01/model.sdf
[2.587s] -- Symlinking: /home/notandi/ros2_ws/src/install/mycobot_gazebo/share/mycobot_gazebo/models/aws_robomaker_residential_FloorB_01/materials/textures/aws_FloorB_01.png
[2.595s] -- Symlinking: /home/notandi/ros2_ws/src/install/mycobot_gazebo/share/mycobot_gazebo/models/aws_robomaker_residential_FloorB_01/meshes/aws_FloorB_01_collision.DAE
[2.602s] -- Symlinking: /home/notandi/ros2_ws/src/install/mycobot_gazebo/share/mycobot_gazebo/models/aws_robomaker_residential_FloorB_01/meshes/aws_FloorB_01_visual.DAE
[2.609s] -- Symlinking: /home/notandi/ros2_ws/src/install/mycobot_gazebo/share/mycobot_gazebo/models/aws_robomaker_residential_FloorB_01/model.config
[2.616s] -- Symlinking: /home/notandi/ros2_ws/src/install/mycobot_gazebo/share/mycobot_gazebo/models/aws_robomaker_residential_FloorB_01/model.sdf
[2.625s] -- Symlinking: /home/notandi/ros2_ws/src/install/mycobot_gazebo/share/mycobot_gazebo/models/aws_robomaker_residential_FoldingDoor_01/materials/textures/aws_FoldingDoor_01.png
[2.633s] -- Symlinking: /home/notandi/ros2_ws/src/install/mycobot_gazebo/share/mycobot_gazebo/models/aws_robomaker_residential_FoldingDoor_01/meshes/aws_FoldingDoor_01_collision.DAE
[2.639s] -- Symlinking: /home/notandi/ros2_ws/src/install/mycobot_gazebo/share/mycobot_gazebo/models/aws_robomaker_residential_FoldingDoor_01/meshes/aws_FoldingDoor_01_visual.DAE
[2.646s] -- Symlinking: /home/notandi/ros2_ws/src/install/mycobot_gazebo/share/mycobot_gazebo/models/aws_robomaker_residential_FoldingDoor_01/model.config
[2.653s] -- Symlinking: /home/notandi/ros2_ws/src/install/mycobot_gazebo/share/mycobot_gazebo/models/aws_robomaker_residential_FoldingDoor_01/model.sdf
[2.662s] -- Symlinking: /home/notandi/ros2_ws/src/install/mycobot_gazebo/share/mycobot_gazebo/models/aws_robomaker_residential_FoldingDoor_02/materials/textures/aws_FoldingDoor_02.png
[2.669s] -- Symlinking: /home/notandi/ros2_ws/src/install/mycobot_gazebo/share/mycobot_gazebo/models/aws_robomaker_residential_FoldingDoor_02/meshes/aws_FoldingDoor_02_collision.DAE
[2.676s] -- Symlinking: /home/notandi/ros2_ws/src/install/mycobot_gazebo/share/mycobot_gazebo/models/aws_robomaker_residential_FoldingDoor_02/meshes/aws_FoldingDoor_02_visual.DAE
[2.683s] -- Symlinking: /home/notandi/ros2_ws/src/install/mycobot_gazebo/share/mycobot_gazebo/models/aws_robomaker_residential_FoldingDoor_02/model.config
[2.690s] -- Symlinking: /home/notandi/ros2_ws/src/install/mycobot_gazebo/share/mycobot_gazebo/models/aws_robomaker_residential_FoldingDoor_02/model.sdf
[2.699s] -- Symlinking: /home/notandi/ros2_ws/src/install/mycobot_gazebo/share/mycobot_gazebo/models/aws_robomaker_residential_Handle_01/materials/textures/aws_Handle_01.png
[2.707s] -- Symlinking: /home/notandi/ros2_ws/src/install/mycobot_gazebo/share/mycobot_gazebo/models/aws_robomaker_residential_Handle_01/meshes/aws_Handle_01_collision.DAE
[2.715s] -- Symlinking: /home/notandi/ros2_ws/src/install/mycobot_gazebo/share/mycobot_gazebo/models/aws_robomaker_residential_Handle_01/meshes/aws_Handle_01_visual.DAE
[2.722s] -- Symlinking: /home/notandi/ros2_ws/src/install/mycobot_gazebo/share/mycobot_gazebo/models/aws_robomaker_residential_Handle_01/model.config
[2.729s] -- Symlinking: /home/notandi/ros2_ws/src/install/mycobot_gazebo/share/mycobot_gazebo/models/aws_robomaker_residential_Handle_01/model.sdf
[2.737s] -- Symlinking: /home/notandi/ros2_ws/src/install/mycobot_gazebo/share/mycobot_gazebo/models/aws_robomaker_residential_HouseWallB_01/materials/textures/aws_HouseWallB_01.png
[2.745s] -- Symlinking: /home/notandi/ros2_ws/src/install/mycobot_gazebo/share/mycobot_gazebo/models/aws_robomaker_residential_HouseWallB_01/meshes/aws_HouseWallB_01_collision.DAE
[2.752s] -- Symlinking: /home/notandi/ros2_ws/src/install/mycobot_gazebo/share/mycobot_gazebo/models/aws_robomaker_residential_HouseWallB_01/meshes/aws_HouseWallB_01_visual.DAE
[2.760s] -- Symlinking: /home/notandi/ros2_ws/src/install/mycobot_gazebo/share/mycobot_gazebo/models/aws_robomaker_residential_HouseWallB_01/model.config
[2.767s] -- Symlinking: /home/notandi/ros2_ws/src/install/mycobot_gazebo/share/mycobot_gazebo/models/aws_robomaker_residential_HouseWallB_01/model.sdf
[2.775s] -- Symlinking: /home/notandi/ros2_ws/src/install/mycobot_gazebo/share/mycobot_gazebo/models/aws_robomaker_residential_KitchenCabinet_01/materials/textures/aws_KitchenCabinet_01.png
[2.783s] -- Symlinking: /home/notandi/ros2_ws/src/install/mycobot_gazebo/share/mycobot_gazebo/models/aws_robomaker_residential_KitchenCabinet_01/meshes/aws_KitchenCabinet_01_collision.DAE
[2.790s] -- Symlinking: /home/notandi/ros2_ws/src/install/mycobot_gazebo/share/mycobot_gazebo/models/aws_robomaker_residential_KitchenCabinet_01/meshes/aws_KitchenCabinet_01_visual.DAE
[2.798s] -- Symlinking: /home/notandi/ros2_ws/src/install/mycobot_gazebo/share/mycobot_gazebo/models/aws_robomaker_residential_KitchenCabinet_01/model.config
[2.805s] -- Symlinking: /home/notandi/ros2_ws/src/install/mycobot_gazebo/share/mycobot_gazebo/models/aws_robomaker_residential_KitchenCabinet_01/model.sdf
[2.815s] -- Symlinking: /home/notandi/ros2_ws/src/install/mycobot_gazebo/share/mycobot_gazebo/models/aws_robomaker_residential_KitchenTable_01/materials/textures/aws_KitchenTable_01.png
[2.822s] -- Symlinking: /home/notandi/ros2_ws/src/install/mycobot_gazebo/share/mycobot_gazebo/models/aws_robomaker_residential_KitchenTable_01/meshes/aws_KitchenTable_01_collision.DAE
[2.830s] -- Symlinking: /home/notandi/ros2_ws/src/install/mycobot_gazebo/share/mycobot_gazebo/models/aws_robomaker_residential_KitchenTable_01/meshes/aws_KitchenTable_01_visual.DAE
[2.837s] -- Symlinking: /home/notandi/ros2_ws/src/install/mycobot_gazebo/share/mycobot_gazebo/models/aws_robomaker_residential_KitchenTable_01/model.config
[2.844s] -- Symlinking: /home/notandi/ros2_ws/src/install/mycobot_gazebo/share/mycobot_gazebo/models/aws_robomaker_residential_KitchenTable_01/model.sdf
[2.853s] -- Symlinking: /home/notandi/ros2_ws/src/install/mycobot_gazebo/share/mycobot_gazebo/models/aws_robomaker_residential_KitchenUtensils_01/materials/textures/aws_KitchenUtensils_01.png
[2.860s] -- Symlinking: /home/notandi/ros2_ws/src/install/mycobot_gazebo/share/mycobot_gazebo/models/aws_robomaker_residential_KitchenUtensils_01/meshes/aws_KitchenUtensils_01_collision.DAE
[2.867s] -- Symlinking: /home/notandi/ros2_ws/src/install/mycobot_gazebo/share/mycobot_gazebo/models/aws_robomaker_residential_KitchenUtensils_01/meshes/aws_KitchenUtensils_01_visual.DAE
[2.874s] -- Symlinking: /home/notandi/ros2_ws/src/install/mycobot_gazebo/share/mycobot_gazebo/models/aws_robomaker_residential_KitchenUtensils_01/model.config
[2.881s] -- Symlinking: /home/notandi/ros2_ws/src/install/mycobot_gazebo/share/mycobot_gazebo/models/aws_robomaker_residential_KitchenUtensils_01/model.sdf
[2.890s] -- Symlinking: /home/notandi/ros2_ws/src/install/mycobot_gazebo/share/mycobot_gazebo/models/aws_robomaker_residential_LightC_01/materials/textures/aws_LightC_01.png
[2.898s] -- Symlinking: /home/notandi/ros2_ws/src/install/mycobot_gazebo/share/mycobot_gazebo/models/aws_robomaker_residential_LightC_01/meshes/aws_LightC_01_collision.DAE
[2.905s] -- Symlinking: /home/notandi/ros2_ws/src/install/mycobot_gazebo/share/mycobot_gazebo/models/aws_robomaker_residential_LightC_01/meshes/aws_LightC_01_visual.DAE
[2.913s] -- Symlinking: /home/notandi/ros2_ws/src/install/mycobot_gazebo/share/mycobot_gazebo/models/aws_robomaker_residential_LightC_01/model.config
[2.920s] -- Symlinking: /home/notandi/ros2_ws/src/install/mycobot_gazebo/share/mycobot_gazebo/models/aws_robomaker_residential_LightC_01/model.sdf
[2.929s] -- Symlinking: /home/notandi/ros2_ws/src/install/mycobot_gazebo/share/mycobot_gazebo/models/aws_robomaker_residential_NightStand_01/materials/textures/aws_NightStand_01.png
[2.936s] -- Symlinking: /home/notandi/ros2_ws/src/install/mycobot_gazebo/share/mycobot_gazebo/models/aws_robomaker_residential_NightStand_01/meshes/aws_NightStand_01_collision.DAE
[2.943s] -- Symlinking: /home/notandi/ros2_ws/src/install/mycobot_gazebo/share/mycobot_gazebo/models/aws_robomaker_residential_NightStand_01/meshes/aws_NightStand_01_visual.DAE
[2.950s] -- Symlinking: /home/notandi/ros2_ws/src/install/mycobot_gazebo/share/mycobot_gazebo/models/aws_robomaker_residential_NightStand_01/model.config
[2.957s] -- Symlinking: /home/notandi/ros2_ws/src/install/mycobot_gazebo/share/mycobot_gazebo/models/aws_robomaker_residential_NightStand_01/model.sdf
[2.966s] -- Symlinking: /home/notandi/ros2_ws/src/install/mycobot_gazebo/share/mycobot_gazebo/models/aws_robomaker_residential_Pillow_01/materials/textures/aws_Pillow_01.png
[2.973s] -- Symlinking: /home/notandi/ros2_ws/src/install/mycobot_gazebo/share/mycobot_gazebo/models/aws_robomaker_residential_Pillow_01/meshes/aws_Pillow_01_collision.DAE
[2.980s] -- Symlinking: /home/notandi/ros2_ws/src/install/mycobot_gazebo/share/mycobot_gazebo/models/aws_robomaker_residential_Pillow_01/meshes/aws_Pillow_01_visual.DAE
[2.987s] -- Symlinking: /home/notandi/ros2_ws/src/install/mycobot_gazebo/share/mycobot_gazebo/models/aws_robomaker_residential_Pillow_01/model.config
[2.993s] -- Symlinking: /home/notandi/ros2_ws/src/install/mycobot_gazebo/share/mycobot_gazebo/models/aws_robomaker_residential_Pillow_01/model.sdf
[3.003s] -- Symlinking: /home/notandi/ros2_ws/src/install/mycobot_gazebo/share/mycobot_gazebo/models/aws_robomaker_residential_PortraitA_01/materials/textures/PortraitA_01.jpg
[3.010s] -- Symlinking: /home/notandi/ros2_ws/src/install/mycobot_gazebo/share/mycobot_gazebo/models/aws_robomaker_residential_PortraitA_01/materials/textures/aws_PortraitA_01.png
[3.017s] -- Symlinking: /home/notandi/ros2_ws/src/install/mycobot_gazebo/share/mycobot_gazebo/models/aws_robomaker_residential_PortraitA_01/materials/textures/aws_PortraitA_02.png
[3.024s] -- Symlinking: /home/notandi/ros2_ws/src/install/mycobot_gazebo/share/mycobot_gazebo/models/aws_robomaker_residential_PortraitA_01/meshes/aws_PortraitA_01_collision.DAE
[3.031s] -- Symlinking: /home/notandi/ros2_ws/src/install/mycobot_gazebo/share/mycobot_gazebo/models/aws_robomaker_residential_PortraitA_01/meshes/aws_PortraitA_01_visual.DAE
[3.038s] -- Symlinking: /home/notandi/ros2_ws/src/install/mycobot_gazebo/share/mycobot_gazebo/models/aws_robomaker_residential_PortraitA_01/model.config
[3.045s] -- Symlinking: /home/notandi/ros2_ws/src/install/mycobot_gazebo/share/mycobot_gazebo/models/aws_robomaker_residential_PortraitA_01/model.sdf
[3.054s] -- Symlinking: /home/notandi/ros2_ws/src/install/mycobot_gazebo/share/mycobot_gazebo/models/aws_robomaker_residential_PortraitA_02/materials/textures/PortraitA_02.jpg
[3.060s] -- Symlinking: /home/notandi/ros2_ws/src/install/mycobot_gazebo/share/mycobot_gazebo/models/aws_robomaker_residential_PortraitA_02/materials/textures/aws_PortraitA_01.png
[3.067s] -- Symlinking: /home/notandi/ros2_ws/src/install/mycobot_gazebo/share/mycobot_gazebo/models/aws_robomaker_residential_PortraitA_02/materials/textures/aws_PortraitA_02.png
[3.075s] -- Symlinking: /home/notandi/ros2_ws/src/install/mycobot_gazebo/share/mycobot_gazebo/models/aws_robomaker_residential_PortraitA_02/meshes/aws_PortraitA_01_collision.DAE
[3.082s] -- Symlinking: /home/notandi/ros2_ws/src/install/mycobot_gazebo/share/mycobot_gazebo/models/aws_robomaker_residential_PortraitA_02/meshes/aws_PortraitA_01_visual.DAE
[3.089s] -- Symlinking: /home/notandi/ros2_ws/src/install/mycobot_gazebo/share/mycobot_gazebo/models/aws_robomaker_residential_PortraitA_02/model.config
[3.096s] -- Symlinking: /home/notandi/ros2_ws/src/install/mycobot_gazebo/share/mycobot_gazebo/models/aws_robomaker_residential_PortraitA_02/model.sdf
[3.104s] -- Symlinking: /home/notandi/ros2_ws/src/install/mycobot_gazebo/share/mycobot_gazebo/models/aws_robomaker_residential_PortraitB_01/materials/textures/PortraitB_01.jpg
[3.112s] -- Symlinking: /home/notandi/ros2_ws/src/install/mycobot_gazebo/share/mycobot_gazebo/models/aws_robomaker_residential_PortraitB_01/materials/textures/aws_PortraitB_01.png
[3.119s] -- Symlinking: /home/notandi/ros2_ws/src/install/mycobot_gazebo/share/mycobot_gazebo/models/aws_robomaker_residential_PortraitB_01/materials/textures/aws_PortraitB_02.png
[3.127s] -- Symlinking: /home/notandi/ros2_ws/src/install/mycobot_gazebo/share/mycobot_gazebo/models/aws_robomaker_residential_PortraitB_01/meshes/aws_PortraitB_01_collision.DAE
[3.134s] -- Symlinking: /home/notandi/ros2_ws/src/install/mycobot_gazebo/share/mycobot_gazebo/models/aws_robomaker_residential_PortraitB_01/meshes/aws_PortraitB_01_visual.DAE
[3.141s] -- Symlinking: /home/notandi/ros2_ws/src/install/mycobot_gazebo/share/mycobot_gazebo/models/aws_robomaker_residential_PortraitB_01/model.config
[3.148s] -- Symlinking: /home/notandi/ros2_ws/src/install/mycobot_gazebo/share/mycobot_gazebo/models/aws_robomaker_residential_PortraitB_01/model.sdf
[3.157s] -- Symlinking: /home/notandi/ros2_ws/src/install/mycobot_gazebo/share/mycobot_gazebo/models/aws_robomaker_residential_PortraitB_02/materials/textures/PortraitB_02.jpg
[3.164s] -- Symlinking: /home/notandi/ros2_ws/src/install/mycobot_gazebo/share/mycobot_gazebo/models/aws_robomaker_residential_PortraitB_02/materials/textures/aws_PortraitB_01.png
[3.171s] -- Symlinking: /home/notandi/ros2_ws/src/install/mycobot_gazebo/share/mycobot_gazebo/models/aws_robomaker_residential_PortraitB_02/materials/textures/aws_PortraitB_02.png
[3.178s] -- Symlinking: /home/notandi/ros2_ws/src/install/mycobot_gazebo/share/mycobot_gazebo/models/aws_robomaker_residential_PortraitB_02/meshes/aws_PortraitB_01_collision.DAE
[3.185s] -- Symlinking: /home/notandi/ros2_ws/src/install/mycobot_gazebo/share/mycobot_gazebo/models/aws_robomaker_residential_PortraitB_02/meshes/aws_PortraitB_01_visual.DAE
[3.192s] -- Symlinking: /home/notandi/ros2_ws/src/install/mycobot_gazebo/share/mycobot_gazebo/models/aws_robomaker_residential_PortraitB_02/model.config
[3.200s] -- Symlinking: /home/notandi/ros2_ws/src/install/mycobot_gazebo/share/mycobot_gazebo/models/aws_robomaker_residential_PortraitB_02/model.sdf
[3.208s] -- Symlinking: /home/notandi/ros2_ws/src/install/mycobot_gazebo/share/mycobot_gazebo/models/aws_robomaker_residential_PortraitB_03/materials/textures/PortraitB_03.jpg
[3.216s] -- Symlinking: /home/notandi/ros2_ws/src/install/mycobot_gazebo/share/mycobot_gazebo/models/aws_robomaker_residential_PortraitB_03/materials/textures/aws_PortraitB_01.png
[3.223s] -- Symlinking: /home/notandi/ros2_ws/src/install/mycobot_gazebo/share/mycobot_gazebo/models/aws_robomaker_residential_PortraitB_03/materials/textures/aws_PortraitB_02.png
[3.232s] -- Symlinking: /home/notandi/ros2_ws/src/install/mycobot_gazebo/share/mycobot_gazebo/models/aws_robomaker_residential_PortraitB_03/meshes/aws_PortraitB_01_collision.DAE
[3.239s] -- Symlinking: /home/notandi/ros2_ws/src/install/mycobot_gazebo/share/mycobot_gazebo/models/aws_robomaker_residential_PortraitB_03/meshes/aws_PortraitB_01_visual.DAE
[3.246s] -- Symlinking: /home/notandi/ros2_ws/src/install/mycobot_gazebo/share/mycobot_gazebo/models/aws_robomaker_residential_PortraitB_03/model.config
[3.253s] -- Symlinking: /home/notandi/ros2_ws/src/install/mycobot_gazebo/share/mycobot_gazebo/models/aws_robomaker_residential_PortraitB_03/model.sdf
[3.261s] -- Symlinking: /home/notandi/ros2_ws/src/install/mycobot_gazebo/share/mycobot_gazebo/models/aws_robomaker_residential_PortraitC_01/materials/textures/PortraitC_01.jpg
[3.270s] -- Symlinking: /home/notandi/ros2_ws/src/install/mycobot_gazebo/share/mycobot_gazebo/models/aws_robomaker_residential_PortraitC_01/materials/textures/aws_PortraitC_01.png
[3.276s] -- Symlinking: /home/notandi/ros2_ws/src/install/mycobot_gazebo/share/mycobot_gazebo/models/aws_robomaker_residential_PortraitC_01/materials/textures/aws_PortraitC_02.png
[3.284s] -- Symlinking: /home/notandi/ros2_ws/src/install/mycobot_gazebo/share/mycobot_gazebo/models/aws_robomaker_residential_PortraitC_01/meshes/aws_PortraitC_01_collision.DAE
[3.291s] -- Symlinking: /home/notandi/ros2_ws/src/install/mycobot_gazebo/share/mycobot_gazebo/models/aws_robomaker_residential_PortraitC_01/meshes/aws_PortraitC_01_visual.DAE
[3.298s] -- Symlinking: /home/notandi/ros2_ws/src/install/mycobot_gazebo/share/mycobot_gazebo/models/aws_robomaker_residential_PortraitC_01/model.config
[3.305s] -- Symlinking: /home/notandi/ros2_ws/src/install/mycobot_gazebo/share/mycobot_gazebo/models/aws_robomaker_residential_PortraitC_01/model.sdf
[3.314s] -- Symlinking: /home/notandi/ros2_ws/src/install/mycobot_gazebo/share/mycobot_gazebo/models/aws_robomaker_residential_PortraitD_01/materials/textures/PortraitD_01.jpg
[3.321s] -- Symlinking: /home/notandi/ros2_ws/src/install/mycobot_gazebo/share/mycobot_gazebo/models/aws_robomaker_residential_PortraitD_01/materials/textures/aws_PortraitD_01.png
[3.329s] -- Symlinking: /home/notandi/ros2_ws/src/install/mycobot_gazebo/share/mycobot_gazebo/models/aws_robomaker_residential_PortraitD_01/materials/textures/aws_PortraitD_02.png
[3.337s] -- Symlinking: /home/notandi/ros2_ws/src/install/mycobot_gazebo/share/mycobot_gazebo/models/aws_robomaker_residential_PortraitD_01/meshes/aws_PortraitD_01_collision.DAE
[3.345s] -- Symlinking: /home/notandi/ros2_ws/src/install/mycobot_gazebo/share/mycobot_gazebo/models/aws_robomaker_residential_PortraitD_01/meshes/aws_PortraitD_01_visual.DAE
[3.352s] -- Symlinking: /home/notandi/ros2_ws/src/install/mycobot_gazebo/share/mycobot_gazebo/models/aws_robomaker_residential_PortraitD_01/model.config
[3.359s] -- Symlinking: /home/notandi/ros2_ws/src/install/mycobot_gazebo/share/mycobot_gazebo/models/aws_robomaker_residential_PortraitD_01/model.sdf
[3.368s] -- Symlinking: /home/notandi/ros2_ws/src/install/mycobot_gazebo/share/mycobot_gazebo/models/aws_robomaker_residential_PortraitD_02/materials/textures/PortraitD_02.jpg
[3.375s] -- Symlinking: /home/notandi/ros2_ws/src/install/mycobot_gazebo/share/mycobot_gazebo/models/aws_robomaker_residential_PortraitD_02/materials/textures/aws_PortraitD_01.png
[3.382s] -- Symlinking: /home/notandi/ros2_ws/src/install/mycobot_gazebo/share/mycobot_gazebo/models/aws_robomaker_residential_PortraitD_02/materials/textures/aws_PortraitD_02.png
[3.390s] -- Symlinking: /home/notandi/ros2_ws/src/install/mycobot_gazebo/share/mycobot_gazebo/models/aws_robomaker_residential_PortraitD_02/meshes/aws_PortraitD_01_collision.DAE
[3.398s] -- Symlinking: /home/notandi/ros2_ws/src/install/mycobot_gazebo/share/mycobot_gazebo/models/aws_robomaker_residential_PortraitD_02/meshes/aws_PortraitD_01_visual.DAE
[3.405s] -- Symlinking: /home/notandi/ros2_ws/src/install/mycobot_gazebo/share/mycobot_gazebo/models/aws_robomaker_residential_PortraitD_02/model.config
[3.412s] -- Symlinking: /home/notandi/ros2_ws/src/install/mycobot_gazebo/share/mycobot_gazebo/models/aws_robomaker_residential_PortraitD_02/model.sdf
[3.421s] -- Symlinking: /home/notandi/ros2_ws/src/install/mycobot_gazebo/share/mycobot_gazebo/models/aws_robomaker_residential_PortraitE_01/materials/textures/PortraitE_01.jpg
[3.428s] -- Symlinking: /home/notandi/ros2_ws/src/install/mycobot_gazebo/share/mycobot_gazebo/models/aws_robomaker_residential_PortraitE_01/materials/textures/aws_PortraitE_01.png
[3.435s] -- Symlinking: /home/notandi/ros2_ws/src/install/mycobot_gazebo/share/mycobot_gazebo/models/aws_robomaker_residential_PortraitE_01/materials/textures/aws_PortraitE_02.png
[3.442s] -- Symlinking: /home/notandi/ros2_ws/src/install/mycobot_gazebo/share/mycobot_gazebo/models/aws_robomaker_residential_PortraitE_01/meshes/aws_PortraitE_01_collision.DAE
[3.449s] -- Symlinking: /home/notandi/ros2_ws/src/install/mycobot_gazebo/share/mycobot_gazebo/models/aws_robomaker_residential_PortraitE_01/meshes/aws_PortraitE_01_visual.DAE
[3.456s] -- Symlinking: /home/notandi/ros2_ws/src/install/mycobot_gazebo/share/mycobot_gazebo/models/aws_robomaker_residential_PortraitE_01/model.config
[3.463s] -- Symlinking: /home/notandi/ros2_ws/src/install/mycobot_gazebo/share/mycobot_gazebo/models/aws_robomaker_residential_PortraitE_01/model.sdf
[3.472s] -- Symlinking: /home/notandi/ros2_ws/src/install/mycobot_gazebo/share/mycobot_gazebo/models/aws_robomaker_residential_PortraitE_02/materials/textures/PortraitE_02.jpg
[3.480s] -- Symlinking: /home/notandi/ros2_ws/src/install/mycobot_gazebo/share/mycobot_gazebo/models/aws_robomaker_residential_PortraitE_02/materials/textures/aws_PortraitE_01.png
[3.486s] -- Symlinking: /home/notandi/ros2_ws/src/install/mycobot_gazebo/share/mycobot_gazebo/models/aws_robomaker_residential_PortraitE_02/materials/textures/aws_PortraitE_02.png
[3.494s] -- Symlinking: /home/notandi/ros2_ws/src/install/mycobot_gazebo/share/mycobot_gazebo/models/aws_robomaker_residential_PortraitE_02/meshes/aws_PortraitE_01_collision.DAE
[3.501s] -- Symlinking: /home/notandi/ros2_ws/src/install/mycobot_gazebo/share/mycobot_gazebo/models/aws_robomaker_residential_PortraitE_02/meshes/aws_PortraitE_01_visual.DAE
[3.508s] -- Symlinking: /home/notandi/ros2_ws/src/install/mycobot_gazebo/share/mycobot_gazebo/models/aws_robomaker_residential_PortraitE_02/model.config
[3.515s] -- Symlinking: /home/notandi/ros2_ws/src/install/mycobot_gazebo/share/mycobot_gazebo/models/aws_robomaker_residential_PortraitE_02/model.sdf
[3.523s] -- Symlinking: /home/notandi/ros2_ws/src/install/mycobot_gazebo/share/mycobot_gazebo/models/aws_robomaker_residential_Quilt_01/materials/textures/aws_Quilt_01.png
[3.531s] -- Symlinking: /home/notandi/ros2_ws/src/install/mycobot_gazebo/share/mycobot_gazebo/models/aws_robomaker_residential_Quilt_01/meshes/aws_Quilt_01_collision.DAE
[3.538s] -- Symlinking: /home/notandi/ros2_ws/src/install/mycobot_gazebo/share/mycobot_gazebo/models/aws_robomaker_residential_Quilt_01/meshes/aws_Quilt_01_visual.DAE
[3.546s] -- Symlinking: /home/notandi/ros2_ws/src/install/mycobot_gazebo/share/mycobot_gazebo/models/aws_robomaker_residential_Quilt_01/model.config
[3.553s] -- Symlinking: /home/notandi/ros2_ws/src/install/mycobot_gazebo/share/mycobot_gazebo/models/aws_robomaker_residential_Quilt_01/model.sdf
[3.561s] -- Symlinking: /home/notandi/ros2_ws/src/install/mycobot_gazebo/share/mycobot_gazebo/models/aws_robomaker_residential_Rangehood_01/materials/textures/aws_Rangehood_01.png
[3.569s] -- Symlinking: /home/notandi/ros2_ws/src/install/mycobot_gazebo/share/mycobot_gazebo/models/aws_robomaker_residential_Rangehood_01/meshes/aws_Rangehood_01_collision.DAE
[3.576s] -- Symlinking: /home/notandi/ros2_ws/src/install/mycobot_gazebo/share/mycobot_gazebo/models/aws_robomaker_residential_Rangehood_01/meshes/aws_Rangehood_01_visual.DAE
[3.583s] -- Symlinking: /home/notandi/ros2_ws/src/install/mycobot_gazebo/share/mycobot_gazebo/models/aws_robomaker_residential_Rangehood_01/model.config
[3.590s] -- Symlinking: /home/notandi/ros2_ws/src/install/mycobot_gazebo/share/mycobot_gazebo/models/aws_robomaker_residential_Rangehood_01/model.sdf
[3.599s] -- Symlinking: /home/notandi/ros2_ws/src/install/mycobot_gazebo/share/mycobot_gazebo/models/aws_robomaker_residential_ReadingDesk_01/materials/textures/aws_ReadingDesk_01.png
[3.606s] -- Symlinking: /home/notandi/ros2_ws/src/install/mycobot_gazebo/share/mycobot_gazebo/models/aws_robomaker_residential_ReadingDesk_01/meshes/aws_ReadingDesk_01_collision.DAE
[3.613s] -- Symlinking: /home/notandi/ros2_ws/src/install/mycobot_gazebo/share/mycobot_gazebo/models/aws_robomaker_residential_ReadingDesk_01/meshes/aws_ReadingDesk_01_visual.DAE
[3.621s] -- Symlinking: /home/notandi/ros2_ws/src/install/mycobot_gazebo/share/mycobot_gazebo/models/aws_robomaker_residential_ReadingDesk_01/model.config
[3.628s] -- Symlinking: /home/notandi/ros2_ws/src/install/mycobot_gazebo/share/mycobot_gazebo/models/aws_robomaker_residential_ReadingDesk_01/model.sdf
[3.636s] -- Symlinking: /home/notandi/ros2_ws/src/install/mycobot_gazebo/share/mycobot_gazebo/models/aws_robomaker_residential_Refrigerator_01/materials/textures/aws_Refrigerator_01.png
[3.643s] -- Symlinking: /home/notandi/ros2_ws/src/install/mycobot_gazebo/share/mycobot_gazebo/models/aws_robomaker_residential_Refrigerator_01/materials/textures/aws_Refrigerator_02.png
[3.650s] -- Symlinking: /home/notandi/ros2_ws/src/install/mycobot_gazebo/share/mycobot_gazebo/models/aws_robomaker_residential_Refrigerator_01/meshes/aws_Refrigerator_01.DAE
[3.657s] -- Symlinking: /home/notandi/ros2_ws/src/install/mycobot_gazebo/share/mycobot_gazebo/models/aws_robomaker_residential_Refrigerator_01/meshes/aws_Refrigerator_01_collision.DAE
[3.665s] -- Symlinking: /home/notandi/ros2_ws/src/install/mycobot_gazebo/share/mycobot_gazebo/models/aws_robomaker_residential_Refrigerator_01/meshes/aws_Refrigerator_01_visual.DAE
[3.671s] -- Symlinking: /home/notandi/ros2_ws/src/install/mycobot_gazebo/share/mycobot_gazebo/models/aws_robomaker_residential_Refrigerator_01/model.config
[3.678s] -- Symlinking: /home/notandi/ros2_ws/src/install/mycobot_gazebo/share/mycobot_gazebo/models/aws_robomaker_residential_Refrigerator_01/model.sdf
[3.686s] -- Symlinking: /home/notandi/ros2_ws/src/install/mycobot_gazebo/share/mycobot_gazebo/models/aws_robomaker_residential_RoomCeiling_01/materials/textures/aws_RoomCeiling_01.png
[3.694s] -- Symlinking: /home/notandi/ros2_ws/src/install/mycobot_gazebo/share/mycobot_gazebo/models/aws_robomaker_residential_RoomCeiling_01/meshes/aws_RoomCeiling_01_collision.DAE
[3.701s] -- Symlinking: /home/notandi/ros2_ws/src/install/mycobot_gazebo/share/mycobot_gazebo/models/aws_robomaker_residential_RoomCeiling_01/meshes/aws_RoomCeiling_01_visual.DAE
[3.708s] -- Symlinking: /home/notandi/ros2_ws/src/install/mycobot_gazebo/share/mycobot_gazebo/models/aws_robomaker_residential_RoomCeiling_01/model.config
[3.715s] -- Symlinking: /home/notandi/ros2_ws/src/install/mycobot_gazebo/share/mycobot_gazebo/models/aws_robomaker_residential_RoomCeiling_01/model.sdf
[3.724s] -- Symlinking: /home/notandi/ros2_ws/src/install/mycobot_gazebo/share/mycobot_gazebo/models/aws_robomaker_residential_RoomWall_01/materials/textures/aws_RoomWall_01.png
[3.732s] -- Symlinking: /home/notandi/ros2_ws/src/install/mycobot_gazebo/share/mycobot_gazebo/models/aws_robomaker_residential_RoomWall_01/meshes/aws_RoomWall_01_collision.DAE
[3.740s] -- Symlinking: /home/notandi/ros2_ws/src/install/mycobot_gazebo/share/mycobot_gazebo/models/aws_robomaker_residential_RoomWall_01/meshes/aws_RoomWall_01_visual.DAE
[3.747s] -- Symlinking: /home/notandi/ros2_ws/src/install/mycobot_gazebo/share/mycobot_gazebo/models/aws_robomaker_residential_RoomWall_01/model.config
[3.754s] -- Symlinking: /home/notandi/ros2_ws/src/install/mycobot_gazebo/share/mycobot_gazebo/models/aws_robomaker_residential_RoomWall_01/model.sdf
[3.763s] -- Symlinking: /home/notandi/ros2_ws/src/install/mycobot_gazebo/share/mycobot_gazebo/models/aws_robomaker_residential_RoomWindow_01/materials/textures/aws_RoomWindow_01.png
[3.771s] -- Symlinking: /home/notandi/ros2_ws/src/install/mycobot_gazebo/share/mycobot_gazebo/models/aws_robomaker_residential_RoomWindow_01/meshes/aws_RoomWindow_01_collision.DAE
[3.779s] -- Symlinking: /home/notandi/ros2_ws/src/install/mycobot_gazebo/share/mycobot_gazebo/models/aws_robomaker_residential_RoomWindow_01/meshes/aws_RoomWindow_01_visual.DAE
[3.786s] -- Symlinking: /home/notandi/ros2_ws/src/install/mycobot_gazebo/share/mycobot_gazebo/models/aws_robomaker_residential_RoomWindow_01/model.config
[3.793s] -- Symlinking: /home/notandi/ros2_ws/src/install/mycobot_gazebo/share/mycobot_gazebo/models/aws_robomaker_residential_RoomWindow_01/model.sdf
[3.803s] -- Symlinking: /home/notandi/ros2_ws/src/install/mycobot_gazebo/share/mycobot_gazebo/models/aws_robomaker_residential_SeasoningBox_01/materials/textures/aws_SeasoningBox_01.png
[3.810s] -- Symlinking: /home/notandi/ros2_ws/src/install/mycobot_gazebo/share/mycobot_gazebo/models/aws_robomaker_residential_SeasoningBox_01/meshes/aws_SeasoningBox_01_collision.DAE
[3.817s] -- Symlinking: /home/notandi/ros2_ws/src/install/mycobot_gazebo/share/mycobot_gazebo/models/aws_robomaker_residential_SeasoningBox_01/meshes/aws_SeasoningBox_01_visual.DAE
[3.825s] -- Symlinking: /home/notandi/ros2_ws/src/install/mycobot_gazebo/share/mycobot_gazebo/models/aws_robomaker_residential_SeasoningBox_01/model.config
[3.832s] -- Symlinking: /home/notandi/ros2_ws/src/install/mycobot_gazebo/share/mycobot_gazebo/models/aws_robomaker_residential_SeasoningBox_01/model.sdf
[3.840s] -- Symlinking: /home/notandi/ros2_ws/src/install/mycobot_gazebo/share/mycobot_gazebo/models/aws_robomaker_residential_SecurityCamera_01/materials/textures/aws_SecurityCamera_01.png
[3.849s] -- Symlinking: /home/notandi/ros2_ws/src/install/mycobot_gazebo/share/mycobot_gazebo/models/aws_robomaker_residential_SecurityCamera_01/meshes/aws_SecurityCamera_01_collision.DAE
[3.856s] -- Symlinking: /home/notandi/ros2_ws/src/install/mycobot_gazebo/share/mycobot_gazebo/models/aws_robomaker_residential_SecurityCamera_01/meshes/aws_SecurityCamera_01_visual.DAE
[3.864s] -- Symlinking: /home/notandi/ros2_ws/src/install/mycobot_gazebo/share/mycobot_gazebo/models/aws_robomaker_residential_SecurityCamera_01/model.config
[3.871s] -- Symlinking: /home/notandi/ros2_ws/src/install/mycobot_gazebo/share/mycobot_gazebo/models/aws_robomaker_residential_SecurityCamera_01/model.sdf
[3.880s] -- Symlinking: /home/notandi/ros2_ws/src/install/mycobot_gazebo/share/mycobot_gazebo/models/aws_robomaker_residential_ShoeRack_01/materials/textures/aws_ShoeRack_01.png
[3.888s] -- Symlinking: /home/notandi/ros2_ws/src/install/mycobot_gazebo/share/mycobot_gazebo/models/aws_robomaker_residential_ShoeRack_01/meshes/aws_ShoeRack_01_collision.DAE
[3.895s] -- Symlinking: /home/notandi/ros2_ws/src/install/mycobot_gazebo/share/mycobot_gazebo/models/aws_robomaker_residential_ShoeRack_01/meshes/aws_ShoeRack_01_visual.DAE
[3.902s] -- Symlinking: /home/notandi/ros2_ws/src/install/mycobot_gazebo/share/mycobot_gazebo/models/aws_robomaker_residential_ShoeRack_01/model.config
[3.909s] -- Symlinking: /home/notandi/ros2_ws/src/install/mycobot_gazebo/share/mycobot_gazebo/models/aws_robomaker_residential_ShoeRack_01/model.sdf
[3.918s] -- Symlinking: /home/notandi/ros2_ws/src/install/mycobot_gazebo/share/mycobot_gazebo/models/aws_robomaker_residential_SofaB_01/materials/textures/aws_SofaB_01.png
[3.926s] -- Symlinking: /home/notandi/ros2_ws/src/install/mycobot_gazebo/share/mycobot_gazebo/models/aws_robomaker_residential_SofaB_01/meshes/aws_SofaB_01_collision.DAE
[3.933s] -- Symlinking: /home/notandi/ros2_ws/src/install/mycobot_gazebo/share/mycobot_gazebo/models/aws_robomaker_residential_SofaB_01/meshes/aws_SofaB_01_visual.DAE
[3.940s] -- Symlinking: /home/notandi/ros2_ws/src/install/mycobot_gazebo/share/mycobot_gazebo/models/aws_robomaker_residential_SofaB_01/model.config
[3.947s] -- Symlinking: /home/notandi/ros2_ws/src/install/mycobot_gazebo/share/mycobot_gazebo/models/aws_robomaker_residential_SofaB_01/model.sdf
[3.955s] -- Symlinking: /home/notandi/ros2_ws/src/install/mycobot_gazebo/share/mycobot_gazebo/models/aws_robomaker_residential_SofaC_01/materials/textures/aws_SofaC_01.png
[3.962s] -- Symlinking: /home/notandi/ros2_ws/src/install/mycobot_gazebo/share/mycobot_gazebo/models/aws_robomaker_residential_SofaC_01/meshes/aws_SofaC_01_collision.DAE
[3.970s] -- Symlinking: /home/notandi/ros2_ws/src/install/mycobot_gazebo/share/mycobot_gazebo/models/aws_robomaker_residential_SofaC_01/meshes/aws_SofaC_01_visual.DAE
[3.976s] -- Symlinking: /home/notandi/ros2_ws/src/install/mycobot_gazebo/share/mycobot_gazebo/models/aws_robomaker_residential_SofaC_01/model.config
[3.983s] -- Symlinking: /home/notandi/ros2_ws/src/install/mycobot_gazebo/share/mycobot_gazebo/models/aws_robomaker_residential_SofaC_01/model.sdf
[3.992s] -- Symlinking: /home/notandi/ros2_ws/src/install/mycobot_gazebo/share/mycobot_gazebo/models/aws_robomaker_residential_Sofa_01/materials/textures/aws_Sofa_01.png
[3.999s] -- Symlinking: /home/notandi/ros2_ws/src/install/mycobot_gazebo/share/mycobot_gazebo/models/aws_robomaker_residential_Sofa_01/meshes/aws_Sofa_01.DAE
[4.007s] -- Symlinking: /home/notandi/ros2_ws/src/install/mycobot_gazebo/share/mycobot_gazebo/models/aws_robomaker_residential_Sofa_01/meshes/aws_Sofa_01_collision.DAE
[4.014s] -- Symlinking: /home/notandi/ros2_ws/src/install/mycobot_gazebo/share/mycobot_gazebo/models/aws_robomaker_residential_Sofa_01/meshes/aws_Sofa_01_visual.DAE
[4.021s] -- Symlinking: /home/notandi/ros2_ws/src/install/mycobot_gazebo/share/mycobot_gazebo/models/aws_robomaker_residential_Sofa_01/model.config
[4.028s] -- Symlinking: /home/notandi/ros2_ws/src/install/mycobot_gazebo/share/mycobot_gazebo/models/aws_robomaker_residential_Sofa_01/model.sdf
[4.036s] -- Symlinking: /home/notandi/ros2_ws/src/install/mycobot_gazebo/share/mycobot_gazebo/models/aws_robomaker_residential_TVCabinet_01/materials/textures/aws_TVCabinet_01.png
[4.043s] -- Symlinking: /home/notandi/ros2_ws/src/install/mycobot_gazebo/share/mycobot_gazebo/models/aws_robomaker_residential_TVCabinet_01/meshes/aws_TVCabinet_01_collision.DAE
[4.050s] -- Symlinking: /home/notandi/ros2_ws/src/install/mycobot_gazebo/share/mycobot_gazebo/models/aws_robomaker_residential_TVCabinet_01/meshes/aws_TVCabinet_01_visual.DAE
[4.057s] -- Symlinking: /home/notandi/ros2_ws/src/install/mycobot_gazebo/share/mycobot_gazebo/models/aws_robomaker_residential_TVCabinet_01/model.config
[4.064s] -- Symlinking: /home/notandi/ros2_ws/src/install/mycobot_gazebo/share/mycobot_gazebo/models/aws_robomaker_residential_TVCabinet_01/model.sdf
[4.072s] -- Symlinking: /home/notandi/ros2_ws/src/install/mycobot_gazebo/share/mycobot_gazebo/models/aws_robomaker_residential_TV_01/materials/textures/aws_TV_01.png
[4.079s] -- Symlinking: /home/notandi/ros2_ws/src/install/mycobot_gazebo/share/mycobot_gazebo/models/aws_robomaker_residential_TV_01/meshes/aws_TV_01_collision.DAE
[4.086s] -- Symlinking: /home/notandi/ros2_ws/src/install/mycobot_gazebo/share/mycobot_gazebo/models/aws_robomaker_residential_TV_01/meshes/aws_TV_01_visual.DAE
[4.093s] -- Symlinking: /home/notandi/ros2_ws/src/install/mycobot_gazebo/share/mycobot_gazebo/models/aws_robomaker_residential_TV_01/model.config
[4.100s] -- Symlinking: /home/notandi/ros2_ws/src/install/mycobot_gazebo/share/mycobot_gazebo/models/aws_robomaker_residential_TV_01/model.sdf
[4.109s] -- Symlinking: /home/notandi/ros2_ws/src/install/mycobot_gazebo/share/mycobot_gazebo/models/aws_robomaker_residential_TV_02/materials/textures/aws_TV_01.png
[4.117s] -- Symlinking: /home/notandi/ros2_ws/src/install/mycobot_gazebo/share/mycobot_gazebo/models/aws_robomaker_residential_TV_02/meshes/aws_TV_01_collision.DAE
[4.124s] -- Symlinking: /home/notandi/ros2_ws/src/install/mycobot_gazebo/share/mycobot_gazebo/models/aws_robomaker_residential_TV_02/meshes/aws_TV_01_visual.DAE
[4.131s] -- Symlinking: /home/notandi/ros2_ws/src/install/mycobot_gazebo/share/mycobot_gazebo/models/aws_robomaker_residential_TV_02/model.config
[4.138s] -- Symlinking: /home/notandi/ros2_ws/src/install/mycobot_gazebo/share/mycobot_gazebo/models/aws_robomaker_residential_TV_02/model.sdf
[4.146s] -- Symlinking: /home/notandi/ros2_ws/src/install/mycobot_gazebo/share/mycobot_gazebo/models/aws_robomaker_residential_Tablet_01/.DS_Store
[4.154s] -- Symlinking: /home/notandi/ros2_ws/src/install/mycobot_gazebo/share/mycobot_gazebo/models/aws_robomaker_residential_Tablet_01/materials/.DS_Store
[4.161s] -- Symlinking: /home/notandi/ros2_ws/src/install/mycobot_gazebo/share/mycobot_gazebo/models/aws_robomaker_residential_Tablet_01/materials/textures/aws_Tablet_01_nologo.png
[4.169s] -- Symlinking: /home/notandi/ros2_ws/src/install/mycobot_gazebo/share/mycobot_gazebo/models/aws_robomaker_residential_Tablet_01/meshes/aws_Tablet_01_collision.DAE
[4.176s] -- Symlinking: /home/notandi/ros2_ws/src/install/mycobot_gazebo/share/mycobot_gazebo/models/aws_robomaker_residential_Tablet_01/meshes/aws_Tablet_01_visual.DAE
[4.183s] -- Symlinking: /home/notandi/ros2_ws/src/install/mycobot_gazebo/share/mycobot_gazebo/models/aws_robomaker_residential_Tablet_01/model.config
[4.190s] -- Symlinking: /home/notandi/ros2_ws/src/install/mycobot_gazebo/share/mycobot_gazebo/models/aws_robomaker_residential_Tablet_01/model.sdf
[4.199s] -- Symlinking: /home/notandi/ros2_ws/src/install/mycobot_gazebo/share/mycobot_gazebo/models/aws_robomaker_residential_Tableware_01/materials/textures/aws_Tableware_01.png
[4.206s] -- Symlinking: /home/notandi/ros2_ws/src/install/mycobot_gazebo/share/mycobot_gazebo/models/aws_robomaker_residential_Tableware_01/meshes/aws_Tableware_01_collision.DAE
[4.213s] -- Symlinking: /home/notandi/ros2_ws/src/install/mycobot_gazebo/share/mycobot_gazebo/models/aws_robomaker_residential_Tableware_01/meshes/aws_Tableware_01_visual.DAE
[4.221s] -- Symlinking: /home/notandi/ros2_ws/src/install/mycobot_gazebo/share/mycobot_gazebo/models/aws_robomaker_residential_Tableware_01/model.config
[4.228s] -- Symlinking: /home/notandi/ros2_ws/src/install/mycobot_gazebo/share/mycobot_gazebo/models/aws_robomaker_residential_Tableware_01/model.sdf
[4.237s] -- Symlinking: /home/notandi/ros2_ws/src/install/mycobot_gazebo/share/mycobot_gazebo/models/aws_robomaker_residential_Trash_01/materials/textures/aws_Trash_01.png
[4.244s] -- Symlinking: /home/notandi/ros2_ws/src/install/mycobot_gazebo/share/mycobot_gazebo/models/aws_robomaker_residential_Trash_01/meshes/aws_Trash_01_collision.DAE
[4.251s] -- Symlinking: /home/notandi/ros2_ws/src/install/mycobot_gazebo/share/mycobot_gazebo/models/aws_robomaker_residential_Trash_01/meshes/aws_Trash_01_visual.DAE
[4.258s] -- Symlinking: /home/notandi/ros2_ws/src/install/mycobot_gazebo/share/mycobot_gazebo/models/aws_robomaker_residential_Trash_01/model.config
[4.266s] -- Symlinking: /home/notandi/ros2_ws/src/install/mycobot_gazebo/share/mycobot_gazebo/models/aws_robomaker_residential_Trash_01/model.sdf
[4.275s] -- Symlinking: /home/notandi/ros2_ws/src/install/mycobot_gazebo/share/mycobot_gazebo/models/aws_robomaker_residential_Vase_01/materials/textures/aws_Vase_01.png
[4.283s] -- Symlinking: /home/notandi/ros2_ws/src/install/mycobot_gazebo/share/mycobot_gazebo/models/aws_robomaker_residential_Vase_01/meshes/aws_Vase_01_collision.DAE
[4.290s] -- Symlinking: /home/notandi/ros2_ws/src/install/mycobot_gazebo/share/mycobot_gazebo/models/aws_robomaker_residential_Vase_01/meshes/aws_Vase_01_visual.DAE
[4.298s] -- Symlinking: /home/notandi/ros2_ws/src/install/mycobot_gazebo/share/mycobot_gazebo/models/aws_robomaker_residential_Vase_01/model.config
[4.305s] -- Symlinking: /home/notandi/ros2_ws/src/install/mycobot_gazebo/share/mycobot_gazebo/models/aws_robomaker_residential_Vase_01/model.sdf
[4.314s] -- Symlinking: /home/notandi/ros2_ws/src/install/mycobot_gazebo/share/mycobot_gazebo/models/aws_robomaker_residential_Wardrobe_01/materials/textures/aws_Wardrobe_01.png
[4.321s] -- Symlinking: /home/notandi/ros2_ws/src/install/mycobot_gazebo/share/mycobot_gazebo/models/aws_robomaker_residential_Wardrobe_01/meshes/aws_Wardrobe_01_collision.DAE
[4.330s] -- Symlinking: /home/notandi/ros2_ws/src/install/mycobot_gazebo/share/mycobot_gazebo/models/aws_robomaker_residential_Wardrobe_01/meshes/aws_Wardrobe_01_visual.DAE
[4.338s] -- Symlinking: /home/notandi/ros2_ws/src/install/mycobot_gazebo/share/mycobot_gazebo/models/aws_robomaker_residential_Wardrobe_01/model.config
[4.345s] -- Symlinking: /home/notandi/ros2_ws/src/install/mycobot_gazebo/share/mycobot_gazebo/models/aws_robomaker_residential_Wardrobe_01/model.sdf
[4.352s] -- Symlinking: /home/notandi/ros2_ws/src/install/mycobot_gazebo/share/mycobot_gazebo/models/aws_robomaker_warehouse_Bucket_01/.DS_Store
[4.360s] -- Symlinking: /home/notandi/ros2_ws/src/install/mycobot_gazebo/share/mycobot_gazebo/models/aws_robomaker_warehouse_Bucket_01/materials/.DS_Store
[4.367s] -- Symlinking: /home/notandi/ros2_ws/src/install/mycobot_gazebo/share/mycobot_gazebo/models/aws_robomaker_warehouse_Bucket_01/materials/textures/aws_robomaker_warehouse_Bucket_01.png
[4.375s] -- Symlinking: /home/notandi/ros2_ws/src/install/mycobot_gazebo/share/mycobot_gazebo/models/aws_robomaker_warehouse_Bucket_01/meshes/aws_robomaker_warehouse_Bucket_01_collision.DAE
[4.382s] -- Symlinking: /home/notandi/ros2_ws/src/install/mycobot_gazebo/share/mycobot_gazebo/models/aws_robomaker_warehouse_Bucket_01/meshes/aws_robomaker_warehouse_Bucket_01_visual.DAE
[4.389s] -- Symlinking: /home/notandi/ros2_ws/src/install/mycobot_gazebo/share/mycobot_gazebo/models/aws_robomaker_warehouse_Bucket_01/model.config
[4.396s] -- Symlinking: /home/notandi/ros2_ws/src/install/mycobot_gazebo/share/mycobot_gazebo/models/aws_robomaker_warehouse_Bucket_01/model.sdf
[4.404s] -- Symlinking: /home/notandi/ros2_ws/src/install/mycobot_gazebo/share/mycobot_gazebo/models/aws_robomaker_warehouse_ClutteringA_01/.DS_Store
[4.413s] -- Symlinking: /home/notandi/ros2_ws/src/install/mycobot_gazebo/share/mycobot_gazebo/models/aws_robomaker_warehouse_ClutteringA_01/materials/.DS_Store
[4.421s] -- Symlinking: /home/notandi/ros2_ws/src/install/mycobot_gazebo/share/mycobot_gazebo/models/aws_robomaker_warehouse_ClutteringA_01/materials/textures/.DS_Store
[4.427s] -- Symlinking: /home/notandi/ros2_ws/src/install/mycobot_gazebo/share/mycobot_gazebo/models/aws_robomaker_warehouse_ClutteringA_01/materials/textures/aws_robomaker_warehouse_ClutteringA_01.png
[4.435s] -- Symlinking: /home/notandi/ros2_ws/src/install/mycobot_gazebo/share/mycobot_gazebo/models/aws_robomaker_warehouse_ClutteringA_01/materials/textures/aws_robomaker_warehouse_ClutteringA_02.png
[4.442s] -- Symlinking: /home/notandi/ros2_ws/src/install/mycobot_gazebo/share/mycobot_gazebo/models/aws_robomaker_warehouse_ClutteringA_01/materials/textures/aws_robomaker_warehouse_ClutteringA_03.png
[4.449s] -- Symlinking: /home/notandi/ros2_ws/src/install/mycobot_gazebo/share/mycobot_gazebo/models/aws_robomaker_warehouse_ClutteringA_01/meshes/aws_robomaker_warehouse_ClutteringA_01_collision.DAE
[4.456s] -- Symlinking: /home/notandi/ros2_ws/src/install/mycobot_gazebo/share/mycobot_gazebo/models/aws_robomaker_warehouse_ClutteringA_01/meshes/aws_robomaker_warehouse_ClutteringA_01_visual.DAE
[4.463s] -- Symlinking: /home/notandi/ros2_ws/src/install/mycobot_gazebo/share/mycobot_gazebo/models/aws_robomaker_warehouse_ClutteringA_01/model.config
[4.470s] -- Symlinking: /home/notandi/ros2_ws/src/install/mycobot_gazebo/share/mycobot_gazebo/models/aws_robomaker_warehouse_ClutteringA_01/model.sdf
[4.479s] -- Symlinking: /home/notandi/ros2_ws/src/install/mycobot_gazebo/share/mycobot_gazebo/models/aws_robomaker_warehouse_ClutteringC_01/materials/textures/aws_robomaker_warehouse_ClutteringC_01.png
[4.486s] -- Symlinking: /home/notandi/ros2_ws/src/install/mycobot_gazebo/share/mycobot_gazebo/models/aws_robomaker_warehouse_ClutteringC_01/materials/textures/aws_robomaker_warehouse_ClutteringC_02.png
[4.493s] -- Symlinking: /home/notandi/ros2_ws/src/install/mycobot_gazebo/share/mycobot_gazebo/models/aws_robomaker_warehouse_ClutteringC_01/meshes/aws_robomaker_warehouse_ClutteringC_01_collision.DAE
[4.501s] -- Symlinking: /home/notandi/ros2_ws/src/install/mycobot_gazebo/share/mycobot_gazebo/models/aws_robomaker_warehouse_ClutteringC_01/meshes/aws_robomaker_warehouse_ClutteringC_01_visual.DAE
[4.508s] -- Symlinking: /home/notandi/ros2_ws/src/install/mycobot_gazebo/share/mycobot_gazebo/models/aws_robomaker_warehouse_ClutteringC_01/model.config
[4.515s] -- Symlinking: /home/notandi/ros2_ws/src/install/mycobot_gazebo/share/mycobot_gazebo/models/aws_robomaker_warehouse_ClutteringC_01/model.sdf
[4.524s] -- Symlinking: /home/notandi/ros2_ws/src/install/mycobot_gazebo/share/mycobot_gazebo/models/aws_robomaker_warehouse_ClutteringD_01/materials/textures/aws_robomaker_warehouse_ClutteringD_01.png
[4.531s] -- Symlinking: /home/notandi/ros2_ws/src/install/mycobot_gazebo/share/mycobot_gazebo/models/aws_robomaker_warehouse_ClutteringD_01/materials/textures/aws_robomaker_warehouse_ClutteringD_02.png
[4.538s] -- Symlinking: /home/notandi/ros2_ws/src/install/mycobot_gazebo/share/mycobot_gazebo/models/aws_robomaker_warehouse_ClutteringD_01/meshes/aws_robomaker_warehouse_ClutteringD_01_collision.DAE
[4.545s] -- Symlinking: /home/notandi/ros2_ws/src/install/mycobot_gazebo/share/mycobot_gazebo/models/aws_robomaker_warehouse_ClutteringD_01/meshes/aws_robomaker_warehouse_ClutteringD_01_visual.DAE
[4.552s] -- Symlinking: /home/notandi/ros2_ws/src/install/mycobot_gazebo/share/mycobot_gazebo/models/aws_robomaker_warehouse_ClutteringD_01/model.config
[4.559s] -- Symlinking: /home/notandi/ros2_ws/src/install/mycobot_gazebo/share/mycobot_gazebo/models/aws_robomaker_warehouse_ClutteringD_01/model.sdf
[4.567s] -- Symlinking: /home/notandi/ros2_ws/src/install/mycobot_gazebo/share/mycobot_gazebo/models/aws_robomaker_warehouse_DeskC_01/materials/.DS_Store
[4.574s] -- Symlinking: /home/notandi/ros2_ws/src/install/mycobot_gazebo/share/mycobot_gazebo/models/aws_robomaker_warehouse_DeskC_01/materials/textures/aws_robomaker_warehouse_DeskC_01.png
[4.581s] -- Symlinking: /home/notandi/ros2_ws/src/install/mycobot_gazebo/share/mycobot_gazebo/models/aws_robomaker_warehouse_DeskC_01/materials/textures/aws_robomaker_warehouse_DeskC_02.png
[4.588s] -- Symlinking: /home/notandi/ros2_ws/src/install/mycobot_gazebo/share/mycobot_gazebo/models/aws_robomaker_warehouse_DeskC_01/materials/textures/aws_robomaker_warehouse_DeskC_03.png
[4.595s] -- Symlinking: /home/notandi/ros2_ws/src/install/mycobot_gazebo/share/mycobot_gazebo/models/aws_robomaker_warehouse_DeskC_01/materials/textures/aws_robomaker_warehouse_DeskC_03.psd
[4.602s] -- Symlinking: /home/notandi/ros2_ws/src/install/mycobot_gazebo/share/mycobot_gazebo/models/aws_robomaker_warehouse_DeskC_01/materials/textures/aws_robomaker_warehouse_DeskC_04.png
[4.609s] -- Symlinking: /home/notandi/ros2_ws/src/install/mycobot_gazebo/share/mycobot_gazebo/models/aws_robomaker_warehouse_DeskC_01/meshes/aws_robomaker_warehouse_DeskC_01_collision.DAE
[4.617s] -- Symlinking: /home/notandi/ros2_ws/src/install/mycobot_gazebo/share/mycobot_gazebo/models/aws_robomaker_warehouse_DeskC_01/meshes/aws_robomaker_warehouse_DeskC_01_visual.DAE
[4.623s] -- Symlinking: /home/notandi/ros2_ws/src/install/mycobot_gazebo/share/mycobot_gazebo/models/aws_robomaker_warehouse_DeskC_01/model.config
[4.630s] -- Symlinking: /home/notandi/ros2_ws/src/install/mycobot_gazebo/share/mycobot_gazebo/models/aws_robomaker_warehouse_DeskC_01/model.sdf
[4.638s] -- Symlinking: /home/notandi/ros2_ws/src/install/mycobot_gazebo/share/mycobot_gazebo/models/aws_robomaker_warehouse_GroundB_01/materials/textures/aws_robomaker_warehouse_GroundB_01.png
[4.646s] -- Symlinking: /home/notandi/ros2_ws/src/install/mycobot_gazebo/share/mycobot_gazebo/models/aws_robomaker_warehouse_GroundB_01/materials/textures/aws_robomaker_warehouse_GroundB_02.png
[4.653s] -- Symlinking: /home/notandi/ros2_ws/src/install/mycobot_gazebo/share/mycobot_gazebo/models/aws_robomaker_warehouse_GroundB_01/meshes/aws_robomaker_warehouse_GroundB_01_collision.DAE
[4.660s] -- Symlinking: /home/notandi/ros2_ws/src/install/mycobot_gazebo/share/mycobot_gazebo/models/aws_robomaker_warehouse_GroundB_01/meshes/aws_robomaker_warehouse_GroundB_01_visual.DAE
[4.667s] -- Symlinking: /home/notandi/ros2_ws/src/install/mycobot_gazebo/share/mycobot_gazebo/models/aws_robomaker_warehouse_GroundB_01/model.config
[4.674s] -- Symlinking: /home/notandi/ros2_ws/src/install/mycobot_gazebo/share/mycobot_gazebo/models/aws_robomaker_warehouse_GroundB_01/model.sdf
[4.683s] -- Symlinking: /home/notandi/ros2_ws/src/install/mycobot_gazebo/share/mycobot_gazebo/models/aws_robomaker_warehouse_Lamp_01/materials/textures/aws_robomaker_warehouse_Lamp_01.png
[4.690s] -- Symlinking: /home/notandi/ros2_ws/src/install/mycobot_gazebo/share/mycobot_gazebo/models/aws_robomaker_warehouse_Lamp_01/meshes/aws_robomaker_warehouse_Lamp_01_collision.DAE
[4.697s] -- Symlinking: /home/notandi/ros2_ws/src/install/mycobot_gazebo/share/mycobot_gazebo/models/aws_robomaker_warehouse_Lamp_01/meshes/aws_robomaker_warehouse_Lamp_01_visual.DAE
[4.704s] -- Symlinking: /home/notandi/ros2_ws/src/install/mycobot_gazebo/share/mycobot_gazebo/models/aws_robomaker_warehouse_Lamp_01/model.config
[4.712s] -- Symlinking: /home/notandi/ros2_ws/src/install/mycobot_gazebo/share/mycobot_gazebo/models/aws_robomaker_warehouse_Lamp_01/model.sdf
[4.719s] -- Symlinking: /home/notandi/ros2_ws/src/install/mycobot_gazebo/share/mycobot_gazebo/models/aws_robomaker_warehouse_PalletJackB_01/.DS_Store
[4.726s] -- Symlinking: /home/notandi/ros2_ws/src/install/mycobot_gazebo/share/mycobot_gazebo/models/aws_robomaker_warehouse_PalletJackB_01/materials/.DS_Store
[4.734s] -- Symlinking: /home/notandi/ros2_ws/src/install/mycobot_gazebo/share/mycobot_gazebo/models/aws_robomaker_warehouse_PalletJackB_01/materials/textures/aws_robomaker_warehouse_PalletJackB_01.png
[4.741s] -- Symlinking: /home/notandi/ros2_ws/src/install/mycobot_gazebo/share/mycobot_gazebo/models/aws_robomaker_warehouse_PalletJackB_01/materials/textures/aws_robomaker_warehouse_PalletJackB_02.png
[4.749s] -- Symlinking: /home/notandi/ros2_ws/src/install/mycobot_gazebo/share/mycobot_gazebo/models/aws_robomaker_warehouse_PalletJackB_01/meshes/aws_robomaker_warehouse_PalletJackB_01_collision.DAE
[4.756s] -- Symlinking: /home/notandi/ros2_ws/src/install/mycobot_gazebo/share/mycobot_gazebo/models/aws_robomaker_warehouse_PalletJackB_01/meshes/aws_robomaker_warehouse_PalletJackB_01_visual.DAE
[4.763s] -- Symlinking: /home/notandi/ros2_ws/src/install/mycobot_gazebo/share/mycobot_gazebo/models/aws_robomaker_warehouse_PalletJackB_01/model.config
[4.770s] -- Symlinking: /home/notandi/ros2_ws/src/install/mycobot_gazebo/share/mycobot_gazebo/models/aws_robomaker_warehouse_PalletJackB_01/model.sdf
[4.778s] -- Symlinking: /home/notandi/ros2_ws/src/install/mycobot_gazebo/share/mycobot_gazebo/models/aws_robomaker_warehouse_RoofB_01/materials/textures/aws_robomaker_warehouse_RoofB_01.png
[4.786s] -- Symlinking: /home/notandi/ros2_ws/src/install/mycobot_gazebo/share/mycobot_gazebo/models/aws_robomaker_warehouse_RoofB_01/meshes/aws_robomaker_warehouse_RoofB_01_collision.DAE
[4.794s] -- Symlinking: /home/notandi/ros2_ws/src/install/mycobot_gazebo/share/mycobot_gazebo/models/aws_robomaker_warehouse_RoofB_01/meshes/aws_robomaker_warehouse_RoofB_01_visual.DAE
[4.801s] -- Symlinking: /home/notandi/ros2_ws/src/install/mycobot_gazebo/share/mycobot_gazebo/models/aws_robomaker_warehouse_RoofB_01/model.config
[4.809s] -- Symlinking: /home/notandi/ros2_ws/src/install/mycobot_gazebo/share/mycobot_gazebo/models/aws_robomaker_warehouse_RoofB_01/model.sdf
[4.819s] -- Symlinking: /home/notandi/ros2_ws/src/install/mycobot_gazebo/share/mycobot_gazebo/models/aws_robomaker_warehouse_ShelfD_01/materials/textures/aws_robomaker_warehouse_ShelfD_01.png
[4.827s] -- Symlinking: /home/notandi/ros2_ws/src/install/mycobot_gazebo/share/mycobot_gazebo/models/aws_robomaker_warehouse_ShelfD_01/materials/textures/aws_robomaker_warehouse_ShelfD_02.png
[4.833s] -- Symlinking: /home/notandi/ros2_ws/src/install/mycobot_gazebo/share/mycobot_gazebo/models/aws_robomaker_warehouse_ShelfD_01/materials/textures/aws_robomaker_warehouse_ShelfD_03.png
[4.841s] -- Symlinking: /home/notandi/ros2_ws/src/install/mycobot_gazebo/share/mycobot_gazebo/models/aws_robomaker_warehouse_ShelfD_01/materials/textures/aws_robomaker_warehouse_ShelfD_04.png
[4.848s] -- Symlinking: /home/notandi/ros2_ws/src/install/mycobot_gazebo/share/mycobot_gazebo/models/aws_robomaker_warehouse_ShelfD_01/meshes/aws_robomaker_warehouse_ShelfD_01_collision.DAE
[4.855s] -- Symlinking: /home/notandi/ros2_ws/src/install/mycobot_gazebo/share/mycobot_gazebo/models/aws_robomaker_warehouse_ShelfD_01/meshes/aws_robomaker_warehouse_ShelfD_01_visual.DAE
[4.862s] -- Symlinking: /home/notandi/ros2_ws/src/install/mycobot_gazebo/share/mycobot_gazebo/models/aws_robomaker_warehouse_ShelfD_01/model.config
[4.870s] -- Symlinking: /home/notandi/ros2_ws/src/install/mycobot_gazebo/share/mycobot_gazebo/models/aws_robomaker_warehouse_ShelfD_01/model.sdf
[4.879s] -- Symlinking: /home/notandi/ros2_ws/src/install/mycobot_gazebo/share/mycobot_gazebo/models/aws_robomaker_warehouse_ShelfE_01/.DS_Store
[4.888s] -- Symlinking: /home/notandi/ros2_ws/src/install/mycobot_gazebo/share/mycobot_gazebo/models/aws_robomaker_warehouse_ShelfE_01/materials/.DS_Store
[4.896s] -- Symlinking: /home/notandi/ros2_ws/src/install/mycobot_gazebo/share/mycobot_gazebo/models/aws_robomaker_warehouse_ShelfE_01/materials/textures/aws_robomaker_warehouse_ShelfE_01.png
[4.903s] -- Symlinking: /home/notandi/ros2_ws/src/install/mycobot_gazebo/share/mycobot_gazebo/models/aws_robomaker_warehouse_ShelfE_01/materials/textures/aws_robomaker_warehouse_ShelfE_02.png
[4.911s] -- Symlinking: /home/notandi/ros2_ws/src/install/mycobot_gazebo/share/mycobot_gazebo/models/aws_robomaker_warehouse_ShelfE_01/materials/textures/aws_robomaker_warehouse_ShelfE_03.png
[4.918s] -- Symlinking: /home/notandi/ros2_ws/src/install/mycobot_gazebo/share/mycobot_gazebo/models/aws_robomaker_warehouse_ShelfE_01/materials/textures/aws_robomaker_warehouse_ShelfE_04.png
[4.926s] -- Symlinking: /home/notandi/ros2_ws/src/install/mycobot_gazebo/share/mycobot_gazebo/models/aws_robomaker_warehouse_ShelfE_01/meshes/aws_robomaker_warehouse_ShelfE_01_collision.DAE
[4.933s] -- Symlinking: /home/notandi/ros2_ws/src/install/mycobot_gazebo/share/mycobot_gazebo/models/aws_robomaker_warehouse_ShelfE_01/meshes/aws_robomaker_warehouse_ShelfE_01_visual.DAE
[4.940s] -- Symlinking: /home/notandi/ros2_ws/src/install/mycobot_gazebo/share/mycobot_gazebo/models/aws_robomaker_warehouse_ShelfE_01/model.config
[4.947s] -- Symlinking: /home/notandi/ros2_ws/src/install/mycobot_gazebo/share/mycobot_gazebo/models/aws_robomaker_warehouse_ShelfE_01/model.sdf
[4.956s] -- Symlinking: /home/notandi/ros2_ws/src/install/mycobot_gazebo/share/mycobot_gazebo/models/aws_robomaker_warehouse_ShelfF_01/materials/textures/aws_robomaker_warehouse_ShelfF_01.png
[4.963s] -- Symlinking: /home/notandi/ros2_ws/src/install/mycobot_gazebo/share/mycobot_gazebo/models/aws_robomaker_warehouse_ShelfF_01/materials/textures/aws_robomaker_warehouse_ShelfF_02.png
[4.970s] -- Symlinking: /home/notandi/ros2_ws/src/install/mycobot_gazebo/share/mycobot_gazebo/models/aws_robomaker_warehouse_ShelfF_01/materials/textures/aws_robomaker_warehouse_ShelfF_03.png
[4.976s] -- Symlinking: /home/notandi/ros2_ws/src/install/mycobot_gazebo/share/mycobot_gazebo/models/aws_robomaker_warehouse_ShelfF_01/meshes/aws_robomaker_warehouse_ShelfF_01_collision.DAE
[4.984s] -- Symlinking: /home/notandi/ros2_ws/src/install/mycobot_gazebo/share/mycobot_gazebo/models/aws_robomaker_warehouse_ShelfF_01/meshes/aws_robomaker_warehouse_ShelfF_01_visual.DAE
[4.991s] -- Symlinking: /home/notandi/ros2_ws/src/install/mycobot_gazebo/share/mycobot_gazebo/models/aws_robomaker_warehouse_ShelfF_01/model.config
[4.997s] -- Symlinking: /home/notandi/ros2_ws/src/install/mycobot_gazebo/share/mycobot_gazebo/models/aws_robomaker_warehouse_ShelfF_01/model.sdf
[5.007s] -- Symlinking: /home/notandi/ros2_ws/src/install/mycobot_gazebo/share/mycobot_gazebo/models/aws_robomaker_warehouse_TrashCanC_01/materials/textures/aws_robomaker_warehouse_TrashCanC_01.png
[5.015s] -- Symlinking: /home/notandi/ros2_ws/src/install/mycobot_gazebo/share/mycobot_gazebo/models/aws_robomaker_warehouse_TrashCanC_01/meshes/aws_robomaker_warehouse_TrashCanC_01_collision.DAE
[5.021s] -- Symlinking: /home/notandi/ros2_ws/src/install/mycobot_gazebo/share/mycobot_gazebo/models/aws_robomaker_warehouse_TrashCanC_01/meshes/aws_robomaker_warehouse_TrashCanC_01_visual.DAE
[5.028s] -- Symlinking: /home/notandi/ros2_ws/src/install/mycobot_gazebo/share/mycobot_gazebo/models/aws_robomaker_warehouse_TrashCanC_01/model.config
[5.035s] -- Symlinking: /home/notandi/ros2_ws/src/install/mycobot_gazebo/share/mycobot_gazebo/models/aws_robomaker_warehouse_TrashCanC_01/model.sdf
[5.043s] -- Symlinking: /home/notandi/ros2_ws/src/install/mycobot_gazebo/share/mycobot_gazebo/models/aws_robomaker_warehouse_WallB_01/materials/textures/aws_robomaker_warehouse_WallB_01.png
[5.050s] -- Symlinking: /home/notandi/ros2_ws/src/install/mycobot_gazebo/share/mycobot_gazebo/models/aws_robomaker_warehouse_WallB_01/meshes/aws_robomaker_warehouse_WallB_01_collision.DAE
[5.057s] -- Symlinking: /home/notandi/ros2_ws/src/install/mycobot_gazebo/share/mycobot_gazebo/models/aws_robomaker_warehouse_WallB_01/meshes/aws_robomaker_warehouse_WallB_01_visual.DAE
[5.064s] -- Symlinking: /home/notandi/ros2_ws/src/install/mycobot_gazebo/share/mycobot_gazebo/models/aws_robomaker_warehouse_WallB_01/model.config
[5.071s] -- Symlinking: /home/notandi/ros2_ws/src/install/mycobot_gazebo/share/mycobot_gazebo/models/aws_robomaker_warehouse_WallB_01/model.sdf
[5.079s] -- Symlinking: /home/notandi/ros2_ws/src/install/mycobot_gazebo/share/mycobot_gazebo/models/brown_table/model.config
[5.086s] -- Symlinking: /home/notandi/ros2_ws/src/install/mycobot_gazebo/share/mycobot_gazebo/models/brown_table/model.sdf
[5.094s] -- Symlinking: /home/notandi/ros2_ws/src/install/mycobot_gazebo/share/mycobot_gazebo/models/cardboard_box/materials/textures/cardboard_box.png
[5.102s] -- Symlinking: /home/notandi/ros2_ws/src/install/mycobot_gazebo/share/mycobot_gazebo/models/cardboard_box/meshes/cardboard_box.dae
[5.109s] -- Symlinking: /home/notandi/ros2_ws/src/install/mycobot_gazebo/share/mycobot_gazebo/models/cardboard_box/meshes/cardboard_box.png
[5.116s] -- Symlinking: /home/notandi/ros2_ws/src/install/mycobot_gazebo/share/mycobot_gazebo/models/cardboard_box/model.config
[5.123s] -- Symlinking: /home/notandi/ros2_ws/src/install/mycobot_gazebo/share/mycobot_gazebo/models/cardboard_box/model.sdf
[5.131s] -- Symlinking: /home/notandi/ros2_ws/src/install/mycobot_gazebo/share/mycobot_gazebo/models/cheezit_big_original/meshes/cheez_tex_0.jpg
[5.138s] -- Symlinking: /home/notandi/ros2_ws/src/install/mycobot_gazebo/share/mycobot_gazebo/models/cheezit_big_original/meshes/cheezit_big_original.dae
[5.147s] -- Symlinking: /home/notandi/ros2_ws/src/install/mycobot_gazebo/share/mycobot_gazebo/models/cheezit_big_original/model.config
[5.154s] -- Symlinking: /home/notandi/ros2_ws/src/install/mycobot_gazebo/share/mycobot_gazebo/models/cheezit_big_original/model.sdf
[5.163s] -- Symlinking: /home/notandi/ros2_ws/src/install/mycobot_gazebo/share/mycobot_gazebo/models/coke_can/materials/textures/coke_can.png
[5.170s] -- Symlinking: /home/notandi/ros2_ws/src/install/mycobot_gazebo/share/mycobot_gazebo/models/coke_can/meshes/coke_can.dae
[5.177s] -- Symlinking: /home/notandi/ros2_ws/src/install/mycobot_gazebo/share/mycobot_gazebo/models/coke_can/model-1_2.sdf
[5.184s] -- Symlinking: /home/notandi/ros2_ws/src/install/mycobot_gazebo/share/mycobot_gazebo/models/coke_can/model-1_3.sdf
[5.191s] -- Symlinking: /home/notandi/ros2_ws/src/install/mycobot_gazebo/share/mycobot_gazebo/models/coke_can/model-1_4.sdf
[5.197s] -- Symlinking: /home/notandi/ros2_ws/src/install/mycobot_gazebo/share/mycobot_gazebo/models/coke_can/model.config
[5.205s] -- Symlinking: /home/notandi/ros2_ws/src/install/mycobot_gazebo/share/mycobot_gazebo/models/coke_can/model.sdf
[5.213s] -- Symlinking: /home/notandi/ros2_ws/src/install/mycobot_gazebo/share/mycobot_gazebo/models/ground_plane/model-1_2.sdf
[5.220s] -- Symlinking: /home/notandi/ros2_ws/src/install/mycobot_gazebo/share/mycobot_gazebo/models/ground_plane/model-1_3.sdf
[5.228s] -- Symlinking: /home/notandi/ros2_ws/src/install/mycobot_gazebo/share/mycobot_gazebo/models/ground_plane/model-1_4.sdf
[5.235s] -- Symlinking: /home/notandi/ros2_ws/src/install/mycobot_gazebo/share/mycobot_gazebo/models/ground_plane/model.config
[5.242s] -- Symlinking: /home/notandi/ros2_ws/src/install/mycobot_gazebo/share/mycobot_gazebo/models/ground_plane/model.sdf
[5.251s] -- Symlinking: /home/notandi/ros2_ws/src/install/mycobot_gazebo/share/mycobot_gazebo/models/mustard/materials/scripts/mustard.material
[5.258s] -- Symlinking: /home/notandi/ros2_ws/src/install/mycobot_gazebo/share/mycobot_gazebo/models/mustard/materials/textures/optimized_tsdf_texture_mapped_mesh.png
[5.266s] -- Symlinking: /home/notandi/ros2_ws/src/install/mycobot_gazebo/share/mycobot_gazebo/models/mustard/meshes/mustard.dae
[5.274s] -- Symlinking: /home/notandi/ros2_ws/src/install/mycobot_gazebo/share/mycobot_gazebo/models/mustard/meshes/texture_map.png
[5.281s] -- Symlinking: /home/notandi/ros2_ws/src/install/mycobot_gazebo/share/mycobot_gazebo/models/mustard/model.config
[5.288s] -- Symlinking: /home/notandi/ros2_ws/src/install/mycobot_gazebo/share/mycobot_gazebo/models/mustard/model.sdf
[5.296s] -- Symlinking: /home/notandi/ros2_ws/src/install/mycobot_gazebo/share/mycobot_gazebo/models/red_cylinder/model.config
[5.303s] -- Symlinking: /home/notandi/ros2_ws/src/install/mycobot_gazebo/share/mycobot_gazebo/models/red_cylinder/model.sdf
[5.311s] -- Symlinking: /home/notandi/ros2_ws/src/install/mycobot_gazebo/share/mycobot_gazebo/models/sun/model-1_2.sdf
[5.318s] -- Symlinking: /home/notandi/ros2_ws/src/install/mycobot_gazebo/share/mycobot_gazebo/models/sun/model-1_3.sdf
[5.326s] -- Symlinking: /home/notandi/ros2_ws/src/install/mycobot_gazebo/share/mycobot_gazebo/models/sun/model-1_4.sdf
[5.334s] -- Symlinking: /home/notandi/ros2_ws/src/install/mycobot_gazebo/share/mycobot_gazebo/models/sun/model.config
[5.340s] -- Symlinking: /home/notandi/ros2_ws/src/install/mycobot_gazebo/share/mycobot_gazebo/models/sun/model.sdf
[5.348s] -- Symlinking: /home/notandi/ros2_ws/src/install/mycobot_gazebo/share/mycobot_gazebo/worlds/empty.world
[5.356s] -- Symlinking: /home/notandi/ros2_ws/src/install/mycobot_gazebo/share/mycobot_gazebo/worlds/house.world
[5.363s] -- Symlinking: /home/notandi/ros2_ws/src/install/mycobot_gazebo/share/mycobot_gazebo/worlds/pick_and_place_demo.world
[5.371s] -- Symlinking: /home/notandi/ros2_ws/src/install/mycobot_gazebo/share/ament_index/resource_index/package_run_dependencies/mycobot_gazebo
[5.378s] -- Symlinking: /home/notandi/ros2_ws/src/install/mycobot_gazebo/share/ament_index/resource_index/parent_prefix_path/mycobot_gazebo
[5.386s] -- Symlinking: /home/notandi/ros2_ws/src/install/mycobot_gazebo/share/mycobot_gazebo/environment/ament_prefix_path.sh
[5.393s] -- Symlinking: /home/notandi/ros2_ws/src/install/mycobot_gazebo/share/mycobot_gazebo/environment/ament_prefix_path.dsv
[5.400s] -- Symlinking: /home/notandi/ros2_ws/src/install/mycobot_gazebo/share/mycobot_gazebo/environment/path.sh
[5.407s] -- Symlinking: /home/notandi/ros2_ws/src/install/mycobot_gazebo/share/mycobot_gazebo/environment/path.dsv
[5.416s] -- Symlinking: /home/notandi/ros2_ws/src/install/mycobot_gazebo/share/mycobot_gazebo/local_setup.bash
[5.423s] -- Symlinking: /home/notandi/ros2_ws/src/install/mycobot_gazebo/share/mycobot_gazebo/local_setup.sh
[5.431s] -- Symlinking: /home/notandi/ros2_ws/src/install/mycobot_gazebo/share/mycobot_gazebo/local_setup.zsh
[5.439s] -- Symlinking: /home/notandi/ros2_ws/src/install/mycobot_gazebo/share/mycobot_gazebo/local_setup.dsv
[5.446s] -- Symlinking: /home/notandi/ros2_ws/src/install/mycobot_gazebo/share/mycobot_gazebo/package.dsv
[5.454s] -- Symlinking: /home/notandi/ros2_ws/src/install/mycobot_gazebo/share/ament_index/resource_index/packages/mycobot_gazebo
[5.462s] -- Symlinking: /home/notandi/ros2_ws/src/install/mycobot_gazebo/share/mycobot_gazebo/cmake/mycobot_gazeboConfig.cmake
[5.469s] -- Symlinking: /home/notandi/ros2_ws/src/install/mycobot_gazebo/share/mycobot_gazebo/cmake/mycobot_gazeboConfig-version.cmake
[5.476s] -- Symlinking: /home/notandi/ros2_ws/src/install/mycobot_gazebo/share/mycobot_gazebo/package.xml
[5.485s] Invoked command in '/home/notandi/ros2_ws/src/build/mycobot_gazebo' returned '0': CMAKE_PREFIX_PATH=${CMAKE_PREFIX_PATH}:/opt/ros/jazzy /usr/bin/cmake --install /home/notandi/ros2_ws/src/build/mycobot_gazebo
