[0.019s] Invoking command in '/home/notandi/ros2_ws/src/build/mycobot_bringup': CMAKE_PREFIX_PATH=${CMAKE_PREFIX_PATH}:/home/notandi/ros2_ws/install/mycobot_moveit_config:/home/notandi/ros2_ws/install/mycobot_bringup:/opt/ros/jazzy /usr/bin/cmake /home/notandi/ros2_ws/src/mycobot_ros2/mycobot_bringup -DCMAKE_INSTALL_PREFIX=/home/notandi/ros2_ws/src/install/mycobot_bringup
[0.037s] -- Found ament_cmake: 2.5.5 (/opt/ros/jazzy/share/ament_cmake/cmake)
[0.248s] -- Override CMake install command with custom implementation using symlinks instead of copying resources
[0.254s] -- Found ament_lint_auto: 0.17.4 (/opt/ros/jazzy/share/ament_lint_auto/cmake)
[0.343s] -- Added test 'lint_cmake' to check CMake code style
[0.344s] -- Added test 'xmllint' to check XML markup files
[0.345s] -- Configuring done (0.3s)
[0.349s] -- Generating done (0.0s)
[0.350s] -- Build files have been written to: /home/notandi/ros2_ws/src/build/mycobot_bringup
[0.355s] Invoked command in '/home/notandi/ros2_ws/src/build/mycobot_bringup' returned '0': CMAKE_PREFIX_PATH=${CMAKE_PREFIX_PATH}:/home/notandi/ros2_ws/install/mycobot_moveit_config:/home/notandi/ros2_ws/install/mycobot_bringup:/opt/ros/jazzy /usr/bin/cmake /home/notandi/ros2_ws/src/mycobot_ros2/mycobot_bringup -DCMAKE_INSTALL_PREFIX=/home/notandi/ros2_ws/src/install/mycobot_bringup
[0.355s] Invoking command in '/home/notandi/ros2_ws/src/build/mycobot_bringup': CMAKE_PREFIX_PATH=${CMAKE_PREFIX_PATH}:/home/notandi/ros2_ws/install/mycobot_moveit_config:/home/notandi/ros2_ws/install/mycobot_bringup:/opt/ros/jazzy /usr/bin/cmake --build /home/notandi/ros2_ws/src/build/mycobot_bringup -- -j12 -l12
[0.390s] Invoked command in '/home/notandi/ros2_ws/src/build/mycobot_bringup' returned '0': CMAKE_PREFIX_PATH=${CMAKE_PREFIX_PATH}:/home/notandi/ros2_ws/install/mycobot_moveit_config:/home/notandi/ros2_ws/install/mycobot_bringup:/opt/ros/jazzy /usr/bin/cmake --build /home/notandi/ros2_ws/src/build/mycobot_bringup -- -j12 -l12
[0.390s] Invoking command in '/home/notandi/ros2_ws/src/build/mycobot_bringup': CMAKE_PREFIX_PATH=${CMAKE_PREFIX_PATH}:/home/notandi/ros2_ws/install/mycobot_moveit_config:/home/notandi/ros2_ws/install/mycobot_bringup:/opt/ros/jazzy /usr/bin/cmake --install /home/notandi/ros2_ws/src/build/mycobot_bringup
[0.399s] -- Install configuration: ""
[0.401s] -- Execute custom install script
[0.401s] -- Up-to-date symlink: /home/notandi/ros2_ws/src/install/mycobot_bringup/share/mycobot_bringup/scripts/mycobot_280_gazebo.sh
[0.401s] -- Up-to-date symlink: /home/notandi/ros2_ws/src/install/mycobot_bringup/share/ament_index/resource_index/package_run_dependencies/mycobot_bringup
[0.401s] -- Up-to-date symlink: /home/notandi/ros2_ws/src/install/mycobot_bringup/share/ament_index/resource_index/parent_prefix_path/mycobot_bringup
[0.402s] -- Up-to-date symlink: /home/notandi/ros2_ws/src/install/mycobot_bringup/share/mycobot_bringup/environment/ament_prefix_path.sh
[0.402s] -- Up-to-date symlink: /home/notandi/ros2_ws/src/install/mycobot_bringup/share/mycobot_bringup/environment/ament_prefix_path.dsv
[0.402s] -- Up-to-date symlink: /home/notandi/ros2_ws/src/install/mycobot_bringup/share/mycobot_bringup/environment/path.sh
[0.402s] -- Up-to-date symlink: /home/notandi/ros2_ws/src/install/mycobot_bringup/share/mycobot_bringup/environment/path.dsv
[0.403s] -- Up-to-date symlink: /home/notandi/ros2_ws/src/install/mycobot_bringup/share/mycobot_bringup/local_setup.bash
[0.403s] -- Up-to-date symlink: /home/notandi/ros2_ws/src/install/mycobot_bringup/share/mycobot_bringup/local_setup.sh
[0.403s] -- Up-to-date symlink: /home/notandi/ros2_ws/src/install/mycobot_bringup/share/mycobot_bringup/local_setup.zsh
[0.403s] -- Up-to-date symlink: /home/notandi/ros2_ws/src/install/mycobot_bringup/share/mycobot_bringup/local_setup.dsv
[0.404s] -- Symlinking: /home/notandi/ros2_ws/src/install/mycobot_bringup/share/mycobot_bringup/package.dsv
[0.413s] -- Up-to-date symlink: /home/notandi/ros2_ws/src/install/mycobot_bringup/share/ament_index/resource_index/packages/mycobot_bringup
[0.413s] -- Up-to-date symlink: /home/notandi/ros2_ws/src/install/mycobot_bringup/share/mycobot_bringup/cmake/mycobot_bringupConfig.cmake
[0.414s] -- Up-to-date symlink: /home/notandi/ros2_ws/src/install/mycobot_bringup/share/mycobot_bringup/cmake/mycobot_bringupConfig-version.cmake
[0.414s] -- Up-to-date symlink: /home/notandi/ros2_ws/src/install/mycobot_bringup/share/mycobot_bringup/package.xml
[0.437s] Invoked command in '/home/notandi/ros2_ws/src/build/mycobot_bringup' returned '0': CMAKE_PREFIX_PATH=${CMAKE_PREFIX_PATH}:/home/notandi/ros2_ws/install/mycobot_moveit_config:/home/notandi/ros2_ws/install/mycobot_bringup:/opt/ros/jazzy /usr/bin/cmake --install /home/notandi/ros2_ws/src/build/mycobot_bringup
