[0.042s] Invoking command in '/home/notandi/ros2_ws/src/build/mycobot_bringup': CMAKE_PREFIX_PATH=${CMAKE_PREFIX_PATH}:/opt/ros/jazzy /usr/bin/cmake /home/notandi/ros2_ws/src/mycobot_ros2/mycobot_bringup -DCMAKE_INSTALL_PREFIX=/home/notandi/ros2_ws/src/install/mycobot_bringup
[0.334s] -- The C compiler identification is GNU 13.3.0
[0.761s] -- The CXX compiler identification is GNU 13.3.0
[1.088s] -- Detecting C compiler ABI info
[1.359s] -- Detecting C compiler ABI info - done
[1.366s] -- Check for working C compiler: /usr/bin/cc - skipped
[1.366s] -- Detecting C compile features
[1.366s] -- Detecting C compile features - done
[1.444s] -- Detecting CXX compiler ABI info
[1.738s] -- Detecting CXX compiler ABI info - done
[1.745s] -- Check for working CXX compiler: /usr/bin/c++ - skipped
[1.746s] -- Detecting CXX compile features
[1.746s] -- Detecting CXX compile features - done
[1.782s] -- Found ament_cmake: 2.5.5 (/opt/ros/jazzy/share/ament_cmake/cmake)
[1.948s] -- Found Python3: /usr/bin/python3 (found version "3.12.3") found components: Interpreter 
[2.105s] -- Found ament_lint_auto: 0.17.4 (/opt/ros/jazzy/share/ament_lint_auto/cmake)
[2.241s] -- Added test 'lint_cmake' to check CMake code style
[2.245s] -- Added test 'xmllint' to check XML markup files
[2.251s] -- Configuring done (2.1s)
[2.258s] -- Generating done (0.0s)
[2.263s] -- Build files have been written to: /home/notandi/ros2_ws/src/build/mycobot_bringup
[2.270s] Invoked command in '/home/notandi/ros2_ws/src/build/mycobot_bringup' returned '0': CMAKE_PREFIX_PATH=${CMAKE_PREFIX_PATH}:/opt/ros/jazzy /usr/bin/cmake /home/notandi/ros2_ws/src/mycobot_ros2/mycobot_bringup -DCMAKE_INSTALL_PREFIX=/home/notandi/ros2_ws/src/install/mycobot_bringup
[2.272s] Invoking command in '/home/notandi/ros2_ws/src/build/mycobot_bringup': CMAKE_PREFIX_PATH=${CMAKE_PREFIX_PATH}:/opt/ros/jazzy /usr/bin/cmake --build /home/notandi/ros2_ws/src/build/mycobot_bringup -- -j12 -l12
[2.320s] Invoked command in '/home/notandi/ros2_ws/src/build/mycobot_bringup' returned '0': CMAKE_PREFIX_PATH=${CMAKE_PREFIX_PATH}:/opt/ros/jazzy /usr/bin/cmake --build /home/notandi/ros2_ws/src/build/mycobot_bringup -- -j12 -l12
[2.332s] Invoking command in '/home/notandi/ros2_ws/src/build/mycobot_bringup': CMAKE_PREFIX_PATH=${CMAKE_PREFIX_PATH}:/opt/ros/jazzy /usr/bin/cmake --install /home/notandi/ros2_ws/src/build/mycobot_bringup
[2.342s] -- Install configuration: ""
[2.342s] -- Installing: /home/notandi/ros2_ws/src/install/mycobot_bringup/share/mycobot_bringup/scripts
[2.342s] -- Installing: /home/notandi/ros2_ws/src/install/mycobot_bringup/share/mycobot_bringup/scripts/mycobot_280_gazebo.sh
[2.343s] -- Installing: /home/notandi/ros2_ws/src/install/mycobot_bringup/share/ament_index/resource_index/package_run_dependencies/mycobot_bringup
[2.344s] -- Installing: /home/notandi/ros2_ws/src/install/mycobot_bringup/share/ament_index/resource_index/parent_prefix_path/mycobot_bringup
[2.346s] -- Installing: /home/notandi/ros2_ws/src/install/mycobot_bringup/share/mycobot_bringup/environment/ament_prefix_path.sh
[2.346s] -- Installing: /home/notandi/ros2_ws/src/install/mycobot_bringup/share/mycobot_bringup/environment/ament_prefix_path.dsv
[2.346s] -- Installing: /home/notandi/ros2_ws/src/install/mycobot_bringup/share/mycobot_bringup/environment/path.sh
[2.346s] -- Installing: /home/notandi/ros2_ws/src/install/mycobot_bringup/share/mycobot_bringup/environment/path.dsv
[2.347s] -- Installing: /home/notandi/ros2_ws/src/install/mycobot_bringup/share/mycobot_bringup/local_setup.bash
[2.347s] -- Installing: /home/notandi/ros2_ws/src/install/mycobot_bringup/share/mycobot_bringup/local_setup.sh
[2.348s] -- Installing: /home/notandi/ros2_ws/src/install/mycobot_bringup/share/mycobot_bringup/local_setup.zsh
[2.349s] -- Installing: /home/notandi/ros2_ws/src/install/mycobot_bringup/share/mycobot_bringup/local_setup.dsv
[2.349s] -- Installing: /home/notandi/ros2_ws/src/install/mycobot_bringup/share/mycobot_bringup/package.dsv
[2.350s] -- Installing: /home/notandi/ros2_ws/src/install/mycobot_bringup/share/ament_index/resource_index/packages/mycobot_bringup
[2.350s] -- Installing: /home/notandi/ros2_ws/src/install/mycobot_bringup/share/mycobot_bringup/cmake/mycobot_bringupConfig.cmake
[2.351s] -- Installing: /home/notandi/ros2_ws/src/install/mycobot_bringup/share/mycobot_bringup/cmake/mycobot_bringupConfig-version.cmake
[2.351s] -- Installing: /home/notandi/ros2_ws/src/install/mycobot_bringup/share/mycobot_bringup/package.xml
[2.354s] Invoked command in '/home/notandi/ros2_ws/src/build/mycobot_bringup' returned '0': CMAKE_PREFIX_PATH=${CMAKE_PREFIX_PATH}:/opt/ros/jazzy /usr/bin/cmake --install /home/notandi/ros2_ws/src/build/mycobot_bringup
