[0.156s] DEBUG:colcon:Command line arguments: ['/usr/bin/colcon', 'build']
[0.156s] DEBUG:colcon:Parsed command line arguments: Namespace(log_base=None, log_level=None, verb_name='build', build_base='build', install_base='install', merge_install=False, symlink_install=False, test_result_base=None, continue_on_error=False, executor='parallel', parallel_workers=12, event_handlers=None, ignore_user_meta=False, metas=['./colcon.meta'], base_paths=['.'], packages_ignore=None, packages_ignore_regex=None, paths=None, packages_up_to=None, packages_up_to_regex=None, packages_above=None, packages_above_and_dependencies=None, packages_above_depth=None, packages_select_by_dep=None, packages_skip_by_dep=None, packages_skip_up_to=None, packages_select_build_failed=False, packages_skip_build_finished=False, packages_select_test_failures=False, packages_skip_test_passed=False, packages_select=None, packages_skip=None, packages_select_regex=None, packages_skip_regex=None, packages_start=None, packages_end=None, allow_overriding=[], cmake_args=None, cmake_target=None, cmake_target_skip_unavailable=False, cmake_clean_cache=False, cmake_clean_first=False, cmake_force_configure=False, ament_cmake_args=None, catkin_cmake_args=None, catkin_skip_building_tests=False, mixin_files=None, mixin=None, verb_parser=<colcon_mixin.mixin.mixin_argument.MixinArgumentDecorator object at 0x75433be95f10>, verb_extension=<colcon_core.verb.build.BuildVerb object at 0x75433be95b80>, main=<bound method BuildVerb.main of <colcon_core.verb.build.BuildVerb object at 0x75433be95b80>>, mixin_verb=('build',))
[0.184s] Level 1:colcon.colcon_core.package_discovery:discover_packages(colcon_meta) check parameters
[0.185s] Level 1:colcon.colcon_core.package_discovery:discover_packages(recursive) check parameters
[0.185s] Level 1:colcon.colcon_core.package_discovery:discover_packages(ignore) check parameters
[0.185s] Level 1:colcon.colcon_core.package_discovery:discover_packages(path) check parameters
[0.185s] Level 1:colcon.colcon_core.package_discovery:discover_packages(colcon_meta) discover
[0.185s] Level 1:colcon.colcon_core.package_discovery:discover_packages(recursive) discover
[0.185s] INFO:colcon.colcon_core.package_discovery:Crawling recursively for packages in '/home/notandi/ros2_ws/src/mycobot_ros2'
[0.185s] Level 1:colcon.colcon_core.package_identification:_identify(.) by extensions ['ignore', 'ignore_ament_install']
[0.185s] Level 1:colcon.colcon_core.package_identification:_identify(.) by extension 'ignore'
[0.185s] Level 1:colcon.colcon_core.package_identification:_identify(.) by extension 'ignore_ament_install'
[0.185s] Level 1:colcon.colcon_core.package_identification:_identify(.) by extensions ['colcon_pkg']
[0.185s] Level 1:colcon.colcon_core.package_identification:_identify(.) by extension 'colcon_pkg'
[0.185s] Level 1:colcon.colcon_core.package_identification:_identify(.) by extensions ['colcon_meta']
[0.185s] Level 1:colcon.colcon_core.package_identification:_identify(.) by extension 'colcon_meta'
[0.185s] Level 1:colcon.colcon_core.package_identification:_identify(.) by extensions ['ros']
[0.185s] Level 1:colcon.colcon_core.package_identification:_identify(.) by extension 'ros'
[0.205s] Level 1:colcon.colcon_core.package_identification:_identify(.) by extensions ['cmake', 'python']
[0.205s] Level 1:colcon.colcon_core.package_identification:_identify(.) by extension 'cmake'
[0.205s] Level 1:colcon.colcon_core.package_identification:_identify(.) by extension 'python'
[0.205s] Level 1:colcon.colcon_core.package_identification:_identify(.) by extensions ['python_setup_py']
[0.205s] Level 1:colcon.colcon_core.package_identification:_identify(.) by extension 'python_setup_py'
[0.205s] Level 1:colcon.colcon_core.package_identification:_identify(build) by extensions ['ignore', 'ignore_ament_install']
[0.205s] Level 1:colcon.colcon_core.package_identification:_identify(build) by extension 'ignore'
[0.205s] Level 1:colcon.colcon_core.package_identification:_identify(build) ignored
[0.205s] Level 1:colcon.colcon_core.package_identification:_identify(install) by extensions ['ignore', 'ignore_ament_install']
[0.206s] Level 1:colcon.colcon_core.package_identification:_identify(install) by extension 'ignore'
[0.206s] Level 1:colcon.colcon_core.package_identification:_identify(install) ignored
[0.206s] Level 1:colcon.colcon_core.package_identification:_identify(log) by extensions ['ignore', 'ignore_ament_install']
[0.206s] Level 1:colcon.colcon_core.package_identification:_identify(log) by extension 'ignore'
[0.206s] Level 1:colcon.colcon_core.package_identification:_identify(log) ignored
[0.206s] Level 1:colcon.colcon_core.package_identification:_identify(mycobot_bringup) by extensions ['ignore', 'ignore_ament_install']
[0.206s] Level 1:colcon.colcon_core.package_identification:_identify(mycobot_bringup) by extension 'ignore'
[0.206s] Level 1:colcon.colcon_core.package_identification:_identify(mycobot_bringup) by extension 'ignore_ament_install'
[0.206s] Level 1:colcon.colcon_core.package_identification:_identify(mycobot_bringup) by extensions ['colcon_pkg']
[0.206s] Level 1:colcon.colcon_core.package_identification:_identify(mycobot_bringup) by extension 'colcon_pkg'
[0.206s] Level 1:colcon.colcon_core.package_identification:_identify(mycobot_bringup) by extensions ['colcon_meta']
[0.206s] Level 1:colcon.colcon_core.package_identification:_identify(mycobot_bringup) by extension 'colcon_meta'
[0.206s] Level 1:colcon.colcon_core.package_identification:_identify(mycobot_bringup) by extensions ['ros']
[0.206s] Level 1:colcon.colcon_core.package_identification:_identify(mycobot_bringup) by extension 'ros'
[0.208s] DEBUG:colcon.colcon_core.package_identification:Package 'mycobot_bringup' with type 'ros.ament_cmake' and name 'mycobot_bringup'
[0.208s] Level 1:colcon.colcon_core.package_identification:_identify(mycobot_description) by extensions ['ignore', 'ignore_ament_install']
[0.208s] Level 1:colcon.colcon_core.package_identification:_identify(mycobot_description) by extension 'ignore'
[0.208s] Level 1:colcon.colcon_core.package_identification:_identify(mycobot_description) by extension 'ignore_ament_install'
[0.208s] Level 1:colcon.colcon_core.package_identification:_identify(mycobot_description) by extensions ['colcon_pkg']
[0.208s] Level 1:colcon.colcon_core.package_identification:_identify(mycobot_description) by extension 'colcon_pkg'
[0.208s] Level 1:colcon.colcon_core.package_identification:_identify(mycobot_description) by extensions ['colcon_meta']
[0.208s] Level 1:colcon.colcon_core.package_identification:_identify(mycobot_description) by extension 'colcon_meta'
[0.208s] Level 1:colcon.colcon_core.package_identification:_identify(mycobot_description) by extensions ['ros']
[0.208s] Level 1:colcon.colcon_core.package_identification:_identify(mycobot_description) by extension 'ros'
[0.208s] DEBUG:colcon.colcon_core.package_identification:Package 'mycobot_description' with type 'ros.ament_cmake' and name 'mycobot_description'
[0.208s] Level 1:colcon.colcon_core.package_identification:_identify(mycobot_gazebo) by extensions ['ignore', 'ignore_ament_install']
[0.208s] Level 1:colcon.colcon_core.package_identification:_identify(mycobot_gazebo) by extension 'ignore'
[0.208s] Level 1:colcon.colcon_core.package_identification:_identify(mycobot_gazebo) by extension 'ignore_ament_install'
[0.208s] Level 1:colcon.colcon_core.package_identification:_identify(mycobot_gazebo) by extensions ['colcon_pkg']
[0.208s] Level 1:colcon.colcon_core.package_identification:_identify(mycobot_gazebo) by extension 'colcon_pkg'
[0.208s] Level 1:colcon.colcon_core.package_identification:_identify(mycobot_gazebo) by extensions ['colcon_meta']
[0.208s] Level 1:colcon.colcon_core.package_identification:_identify(mycobot_gazebo) by extension 'colcon_meta'
[0.208s] Level 1:colcon.colcon_core.package_identification:_identify(mycobot_gazebo) by extensions ['ros']
[0.208s] Level 1:colcon.colcon_core.package_identification:_identify(mycobot_gazebo) by extension 'ros'
[0.209s] DEBUG:colcon.colcon_core.package_identification:Package 'mycobot_gazebo' with type 'ros.ament_cmake' and name 'mycobot_gazebo'
[0.209s] Level 1:colcon.colcon_core.package_identification:_identify(mycobot_moveit_config) by extensions ['ignore', 'ignore_ament_install']
[0.209s] Level 1:colcon.colcon_core.package_identification:_identify(mycobot_moveit_config) by extension 'ignore'
[0.209s] Level 1:colcon.colcon_core.package_identification:_identify(mycobot_moveit_config) by extension 'ignore_ament_install'
[0.209s] Level 1:colcon.colcon_core.package_identification:_identify(mycobot_moveit_config) by extensions ['colcon_pkg']
[0.209s] Level 1:colcon.colcon_core.package_identification:_identify(mycobot_moveit_config) by extension 'colcon_pkg'
[0.209s] Level 1:colcon.colcon_core.package_identification:_identify(mycobot_moveit_config) by extensions ['colcon_meta']
[0.209s] Level 1:colcon.colcon_core.package_identification:_identify(mycobot_moveit_config) by extension 'colcon_meta'
[0.209s] Level 1:colcon.colcon_core.package_identification:_identify(mycobot_moveit_config) by extensions ['ros']
[0.209s] Level 1:colcon.colcon_core.package_identification:_identify(mycobot_moveit_config) by extension 'ros'
[0.210s] DEBUG:colcon.colcon_core.package_identification:Package 'mycobot_moveit_config' with type 'ros.ament_cmake' and name 'mycobot_moveit_config'
[0.210s] Level 1:colcon.colcon_core.package_identification:_identify(mycobot_ros2) by extensions ['ignore', 'ignore_ament_install']
[0.210s] Level 1:colcon.colcon_core.package_identification:_identify(mycobot_ros2) by extension 'ignore'
[0.210s] Level 1:colcon.colcon_core.package_identification:_identify(mycobot_ros2) by extension 'ignore_ament_install'
[0.210s] Level 1:colcon.colcon_core.package_identification:_identify(mycobot_ros2) by extensions ['colcon_pkg']
[0.210s] Level 1:colcon.colcon_core.package_identification:_identify(mycobot_ros2) by extension 'colcon_pkg'
[0.210s] Level 1:colcon.colcon_core.package_identification:_identify(mycobot_ros2) by extensions ['colcon_meta']
[0.210s] Level 1:colcon.colcon_core.package_identification:_identify(mycobot_ros2) by extension 'colcon_meta'
[0.210s] Level 1:colcon.colcon_core.package_identification:_identify(mycobot_ros2) by extensions ['ros']
[0.210s] Level 1:colcon.colcon_core.package_identification:_identify(mycobot_ros2) by extension 'ros'
[0.210s] DEBUG:colcon.colcon_core.package_identification:Package 'mycobot_ros2' with type 'ros.ament_cmake' and name 'mycobot_ros2'
[0.210s] Level 1:colcon.colcon_core.package_identification:_identify(mycobot_system_tests) by extensions ['ignore', 'ignore_ament_install']
[0.210s] Level 1:colcon.colcon_core.package_identification:_identify(mycobot_system_tests) by extension 'ignore'
[0.210s] Level 1:colcon.colcon_core.package_identification:_identify(mycobot_system_tests) by extension 'ignore_ament_install'
[0.210s] Level 1:colcon.colcon_core.package_identification:_identify(mycobot_system_tests) by extensions ['colcon_pkg']
[0.210s] Level 1:colcon.colcon_core.package_identification:_identify(mycobot_system_tests) by extension 'colcon_pkg'
[0.210s] Level 1:colcon.colcon_core.package_identification:_identify(mycobot_system_tests) by extensions ['colcon_meta']
[0.210s] Level 1:colcon.colcon_core.package_identification:_identify(mycobot_system_tests) by extension 'colcon_meta'
[0.210s] Level 1:colcon.colcon_core.package_identification:_identify(mycobot_system_tests) by extensions ['ros']
[0.210s] Level 1:colcon.colcon_core.package_identification:_identify(mycobot_system_tests) by extension 'ros'
[0.211s] DEBUG:colcon.colcon_core.package_identification:Package 'mycobot_system_tests' with type 'ros.ament_cmake' and name 'mycobot_system_tests'
[0.211s] Level 1:colcon.colcon_core.package_discovery:discover_packages(recursive) using defaults
[0.211s] Level 1:colcon.colcon_core.package_discovery:discover_packages(ignore) discover
[0.211s] Level 1:colcon.colcon_core.package_discovery:discover_packages(ignore) using defaults
[0.211s] Level 1:colcon.colcon_core.package_discovery:discover_packages(path) discover
[0.211s] Level 1:colcon.colcon_core.package_discovery:discover_packages(path) using defaults
[0.223s] Level 1:colcon.colcon_core.package_discovery:discover_packages(prefix_path) check parameters
[0.224s] Level 1:colcon.colcon_core.package_discovery:discover_packages(prefix_path) discover
[0.225s] DEBUG:colcon.colcon_installed_package_information.package_discovery:Found 374 installed packages in /opt/ros/jazzy
[0.226s] Level 1:colcon.colcon_core.package_discovery:discover_packages(prefix_path) using defaults
[0.255s] Level 5:colcon.colcon_core.verb:set package 'mycobot_bringup' build argument 'cmake_args' from command line to 'None'
[0.255s] Level 5:colcon.colcon_core.verb:set package 'mycobot_bringup' build argument 'cmake_target' from command line to 'None'
[0.255s] Level 5:colcon.colcon_core.verb:set package 'mycobot_bringup' build argument 'cmake_target_skip_unavailable' from command line to 'False'
[0.255s] Level 5:colcon.colcon_core.verb:set package 'mycobot_bringup' build argument 'cmake_clean_cache' from command line to 'False'
[0.255s] Level 5:colcon.colcon_core.verb:set package 'mycobot_bringup' build argument 'cmake_clean_first' from command line to 'False'
[0.255s] Level 5:colcon.colcon_core.verb:set package 'mycobot_bringup' build argument 'cmake_force_configure' from command line to 'False'
[0.255s] Level 5:colcon.colcon_core.verb:set package 'mycobot_bringup' build argument 'ament_cmake_args' from command line to 'None'
[0.255s] Level 5:colcon.colcon_core.verb:set package 'mycobot_bringup' build argument 'catkin_cmake_args' from command line to 'None'
[0.255s] Level 5:colcon.colcon_core.verb:set package 'mycobot_bringup' build argument 'catkin_skip_building_tests' from command line to 'False'
[0.255s] DEBUG:colcon.colcon_core.verb:Building package 'mycobot_bringup' with the following arguments: {'ament_cmake_args': None, 'build_base': '/home/notandi/ros2_ws/src/mycobot_ros2/build/mycobot_bringup', 'catkin_cmake_args': None, 'catkin_skip_building_tests': False, 'cmake_args': None, 'cmake_clean_cache': False, 'cmake_clean_first': False, 'cmake_force_configure': False, 'cmake_target': None, 'cmake_target_skip_unavailable': False, 'install_base': '/home/notandi/ros2_ws/src/mycobot_ros2/install/mycobot_bringup', 'merge_install': False, 'path': '/home/notandi/ros2_ws/src/mycobot_ros2/mycobot_bringup', 'symlink_install': False, 'test_result_base': None}
[0.256s] Level 5:colcon.colcon_core.verb:set package 'mycobot_description' build argument 'cmake_args' from command line to 'None'
[0.256s] Level 5:colcon.colcon_core.verb:set package 'mycobot_description' build argument 'cmake_target' from command line to 'None'
[0.256s] Level 5:colcon.colcon_core.verb:set package 'mycobot_description' build argument 'cmake_target_skip_unavailable' from command line to 'False'
[0.256s] Level 5:colcon.colcon_core.verb:set package 'mycobot_description' build argument 'cmake_clean_cache' from command line to 'False'
[0.256s] Level 5:colcon.colcon_core.verb:set package 'mycobot_description' build argument 'cmake_clean_first' from command line to 'False'
[0.256s] Level 5:colcon.colcon_core.verb:set package 'mycobot_description' build argument 'cmake_force_configure' from command line to 'False'
[0.256s] Level 5:colcon.colcon_core.verb:set package 'mycobot_description' build argument 'ament_cmake_args' from command line to 'None'
[0.256s] Level 5:colcon.colcon_core.verb:set package 'mycobot_description' build argument 'catkin_cmake_args' from command line to 'None'
[0.256s] Level 5:colcon.colcon_core.verb:set package 'mycobot_description' build argument 'catkin_skip_building_tests' from command line to 'False'
[0.256s] DEBUG:colcon.colcon_core.verb:Building package 'mycobot_description' with the following arguments: {'ament_cmake_args': None, 'build_base': '/home/notandi/ros2_ws/src/mycobot_ros2/build/mycobot_description', 'catkin_cmake_args': None, 'catkin_skip_building_tests': False, 'cmake_args': None, 'cmake_clean_cache': False, 'cmake_clean_first': False, 'cmake_force_configure': False, 'cmake_target': None, 'cmake_target_skip_unavailable': False, 'install_base': '/home/notandi/ros2_ws/src/mycobot_ros2/install/mycobot_description', 'merge_install': False, 'path': '/home/notandi/ros2_ws/src/mycobot_ros2/mycobot_description', 'symlink_install': False, 'test_result_base': None}
[0.256s] Level 5:colcon.colcon_core.verb:set package 'mycobot_gazebo' build argument 'cmake_args' from command line to 'None'
[0.256s] Level 5:colcon.colcon_core.verb:set package 'mycobot_gazebo' build argument 'cmake_target' from command line to 'None'
[0.256s] Level 5:colcon.colcon_core.verb:set package 'mycobot_gazebo' build argument 'cmake_target_skip_unavailable' from command line to 'False'
[0.256s] Level 5:colcon.colcon_core.verb:set package 'mycobot_gazebo' build argument 'cmake_clean_cache' from command line to 'False'
[0.256s] Level 5:colcon.colcon_core.verb:set package 'mycobot_gazebo' build argument 'cmake_clean_first' from command line to 'False'
[0.256s] Level 5:colcon.colcon_core.verb:set package 'mycobot_gazebo' build argument 'cmake_force_configure' from command line to 'False'
[0.256s] Level 5:colcon.colcon_core.verb:set package 'mycobot_gazebo' build argument 'ament_cmake_args' from command line to 'None'
[0.256s] Level 5:colcon.colcon_core.verb:set package 'mycobot_gazebo' build argument 'catkin_cmake_args' from command line to 'None'
[0.256s] Level 5:colcon.colcon_core.verb:set package 'mycobot_gazebo' build argument 'catkin_skip_building_tests' from command line to 'False'
[0.256s] DEBUG:colcon.colcon_core.verb:Building package 'mycobot_gazebo' with the following arguments: {'ament_cmake_args': None, 'build_base': '/home/notandi/ros2_ws/src/mycobot_ros2/build/mycobot_gazebo', 'catkin_cmake_args': None, 'catkin_skip_building_tests': False, 'cmake_args': None, 'cmake_clean_cache': False, 'cmake_clean_first': False, 'cmake_force_configure': False, 'cmake_target': None, 'cmake_target_skip_unavailable': False, 'install_base': '/home/notandi/ros2_ws/src/mycobot_ros2/install/mycobot_gazebo', 'merge_install': False, 'path': '/home/notandi/ros2_ws/src/mycobot_ros2/mycobot_gazebo', 'symlink_install': False, 'test_result_base': None}
[0.256s] Level 5:colcon.colcon_core.verb:set package 'mycobot_moveit_config' build argument 'cmake_args' from command line to 'None'
[0.256s] Level 5:colcon.colcon_core.verb:set package 'mycobot_moveit_config' build argument 'cmake_target' from command line to 'None'
[0.256s] Level 5:colcon.colcon_core.verb:set package 'mycobot_moveit_config' build argument 'cmake_target_skip_unavailable' from command line to 'False'
[0.256s] Level 5:colcon.colcon_core.verb:set package 'mycobot_moveit_config' build argument 'cmake_clean_cache' from command line to 'False'
[0.256s] Level 5:colcon.colcon_core.verb:set package 'mycobot_moveit_config' build argument 'cmake_clean_first' from command line to 'False'
[0.256s] Level 5:colcon.colcon_core.verb:set package 'mycobot_moveit_config' build argument 'cmake_force_configure' from command line to 'False'
[0.256s] Level 5:colcon.colcon_core.verb:set package 'mycobot_moveit_config' build argument 'ament_cmake_args' from command line to 'None'
[0.256s] Level 5:colcon.colcon_core.verb:set package 'mycobot_moveit_config' build argument 'catkin_cmake_args' from command line to 'None'
[0.256s] Level 5:colcon.colcon_core.verb:set package 'mycobot_moveit_config' build argument 'catkin_skip_building_tests' from command line to 'False'
[0.256s] DEBUG:colcon.colcon_core.verb:Building package 'mycobot_moveit_config' with the following arguments: {'ament_cmake_args': None, 'build_base': '/home/notandi/ros2_ws/src/mycobot_ros2/build/mycobot_moveit_config', 'catkin_cmake_args': None, 'catkin_skip_building_tests': False, 'cmake_args': None, 'cmake_clean_cache': False, 'cmake_clean_first': False, 'cmake_force_configure': False, 'cmake_target': None, 'cmake_target_skip_unavailable': False, 'install_base': '/home/notandi/ros2_ws/src/mycobot_ros2/install/mycobot_moveit_config', 'merge_install': False, 'path': '/home/notandi/ros2_ws/src/mycobot_ros2/mycobot_moveit_config', 'symlink_install': False, 'test_result_base': None}
[0.256s] Level 5:colcon.colcon_core.verb:set package 'mycobot_system_tests' build argument 'cmake_args' from command line to 'None'
[0.256s] Level 5:colcon.colcon_core.verb:set package 'mycobot_system_tests' build argument 'cmake_target' from command line to 'None'
[0.256s] Level 5:colcon.colcon_core.verb:set package 'mycobot_system_tests' build argument 'cmake_target_skip_unavailable' from command line to 'False'
[0.256s] Level 5:colcon.colcon_core.verb:set package 'mycobot_system_tests' build argument 'cmake_clean_cache' from command line to 'False'
[0.256s] Level 5:colcon.colcon_core.verb:set package 'mycobot_system_tests' build argument 'cmake_clean_first' from command line to 'False'
[0.256s] Level 5:colcon.colcon_core.verb:set package 'mycobot_system_tests' build argument 'cmake_force_configure' from command line to 'False'
[0.256s] Level 5:colcon.colcon_core.verb:set package 'mycobot_system_tests' build argument 'ament_cmake_args' from command line to 'None'
[0.256s] Level 5:colcon.colcon_core.verb:set package 'mycobot_system_tests' build argument 'catkin_cmake_args' from command line to 'None'
[0.256s] Level 5:colcon.colcon_core.verb:set package 'mycobot_system_tests' build argument 'catkin_skip_building_tests' from command line to 'False'
[0.256s] DEBUG:colcon.colcon_core.verb:Building package 'mycobot_system_tests' with the following arguments: {'ament_cmake_args': None, 'build_base': '/home/notandi/ros2_ws/src/mycobot_ros2/build/mycobot_system_tests', 'catkin_cmake_args': None, 'catkin_skip_building_tests': False, 'cmake_args': None, 'cmake_clean_cache': False, 'cmake_clean_first': False, 'cmake_force_configure': False, 'cmake_target': None, 'cmake_target_skip_unavailable': False, 'install_base': '/home/notandi/ros2_ws/src/mycobot_ros2/install/mycobot_system_tests', 'merge_install': False, 'path': '/home/notandi/ros2_ws/src/mycobot_ros2/mycobot_system_tests', 'symlink_install': False, 'test_result_base': None}
[0.257s] Level 5:colcon.colcon_core.verb:set package 'mycobot_ros2' build argument 'cmake_args' from command line to 'None'
[0.257s] Level 5:colcon.colcon_core.verb:set package 'mycobot_ros2' build argument 'cmake_target' from command line to 'None'
[0.257s] Level 5:colcon.colcon_core.verb:set package 'mycobot_ros2' build argument 'cmake_target_skip_unavailable' from command line to 'False'
[0.257s] Level 5:colcon.colcon_core.verb:set package 'mycobot_ros2' build argument 'cmake_clean_cache' from command line to 'False'
[0.257s] Level 5:colcon.colcon_core.verb:set package 'mycobot_ros2' build argument 'cmake_clean_first' from command line to 'False'
[0.257s] Level 5:colcon.colcon_core.verb:set package 'mycobot_ros2' build argument 'cmake_force_configure' from command line to 'False'
[0.257s] Level 5:colcon.colcon_core.verb:set package 'mycobot_ros2' build argument 'ament_cmake_args' from command line to 'None'
[0.257s] Level 5:colcon.colcon_core.verb:set package 'mycobot_ros2' build argument 'catkin_cmake_args' from command line to 'None'
[0.257s] Level 5:colcon.colcon_core.verb:set package 'mycobot_ros2' build argument 'catkin_skip_building_tests' from command line to 'False'
[0.257s] DEBUG:colcon.colcon_core.verb:Building package 'mycobot_ros2' with the following arguments: {'ament_cmake_args': None, 'build_base': '/home/notandi/ros2_ws/src/mycobot_ros2/build/mycobot_ros2', 'catkin_cmake_args': None, 'catkin_skip_building_tests': False, 'cmake_args': None, 'cmake_clean_cache': False, 'cmake_clean_first': False, 'cmake_force_configure': False, 'cmake_target': None, 'cmake_target_skip_unavailable': False, 'install_base': '/home/notandi/ros2_ws/src/mycobot_ros2/install/mycobot_ros2', 'merge_install': False, 'path': '/home/notandi/ros2_ws/src/mycobot_ros2/mycobot_ros2', 'symlink_install': False, 'test_result_base': None}
[0.257s] INFO:colcon.colcon_core.executor:Executing jobs using 'parallel' executor
[0.258s] DEBUG:colcon.colcon_parallel_executor.executor.parallel:run_until_complete
[0.258s] INFO:colcon.colcon_ros.task.ament_cmake.build:Building ROS package in '/home/notandi/ros2_ws/src/mycobot_ros2/mycobot_bringup' with build type 'ament_cmake'
[0.258s] INFO:colcon.colcon_cmake.task.cmake.build:Building CMake package in '/home/notandi/ros2_ws/src/mycobot_ros2/mycobot_bringup'
[0.260s] INFO:colcon.colcon_core.plugin_system:Skipping extension 'colcon_core.shell.bat': Not used on non-Windows systems
[0.260s] INFO:colcon.colcon_core.shell:Skip shell extension 'powershell' for command environment: Not usable outside of PowerShell
[0.260s] DEBUG:colcon.colcon_core.shell:Skip shell extension 'dsv' for command environment
[0.262s] INFO:colcon.colcon_ros.task.ament_cmake.build:Building ROS package in '/home/notandi/ros2_ws/src/mycobot_ros2/mycobot_description' with build type 'ament_cmake'
[0.262s] INFO:colcon.colcon_cmake.task.cmake.build:Building CMake package in '/home/notandi/ros2_ws/src/mycobot_ros2/mycobot_description'
[0.263s] INFO:colcon.colcon_core.shell:Skip shell extension 'powershell' for command environment: Not usable outside of PowerShell
[0.263s] DEBUG:colcon.colcon_core.shell:Skip shell extension 'dsv' for command environment
[0.265s] INFO:colcon.colcon_ros.task.ament_cmake.build:Building ROS package in '/home/notandi/ros2_ws/src/mycobot_ros2/mycobot_gazebo' with build type 'ament_cmake'
[0.266s] INFO:colcon.colcon_cmake.task.cmake.build:Building CMake package in '/home/notandi/ros2_ws/src/mycobot_ros2/mycobot_gazebo'
[0.266s] INFO:colcon.colcon_core.shell:Skip shell extension 'powershell' for command environment: Not usable outside of PowerShell
[0.266s] DEBUG:colcon.colcon_core.shell:Skip shell extension 'dsv' for command environment
[0.268s] INFO:colcon.colcon_ros.task.ament_cmake.build:Building ROS package in '/home/notandi/ros2_ws/src/mycobot_ros2/mycobot_moveit_config' with build type 'ament_cmake'
[0.268s] INFO:colcon.colcon_cmake.task.cmake.build:Building CMake package in '/home/notandi/ros2_ws/src/mycobot_ros2/mycobot_moveit_config'
[0.269s] INFO:colcon.colcon_core.shell:Skip shell extension 'powershell' for command environment: Not usable outside of PowerShell
[0.269s] DEBUG:colcon.colcon_core.shell:Skip shell extension 'dsv' for command environment
[0.272s] INFO:colcon.colcon_ros.task.ament_cmake.build:Building ROS package in '/home/notandi/ros2_ws/src/mycobot_ros2/mycobot_system_tests' with build type 'ament_cmake'
[0.272s] INFO:colcon.colcon_cmake.task.cmake.build:Building CMake package in '/home/notandi/ros2_ws/src/mycobot_ros2/mycobot_system_tests'
[0.272s] INFO:colcon.colcon_core.shell:Skip shell extension 'powershell' for command environment: Not usable outside of PowerShell
[0.272s] DEBUG:colcon.colcon_core.shell:Skip shell extension 'dsv' for command environment
[0.278s] DEBUG:colcon.colcon_core.event_handler.log_command:Invoking command in '/home/notandi/ros2_ws/src/mycobot_ros2/build/mycobot_bringup': CMAKE_PREFIX_PATH=${CMAKE_PREFIX_PATH}:/opt/ros/jazzy /usr/bin/cmake /home/notandi/ros2_ws/src/mycobot_ros2/mycobot_bringup -DCMAKE_INSTALL_PREFIX=/home/notandi/ros2_ws/src/mycobot_ros2/install/mycobot_bringup
[0.280s] DEBUG:colcon.colcon_core.event_handler.log_command:Invoking command in '/home/notandi/ros2_ws/src/mycobot_ros2/build/mycobot_description': CMAKE_PREFIX_PATH=${CMAKE_PREFIX_PATH}:/opt/ros/jazzy /usr/bin/cmake /home/notandi/ros2_ws/src/mycobot_ros2/mycobot_description -DCMAKE_INSTALL_PREFIX=/home/notandi/ros2_ws/src/mycobot_ros2/install/mycobot_description
[0.284s] DEBUG:colcon.colcon_core.event_handler.log_command:Invoking command in '/home/notandi/ros2_ws/src/mycobot_ros2/build/mycobot_gazebo': CMAKE_PREFIX_PATH=${CMAKE_PREFIX_PATH}:/opt/ros/jazzy /usr/bin/cmake /home/notandi/ros2_ws/src/mycobot_ros2/mycobot_gazebo -DCMAKE_INSTALL_PREFIX=/home/notandi/ros2_ws/src/mycobot_ros2/install/mycobot_gazebo
[0.285s] DEBUG:colcon.colcon_core.event_handler.log_command:Invoking command in '/home/notandi/ros2_ws/src/mycobot_ros2/build/mycobot_moveit_config': CMAKE_PREFIX_PATH=${CMAKE_PREFIX_PATH}:/opt/ros/jazzy /usr/bin/cmake /home/notandi/ros2_ws/src/mycobot_ros2/mycobot_moveit_config -DCMAKE_INSTALL_PREFIX=/home/notandi/ros2_ws/src/mycobot_ros2/install/mycobot_moveit_config
[0.293s] DEBUG:colcon.colcon_core.event_handler.log_command:Invoking command in '/home/notandi/ros2_ws/src/mycobot_ros2/build/mycobot_system_tests': CMAKE_PREFIX_PATH=${CMAKE_PREFIX_PATH}:/opt/ros/jazzy /usr/bin/cmake /home/notandi/ros2_ws/src/mycobot_ros2/mycobot_system_tests -DCMAKE_INSTALL_PREFIX=/home/notandi/ros2_ws/src/mycobot_ros2/install/mycobot_system_tests
[2.442s] DEBUG:colcon.colcon_core.event_handler.log_command:Invoked command in '/home/notandi/ros2_ws/src/mycobot_ros2/build/mycobot_moveit_config' returned '0': CMAKE_PREFIX_PATH=${CMAKE_PREFIX_PATH}:/opt/ros/jazzy /usr/bin/cmake /home/notandi/ros2_ws/src/mycobot_ros2/mycobot_moveit_config -DCMAKE_INSTALL_PREFIX=/home/notandi/ros2_ws/src/mycobot_ros2/install/mycobot_moveit_config
[2.443s] DEBUG:colcon.colcon_core.event_handler.log_command:Invoking command in '/home/notandi/ros2_ws/src/mycobot_ros2/build/mycobot_moveit_config': CMAKE_PREFIX_PATH=${CMAKE_PREFIX_PATH}:/opt/ros/jazzy /usr/bin/cmake --build /home/notandi/ros2_ws/src/mycobot_ros2/build/mycobot_moveit_config -- -j12 -l12
[2.477s] DEBUG:colcon.colcon_core.event_handler.log_command:Invoked command in '/home/notandi/ros2_ws/src/mycobot_ros2/build/mycobot_moveit_config' returned '0': CMAKE_PREFIX_PATH=${CMAKE_PREFIX_PATH}:/opt/ros/jazzy /usr/bin/cmake --build /home/notandi/ros2_ws/src/mycobot_ros2/build/mycobot_moveit_config -- -j12 -l12
[2.486s] DEBUG:colcon.colcon_core.event_handler.log_command:Invoking command in '/home/notandi/ros2_ws/src/mycobot_ros2/build/mycobot_moveit_config': CMAKE_PREFIX_PATH=${CMAKE_PREFIX_PATH}:/opt/ros/jazzy /usr/bin/cmake --install /home/notandi/ros2_ws/src/mycobot_ros2/build/mycobot_moveit_config
[2.501s] Level 1:colcon.colcon_core.environment:create_environment_scripts_only(mycobot_moveit_config)
[2.502s] DEBUG:colcon.colcon_core.event_handler.log_command:Invoked command in '/home/notandi/ros2_ws/src/mycobot_ros2/build/mycobot_moveit_config' returned '0': CMAKE_PREFIX_PATH=${CMAKE_PREFIX_PATH}:/opt/ros/jazzy /usr/bin/cmake --install /home/notandi/ros2_ws/src/mycobot_ros2/build/mycobot_moveit_config
[2.504s] Level 1:colcon.colcon_core.environment:checking '/home/notandi/ros2_ws/src/mycobot_ros2/install/mycobot_moveit_config' for CMake module files
[2.504s] Level 1:colcon.colcon_core.environment:checking '/home/notandi/ros2_ws/src/mycobot_ros2/install/mycobot_moveit_config' for CMake config files
[2.504s] Level 1:colcon.colcon_core.shell:create_environment_hook('mycobot_moveit_config', 'cmake_prefix_path')
[2.505s] INFO:colcon.colcon_core.shell:Creating environment hook '/home/notandi/ros2_ws/src/mycobot_ros2/install/mycobot_moveit_config/share/mycobot_moveit_config/hook/cmake_prefix_path.ps1'
[2.505s] INFO:colcon.colcon_core.shell:Creating environment descriptor '/home/notandi/ros2_ws/src/mycobot_ros2/install/mycobot_moveit_config/share/mycobot_moveit_config/hook/cmake_prefix_path.dsv'
[2.505s] INFO:colcon.colcon_core.shell:Creating environment hook '/home/notandi/ros2_ws/src/mycobot_ros2/install/mycobot_moveit_config/share/mycobot_moveit_config/hook/cmake_prefix_path.sh'
[2.506s] Level 1:colcon.colcon_core.environment:checking '/home/notandi/ros2_ws/src/mycobot_ros2/install/mycobot_moveit_config/bin'
[2.506s] Level 1:colcon.colcon_core.environment:checking '/home/notandi/ros2_ws/src/mycobot_ros2/install/mycobot_moveit_config/lib/pkgconfig/mycobot_moveit_config.pc'
[2.506s] Level 1:colcon.colcon_core.environment:checking '/home/notandi/ros2_ws/src/mycobot_ros2/install/mycobot_moveit_config/lib/python3.12/site-packages'
[2.506s] Level 1:colcon.colcon_core.environment:checking '/home/notandi/ros2_ws/src/mycobot_ros2/install/mycobot_moveit_config/bin'
[2.507s] INFO:colcon.colcon_core.shell:Creating package script '/home/notandi/ros2_ws/src/mycobot_ros2/install/mycobot_moveit_config/share/mycobot_moveit_config/package.ps1'
[2.507s] INFO:colcon.colcon_core.shell:Creating package descriptor '/home/notandi/ros2_ws/src/mycobot_ros2/install/mycobot_moveit_config/share/mycobot_moveit_config/package.dsv'
[2.508s] INFO:colcon.colcon_core.shell:Creating package script '/home/notandi/ros2_ws/src/mycobot_ros2/install/mycobot_moveit_config/share/mycobot_moveit_config/package.sh'
[2.508s] INFO:colcon.colcon_core.shell:Creating package script '/home/notandi/ros2_ws/src/mycobot_ros2/install/mycobot_moveit_config/share/mycobot_moveit_config/package.bash'
[2.509s] INFO:colcon.colcon_core.shell:Creating package script '/home/notandi/ros2_ws/src/mycobot_ros2/install/mycobot_moveit_config/share/mycobot_moveit_config/package.zsh'
[2.509s] Level 1:colcon.colcon_core.environment:create_file_with_runtime_dependencies(/home/notandi/ros2_ws/src/mycobot_ros2/install/mycobot_moveit_config/share/colcon-core/packages/mycobot_moveit_config)
[2.510s] Level 1:colcon.colcon_core.environment:create_environment_scripts_only(mycobot_moveit_config)
[2.510s] Level 1:colcon.colcon_core.environment:checking '/home/notandi/ros2_ws/src/mycobot_ros2/install/mycobot_moveit_config' for CMake module files
[2.510s] Level 1:colcon.colcon_core.environment:checking '/home/notandi/ros2_ws/src/mycobot_ros2/install/mycobot_moveit_config' for CMake config files
[2.510s] Level 1:colcon.colcon_core.shell:create_environment_hook('mycobot_moveit_config', 'cmake_prefix_path')
[2.510s] INFO:colcon.colcon_core.shell:Creating environment hook '/home/notandi/ros2_ws/src/mycobot_ros2/install/mycobot_moveit_config/share/mycobot_moveit_config/hook/cmake_prefix_path.ps1'
[2.511s] INFO:colcon.colcon_core.shell:Creating environment descriptor '/home/notandi/ros2_ws/src/mycobot_ros2/install/mycobot_moveit_config/share/mycobot_moveit_config/hook/cmake_prefix_path.dsv'
[2.511s] INFO:colcon.colcon_core.shell:Creating environment hook '/home/notandi/ros2_ws/src/mycobot_ros2/install/mycobot_moveit_config/share/mycobot_moveit_config/hook/cmake_prefix_path.sh'
[2.512s] Level 1:colcon.colcon_core.environment:checking '/home/notandi/ros2_ws/src/mycobot_ros2/install/mycobot_moveit_config/bin'
[2.512s] Level 1:colcon.colcon_core.environment:checking '/home/notandi/ros2_ws/src/mycobot_ros2/install/mycobot_moveit_config/lib/pkgconfig/mycobot_moveit_config.pc'
[2.512s] Level 1:colcon.colcon_core.environment:checking '/home/notandi/ros2_ws/src/mycobot_ros2/install/mycobot_moveit_config/lib/python3.12/site-packages'
[2.512s] Level 1:colcon.colcon_core.environment:checking '/home/notandi/ros2_ws/src/mycobot_ros2/install/mycobot_moveit_config/bin'
[2.512s] INFO:colcon.colcon_core.shell:Creating package script '/home/notandi/ros2_ws/src/mycobot_ros2/install/mycobot_moveit_config/share/mycobot_moveit_config/package.ps1'
[2.513s] INFO:colcon.colcon_core.shell:Creating package descriptor '/home/notandi/ros2_ws/src/mycobot_ros2/install/mycobot_moveit_config/share/mycobot_moveit_config/package.dsv'
[2.513s] INFO:colcon.colcon_core.shell:Creating package script '/home/notandi/ros2_ws/src/mycobot_ros2/install/mycobot_moveit_config/share/mycobot_moveit_config/package.sh'
[2.513s] INFO:colcon.colcon_core.shell:Creating package script '/home/notandi/ros2_ws/src/mycobot_ros2/install/mycobot_moveit_config/share/mycobot_moveit_config/package.bash'
[2.514s] INFO:colcon.colcon_core.shell:Creating package script '/home/notandi/ros2_ws/src/mycobot_ros2/install/mycobot_moveit_config/share/mycobot_moveit_config/package.zsh'
[2.514s] Level 1:colcon.colcon_core.environment:create_file_with_runtime_dependencies(/home/notandi/ros2_ws/src/mycobot_ros2/install/mycobot_moveit_config/share/colcon-core/packages/mycobot_moveit_config)
[2.566s] DEBUG:colcon.colcon_core.event_handler.log_command:Invoked command in '/home/notandi/ros2_ws/src/mycobot_ros2/build/mycobot_bringup' returned '0': CMAKE_PREFIX_PATH=${CMAKE_PREFIX_PATH}:/opt/ros/jazzy /usr/bin/cmake /home/notandi/ros2_ws/src/mycobot_ros2/mycobot_bringup -DCMAKE_INSTALL_PREFIX=/home/notandi/ros2_ws/src/mycobot_ros2/install/mycobot_bringup
[2.567s] DEBUG:colcon.colcon_core.event_handler.log_command:Invoking command in '/home/notandi/ros2_ws/src/mycobot_ros2/build/mycobot_bringup': CMAKE_PREFIX_PATH=${CMAKE_PREFIX_PATH}:/opt/ros/jazzy /usr/bin/cmake --build /home/notandi/ros2_ws/src/mycobot_ros2/build/mycobot_bringup -- -j12 -l12
[2.602s] DEBUG:colcon.colcon_core.event_handler.log_command:Invoked command in '/home/notandi/ros2_ws/src/mycobot_ros2/build/mycobot_bringup' returned '0': CMAKE_PREFIX_PATH=${CMAKE_PREFIX_PATH}:/opt/ros/jazzy /usr/bin/cmake --build /home/notandi/ros2_ws/src/mycobot_ros2/build/mycobot_bringup -- -j12 -l12
[2.602s] DEBUG:colcon.colcon_core.event_handler.log_command:Invoking command in '/home/notandi/ros2_ws/src/mycobot_ros2/build/mycobot_bringup': CMAKE_PREFIX_PATH=${CMAKE_PREFIX_PATH}:/opt/ros/jazzy /usr/bin/cmake --install /home/notandi/ros2_ws/src/mycobot_ros2/build/mycobot_bringup
[2.612s] Level 1:colcon.colcon_core.environment:create_environment_scripts_only(mycobot_bringup)
[2.612s] DEBUG:colcon.colcon_core.event_handler.log_command:Invoked command in '/home/notandi/ros2_ws/src/mycobot_ros2/build/mycobot_bringup' returned '0': CMAKE_PREFIX_PATH=${CMAKE_PREFIX_PATH}:/opt/ros/jazzy /usr/bin/cmake --install /home/notandi/ros2_ws/src/mycobot_ros2/build/mycobot_bringup
[2.612s] Level 1:colcon.colcon_core.environment:checking '/home/notandi/ros2_ws/src/mycobot_ros2/install/mycobot_bringup' for CMake module files
[2.613s] Level 1:colcon.colcon_core.environment:checking '/home/notandi/ros2_ws/src/mycobot_ros2/install/mycobot_bringup' for CMake config files
[2.613s] Level 1:colcon.colcon_core.shell:create_environment_hook('mycobot_bringup', 'cmake_prefix_path')
[2.613s] INFO:colcon.colcon_core.shell:Creating environment hook '/home/notandi/ros2_ws/src/mycobot_ros2/install/mycobot_bringup/share/mycobot_bringup/hook/cmake_prefix_path.ps1'
[2.613s] INFO:colcon.colcon_core.shell:Creating environment descriptor '/home/notandi/ros2_ws/src/mycobot_ros2/install/mycobot_bringup/share/mycobot_bringup/hook/cmake_prefix_path.dsv'
[2.613s] INFO:colcon.colcon_core.shell:Creating environment hook '/home/notandi/ros2_ws/src/mycobot_ros2/install/mycobot_bringup/share/mycobot_bringup/hook/cmake_prefix_path.sh'
[2.614s] Level 1:colcon.colcon_core.environment:checking '/home/notandi/ros2_ws/src/mycobot_ros2/install/mycobot_bringup/bin'
[2.614s] Level 1:colcon.colcon_core.environment:checking '/home/notandi/ros2_ws/src/mycobot_ros2/install/mycobot_bringup/lib/pkgconfig/mycobot_bringup.pc'
[2.614s] Level 1:colcon.colcon_core.environment:checking '/home/notandi/ros2_ws/src/mycobot_ros2/install/mycobot_bringup/lib/python3.12/site-packages'
[2.614s] Level 1:colcon.colcon_core.environment:checking '/home/notandi/ros2_ws/src/mycobot_ros2/install/mycobot_bringup/bin'
[2.614s] INFO:colcon.colcon_core.shell:Creating package script '/home/notandi/ros2_ws/src/mycobot_ros2/install/mycobot_bringup/share/mycobot_bringup/package.ps1'
[2.615s] INFO:colcon.colcon_core.shell:Creating package descriptor '/home/notandi/ros2_ws/src/mycobot_ros2/install/mycobot_bringup/share/mycobot_bringup/package.dsv'
[2.615s] INFO:colcon.colcon_core.shell:Creating package script '/home/notandi/ros2_ws/src/mycobot_ros2/install/mycobot_bringup/share/mycobot_bringup/package.sh'
[2.615s] INFO:colcon.colcon_core.shell:Creating package script '/home/notandi/ros2_ws/src/mycobot_ros2/install/mycobot_bringup/share/mycobot_bringup/package.bash'
[2.615s] INFO:colcon.colcon_core.shell:Creating package script '/home/notandi/ros2_ws/src/mycobot_ros2/install/mycobot_bringup/share/mycobot_bringup/package.zsh'
[2.615s] Level 1:colcon.colcon_core.environment:create_file_with_runtime_dependencies(/home/notandi/ros2_ws/src/mycobot_ros2/install/mycobot_bringup/share/colcon-core/packages/mycobot_bringup)
[2.616s] Level 1:colcon.colcon_core.environment:create_environment_scripts_only(mycobot_bringup)
[2.616s] Level 1:colcon.colcon_core.environment:checking '/home/notandi/ros2_ws/src/mycobot_ros2/install/mycobot_bringup' for CMake module files
[2.616s] Level 1:colcon.colcon_core.environment:checking '/home/notandi/ros2_ws/src/mycobot_ros2/install/mycobot_bringup' for CMake config files
[2.616s] Level 1:colcon.colcon_core.shell:create_environment_hook('mycobot_bringup', 'cmake_prefix_path')
[2.617s] INFO:colcon.colcon_core.shell:Creating environment hook '/home/notandi/ros2_ws/src/mycobot_ros2/install/mycobot_bringup/share/mycobot_bringup/hook/cmake_prefix_path.ps1'
[2.617s] INFO:colcon.colcon_core.shell:Creating environment descriptor '/home/notandi/ros2_ws/src/mycobot_ros2/install/mycobot_bringup/share/mycobot_bringup/hook/cmake_prefix_path.dsv'
[2.617s] INFO:colcon.colcon_core.shell:Creating environment hook '/home/notandi/ros2_ws/src/mycobot_ros2/install/mycobot_bringup/share/mycobot_bringup/hook/cmake_prefix_path.sh'
[2.617s] Level 1:colcon.colcon_core.environment:checking '/home/notandi/ros2_ws/src/mycobot_ros2/install/mycobot_bringup/bin'
[2.617s] Level 1:colcon.colcon_core.environment:checking '/home/notandi/ros2_ws/src/mycobot_ros2/install/mycobot_bringup/lib/pkgconfig/mycobot_bringup.pc'
[2.618s] Level 1:colcon.colcon_core.environment:checking '/home/notandi/ros2_ws/src/mycobot_ros2/install/mycobot_bringup/lib/python3.12/site-packages'
[2.618s] Level 1:colcon.colcon_core.environment:checking '/home/notandi/ros2_ws/src/mycobot_ros2/install/mycobot_bringup/bin'
[2.618s] INFO:colcon.colcon_core.shell:Creating package script '/home/notandi/ros2_ws/src/mycobot_ros2/install/mycobot_bringup/share/mycobot_bringup/package.ps1'
[2.618s] INFO:colcon.colcon_core.shell:Creating package descriptor '/home/notandi/ros2_ws/src/mycobot_ros2/install/mycobot_bringup/share/mycobot_bringup/package.dsv'
[2.619s] INFO:colcon.colcon_core.shell:Creating package script '/home/notandi/ros2_ws/src/mycobot_ros2/install/mycobot_bringup/share/mycobot_bringup/package.sh'
[2.619s] INFO:colcon.colcon_core.shell:Creating package script '/home/notandi/ros2_ws/src/mycobot_ros2/install/mycobot_bringup/share/mycobot_bringup/package.bash'
[2.619s] INFO:colcon.colcon_core.shell:Creating package script '/home/notandi/ros2_ws/src/mycobot_ros2/install/mycobot_bringup/share/mycobot_bringup/package.zsh'
[2.620s] Level 1:colcon.colcon_core.environment:create_file_with_runtime_dependencies(/home/notandi/ros2_ws/src/mycobot_ros2/install/mycobot_bringup/share/colcon-core/packages/mycobot_bringup)
[2.641s] DEBUG:colcon.colcon_core.event_handler.log_command:Invoked command in '/home/notandi/ros2_ws/src/mycobot_ros2/build/mycobot_description' returned '0': CMAKE_PREFIX_PATH=${CMAKE_PREFIX_PATH}:/opt/ros/jazzy /usr/bin/cmake /home/notandi/ros2_ws/src/mycobot_ros2/mycobot_description -DCMAKE_INSTALL_PREFIX=/home/notandi/ros2_ws/src/mycobot_ros2/install/mycobot_description
[2.641s] DEBUG:colcon.colcon_core.event_handler.log_command:Invoking command in '/home/notandi/ros2_ws/src/mycobot_ros2/build/mycobot_description': CMAKE_PREFIX_PATH=${CMAKE_PREFIX_PATH}:/opt/ros/jazzy /usr/bin/cmake --build /home/notandi/ros2_ws/src/mycobot_ros2/build/mycobot_description -- -j12 -l12
[2.672s] DEBUG:colcon.colcon_core.event_handler.log_command:Invoked command in '/home/notandi/ros2_ws/src/mycobot_ros2/build/mycobot_description' returned '0': CMAKE_PREFIX_PATH=${CMAKE_PREFIX_PATH}:/opt/ros/jazzy /usr/bin/cmake --build /home/notandi/ros2_ws/src/mycobot_ros2/build/mycobot_description -- -j12 -l12
[2.673s] DEBUG:colcon.colcon_core.event_handler.log_command:Invoking command in '/home/notandi/ros2_ws/src/mycobot_ros2/build/mycobot_description': CMAKE_PREFIX_PATH=${CMAKE_PREFIX_PATH}:/opt/ros/jazzy /usr/bin/cmake --install /home/notandi/ros2_ws/src/mycobot_ros2/build/mycobot_description
[2.693s] DEBUG:colcon.colcon_core.event_handler.log_command:Invoked command in '/home/notandi/ros2_ws/src/mycobot_ros2/build/mycobot_system_tests' returned '0': CMAKE_PREFIX_PATH=${CMAKE_PREFIX_PATH}:/opt/ros/jazzy /usr/bin/cmake /home/notandi/ros2_ws/src/mycobot_ros2/mycobot_system_tests -DCMAKE_INSTALL_PREFIX=/home/notandi/ros2_ws/src/mycobot_ros2/install/mycobot_system_tests
[2.694s] DEBUG:colcon.colcon_core.event_handler.log_command:Invoking command in '/home/notandi/ros2_ws/src/mycobot_ros2/build/mycobot_system_tests': CMAKE_PREFIX_PATH=${CMAKE_PREFIX_PATH}:/opt/ros/jazzy /usr/bin/cmake --build /home/notandi/ros2_ws/src/mycobot_ros2/build/mycobot_system_tests -- -j12 -l12
[2.725s] DEBUG:colcon.colcon_core.event_handler.log_command:Invoked command in '/home/notandi/ros2_ws/src/mycobot_ros2/build/mycobot_system_tests' returned '0': CMAKE_PREFIX_PATH=${CMAKE_PREFIX_PATH}:/opt/ros/jazzy /usr/bin/cmake --build /home/notandi/ros2_ws/src/mycobot_ros2/build/mycobot_system_tests -- -j12 -l12
[2.726s] DEBUG:colcon.colcon_core.event_handler.log_command:Invoking command in '/home/notandi/ros2_ws/src/mycobot_ros2/build/mycobot_system_tests': CMAKE_PREFIX_PATH=${CMAKE_PREFIX_PATH}:/opt/ros/jazzy /usr/bin/cmake --install /home/notandi/ros2_ws/src/mycobot_ros2/build/mycobot_system_tests
[2.737s] Level 1:colcon.colcon_core.environment:create_environment_scripts_only(mycobot_system_tests)
[2.738s] Level 1:colcon.colcon_core.environment:checking '/home/notandi/ros2_ws/src/mycobot_ros2/install/mycobot_system_tests' for CMake module files
[2.738s] DEBUG:colcon.colcon_core.event_handler.log_command:Invoked command in '/home/notandi/ros2_ws/src/mycobot_ros2/build/mycobot_system_tests' returned '0': CMAKE_PREFIX_PATH=${CMAKE_PREFIX_PATH}:/opt/ros/jazzy /usr/bin/cmake --install /home/notandi/ros2_ws/src/mycobot_ros2/build/mycobot_system_tests
[2.739s] Level 1:colcon.colcon_core.environment:checking '/home/notandi/ros2_ws/src/mycobot_ros2/install/mycobot_system_tests' for CMake config files
[2.739s] Level 1:colcon.colcon_core.shell:create_environment_hook('mycobot_system_tests', 'cmake_prefix_path')
[2.740s] INFO:colcon.colcon_core.shell:Creating environment hook '/home/notandi/ros2_ws/src/mycobot_ros2/install/mycobot_system_tests/share/mycobot_system_tests/hook/cmake_prefix_path.ps1'
[2.740s] INFO:colcon.colcon_core.shell:Creating environment descriptor '/home/notandi/ros2_ws/src/mycobot_ros2/install/mycobot_system_tests/share/mycobot_system_tests/hook/cmake_prefix_path.dsv'
[2.740s] INFO:colcon.colcon_core.shell:Creating environment hook '/home/notandi/ros2_ws/src/mycobot_ros2/install/mycobot_system_tests/share/mycobot_system_tests/hook/cmake_prefix_path.sh'
[2.741s] Level 1:colcon.colcon_core.environment:checking '/home/notandi/ros2_ws/src/mycobot_ros2/install/mycobot_system_tests/bin'
[2.741s] Level 1:colcon.colcon_core.environment:checking '/home/notandi/ros2_ws/src/mycobot_ros2/install/mycobot_system_tests/lib/pkgconfig/mycobot_system_tests.pc'
[2.741s] Level 1:colcon.colcon_core.environment:checking '/home/notandi/ros2_ws/src/mycobot_ros2/install/mycobot_system_tests/lib/python3.12/site-packages'
[2.741s] Level 1:colcon.colcon_core.environment:checking '/home/notandi/ros2_ws/src/mycobot_ros2/install/mycobot_system_tests/bin'
[2.741s] INFO:colcon.colcon_core.shell:Creating package script '/home/notandi/ros2_ws/src/mycobot_ros2/install/mycobot_system_tests/share/mycobot_system_tests/package.ps1'
[2.742s] INFO:colcon.colcon_core.shell:Creating package descriptor '/home/notandi/ros2_ws/src/mycobot_ros2/install/mycobot_system_tests/share/mycobot_system_tests/package.dsv'
[2.743s] INFO:colcon.colcon_core.shell:Creating package script '/home/notandi/ros2_ws/src/mycobot_ros2/install/mycobot_system_tests/share/mycobot_system_tests/package.sh'
[2.743s] INFO:colcon.colcon_core.shell:Creating package script '/home/notandi/ros2_ws/src/mycobot_ros2/install/mycobot_system_tests/share/mycobot_system_tests/package.bash'
[2.743s] INFO:colcon.colcon_core.shell:Creating package script '/home/notandi/ros2_ws/src/mycobot_ros2/install/mycobot_system_tests/share/mycobot_system_tests/package.zsh'
[2.743s] Level 1:colcon.colcon_core.environment:create_file_with_runtime_dependencies(/home/notandi/ros2_ws/src/mycobot_ros2/install/mycobot_system_tests/share/colcon-core/packages/mycobot_system_tests)
[2.744s] Level 1:colcon.colcon_core.environment:create_environment_scripts_only(mycobot_system_tests)
[2.744s] Level 1:colcon.colcon_core.environment:checking '/home/notandi/ros2_ws/src/mycobot_ros2/install/mycobot_system_tests' for CMake module files
[2.745s] Level 1:colcon.colcon_core.environment:checking '/home/notandi/ros2_ws/src/mycobot_ros2/install/mycobot_system_tests' for CMake config files
[2.745s] Level 1:colcon.colcon_core.shell:create_environment_hook('mycobot_system_tests', 'cmake_prefix_path')
[2.745s] INFO:colcon.colcon_core.shell:Creating environment hook '/home/notandi/ros2_ws/src/mycobot_ros2/install/mycobot_system_tests/share/mycobot_system_tests/hook/cmake_prefix_path.ps1'
[2.745s] INFO:colcon.colcon_core.shell:Creating environment descriptor '/home/notandi/ros2_ws/src/mycobot_ros2/install/mycobot_system_tests/share/mycobot_system_tests/hook/cmake_prefix_path.dsv'
[2.746s] INFO:colcon.colcon_core.shell:Creating environment hook '/home/notandi/ros2_ws/src/mycobot_ros2/install/mycobot_system_tests/share/mycobot_system_tests/hook/cmake_prefix_path.sh'
[2.746s] Level 1:colcon.colcon_core.environment:checking '/home/notandi/ros2_ws/src/mycobot_ros2/install/mycobot_system_tests/bin'
[2.746s] Level 1:colcon.colcon_core.environment:checking '/home/notandi/ros2_ws/src/mycobot_ros2/install/mycobot_system_tests/lib/pkgconfig/mycobot_system_tests.pc'
[2.746s] Level 1:colcon.colcon_core.environment:checking '/home/notandi/ros2_ws/src/mycobot_ros2/install/mycobot_system_tests/lib/python3.12/site-packages'
[2.747s] Level 1:colcon.colcon_core.environment:checking '/home/notandi/ros2_ws/src/mycobot_ros2/install/mycobot_system_tests/bin'
[2.747s] INFO:colcon.colcon_core.shell:Creating package script '/home/notandi/ros2_ws/src/mycobot_ros2/install/mycobot_system_tests/share/mycobot_system_tests/package.ps1'
[2.747s] INFO:colcon.colcon_core.shell:Creating package descriptor '/home/notandi/ros2_ws/src/mycobot_ros2/install/mycobot_system_tests/share/mycobot_system_tests/package.dsv'
[2.748s] INFO:colcon.colcon_core.shell:Creating package script '/home/notandi/ros2_ws/src/mycobot_ros2/install/mycobot_system_tests/share/mycobot_system_tests/package.sh'
[2.748s] INFO:colcon.colcon_core.shell:Creating package script '/home/notandi/ros2_ws/src/mycobot_ros2/install/mycobot_system_tests/share/mycobot_system_tests/package.bash'
[2.748s] INFO:colcon.colcon_core.shell:Creating package script '/home/notandi/ros2_ws/src/mycobot_ros2/install/mycobot_system_tests/share/mycobot_system_tests/package.zsh'
[2.749s] Level 1:colcon.colcon_core.environment:create_file_with_runtime_dependencies(/home/notandi/ros2_ws/src/mycobot_ros2/install/mycobot_system_tests/share/colcon-core/packages/mycobot_system_tests)
[2.776s] Level 1:colcon.colcon_core.environment:create_environment_scripts_only(mycobot_description)
[2.776s] Level 1:colcon.colcon_core.environment:checking '/home/notandi/ros2_ws/src/mycobot_ros2/install/mycobot_description' for CMake module files
[2.776s] DEBUG:colcon.colcon_core.event_handler.log_command:Invoked command in '/home/notandi/ros2_ws/src/mycobot_ros2/build/mycobot_description' returned '0': CMAKE_PREFIX_PATH=${CMAKE_PREFIX_PATH}:/opt/ros/jazzy /usr/bin/cmake --install /home/notandi/ros2_ws/src/mycobot_ros2/build/mycobot_description
[2.777s] Level 1:colcon.colcon_core.environment:checking '/home/notandi/ros2_ws/src/mycobot_ros2/install/mycobot_description' for CMake config files
[2.777s] Level 1:colcon.colcon_core.shell:create_environment_hook('mycobot_description', 'cmake_prefix_path')
[2.777s] INFO:colcon.colcon_core.shell:Creating environment hook '/home/notandi/ros2_ws/src/mycobot_ros2/install/mycobot_description/share/mycobot_description/hook/cmake_prefix_path.ps1'
[2.778s] INFO:colcon.colcon_core.shell:Creating environment descriptor '/home/notandi/ros2_ws/src/mycobot_ros2/install/mycobot_description/share/mycobot_description/hook/cmake_prefix_path.dsv'
[2.778s] INFO:colcon.colcon_core.shell:Creating environment hook '/home/notandi/ros2_ws/src/mycobot_ros2/install/mycobot_description/share/mycobot_description/hook/cmake_prefix_path.sh'
[2.778s] Level 1:colcon.colcon_core.environment:checking '/home/notandi/ros2_ws/src/mycobot_ros2/install/mycobot_description/bin'
[2.778s] Level 1:colcon.colcon_core.environment:checking '/home/notandi/ros2_ws/src/mycobot_ros2/install/mycobot_description/lib/pkgconfig/mycobot_description.pc'
[2.779s] Level 1:colcon.colcon_core.environment:checking '/home/notandi/ros2_ws/src/mycobot_ros2/install/mycobot_description/lib/python3.12/site-packages'
[2.779s] Level 1:colcon.colcon_core.environment:checking '/home/notandi/ros2_ws/src/mycobot_ros2/install/mycobot_description/bin'
[2.779s] INFO:colcon.colcon_core.shell:Creating package script '/home/notandi/ros2_ws/src/mycobot_ros2/install/mycobot_description/share/mycobot_description/package.ps1'
[2.779s] INFO:colcon.colcon_core.shell:Creating package descriptor '/home/notandi/ros2_ws/src/mycobot_ros2/install/mycobot_description/share/mycobot_description/package.dsv'
[2.779s] INFO:colcon.colcon_core.shell:Creating package script '/home/notandi/ros2_ws/src/mycobot_ros2/install/mycobot_description/share/mycobot_description/package.sh'
[2.780s] INFO:colcon.colcon_core.shell:Creating package script '/home/notandi/ros2_ws/src/mycobot_ros2/install/mycobot_description/share/mycobot_description/package.bash'
[2.780s] INFO:colcon.colcon_core.shell:Creating package script '/home/notandi/ros2_ws/src/mycobot_ros2/install/mycobot_description/share/mycobot_description/package.zsh'
[2.780s] Level 1:colcon.colcon_core.environment:create_file_with_runtime_dependencies(/home/notandi/ros2_ws/src/mycobot_ros2/install/mycobot_description/share/colcon-core/packages/mycobot_description)
[2.781s] Level 1:colcon.colcon_core.environment:create_environment_scripts_only(mycobot_description)
[2.781s] Level 1:colcon.colcon_core.environment:checking '/home/notandi/ros2_ws/src/mycobot_ros2/install/mycobot_description' for CMake module files
[2.781s] Level 1:colcon.colcon_core.environment:checking '/home/notandi/ros2_ws/src/mycobot_ros2/install/mycobot_description' for CMake config files
[2.781s] Level 1:colcon.colcon_core.shell:create_environment_hook('mycobot_description', 'cmake_prefix_path')
[2.781s] INFO:colcon.colcon_core.shell:Creating environment hook '/home/notandi/ros2_ws/src/mycobot_ros2/install/mycobot_description/share/mycobot_description/hook/cmake_prefix_path.ps1'
[2.781s] INFO:colcon.colcon_core.shell:Creating environment descriptor '/home/notandi/ros2_ws/src/mycobot_ros2/install/mycobot_description/share/mycobot_description/hook/cmake_prefix_path.dsv'
[2.782s] INFO:colcon.colcon_core.shell:Creating environment hook '/home/notandi/ros2_ws/src/mycobot_ros2/install/mycobot_description/share/mycobot_description/hook/cmake_prefix_path.sh'
[2.782s] Level 1:colcon.colcon_core.environment:checking '/home/notandi/ros2_ws/src/mycobot_ros2/install/mycobot_description/bin'
[2.782s] Level 1:colcon.colcon_core.environment:checking '/home/notandi/ros2_ws/src/mycobot_ros2/install/mycobot_description/lib/pkgconfig/mycobot_description.pc'
[2.782s] Level 1:colcon.colcon_core.environment:checking '/home/notandi/ros2_ws/src/mycobot_ros2/install/mycobot_description/lib/python3.12/site-packages'
[2.782s] Level 1:colcon.colcon_core.environment:checking '/home/notandi/ros2_ws/src/mycobot_ros2/install/mycobot_description/bin'
[2.782s] INFO:colcon.colcon_core.shell:Creating package script '/home/notandi/ros2_ws/src/mycobot_ros2/install/mycobot_description/share/mycobot_description/package.ps1'
[2.783s] INFO:colcon.colcon_core.shell:Creating package descriptor '/home/notandi/ros2_ws/src/mycobot_ros2/install/mycobot_description/share/mycobot_description/package.dsv'
[2.783s] INFO:colcon.colcon_core.shell:Creating package script '/home/notandi/ros2_ws/src/mycobot_ros2/install/mycobot_description/share/mycobot_description/package.sh'
[2.783s] INFO:colcon.colcon_core.shell:Creating package script '/home/notandi/ros2_ws/src/mycobot_ros2/install/mycobot_description/share/mycobot_description/package.bash'
[2.783s] INFO:colcon.colcon_core.shell:Creating package script '/home/notandi/ros2_ws/src/mycobot_ros2/install/mycobot_description/share/mycobot_description/package.zsh'
[2.784s] Level 1:colcon.colcon_core.environment:create_file_with_runtime_dependencies(/home/notandi/ros2_ws/src/mycobot_ros2/install/mycobot_description/share/colcon-core/packages/mycobot_description)
[3.846s] DEBUG:colcon.colcon_core.event_handler.log_command:Invoked command in '/home/notandi/ros2_ws/src/mycobot_ros2/build/mycobot_gazebo' returned '0': CMAKE_PREFIX_PATH=${CMAKE_PREFIX_PATH}:/opt/ros/jazzy /usr/bin/cmake /home/notandi/ros2_ws/src/mycobot_ros2/mycobot_gazebo -DCMAKE_INSTALL_PREFIX=/home/notandi/ros2_ws/src/mycobot_ros2/install/mycobot_gazebo
[3.847s] DEBUG:colcon.colcon_core.event_handler.log_command:Invoking command in '/home/notandi/ros2_ws/src/mycobot_ros2/build/mycobot_gazebo': CMAKE_PREFIX_PATH=${CMAKE_PREFIX_PATH}:/opt/ros/jazzy /usr/bin/cmake --build /home/notandi/ros2_ws/src/mycobot_ros2/build/mycobot_gazebo -- -j12 -l12
[3.878s] DEBUG:colcon.colcon_core.event_handler.log_command:Invoked command in '/home/notandi/ros2_ws/src/mycobot_ros2/build/mycobot_gazebo' returned '0': CMAKE_PREFIX_PATH=${CMAKE_PREFIX_PATH}:/opt/ros/jazzy /usr/bin/cmake --build /home/notandi/ros2_ws/src/mycobot_ros2/build/mycobot_gazebo -- -j12 -l12
[3.879s] DEBUG:colcon.colcon_core.event_handler.log_command:Invoking command in '/home/notandi/ros2_ws/src/mycobot_ros2/build/mycobot_gazebo': CMAKE_PREFIX_PATH=${CMAKE_PREFIX_PATH}:/opt/ros/jazzy /usr/bin/cmake --install /home/notandi/ros2_ws/src/mycobot_ros2/build/mycobot_gazebo
[4.302s] Level 1:colcon.colcon_core.environment:create_environment_scripts_only(mycobot_gazebo)
[4.302s] Level 1:colcon.colcon_core.environment:checking '/home/notandi/ros2_ws/src/mycobot_ros2/install/mycobot_gazebo' for CMake module files
[4.302s] DEBUG:colcon.colcon_core.event_handler.log_command:Invoked command in '/home/notandi/ros2_ws/src/mycobot_ros2/build/mycobot_gazebo' returned '0': CMAKE_PREFIX_PATH=${CMAKE_PREFIX_PATH}:/opt/ros/jazzy /usr/bin/cmake --install /home/notandi/ros2_ws/src/mycobot_ros2/build/mycobot_gazebo
[4.303s] Level 1:colcon.colcon_core.environment:checking '/home/notandi/ros2_ws/src/mycobot_ros2/install/mycobot_gazebo' for CMake config files
[4.306s] Level 1:colcon.colcon_core.shell:create_environment_hook('mycobot_gazebo', 'cmake_prefix_path')
[4.306s] INFO:colcon.colcon_core.shell:Creating environment hook '/home/notandi/ros2_ws/src/mycobot_ros2/install/mycobot_gazebo/share/mycobot_gazebo/hook/cmake_prefix_path.ps1'
[4.306s] INFO:colcon.colcon_core.shell:Creating environment descriptor '/home/notandi/ros2_ws/src/mycobot_ros2/install/mycobot_gazebo/share/mycobot_gazebo/hook/cmake_prefix_path.dsv'
[4.306s] INFO:colcon.colcon_core.shell:Creating environment hook '/home/notandi/ros2_ws/src/mycobot_ros2/install/mycobot_gazebo/share/mycobot_gazebo/hook/cmake_prefix_path.sh'
[4.307s] Level 1:colcon.colcon_core.environment:checking '/home/notandi/ros2_ws/src/mycobot_ros2/install/mycobot_gazebo/bin'
[4.307s] Level 1:colcon.colcon_core.environment:checking '/home/notandi/ros2_ws/src/mycobot_ros2/install/mycobot_gazebo/lib/pkgconfig/mycobot_gazebo.pc'
[4.307s] Level 1:colcon.colcon_core.environment:checking '/home/notandi/ros2_ws/src/mycobot_ros2/install/mycobot_gazebo/lib/python3.12/site-packages'
[4.307s] Level 1:colcon.colcon_core.environment:checking '/home/notandi/ros2_ws/src/mycobot_ros2/install/mycobot_gazebo/bin'
[4.307s] INFO:colcon.colcon_core.shell:Creating package script '/home/notandi/ros2_ws/src/mycobot_ros2/install/mycobot_gazebo/share/mycobot_gazebo/package.ps1'
[4.308s] INFO:colcon.colcon_core.shell:Creating package descriptor '/home/notandi/ros2_ws/src/mycobot_ros2/install/mycobot_gazebo/share/mycobot_gazebo/package.dsv'
[4.308s] INFO:colcon.colcon_core.shell:Creating package script '/home/notandi/ros2_ws/src/mycobot_ros2/install/mycobot_gazebo/share/mycobot_gazebo/package.sh'
[4.308s] INFO:colcon.colcon_core.shell:Creating package script '/home/notandi/ros2_ws/src/mycobot_ros2/install/mycobot_gazebo/share/mycobot_gazebo/package.bash'
[4.308s] INFO:colcon.colcon_core.shell:Creating package script '/home/notandi/ros2_ws/src/mycobot_ros2/install/mycobot_gazebo/share/mycobot_gazebo/package.zsh'
[4.308s] Level 1:colcon.colcon_core.environment:create_file_with_runtime_dependencies(/home/notandi/ros2_ws/src/mycobot_ros2/install/mycobot_gazebo/share/colcon-core/packages/mycobot_gazebo)
[4.309s] Level 1:colcon.colcon_core.environment:create_environment_scripts_only(mycobot_gazebo)
[4.309s] Level 1:colcon.colcon_core.environment:checking '/home/notandi/ros2_ws/src/mycobot_ros2/install/mycobot_gazebo' for CMake module files
[4.309s] Level 1:colcon.colcon_core.environment:checking '/home/notandi/ros2_ws/src/mycobot_ros2/install/mycobot_gazebo' for CMake config files
[4.312s] Level 1:colcon.colcon_core.shell:create_environment_hook('mycobot_gazebo', 'cmake_prefix_path')
[4.312s] INFO:colcon.colcon_core.shell:Creating environment hook '/home/notandi/ros2_ws/src/mycobot_ros2/install/mycobot_gazebo/share/mycobot_gazebo/hook/cmake_prefix_path.ps1'
[4.313s] INFO:colcon.colcon_core.shell:Creating environment descriptor '/home/notandi/ros2_ws/src/mycobot_ros2/install/mycobot_gazebo/share/mycobot_gazebo/hook/cmake_prefix_path.dsv'
[4.313s] INFO:colcon.colcon_core.shell:Creating environment hook '/home/notandi/ros2_ws/src/mycobot_ros2/install/mycobot_gazebo/share/mycobot_gazebo/hook/cmake_prefix_path.sh'
[4.313s] Level 1:colcon.colcon_core.environment:checking '/home/notandi/ros2_ws/src/mycobot_ros2/install/mycobot_gazebo/bin'
[4.313s] Level 1:colcon.colcon_core.environment:checking '/home/notandi/ros2_ws/src/mycobot_ros2/install/mycobot_gazebo/lib/pkgconfig/mycobot_gazebo.pc'
[4.313s] Level 1:colcon.colcon_core.environment:checking '/home/notandi/ros2_ws/src/mycobot_ros2/install/mycobot_gazebo/lib/python3.12/site-packages'
[4.314s] Level 1:colcon.colcon_core.environment:checking '/home/notandi/ros2_ws/src/mycobot_ros2/install/mycobot_gazebo/bin'
[4.314s] INFO:colcon.colcon_core.shell:Creating package script '/home/notandi/ros2_ws/src/mycobot_ros2/install/mycobot_gazebo/share/mycobot_gazebo/package.ps1'
[4.314s] INFO:colcon.colcon_core.shell:Creating package descriptor '/home/notandi/ros2_ws/src/mycobot_ros2/install/mycobot_gazebo/share/mycobot_gazebo/package.dsv'
[4.314s] INFO:colcon.colcon_core.shell:Creating package script '/home/notandi/ros2_ws/src/mycobot_ros2/install/mycobot_gazebo/share/mycobot_gazebo/package.sh'
[4.315s] INFO:colcon.colcon_core.shell:Creating package script '/home/notandi/ros2_ws/src/mycobot_ros2/install/mycobot_gazebo/share/mycobot_gazebo/package.bash'
[4.315s] INFO:colcon.colcon_core.shell:Creating package script '/home/notandi/ros2_ws/src/mycobot_ros2/install/mycobot_gazebo/share/mycobot_gazebo/package.zsh'
[4.315s] Level 1:colcon.colcon_core.environment:create_file_with_runtime_dependencies(/home/notandi/ros2_ws/src/mycobot_ros2/install/mycobot_gazebo/share/colcon-core/packages/mycobot_gazebo)
[4.316s] INFO:colcon.colcon_ros.task.ament_cmake.build:Building ROS package in '/home/notandi/ros2_ws/src/mycobot_ros2/mycobot_ros2' with build type 'ament_cmake'
[4.316s] INFO:colcon.colcon_cmake.task.cmake.build:Building CMake package in '/home/notandi/ros2_ws/src/mycobot_ros2/mycobot_ros2'
[4.316s] INFO:colcon.colcon_core.shell:Skip shell extension 'powershell' for command environment: Not usable outside of PowerShell
[4.316s] DEBUG:colcon.colcon_core.shell:Skip shell extension 'dsv' for command environment
[4.489s] DEBUG:colcon.colcon_core.event_handler.log_command:Invoking command in '/home/notandi/ros2_ws/src/mycobot_ros2/build/mycobot_ros2': AMENT_PREFIX_PATH=/home/notandi/ros2_ws/src/mycobot_ros2/install/mycobot_system_tests:/home/notandi/ros2_ws/src/mycobot_ros2/install/mycobot_moveit_config:/home/notandi/ros2_ws/src/mycobot_ros2/install/mycobot_gazebo:/home/notandi/ros2_ws/src/mycobot_ros2/install/mycobot_description:/home/notandi/ros2_ws/src/mycobot_ros2/install/mycobot_bringup:${AMENT_PREFIX_PATH} CMAKE_PREFIX_PATH=/home/notandi/ros2_ws/src/mycobot_ros2/install/mycobot_system_tests:/home/notandi/ros2_ws/src/mycobot_ros2/install/mycobot_moveit_config:/home/notandi/ros2_ws/src/mycobot_ros2/install/mycobot_gazebo:/home/notandi/ros2_ws/src/mycobot_ros2/install/mycobot_description:/home/notandi/ros2_ws/src/mycobot_ros2/install/mycobot_bringup:/opt/ros/jazzy/opt/gz_sim_vendor:/opt/ros/jazzy/opt/gz_sensors_vendor:/opt/ros/jazzy/opt/gz_physics_vendor:/opt/ros/jazzy/opt/sdformat_vendor:/opt/ros/jazzy/opt/gz_gui_vendor:/opt/ros/jazzy/opt/gz_transport_vendor:/opt/ros/jazzy/opt/gz_rendering_vendor:/opt/ros/jazzy/opt/gz_plugin_vendor:/opt/ros/jazzy/opt/gz_fuel_tools_vendor:/opt/ros/jazzy/opt/gz_msgs_vendor:/opt/ros/jazzy/opt/gz_common_vendor:/opt/ros/jazzy/opt/gz_math_vendor:/opt/ros/jazzy/opt/gz_utils_vendor:/opt/ros/jazzy/opt/gz_tools_vendor:/opt/ros/jazzy/opt/gz_ogre_next_vendor:/opt/ros/jazzy/opt/gz_dartsim_vendor:/opt/ros/jazzy/opt/gz_cmake_vendor:/opt/ros/jazzy /usr/bin/cmake /home/notandi/ros2_ws/src/mycobot_ros2/mycobot_ros2 -DCMAKE_INSTALL_PREFIX=/home/notandi/ros2_ws/src/mycobot_ros2/install/mycobot_ros2
[6.206s] DEBUG:colcon.colcon_core.event_handler.log_command:Invoked command in '/home/notandi/ros2_ws/src/mycobot_ros2/build/mycobot_ros2' returned '0': AMENT_PREFIX_PATH=/home/notandi/ros2_ws/src/mycobot_ros2/install/mycobot_system_tests:/home/notandi/ros2_ws/src/mycobot_ros2/install/mycobot_moveit_config:/home/notandi/ros2_ws/src/mycobot_ros2/install/mycobot_gazebo:/home/notandi/ros2_ws/src/mycobot_ros2/install/mycobot_description:/home/notandi/ros2_ws/src/mycobot_ros2/install/mycobot_bringup:${AMENT_PREFIX_PATH} CMAKE_PREFIX_PATH=/home/notandi/ros2_ws/src/mycobot_ros2/install/mycobot_system_tests:/home/notandi/ros2_ws/src/mycobot_ros2/install/mycobot_moveit_config:/home/notandi/ros2_ws/src/mycobot_ros2/install/mycobot_gazebo:/home/notandi/ros2_ws/src/mycobot_ros2/install/mycobot_description:/home/notandi/ros2_ws/src/mycobot_ros2/install/mycobot_bringup:/opt/ros/jazzy/opt/gz_sim_vendor:/opt/ros/jazzy/opt/gz_sensors_vendor:/opt/ros/jazzy/opt/gz_physics_vendor:/opt/ros/jazzy/opt/sdformat_vendor:/opt/ros/jazzy/opt/gz_gui_vendor:/opt/ros/jazzy/opt/gz_transport_vendor:/opt/ros/jazzy/opt/gz_rendering_vendor:/opt/ros/jazzy/opt/gz_plugin_vendor:/opt/ros/jazzy/opt/gz_fuel_tools_vendor:/opt/ros/jazzy/opt/gz_msgs_vendor:/opt/ros/jazzy/opt/gz_common_vendor:/opt/ros/jazzy/opt/gz_math_vendor:/opt/ros/jazzy/opt/gz_utils_vendor:/opt/ros/jazzy/opt/gz_tools_vendor:/opt/ros/jazzy/opt/gz_ogre_next_vendor:/opt/ros/jazzy/opt/gz_dartsim_vendor:/opt/ros/jazzy/opt/gz_cmake_vendor:/opt/ros/jazzy /usr/bin/cmake /home/notandi/ros2_ws/src/mycobot_ros2/mycobot_ros2 -DCMAKE_INSTALL_PREFIX=/home/notandi/ros2_ws/src/mycobot_ros2/install/mycobot_ros2
[6.206s] DEBUG:colcon.colcon_core.event_handler.log_command:Invoking command in '/home/notandi/ros2_ws/src/mycobot_ros2/build/mycobot_ros2': AMENT_PREFIX_PATH=/home/notandi/ros2_ws/src/mycobot_ros2/install/mycobot_system_tests:/home/notandi/ros2_ws/src/mycobot_ros2/install/mycobot_moveit_config:/home/notandi/ros2_ws/src/mycobot_ros2/install/mycobot_gazebo:/home/notandi/ros2_ws/src/mycobot_ros2/install/mycobot_description:/home/notandi/ros2_ws/src/mycobot_ros2/install/mycobot_bringup:${AMENT_PREFIX_PATH} CMAKE_PREFIX_PATH=/home/notandi/ros2_ws/src/mycobot_ros2/install/mycobot_system_tests:/home/notandi/ros2_ws/src/mycobot_ros2/install/mycobot_moveit_config:/home/notandi/ros2_ws/src/mycobot_ros2/install/mycobot_gazebo:/home/notandi/ros2_ws/src/mycobot_ros2/install/mycobot_description:/home/notandi/ros2_ws/src/mycobot_ros2/install/mycobot_bringup:/opt/ros/jazzy/opt/gz_sim_vendor:/opt/ros/jazzy/opt/gz_sensors_vendor:/opt/ros/jazzy/opt/gz_physics_vendor:/opt/ros/jazzy/opt/sdformat_vendor:/opt/ros/jazzy/opt/gz_gui_vendor:/opt/ros/jazzy/opt/gz_transport_vendor:/opt/ros/jazzy/opt/gz_rendering_vendor:/opt/ros/jazzy/opt/gz_plugin_vendor:/opt/ros/jazzy/opt/gz_fuel_tools_vendor:/opt/ros/jazzy/opt/gz_msgs_vendor:/opt/ros/jazzy/opt/gz_common_vendor:/opt/ros/jazzy/opt/gz_math_vendor:/opt/ros/jazzy/opt/gz_utils_vendor:/opt/ros/jazzy/opt/gz_tools_vendor:/opt/ros/jazzy/opt/gz_ogre_next_vendor:/opt/ros/jazzy/opt/gz_dartsim_vendor:/opt/ros/jazzy/opt/gz_cmake_vendor:/opt/ros/jazzy /usr/bin/cmake --build /home/notandi/ros2_ws/src/mycobot_ros2/build/mycobot_ros2 -- -j12 -l12
[6.235s] DEBUG:colcon.colcon_core.event_handler.log_command:Invoked command in '/home/notandi/ros2_ws/src/mycobot_ros2/build/mycobot_ros2' returned '0': AMENT_PREFIX_PATH=/home/notandi/ros2_ws/src/mycobot_ros2/install/mycobot_system_tests:/home/notandi/ros2_ws/src/mycobot_ros2/install/mycobot_moveit_config:/home/notandi/ros2_ws/src/mycobot_ros2/install/mycobot_gazebo:/home/notandi/ros2_ws/src/mycobot_ros2/install/mycobot_description:/home/notandi/ros2_ws/src/mycobot_ros2/install/mycobot_bringup:${AMENT_PREFIX_PATH} CMAKE_PREFIX_PATH=/home/notandi/ros2_ws/src/mycobot_ros2/install/mycobot_system_tests:/home/notandi/ros2_ws/src/mycobot_ros2/install/mycobot_moveit_config:/home/notandi/ros2_ws/src/mycobot_ros2/install/mycobot_gazebo:/home/notandi/ros2_ws/src/mycobot_ros2/install/mycobot_description:/home/notandi/ros2_ws/src/mycobot_ros2/install/mycobot_bringup:/opt/ros/jazzy/opt/gz_sim_vendor:/opt/ros/jazzy/opt/gz_sensors_vendor:/opt/ros/jazzy/opt/gz_physics_vendor:/opt/ros/jazzy/opt/sdformat_vendor:/opt/ros/jazzy/opt/gz_gui_vendor:/opt/ros/jazzy/opt/gz_transport_vendor:/opt/ros/jazzy/opt/gz_rendering_vendor:/opt/ros/jazzy/opt/gz_plugin_vendor:/opt/ros/jazzy/opt/gz_fuel_tools_vendor:/opt/ros/jazzy/opt/gz_msgs_vendor:/opt/ros/jazzy/opt/gz_common_vendor:/opt/ros/jazzy/opt/gz_math_vendor:/opt/ros/jazzy/opt/gz_utils_vendor:/opt/ros/jazzy/opt/gz_tools_vendor:/opt/ros/jazzy/opt/gz_ogre_next_vendor:/opt/ros/jazzy/opt/gz_dartsim_vendor:/opt/ros/jazzy/opt/gz_cmake_vendor:/opt/ros/jazzy /usr/bin/cmake --build /home/notandi/ros2_ws/src/mycobot_ros2/build/mycobot_ros2 -- -j12 -l12
[6.236s] DEBUG:colcon.colcon_core.event_handler.log_command:Invoking command in '/home/notandi/ros2_ws/src/mycobot_ros2/build/mycobot_ros2': AMENT_PREFIX_PATH=/home/notandi/ros2_ws/src/mycobot_ros2/install/mycobot_system_tests:/home/notandi/ros2_ws/src/mycobot_ros2/install/mycobot_moveit_config:/home/notandi/ros2_ws/src/mycobot_ros2/install/mycobot_gazebo:/home/notandi/ros2_ws/src/mycobot_ros2/install/mycobot_description:/home/notandi/ros2_ws/src/mycobot_ros2/install/mycobot_bringup:${AMENT_PREFIX_PATH} CMAKE_PREFIX_PATH=/home/notandi/ros2_ws/src/mycobot_ros2/install/mycobot_system_tests:/home/notandi/ros2_ws/src/mycobot_ros2/install/mycobot_moveit_config:/home/notandi/ros2_ws/src/mycobot_ros2/install/mycobot_gazebo:/home/notandi/ros2_ws/src/mycobot_ros2/install/mycobot_description:/home/notandi/ros2_ws/src/mycobot_ros2/install/mycobot_bringup:/opt/ros/jazzy/opt/gz_sim_vendor:/opt/ros/jazzy/opt/gz_sensors_vendor:/opt/ros/jazzy/opt/gz_physics_vendor:/opt/ros/jazzy/opt/sdformat_vendor:/opt/ros/jazzy/opt/gz_gui_vendor:/opt/ros/jazzy/opt/gz_transport_vendor:/opt/ros/jazzy/opt/gz_rendering_vendor:/opt/ros/jazzy/opt/gz_plugin_vendor:/opt/ros/jazzy/opt/gz_fuel_tools_vendor:/opt/ros/jazzy/opt/gz_msgs_vendor:/opt/ros/jazzy/opt/gz_common_vendor:/opt/ros/jazzy/opt/gz_math_vendor:/opt/ros/jazzy/opt/gz_utils_vendor:/opt/ros/jazzy/opt/gz_tools_vendor:/opt/ros/jazzy/opt/gz_ogre_next_vendor:/opt/ros/jazzy/opt/gz_dartsim_vendor:/opt/ros/jazzy/opt/gz_cmake_vendor:/opt/ros/jazzy /usr/bin/cmake --install /home/notandi/ros2_ws/src/mycobot_ros2/build/mycobot_ros2
[6.247s] Level 1:colcon.colcon_core.environment:create_environment_scripts_only(mycobot_ros2)
[6.247s] Level 1:colcon.colcon_core.environment:checking '/home/notandi/ros2_ws/src/mycobot_ros2/install/mycobot_ros2' for CMake module files
[6.247s] DEBUG:colcon.colcon_core.event_handler.log_command:Invoked command in '/home/notandi/ros2_ws/src/mycobot_ros2/build/mycobot_ros2' returned '0': AMENT_PREFIX_PATH=/home/notandi/ros2_ws/src/mycobot_ros2/install/mycobot_system_tests:/home/notandi/ros2_ws/src/mycobot_ros2/install/mycobot_moveit_config:/home/notandi/ros2_ws/src/mycobot_ros2/install/mycobot_gazebo:/home/notandi/ros2_ws/src/mycobot_ros2/install/mycobot_description:/home/notandi/ros2_ws/src/mycobot_ros2/install/mycobot_bringup:${AMENT_PREFIX_PATH} CMAKE_PREFIX_PATH=/home/notandi/ros2_ws/src/mycobot_ros2/install/mycobot_system_tests:/home/notandi/ros2_ws/src/mycobot_ros2/install/mycobot_moveit_config:/home/notandi/ros2_ws/src/mycobot_ros2/install/mycobot_gazebo:/home/notandi/ros2_ws/src/mycobot_ros2/install/mycobot_description:/home/notandi/ros2_ws/src/mycobot_ros2/install/mycobot_bringup:/opt/ros/jazzy/opt/gz_sim_vendor:/opt/ros/jazzy/opt/gz_sensors_vendor:/opt/ros/jazzy/opt/gz_physics_vendor:/opt/ros/jazzy/opt/sdformat_vendor:/opt/ros/jazzy/opt/gz_gui_vendor:/opt/ros/jazzy/opt/gz_transport_vendor:/opt/ros/jazzy/opt/gz_rendering_vendor:/opt/ros/jazzy/opt/gz_plugin_vendor:/opt/ros/jazzy/opt/gz_fuel_tools_vendor:/opt/ros/jazzy/opt/gz_msgs_vendor:/opt/ros/jazzy/opt/gz_common_vendor:/opt/ros/jazzy/opt/gz_math_vendor:/opt/ros/jazzy/opt/gz_utils_vendor:/opt/ros/jazzy/opt/gz_tools_vendor:/opt/ros/jazzy/opt/gz_ogre_next_vendor:/opt/ros/jazzy/opt/gz_dartsim_vendor:/opt/ros/jazzy/opt/gz_cmake_vendor:/opt/ros/jazzy /usr/bin/cmake --install /home/notandi/ros2_ws/src/mycobot_ros2/build/mycobot_ros2
[6.248s] Level 1:colcon.colcon_core.environment:checking '/home/notandi/ros2_ws/src/mycobot_ros2/install/mycobot_ros2' for CMake config files
[6.248s] Level 1:colcon.colcon_core.shell:create_environment_hook('mycobot_ros2', 'cmake_prefix_path')
[6.248s] INFO:colcon.colcon_core.shell:Creating environment hook '/home/notandi/ros2_ws/src/mycobot_ros2/install/mycobot_ros2/share/mycobot_ros2/hook/cmake_prefix_path.ps1'
[6.248s] INFO:colcon.colcon_core.shell:Creating environment descriptor '/home/notandi/ros2_ws/src/mycobot_ros2/install/mycobot_ros2/share/mycobot_ros2/hook/cmake_prefix_path.dsv'
[6.249s] INFO:colcon.colcon_core.shell:Creating environment hook '/home/notandi/ros2_ws/src/mycobot_ros2/install/mycobot_ros2/share/mycobot_ros2/hook/cmake_prefix_path.sh'
[6.249s] Level 1:colcon.colcon_core.environment:checking '/home/notandi/ros2_ws/src/mycobot_ros2/install/mycobot_ros2/bin'
[6.249s] Level 1:colcon.colcon_core.environment:checking '/home/notandi/ros2_ws/src/mycobot_ros2/install/mycobot_ros2/lib/pkgconfig/mycobot_ros2.pc'
[6.249s] Level 1:colcon.colcon_core.environment:checking '/home/notandi/ros2_ws/src/mycobot_ros2/install/mycobot_ros2/lib/python3.12/site-packages'
[6.249s] Level 1:colcon.colcon_core.environment:checking '/home/notandi/ros2_ws/src/mycobot_ros2/install/mycobot_ros2/bin'
[6.249s] INFO:colcon.colcon_core.shell:Creating package script '/home/notandi/ros2_ws/src/mycobot_ros2/install/mycobot_ros2/share/mycobot_ros2/package.ps1'
[6.250s] INFO:colcon.colcon_core.shell:Creating package descriptor '/home/notandi/ros2_ws/src/mycobot_ros2/install/mycobot_ros2/share/mycobot_ros2/package.dsv'
[6.250s] INFO:colcon.colcon_core.shell:Creating package script '/home/notandi/ros2_ws/src/mycobot_ros2/install/mycobot_ros2/share/mycobot_ros2/package.sh'
[6.250s] INFO:colcon.colcon_core.shell:Creating package script '/home/notandi/ros2_ws/src/mycobot_ros2/install/mycobot_ros2/share/mycobot_ros2/package.bash'
[6.250s] INFO:colcon.colcon_core.shell:Creating package script '/home/notandi/ros2_ws/src/mycobot_ros2/install/mycobot_ros2/share/mycobot_ros2/package.zsh'
[6.250s] Level 1:colcon.colcon_core.environment:create_file_with_runtime_dependencies(/home/notandi/ros2_ws/src/mycobot_ros2/install/mycobot_ros2/share/colcon-core/packages/mycobot_ros2)
[6.251s] Level 1:colcon.colcon_core.environment:create_environment_scripts_only(mycobot_ros2)
[6.251s] Level 1:colcon.colcon_core.environment:checking '/home/notandi/ros2_ws/src/mycobot_ros2/install/mycobot_ros2' for CMake module files
[6.251s] Level 1:colcon.colcon_core.environment:checking '/home/notandi/ros2_ws/src/mycobot_ros2/install/mycobot_ros2' for CMake config files
[6.252s] Level 1:colcon.colcon_core.shell:create_environment_hook('mycobot_ros2', 'cmake_prefix_path')
[6.252s] INFO:colcon.colcon_core.shell:Creating environment hook '/home/notandi/ros2_ws/src/mycobot_ros2/install/mycobot_ros2/share/mycobot_ros2/hook/cmake_prefix_path.ps1'
[6.252s] INFO:colcon.colcon_core.shell:Creating environment descriptor '/home/notandi/ros2_ws/src/mycobot_ros2/install/mycobot_ros2/share/mycobot_ros2/hook/cmake_prefix_path.dsv'
[6.253s] INFO:colcon.colcon_core.shell:Creating environment hook '/home/notandi/ros2_ws/src/mycobot_ros2/install/mycobot_ros2/share/mycobot_ros2/hook/cmake_prefix_path.sh'
[6.253s] Level 1:colcon.colcon_core.environment:checking '/home/notandi/ros2_ws/src/mycobot_ros2/install/mycobot_ros2/bin'
[6.253s] Level 1:colcon.colcon_core.environment:checking '/home/notandi/ros2_ws/src/mycobot_ros2/install/mycobot_ros2/lib/pkgconfig/mycobot_ros2.pc'
[6.253s] Level 1:colcon.colcon_core.environment:checking '/home/notandi/ros2_ws/src/mycobot_ros2/install/mycobot_ros2/lib/python3.12/site-packages'
[6.253s] Level 1:colcon.colcon_core.environment:checking '/home/notandi/ros2_ws/src/mycobot_ros2/install/mycobot_ros2/bin'
[6.254s] INFO:colcon.colcon_core.shell:Creating package script '/home/notandi/ros2_ws/src/mycobot_ros2/install/mycobot_ros2/share/mycobot_ros2/package.ps1'
[6.254s] INFO:colcon.colcon_core.shell:Creating package descriptor '/home/notandi/ros2_ws/src/mycobot_ros2/install/mycobot_ros2/share/mycobot_ros2/package.dsv'
[6.254s] INFO:colcon.colcon_core.shell:Creating package script '/home/notandi/ros2_ws/src/mycobot_ros2/install/mycobot_ros2/share/mycobot_ros2/package.sh'
[6.255s] INFO:colcon.colcon_core.shell:Creating package script '/home/notandi/ros2_ws/src/mycobot_ros2/install/mycobot_ros2/share/mycobot_ros2/package.bash'
[6.255s] INFO:colcon.colcon_core.shell:Creating package script '/home/notandi/ros2_ws/src/mycobot_ros2/install/mycobot_ros2/share/mycobot_ros2/package.zsh'
[6.255s] Level 1:colcon.colcon_core.environment:create_file_with_runtime_dependencies(/home/notandi/ros2_ws/src/mycobot_ros2/install/mycobot_ros2/share/colcon-core/packages/mycobot_ros2)
[6.256s] DEBUG:colcon.colcon_parallel_executor.executor.parallel:closing loop
[6.257s] DEBUG:colcon.colcon_parallel_executor.executor.parallel:loop closed
[6.257s] DEBUG:colcon.colcon_parallel_executor.executor.parallel:run_until_complete finished with '0'
[6.257s] DEBUG:colcon.colcon_core.event_reactor:joining thread
[6.292s] INFO:colcon.colcon_core.plugin_system:Skipping extension 'colcon_notification.desktop_notification.notify_send': Could not find 'notify-send'
[6.292s] INFO:colcon.colcon_core.plugin_system:Skipping extension 'colcon_notification.desktop_notification.terminal_notifier': Not used on non-Darwin systems
[6.292s] INFO:colcon.colcon_core.plugin_system:Skipping extension 'colcon_notification.desktop_notification.win32': Not used on non-Windows systems
[6.292s] INFO:colcon.colcon_notification.desktop_notification:Sending desktop notification using 'notify2'
[6.293s] DEBUG:colcon.colcon_notification.desktop_notification.notify2:Failed to initialize notify2: org.freedesktop.DBus.Error.ServiceUnknown: The name org.freedesktop.Notifications was not provided by any .service files
[6.293s] DEBUG:colcon.colcon_core.event_reactor:joined thread
[6.293s] INFO:colcon.colcon_core.shell:Creating prefix script '/home/notandi/ros2_ws/src/mycobot_ros2/install/local_setup.ps1'
[6.294s] INFO:colcon.colcon_core.shell:Creating prefix util module '/home/notandi/ros2_ws/src/mycobot_ros2/install/_local_setup_util_ps1.py'
[6.295s] INFO:colcon.colcon_core.shell:Creating prefix chain script '/home/notandi/ros2_ws/src/mycobot_ros2/install/setup.ps1'
[6.295s] INFO:colcon.colcon_core.shell:Creating prefix script '/home/notandi/ros2_ws/src/mycobot_ros2/install/local_setup.sh'
[6.296s] INFO:colcon.colcon_core.shell:Creating prefix util module '/home/notandi/ros2_ws/src/mycobot_ros2/install/_local_setup_util_sh.py'
[6.296s] INFO:colcon.colcon_core.shell:Creating prefix chain script '/home/notandi/ros2_ws/src/mycobot_ros2/install/setup.sh'
[6.296s] INFO:colcon.colcon_core.shell:Creating prefix script '/home/notandi/ros2_ws/src/mycobot_ros2/install/local_setup.bash'
[6.297s] INFO:colcon.colcon_core.shell:Creating prefix chain script '/home/notandi/ros2_ws/src/mycobot_ros2/install/setup.bash'
[6.297s] INFO:colcon.colcon_core.shell:Creating prefix script '/home/notandi/ros2_ws/src/mycobot_ros2/install/local_setup.zsh'
[6.297s] INFO:colcon.colcon_core.shell:Creating prefix chain script '/home/notandi/ros2_ws/src/mycobot_ros2/install/setup.zsh'
