[0.173s] Invoking command in '/home/notandi/ros2_ws/src/mycobot_ros2/build/mycobot_ros2': AMENT_PREFIX_PATH=/home/notandi/ros2_ws/src/mycobot_ros2/install/mycobot_system_tests:/home/notandi/ros2_ws/src/mycobot_ros2/install/mycobot_moveit_config:/home/notandi/ros2_ws/src/mycobot_ros2/install/mycobot_gazebo:/home/notandi/ros2_ws/src/mycobot_ros2/install/mycobot_description:/home/notandi/ros2_ws/src/mycobot_ros2/install/mycobot_bringup:${AMENT_PREFIX_PATH} CMAKE_PREFIX_PATH=/home/notandi/ros2_ws/src/mycobot_ros2/install/mycobot_system_tests:/home/notandi/ros2_ws/src/mycobot_ros2/install/mycobot_moveit_config:/home/notandi/ros2_ws/src/mycobot_ros2/install/mycobot_gazebo:/home/notandi/ros2_ws/src/mycobot_ros2/install/mycobot_description:/home/notandi/ros2_ws/src/mycobot_ros2/install/mycobot_bringup:/opt/ros/jazzy/opt/gz_sim_vendor:/opt/ros/jazzy/opt/gz_sensors_vendor:/opt/ros/jazzy/opt/gz_physics_vendor:/opt/ros/jazzy/opt/sdformat_vendor:/opt/ros/jazzy/opt/gz_gui_vendor:/opt/ros/jazzy/opt/gz_transport_vendor:/opt/ros/jazzy/opt/gz_rendering_vendor:/opt/ros/jazzy/opt/gz_plugin_vendor:/opt/ros/jazzy/opt/gz_fuel_tools_vendor:/opt/ros/jazzy/opt/gz_msgs_vendor:/opt/ros/jazzy/opt/gz_common_vendor:/opt/ros/jazzy/opt/gz_math_vendor:/opt/ros/jazzy/opt/gz_utils_vendor:/opt/ros/jazzy/opt/gz_tools_vendor:/opt/ros/jazzy/opt/gz_ogre_next_vendor:/opt/ros/jazzy/opt/gz_dartsim_vendor:/opt/ros/jazzy/opt/gz_cmake_vendor:/opt/ros/jazzy /usr/bin/cmake /home/notandi/ros2_ws/src/mycobot_ros2/mycobot_ros2 -DCMAKE_INSTALL_PREFIX=/home/notandi/ros2_ws/src/mycobot_ros2/install/mycobot_ros2
[0.264s] -- The C compiler identification is GNU 13.3.0
[0.711s] -- The CXX compiler identification is GNU 13.3.0
[1.093s] -- Detecting C compiler ABI info
[1.288s] -- Detecting C compiler ABI info - done
[1.295s] -- Check for working C compiler: /usr/bin/cc - skipped
[1.295s] -- Detecting C compile features
[1.295s] -- Detecting C compile features - done
[1.368s] -- Detecting CXX compiler ABI info
[1.565s] -- Detecting CXX compiler ABI info - done
[1.571s] -- Check for working CXX compiler: /usr/bin/c++ - skipped
[1.571s] -- Detecting CXX compile features
[1.571s] -- Detecting CXX compile features - done
[1.574s] -- Found ament_cmake: 2.5.5 (/opt/ros/jazzy/share/ament_cmake/cmake)
[1.690s] -- Found Python3: /usr/bin/python3 (found version "3.12.3") found components: Interpreter 
[1.779s] -- Found ament_lint_auto: 0.17.4 (/opt/ros/jazzy/share/ament_lint_auto/cmake)
[1.877s] -- Added test 'lint_cmake' to check CMake code style
[1.878s] -- Added test 'xmllint' to check XML markup files
[1.880s] -- Configuring done (1.7s)
[1.883s] -- Generating done (0.0s)
[1.884s] -- Build files have been written to: /home/notandi/ros2_ws/src/mycobot_ros2/build/mycobot_ros2
[1.889s] Invoked command in '/home/notandi/ros2_ws/src/mycobot_ros2/build/mycobot_ros2' returned '0': AMENT_PREFIX_PATH=/home/notandi/ros2_ws/src/mycobot_ros2/install/mycobot_system_tests:/home/notandi/ros2_ws/src/mycobot_ros2/install/mycobot_moveit_config:/home/notandi/ros2_ws/src/mycobot_ros2/install/mycobot_gazebo:/home/notandi/ros2_ws/src/mycobot_ros2/install/mycobot_description:/home/notandi/ros2_ws/src/mycobot_ros2/install/mycobot_bringup:${AMENT_PREFIX_PATH} CMAKE_PREFIX_PATH=/home/notandi/ros2_ws/src/mycobot_ros2/install/mycobot_system_tests:/home/notandi/ros2_ws/src/mycobot_ros2/install/mycobot_moveit_config:/home/notandi/ros2_ws/src/mycobot_ros2/install/mycobot_gazebo:/home/notandi/ros2_ws/src/mycobot_ros2/install/mycobot_description:/home/notandi/ros2_ws/src/mycobot_ros2/install/mycobot_bringup:/opt/ros/jazzy/opt/gz_sim_vendor:/opt/ros/jazzy/opt/gz_sensors_vendor:/opt/ros/jazzy/opt/gz_physics_vendor:/opt/ros/jazzy/opt/sdformat_vendor:/opt/ros/jazzy/opt/gz_gui_vendor:/opt/ros/jazzy/opt/gz_transport_vendor:/opt/ros/jazzy/opt/gz_rendering_vendor:/opt/ros/jazzy/opt/gz_plugin_vendor:/opt/ros/jazzy/opt/gz_fuel_tools_vendor:/opt/ros/jazzy/opt/gz_msgs_vendor:/opt/ros/jazzy/opt/gz_common_vendor:/opt/ros/jazzy/opt/gz_math_vendor:/opt/ros/jazzy/opt/gz_utils_vendor:/opt/ros/jazzy/opt/gz_tools_vendor:/opt/ros/jazzy/opt/gz_ogre_next_vendor:/opt/ros/jazzy/opt/gz_dartsim_vendor:/opt/ros/jazzy/opt/gz_cmake_vendor:/opt/ros/jazzy /usr/bin/cmake /home/notandi/ros2_ws/src/mycobot_ros2/mycobot_ros2 -DCMAKE_INSTALL_PREFIX=/home/notandi/ros2_ws/src/mycobot_ros2/install/mycobot_ros2
[1.889s] Invoking command in '/home/notandi/ros2_ws/src/mycobot_ros2/build/mycobot_ros2': AMENT_PREFIX_PATH=/home/notandi/ros2_ws/src/mycobot_ros2/install/mycobot_system_tests:/home/notandi/ros2_ws/src/mycobot_ros2/install/mycobot_moveit_config:/home/notandi/ros2_ws/src/mycobot_ros2/install/mycobot_gazebo:/home/notandi/ros2_ws/src/mycobot_ros2/install/mycobot_description:/home/notandi/ros2_ws/src/mycobot_ros2/install/mycobot_bringup:${AMENT_PREFIX_PATH} CMAKE_PREFIX_PATH=/home/notandi/ros2_ws/src/mycobot_ros2/install/mycobot_system_tests:/home/notandi/ros2_ws/src/mycobot_ros2/install/mycobot_moveit_config:/home/notandi/ros2_ws/src/mycobot_ros2/install/mycobot_gazebo:/home/notandi/ros2_ws/src/mycobot_ros2/install/mycobot_description:/home/notandi/ros2_ws/src/mycobot_ros2/install/mycobot_bringup:/opt/ros/jazzy/opt/gz_sim_vendor:/opt/ros/jazzy/opt/gz_sensors_vendor:/opt/ros/jazzy/opt/gz_physics_vendor:/opt/ros/jazzy/opt/sdformat_vendor:/opt/ros/jazzy/opt/gz_gui_vendor:/opt/ros/jazzy/opt/gz_transport_vendor:/opt/ros/jazzy/opt/gz_rendering_vendor:/opt/ros/jazzy/opt/gz_plugin_vendor:/opt/ros/jazzy/opt/gz_fuel_tools_vendor:/opt/ros/jazzy/opt/gz_msgs_vendor:/opt/ros/jazzy/opt/gz_common_vendor:/opt/ros/jazzy/opt/gz_math_vendor:/opt/ros/jazzy/opt/gz_utils_vendor:/opt/ros/jazzy/opt/gz_tools_vendor:/opt/ros/jazzy/opt/gz_ogre_next_vendor:/opt/ros/jazzy/opt/gz_dartsim_vendor:/opt/ros/jazzy/opt/gz_cmake_vendor:/opt/ros/jazzy /usr/bin/cmake --build /home/notandi/ros2_ws/src/mycobot_ros2/build/mycobot_ros2 -- -j12 -l12
[1.918s] Invoked command in '/home/notandi/ros2_ws/src/mycobot_ros2/build/mycobot_ros2' returned '0': AMENT_PREFIX_PATH=/home/notandi/ros2_ws/src/mycobot_ros2/install/mycobot_system_tests:/home/notandi/ros2_ws/src/mycobot_ros2/install/mycobot_moveit_config:/home/notandi/ros2_ws/src/mycobot_ros2/install/mycobot_gazebo:/home/notandi/ros2_ws/src/mycobot_ros2/install/mycobot_description:/home/notandi/ros2_ws/src/mycobot_ros2/install/mycobot_bringup:${AMENT_PREFIX_PATH} CMAKE_PREFIX_PATH=/home/notandi/ros2_ws/src/mycobot_ros2/install/mycobot_system_tests:/home/notandi/ros2_ws/src/mycobot_ros2/install/mycobot_moveit_config:/home/notandi/ros2_ws/src/mycobot_ros2/install/mycobot_gazebo:/home/notandi/ros2_ws/src/mycobot_ros2/install/mycobot_description:/home/notandi/ros2_ws/src/mycobot_ros2/install/mycobot_bringup:/opt/ros/jazzy/opt/gz_sim_vendor:/opt/ros/jazzy/opt/gz_sensors_vendor:/opt/ros/jazzy/opt/gz_physics_vendor:/opt/ros/jazzy/opt/sdformat_vendor:/opt/ros/jazzy/opt/gz_gui_vendor:/opt/ros/jazzy/opt/gz_transport_vendor:/opt/ros/jazzy/opt/gz_rendering_vendor:/opt/ros/jazzy/opt/gz_plugin_vendor:/opt/ros/jazzy/opt/gz_fuel_tools_vendor:/opt/ros/jazzy/opt/gz_msgs_vendor:/opt/ros/jazzy/opt/gz_common_vendor:/opt/ros/jazzy/opt/gz_math_vendor:/opt/ros/jazzy/opt/gz_utils_vendor:/opt/ros/jazzy/opt/gz_tools_vendor:/opt/ros/jazzy/opt/gz_ogre_next_vendor:/opt/ros/jazzy/opt/gz_dartsim_vendor:/opt/ros/jazzy/opt/gz_cmake_vendor:/opt/ros/jazzy /usr/bin/cmake --build /home/notandi/ros2_ws/src/mycobot_ros2/build/mycobot_ros2 -- -j12 -l12
[1.919s] Invoking command in '/home/notandi/ros2_ws/src/mycobot_ros2/build/mycobot_ros2': AMENT_PREFIX_PATH=/home/notandi/ros2_ws/src/mycobot_ros2/install/mycobot_system_tests:/home/notandi/ros2_ws/src/mycobot_ros2/install/mycobot_moveit_config:/home/notandi/ros2_ws/src/mycobot_ros2/install/mycobot_gazebo:/home/notandi/ros2_ws/src/mycobot_ros2/install/mycobot_description:/home/notandi/ros2_ws/src/mycobot_ros2/install/mycobot_bringup:${AMENT_PREFIX_PATH} CMAKE_PREFIX_PATH=/home/notandi/ros2_ws/src/mycobot_ros2/install/mycobot_system_tests:/home/notandi/ros2_ws/src/mycobot_ros2/install/mycobot_moveit_config:/home/notandi/ros2_ws/src/mycobot_ros2/install/mycobot_gazebo:/home/notandi/ros2_ws/src/mycobot_ros2/install/mycobot_description:/home/notandi/ros2_ws/src/mycobot_ros2/install/mycobot_bringup:/opt/ros/jazzy/opt/gz_sim_vendor:/opt/ros/jazzy/opt/gz_sensors_vendor:/opt/ros/jazzy/opt/gz_physics_vendor:/opt/ros/jazzy/opt/sdformat_vendor:/opt/ros/jazzy/opt/gz_gui_vendor:/opt/ros/jazzy/opt/gz_transport_vendor:/opt/ros/jazzy/opt/gz_rendering_vendor:/opt/ros/jazzy/opt/gz_plugin_vendor:/opt/ros/jazzy/opt/gz_fuel_tools_vendor:/opt/ros/jazzy/opt/gz_msgs_vendor:/opt/ros/jazzy/opt/gz_common_vendor:/opt/ros/jazzy/opt/gz_math_vendor:/opt/ros/jazzy/opt/gz_utils_vendor:/opt/ros/jazzy/opt/gz_tools_vendor:/opt/ros/jazzy/opt/gz_ogre_next_vendor:/opt/ros/jazzy/opt/gz_dartsim_vendor:/opt/ros/jazzy/opt/gz_cmake_vendor:/opt/ros/jazzy /usr/bin/cmake --install /home/notandi/ros2_ws/src/mycobot_ros2/build/mycobot_ros2
[1.924s] -- Install configuration: ""
[1.925s] -- Installing: /home/notandi/ros2_ws/src/mycobot_ros2/install/mycobot_ros2/share/ament_index/resource_index/package_run_dependencies/mycobot_ros2
[1.925s] -- Installing: /home/notandi/ros2_ws/src/mycobot_ros2/install/mycobot_ros2/share/ament_index/resource_index/parent_prefix_path/mycobot_ros2
[1.925s] -- Installing: /home/notandi/ros2_ws/src/mycobot_ros2/install/mycobot_ros2/share/mycobot_ros2/environment/ament_prefix_path.sh
[1.926s] -- Installing: /home/notandi/ros2_ws/src/mycobot_ros2/install/mycobot_ros2/share/mycobot_ros2/environment/ament_prefix_path.dsv
[1.926s] -- Installing: /home/notandi/ros2_ws/src/mycobot_ros2/install/mycobot_ros2/share/mycobot_ros2/environment/path.sh
[1.926s] -- Installing: /home/notandi/ros2_ws/src/mycobot_ros2/install/mycobot_ros2/share/mycobot_ros2/environment/path.dsv
[1.926s] -- Installing: /home/notandi/ros2_ws/src/mycobot_ros2/install/mycobot_ros2/share/mycobot_ros2/local_setup.bash
[1.928s] -- Installing: /home/notandi/ros2_ws/src/mycobot_ros2/install/mycobot_ros2/share/mycobot_ros2/local_setup.sh
[1.928s] -- Installing: /home/notandi/ros2_ws/src/mycobot_ros2/install/mycobot_ros2/share/mycobot_ros2/local_setup.zsh
[1.928s] -- Installing: /home/notandi/ros2_ws/src/mycobot_ros2/install/mycobot_ros2/share/mycobot_ros2/local_setup.dsv
[1.928s] -- Installing: /home/notandi/ros2_ws/src/mycobot_ros2/install/mycobot_ros2/share/mycobot_ros2/package.dsv
[1.928s] -- Installing: /home/notandi/ros2_ws/src/mycobot_ros2/install/mycobot_ros2/share/ament_index/resource_index/packages/mycobot_ros2
[1.928s] -- Installing: /home/notandi/ros2_ws/src/mycobot_ros2/install/mycobot_ros2/share/mycobot_ros2/cmake/mycobot_ros2Config.cmake
[1.928s] -- Installing: /home/notandi/ros2_ws/src/mycobot_ros2/install/mycobot_ros2/share/mycobot_ros2/cmake/mycobot_ros2Config-version.cmake
[1.928s] -- Installing: /home/notandi/ros2_ws/src/mycobot_ros2/install/mycobot_ros2/share/mycobot_ros2/package.xml
[1.930s] Invoked command in '/home/notandi/ros2_ws/src/mycobot_ros2/build/mycobot_ros2' returned '0': AMENT_PREFIX_PATH=/home/notandi/ros2_ws/src/mycobot_ros2/install/mycobot_system_tests:/home/notandi/ros2_ws/src/mycobot_ros2/install/mycobot_moveit_config:/home/notandi/ros2_ws/src/mycobot_ros2/install/mycobot_gazebo:/home/notandi/ros2_ws/src/mycobot_ros2/install/mycobot_description:/home/notandi/ros2_ws/src/mycobot_ros2/install/mycobot_bringup:${AMENT_PREFIX_PATH} CMAKE_PREFIX_PATH=/home/notandi/ros2_ws/src/mycobot_ros2/install/mycobot_system_tests:/home/notandi/ros2_ws/src/mycobot_ros2/install/mycobot_moveit_config:/home/notandi/ros2_ws/src/mycobot_ros2/install/mycobot_gazebo:/home/notandi/ros2_ws/src/mycobot_ros2/install/mycobot_description:/home/notandi/ros2_ws/src/mycobot_ros2/install/mycobot_bringup:/opt/ros/jazzy/opt/gz_sim_vendor:/opt/ros/jazzy/opt/gz_sensors_vendor:/opt/ros/jazzy/opt/gz_physics_vendor:/opt/ros/jazzy/opt/sdformat_vendor:/opt/ros/jazzy/opt/gz_gui_vendor:/opt/ros/jazzy/opt/gz_transport_vendor:/opt/ros/jazzy/opt/gz_rendering_vendor:/opt/ros/jazzy/opt/gz_plugin_vendor:/opt/ros/jazzy/opt/gz_fuel_tools_vendor:/opt/ros/jazzy/opt/gz_msgs_vendor:/opt/ros/jazzy/opt/gz_common_vendor:/opt/ros/jazzy/opt/gz_math_vendor:/opt/ros/jazzy/opt/gz_utils_vendor:/opt/ros/jazzy/opt/gz_tools_vendor:/opt/ros/jazzy/opt/gz_ogre_next_vendor:/opt/ros/jazzy/opt/gz_dartsim_vendor:/opt/ros/jazzy/opt/gz_cmake_vendor:/opt/ros/jazzy /usr/bin/cmake --install /home/notandi/ros2_ws/src/mycobot_ros2/build/mycobot_ros2
